[271月2025 15:51:15.865] [main/INFO] [cpw.mods.modlauncher.Launcher/MODLAUNCHER]: ModLauncher running: args [--launchTarget, forgeclientuserdev, --version, MOD_DEV, --assetIndex, 1.19, --assetsDir, C:\Users\xqin\.gradle\caches\forge_gradle\assets, --gameDir, ., --fml.forgeVersion, 43.2.0, --fml.mcVersion, 1.19.2, --fml.forgeGroup, net.minecraftforge, --fml.mcpVersion, 20220805.130853]
[271月2025 15:51:15.869] [main/INFO] [cpw.mods.modlauncher.Launcher/MODLAUNCHER]: ModLauncher 10.0.9+10.0.9+main.dcd20f30 starting: java version 17.0.12 by Oracle Corporation; OS Windows 10 arch amd64 version 10.0
[271月2025 15:51:15.977] [main/INFO] [mixin/]: SpongePowered MIXIN Subsystem Version=0.8.5 Source=union:/C:/Users/xqin/.gradle/caches/modules-2/files-2.1/org.spongepowered/mixin/0.8.5/9d1c0c3a304ae6697ecd477218fa61b850bf57fc/mixin-0.8.5.jar%23126!/ Service=ModLauncher Env=CLIENT
[271月2025 15:51:16.258] [main/WARN] [net.minecraftforge.fml.loading.moddiscovery.ModFileParser/LOADING]: Mod file C:\Users\xqin\.gradle\caches\modules-2\files-2.1\net.minecraftforge\javafmllanguage\1.19.2-43.2.0\5713dfd49576886a7ffc353f14f067ad42369592\javafmllanguage-1.19.2-43.2.0.jar is missing mods.toml file
[271月2025 15:51:16.261] [main/WARN] [net.minecraftforge.fml.loading.moddiscovery.ModFileParser/LOADING]: Mod file C:\Users\xqin\.gradle\caches\modules-2\files-2.1\net.minecraftforge\lowcodelanguage\1.19.2-43.2.0\51c88985dd125457fb8b6c2c58a4f3b9349a6b57\lowcodelanguage-1.19.2-43.2.0.jar is missing mods.toml file
[271月2025 15:51:16.264] [main/WARN] [net.minecraftforge.fml.loading.moddiscovery.ModFileParser/LOADING]: Mod file C:\Users\xqin\.gradle\caches\modules-2\files-2.1\net.minecraftforge\mclanguage\1.19.2-43.2.0\f4fa83ef8129c7f7cc5847fbafb07f7ae86c1bb\mclanguage-1.19.2-43.2.0.jar is missing mods.toml file
[271月2025 15:51:16.268] [main/WARN] [net.minecraftforge.fml.loading.moddiscovery.ModFileParser/LOADING]: Mod file C:\Users\xqin\.gradle\caches\modules-2\files-2.1\net.minecraftforge\fmlcore\1.19.2-43.2.0\d4dcb5b809b7f035ac22b058941cf81f84451545\fmlcore-1.19.2-43.2.0.jar is missing mods.toml file
[271月2025 15:51:16.358] [main/INFO] [net.minecraftforge.fml.loading.moddiscovery.JarInJarDependencyLocator/]: No dependencies to load found. Skipping!
[271月2025 15:51:17.428] [main/INFO] [mixin/]: Compatibility level set to JAVA_17
[271月2025 15:51:17.436] [main/INFO] [cpw.mods.modlauncher.LaunchServiceHandler/MODLAUNCHER]: Launching target 'forgeclientuserdev' with arguments [--version, MOD_DEV, --gameDir, ., --assetsDir, C:\Users\xqin\.gradle\caches\forge_gradle\assets, --assetIndex, 1.19]
[271月2025 15:51:17.800] [main/INFO] [mixin/]: Remapping refMap emi-xplat-refmap.json using E:\ForgingAndCraftingMod/build/createSrgToMcp/output.srg
[271月2025 15:51:17.801] [main/WARN] [mixin/]: Reference map 'emi-forge-refmap.json' for emi-forge.mixins.json could not be read. If this is a development environment you can ignore this message
[271月2025 15:51:17.803] [main/INFO] [mixin/]: Remapping refMap patchouli.refmap.json using E:\ForgingAndCraftingMod/build/createSrgToMcp/output.srg
[271月2025 15:51:17.854] [main/WARN] [mixin/]: Error loading class: mezz/jei/library/load/PluginCaller (java.lang.ClassNotFoundException: mezz.jei.library.load.PluginCaller)
[271月2025 15:51:20.820] [pool-3-thread-1/INFO] [net.minecraft.util.datafix.DataFixers/]: Building unoptimized datafixer
[271月2025 15:51:22.152] [Render thread/WARN] [net.minecraft.server.packs.VanillaPackResources/]: Assets URL 'union:/E:/ForgingAndCraftingMod/build/fg_cache/net/minecraftforge/forge/1.19.2-43.2.0_mapped_official_1.19.2/forge-1.19.2-43.2.0_mapped_official_1.19.2-recomp.jar%23188!/assets/.mcassetsroot' uses unexpected schema
[271月2025 15:51:22.153] [Render thread/WARN] [net.minecraft.server.packs.VanillaPackResources/]: Assets URL 'union:/E:/ForgingAndCraftingMod/build/fg_cache/net/minecraftforge/forge/1.19.2-43.2.0_mapped_official_1.19.2/forge-1.19.2-43.2.0_mapped_official_1.19.2-recomp.jar%23188!/data/.mcassetsroot' uses unexpected schema
[271月2025 15:51:22.162] [Render thread/INFO] [com.mojang.authlib.yggdrasil.YggdrasilAuthenticationService/]: Environment: authHost='https://authserver.mojang.com', accountsHost='https://api.mojang.com', sessionHost='https://sessionserver.mojang.com', servicesHost='https://api.minecraftservices.com', name='PROD'
[271月2025 15:51:22.166] [Render thread/INFO] [net.minecraft.client.Minecraft/]: Setting user: Dev
[271月2025 15:51:22.471] [Render thread/INFO] [net.minecraft.client.Minecraft/]: Backend library: LWJGL version 3.3.1 build 7
