#
# A fatal error has been detected by the Java Runtime Environment:
#
#  EXCEPTION_ACCESS_VIOLATION (0xc0000005) at pc=0x00007ff96de32b60, pid=19144, tid=12100
#
# JRE version: Java(TM) SE Runtime Environment (17.0.12+8) (build 17.0.12+8-LTS-286)
# Java VM: Java HotSpot(TM) 64-Bit Server VM (17.0.12+8-LTS-286, mixed mode, sharing, tiered, compressed oops, compressed class ptrs, g1 gc, windows-amd64)
# Problematic frame:
# C  [atio6axx.dll+0x192b60]
#
# No core dump will be written. Minidumps are not enabled by default on client versions of Windows
#
# If you would like to submit a bug report, please visit:
#   https://bugreport.java.com/bugreport/crash.jsp
# The crash happened outside the Java Virtual Machine in native code.
# See problematic frame for where to report the bug.
#

---------------  S U M M A R Y ------------

Command Line: -Dforge.enableGameTest=true -Dforge.logging.console.level=debug -Dforge.logging.markers=REGISTRIES -DignoreList=bootstraplauncher,securejarhandler,asm-commons,asm-util,asm-analysis,asm-tree,asm,JarJarFileSystems,client-extra,fmlcore,javafmllanguage,lowcodelanguage,mclanguage,forge- -Djava.net.preferIPv6Addresses=system -DlegacyClassPath.file=E:\ForgingAndCraftingMod\build\classpath\runClient_minecraftClasspath.txt -DmergeModules=jna-5.10.0.jar,jna-platform-5.10.0.jar -Dmixin.env.refMapRemappingFile=E:\ForgingAndCraftingMod/build/createSrgToMcp/output.srg -Dmixin.env.remapRefMap=true -Dos.version=10.0 --module-path=C:\Users\xqin\.gradle\caches\modules-2\files-2.1\cpw.mods\bootstraplauncher\1.1.2\c546e00443d8432cda6baa1c860346980742628\bootstraplauncher-1.1.2.jar;C:\Users\xqin\.gradle\caches\modules-2\files-2.1\cpw.mods\securejarhandler\2.1.4\f47e3b9dd860a7b82154b8f90a650ffd0aaa5582\securejarhandler-2.1.4.jar;C:\Users\xqin\.gradle\caches\modules-2\files-2.1\org.ow2.asm\asm-commons\9.3\1f2a432d1212f5c352ae607d7b61dcae20c20af5\asm-commons-9.3.jar;C:\Users\xqin\.gradle\caches\modules-2\files-2.1\org.ow2.asm\asm-util\9.3\9595bc05510d0bd4b610188b77333fe4851a1975\asm-util-9.3.jar;C:\Users\xqin\.gradle\caches\modules-2\files-2.1\org.ow2.asm\asm-analysis\9.3\4b071f211b37c38e0e9f5998550197c8593f6ad8\asm-analysis-9.3.jar;C:\Users\xqin\.gradle\caches\modules-2\files-2.1\org.ow2.asm\asm-tree\9.3\78d2ecd61318b5a58cd04fb237636c0e86b77d97\asm-tree-9.3.jar;C:\Users\xqin\.gradle\caches\modules-2\files-2.1\org.ow2.asm\asm\9.3\8e6300ef51c1d801a7ed62d07cd221aca3a90640\asm-9.3.jar;C:\Users\xqin\.gradle\caches\modules-2\files-2.1\net.minecraftforge\JarJarFileSystems\0.3.16\e52afbb2599dc7c6f779efea0496d32fc01152e3\JarJarFileSystems-0.3.16.jar --add-modules=ALL-MODULE-PATH --add-opens=java.base/java.util.jar=cpw.mods.securejarhandler --add-opens=java.base/java.lang.invoke=cpw.mods.securejarhandler --add-exports=java.base/sun.security.util=cpw.mods.securejarhandler --add-exports=jdk.naming.dns/com.sun.jndi.dns=java.naming -XX:HeapDumpPath=MojangTricksIntelDriversForPerformance_javaw.exe_minecraft.exe.heapdump -Dos.name=Windows 10 -Dfile.encoding=UTF-8 -Duser.country=CN -Duser.language=zh -Duser.variant cpw.mods.bootstraplauncher.BootstrapLauncher --launchTarget forgeclientuserdev --version MOD_DEV --assetIndex 1.19 --assetsDir C:\Users\xqin\.gradle\caches\forge_gradle\assets --gameDir . --fml.forgeVersion 43.2.0 --fml.mcVersion 1.19.2 --fml.forgeGroup net.minecraftforge --fml.mcpVersion 20220805.130853

Host: Intel(R) Core(TM) i7-9700K CPU @ 3.60GHz, 8 cores, 31G,  Windows 10 , 64 bit Build 19041 (10.0.19041.4717)
Time: Thu Aug 29 08:45:04 2024  Windows 10 , 64 bit Build 19041 (10.0.19041.4717) elapsed time: 8.658058 seconds (0d 0h 0m 8s)

---------------  T H R E A D  ---------------

Current thread (0x000001ff1d8c8120):  JavaThread "Render thread" [_thread_in_native, id=12100, stack(0x0000007b45600000,0x0000007b45700000)]

Stack: [0x0000007b45600000,0x0000007b45700000],  sp=0x0000007b456fa608,  free space=1001k
Native frames: (J=compiled Java code, j=interpreted, Vv=VM code, C=native code)
C  [atio6axx.dll+0x192b60]

Java frames: (J=compiled Java code, j=interpreted, Vv=VM code)
j  org.lwjgl.system.JNI.invokePPPP(IIJJJJ)J+0 org.lwjgl@3.3.1+7
j  org.lwjgl.glfw.GLFW.nglfwCreateWindow(IIJJJ)J+14 org.lwjgl.glfw@3.3.1+7
j  org.lwjgl.glfw.GLFW.glfwCreateWindow(IILjava/lang/CharSequence;JJ)J+34 org.lwjgl.glfw@3.3.1+7
j  net.minecraftforge.client.loading.NoVizFallback.lambda$fallback$0(Ljava/util/function/IntSupplier;Ljava/util/function/IntSupplier;Ljava/util/function/Supplier;Ljava/util/function/LongSupplier;)J+28 forge@43.2.0
j  net.minecraftforge.client.loading.NoVizFallback$$Lambda$4388+0x000001ff4ba66ae0.getAsLong()J+16 forge@43.2.0
j  net.minecraftforge.fml.loading.progress.EarlyProgressVisualization$Visualization$$Lambda$4389+0x000001ff4ba637e0.apply(Ljava/lang/Object;)Ljava/lang/Object;+4 fmlloader@1.19.2-43.2.0
J 4810 c2 java.util.Optional.map(Ljava/util/function/Function;)Ljava/util/Optional; java.base@17.0.12 (30 bytes) @ 0x000001ff2cdd7290 [0x000001ff2cdd7220+0x0000000000000070]
j  net.minecraftforge.fml.loading.progress.EarlyProgressVisualization$Visualization.handOffWindow(Ljava/util/function/IntSupplier;Ljava/util/function/IntSupplier;Ljava/util/function/Supplier;Ljava/util/function/LongSupplier;)J+48 fmlloader@1.19.2-43.2.0
j  net.minecraftforge.fml.loading.progress.EarlyProgressVisualization.handOffWindow(Ljava/util/function/IntSupplier;Ljava/util/function/IntSupplier;Ljava/util/function/Supplier;Ljava/util/function/LongSupplier;)J+9 fmlloader@1.19.2-43.2.0
j  com.mojang.blaze3d.platform.Window.<init>(Lcom/mojang/blaze3d/platform/WindowEventHandler;Lcom/mojang/blaze3d/platform/ScreenManager;Lcom/mojang/blaze3d/platform/DisplayData;Ljava/lang/String;Ljava/lang/String;)V+279 minecraft@1.19.2
j  net.minecraft.client.renderer.VirtualScreen.newWindow(Lcom/mojang/blaze3d/platform/DisplayData;Ljava/lang/String;Ljava/lang/String;)Lcom/mojang/blaze3d/platform/Window;+15 minecraft@1.19.2
j  net.minecraft.client.Minecraft.<init>(Lnet/minecraft/client/main/GameConfig;)V+723 minecraft@1.19.2
j  net.minecraft.client.main.Main.run([Ljava/lang/String;Z)V+1356 minecraft@1.19.2
j  net.minecraft.client.main.Main.main([Ljava/lang/String;)V+12 minecraft@1.19.2
v  ~StubRoutines::call_stub
j  jdk.internal.reflect.NativeMethodAccessorImpl.invoke0(Ljava/lang/reflect/Method;Ljava/lang/Object;[Ljava/lang/Object;)Ljava/lang/Object;+0 java.base@17.0.12
j  jdk.internal.reflect.NativeMethodAccessorImpl.invoke(Ljava/lang/Object;[Ljava/lang/Object;)Ljava/lang/Object;+133 java.base@17.0.12
j  jdk.internal.reflect.DelegatingMethodAccessorImpl.invoke(Ljava/lang/Object;[Ljava/lang/Object;)Ljava/lang/Object;+6 java.base@17.0.12
j  java.lang.reflect.Method.invoke(Ljava/lang/Object;[Ljava/lang/Object;)Ljava/lang/Object;+59 java.base@17.0.12
j  net.minecraftforge.fml.loading.targets.ForgeClientUserdevLaunchHandler.lambda$launchService$0([Ljava/lang/String;Ljava/lang/ModuleLayer;)V+47 fmlloader@1.19.2-43.2.0
j  net.minecraftforge.fml.loading.targets.ForgeClientUserdevLaunchHandler$$Lambda$872+0x000001ff4b3bea70.run()V+12 fmlloader@1.19.2-43.2.0
j  cpw.mods.modlauncher.LaunchServiceHandlerDecorator.launch([Ljava/lang/String;Ljava/lang/ModuleLayer;)V+11 cpw.mods.modlauncher@10.0.9
j  cpw.mods.modlauncher.LaunchServiceHandler.launch(Ljava/lang/String;[Ljava/lang/String;Ljava/lang/ModuleLayer;Lcpw/mods/modlauncher/TransformingClassLoader;Lcpw/mods/modlauncher/LaunchPluginHandler;)V+58 cpw.mods.modlauncher@10.0.9
j  cpw.mods.modlauncher.LaunchServiceHandler.launch(Lcpw/mods/modlauncher/ArgumentHandler;Ljava/lang/ModuleLayer;Lcpw/mods/modlauncher/TransformingClassLoader;Lcpw/mods/modlauncher/LaunchPluginHandler;)V+21 cpw.mods.modlauncher@10.0.9
j  cpw.mods.modlauncher.Launcher.run([Ljava/lang/String;)V+307 cpw.mods.modlauncher@10.0.9
j  cpw.mods.modlauncher.Launcher.main([Ljava/lang/String;)V+78 cpw.mods.modlauncher@10.0.9
j  cpw.mods.modlauncher.BootstrapLaunchConsumer.accept([Ljava/lang/String;)V+1 cpw.mods.modlauncher@10.0.9
j  cpw.mods.modlauncher.BootstrapLaunchConsumer.accept(Ljava/lang/Object;)V+5 cpw.mods.modlauncher@10.0.9
j  cpw.mods.bootstraplauncher.BootstrapLauncher.main([Ljava/lang/String;)V+515 cpw.mods.bootstraplauncher@1.1.2
v  ~StubRoutines::call_stub

siginfo: EXCEPTION_ACCESS_VIOLATION (0xc0000005), reading address 0xffffffffffffffff


Registers:
RAX=0x0000000000000000, RBX=0x00007ff9716733b0, RCX=0x6c646172672e5c6e, RDX=0x00000000000000d1
RSP=0x0000007b456fa608, RBP=0x0000007b456fa770, RSI=0x00007ff971582d40, RDI=0x0000007b456faa60
R8 =0x00000000000001a5, R9 =0x6c646172672e5c6e, R10=0x0000000000000000, R11=0x0000000000000200
R12=0x00007ff971673408, R13=0x00007ff971675c08, R14=0x00007ff9716733b0, R15=0x0000000000000000
RIP=0x00007ff96de32b60, EFLAGS=0x0000000000010202


Register to memory mapping:

RIP=0x00007ff96de32b60 atio6axx.dll
RAX=0x0 is NULL
RBX=0x00007ff9716733b0 atio6axx.dll
RCX=0x6c646172672e5c6e is an unknown value
RDX=0x00000000000000d1 is an unknown value
RSP=0x0000007b456fa608 is pointing into the stack for thread: 0x000001ff1d8c8120
RBP=0x0000007b456fa770 is pointing into the stack for thread: 0x000001ff1d8c8120
RSI=0x00007ff971582d40 atio6axx.dll
RDI=0x0000007b456faa60 is pointing into the stack for thread: 0x000001ff1d8c8120
R8 =0x00000000000001a5 is an unknown value
R9 =0x6c646172672e5c6e is an unknown value
R10=0x0 is NULL
R11=0x0000000000000200 is an unknown value
R12=0x00007ff971673408 atio6axx.dll
R13=0x00007ff971675c08 atio6axx.dll
R14=0x00007ff9716733b0 atio6axx.dll
R15=0x0 is NULL


Top of Stack: (sp=0x0000007b456fa608)
0x0000007b456fa608:   00007ff96de32e7c 00007ff971676020
0x0000007b456fa618:   000001ff96415508 0000000000000000
0x0000007b456fa628:   00007ff96de33e8d 0000007b456faa60
0x0000007b456fa638:   00007ff96ddef484 00007ff9716733b0
0x0000007b456fa648:   00007ff971582d40 0000652e6176616a
0x0000007b456fa658:   0000ace770c4572a 0000007b456faa60
0x0000007b456fa668:   00007ff96ddf0457 00007ff9716733b8
0x0000007b456fa678:   00007ff971582d40 00007ff971582d40
0x0000007b456fa688:   000001ff9294874a 00007ff9716733b0
0x0000007b456fa698:   00007ff900000000 000000000000000a
0x0000007b456fa6a8:   000001ff92948914 000001ff92948a7c
0x0000007b456fa6b8:   00007ff9716733b8 0000007b456faa60
0x0000007b456fa6c8:   0000007b456fa811 00007f006176616a
0x0000007b456fa6d8:   00007f006176616a 46676e697274535c
0x0000007b456fa6e8:   5c6f666e49656c69 3062343039303430
0x0000007b456fa6f8:   726556656c69465c 000000006e6f6973 

Instructions: (pc=0x00007ff96de32b60)
0x00007ff96de32a60:   74 09 33 c9 ff 15 e6 89 66 03 90 48 8b c3 48 83
0x00007ff96de32a70:   c4 20 5b c3 cc cc cc cc cc cc cc cc cc cc cc cc
0x00007ff96de32a80:   48 83 ec 28 48 8b 51 08 48 85 d2 74 09 33 c9 ff
0x00007ff96de32a90:   15 bb 89 66 03 90 48 83 c4 28 c3 cc cc cc cc cc
0x00007ff96de32aa0:   48 89 11 c3 cc cc cc cc cc cc cc cc cc cc cc cc
0x00007ff96de32ab0:   48 8b c1 c3 cc cc cc cc cc cc cc cc cc cc cc cc
0x00007ff96de32ac0:   48 3b ca 74 10 41 8b 00 39 01 74 09 48 83 c1 04
0x00007ff96de32ad0:   48 3b ca 75 f3 48 8b c1 c3 cc cc cc cc cc cc cc
0x00007ff96de32ae0:   48 8b c1 c3 cc cc cc cc cc cc cc cc cc cc cc cc
0x00007ff96de32af0:   48 83 39 00 0f 94 c0 c3 cc cc cc cc cc cc cc cc
0x00007ff96de32b00:   4c 8d 04 d5 00 00 00 00 33 d2 e9 c1 d0 dd 01 cc
0x00007ff96de32b10:   4c 8b 41 08 48 8b 02 49 89 00 48 83 41 08 08 c3
0x00007ff96de32b20:   48 8b c1 c3 cc cc cc cc cc cc cc cc cc cc cc cc
0x00007ff96de32b30:   48 8b c1 c3 cc cc cc cc cc cc cc cc cc cc cc cc
0x00007ff96de32b40:   49 8b 00 48 89 02 c3 cc cc cc cc cc cc cc cc cc
0x00007ff96de32b50:   8b 81 40 39 00 00 c3 cc cc cc cc cc cc cc cc cc
0x00007ff96de32b60:   8b 81 40 39 00 00 83 c0 f0 83 f8 67 0f 87 5a 01
0x00007ff96de32b70:   00 00 48 8d 15 87 d4 e6 ff 0f b6 84 02 f0 2c 19
0x00007ff96de32b80:   00 8b 8c 82 d0 2c 19 00 48 03 ca ff e1 48 8b 0d
0x00007ff96de32b90:   6c 6f 7e 03 83 b9 b4 34 00 00 02 0f 87 2b 01 00
0x00007ff96de32ba0:   00 48 8d 91 0c 29 00 00 c7 02 e1 00 00 00 e9 ce
0x00007ff96de32bb0:   00 00 00 48 8b 0d 46 6f 7e 03 83 b9 b4 34 00 00
0x00007ff96de32bc0:   02 0f 87 05 01 00 00 48 8d 91 0c 29 00 00 c7 02
0x00007ff96de32bd0:   f0 00 00 00 e9 a8 00 00 00 48 8b 0d 20 6f 7e 03
0x00007ff96de32be0:   83 b9 b4 34 00 00 02 0f 87 df 00 00 00 48 8d 91
0x00007ff96de32bf0:   0c 29 00 00 c7 02 00 04 00 00 e9 82 00 00 00 48
0x00007ff96de32c00:   8b 0d fa 6e 7e 03 83 b9 b4 34 00 00 02 0f 87 b9
0x00007ff96de32c10:   00 00 00 48 8d 91 0c 29 00 00 c7 02 00 08 00 00
0x00007ff96de32c20:   eb 5f 48 8b 0d d7 6e 7e 03 83 b9 b4 34 00 00 02
0x00007ff96de32c30:   0f 87 96 00 00 00 48 8d 91 0c 29 00 00 c7 02 00
0x00007ff96de32c40:   09 00 00 eb 3c 48 8b 0d b4 6e 7e 03 83 b9 b4 34
0x00007ff96de32c50:   00 00 02 77 77 48 8d 91 0c 29 00 00 c7 02 3c 0f 


Stack slot to memory mapping:
stack at sp + 0 slots: 0x00007ff96de32e7c atio6axx.dll
stack at sp + 1 slots: 0x00007ff971676020 atio6axx.dll
stack at sp + 2 slots: 0x000001ff96415508 points into unknown readable memory: 0x00007ff970e7f5f0 | f0 f5 e7 70 f9 7f 00 00
stack at sp + 3 slots: 0x0 is NULL
stack at sp + 4 slots: 0x00007ff96de33e8d atio6axx.dll
stack at sp + 5 slots: 0x0000007b456faa60 is pointing into the stack for thread: 0x000001ff1d8c8120
stack at sp + 6 slots: 0x00007ff96ddef484 atio6axx.dll
stack at sp + 7 slots: 0x00007ff9716733b0 atio6axx.dll


Compiled method (c2)    8688 4810       4       java.util.Optional::map (30 bytes)
 total in heap  [0x000001ff2cdd7090,0x000001ff2cdd7458] = 968
 relocation     [0x000001ff2cdd71e8,0x000001ff2cdd7210] = 40
 main code      [0x000001ff2cdd7220,0x000001ff2cdd7360] = 320
 stub code      [0x000001ff2cdd7360,0x000001ff2cdd7378] = 24
 metadata       [0x000001ff2cdd7378,0x000001ff2cdd7398] = 32
 scopes data    [0x000001ff2cdd7398,0x000001ff2cdd73d0] = 56
 scopes pcs     [0x000001ff2cdd73d0,0x000001ff2cdd7420] = 80
 dependencies   [0x000001ff2cdd7420,0x000001ff2cdd7428] = 8
 handler table  [0x000001ff2cdd7428,0x000001ff2cdd7458] = 48

[Constant Pool (empty)]

[MachCode]
[Entry Point]
  # {method} {0x000001ff4a117f58} 'map' '(Ljava/util/function/Function;)Ljava/util/Optional;' in 'java/util/Optional'
  # this:     rdx:rdx   = 'java/util/Optional'
  # parm0:    r8:r8     = 'java/util/function/Function'
  #           [sp+0x40]  (sp of caller)
  0x000001ff2cdd7220: 448b 5208 | 49bb 0000 | 004a ff01 | 0000 4d03 | d349 3bc2 

  0x000001ff2cdd7234: ;   {runtime_call ic_miss_stub}
  0x000001ff2cdd7234: 0f85 4658 | 91ff 6690 | 0f1f 4000 
[Verified Entry Point]
  0x000001ff2cdd7240: 8984 2400 | 90ff ff55 | 4883 ec30 | 4d8b d84d | 85c0 0f84 | b200 0000 | 448b 520c | 0f1f 4000 
  0x000001ff2cdd7260: 4585 d275 

  0x000001ff2cdd7264: ;   {oop(a 'java/util/Optional'{0x0000000602955980})}
  0x000001ff2cdd7264: 0f48 b880 | 5995 0206 | 0000 00e9 | 6300 0000 | 4d8b c249 | c1e0 0349 | 8bd3 6666 | 9048 b8f0 
  0x000001ff2cdd7284: c15c 93ff 

  0x000001ff2cdd7288: ;   {virtual_call}
  0x000001ff2cdd7288: 0100 00e8 

  0x000001ff2cdd728c: ; ImmutableOopMap {}
                      ;*invokeinterface apply {reexecute=0 rethrow=0 return_oop=1}
                      ; - java.util.Optional::map@21 (line 260)
  0x000001ff2cdd728c: 00ab 9cff | 488b e848 | 85c0 7452 | 498b 8708 | 0100 004c | 8bd0 4983 | c210 4d3b | 9718 0100 
  0x000001ff2cdd72ac: 0073 474d | 8997 0801 | 0000 410f | 0d8a 0001 | 0000 48c7 | 0001 0000 

  0x000001ff2cdd72c4: ;   {metadata('java/util/Optional')}
  0x000001ff2cdd72c4: 00c7 4008 | a868 1100 | 4c8b d549 | c1ea 0344 | 8950 0c48 | 83c4 305d 

  0x000001ff2cdd72dc: ;   {poll_return}
  0x000001ff2cdd72dc: 493b a748 | 0300 000f | 874d 0000 

  0x000001ff2cdd72e8: ;   {oop(a 'java/util/Optional'{0x0000000602955980})}
  0x000001ff2cdd72e8: 00c3 48b8 | 8059 9502 | 0600 0000 

  0x000001ff2cdd72f4: ;   {metadata('java/util/Optional')}
  0x000001ff2cdd72f4: ebe1 48ba | a868 114a | ff01 0000 

  0x000001ff2cdd7300: ;   {runtime_call _new_instance_Java}
  0x000001ff2cdd7300: 6666 90e8 

  0x000001ff2cdd7304: ; ImmutableOopMap {rbp=Oop }
                      ;*new {reexecute=0 rethrow=0 return_oop=1}
                      ; - java.util.Optional::ofNullable@10 (line 128)
                      ; - java.util.Optional::map@26 (line 260)
  0x000001ff2cdd7304: f892 9cff | ebc2 488b | ea4c 8944 | 2408 4c89 | 4424 10ba | 45ff ffff 

  0x000001ff2cdd731c: ;   {runtime_call UncommonTrapBlob}
  0x000001ff2cdd731c: 6666 90e8 

  0x000001ff2cdd7320: ; ImmutableOopMap {rbp=Oop [8]=Oop [16]=Oop }
                      ;*ifnonnull {reexecute=1 rethrow=0 return_oop=0}
                      ; - (reexecute) java.util.Objects::requireNonNull@1 (line 207)
                      ; - java.util.Optional::map@1 (line 256)
  0x000001ff2cdd7320: dcaf 91ff | 488b d0eb | 0348 8bd0 | 4883 c430 

  0x000001ff2cdd7330: ;   {runtime_call _rethrow_Java}
  0x000001ff2cdd7330: 5de9 caa3 

  0x000001ff2cdd7334: ;   {internal_word}
  0x000001ff2cdd7334: 9cff 49ba | dc72 dd2c | ff01 0000 | 4d89 9760 

  0x000001ff2cdd7344: ;   {runtime_call SafepointBlob}
  0x000001ff2cdd7344: 0300 00e9 | b4c0 91ff | f4f4 f4f4 | f4f4 f4f4 | f4f4 f4f4 | f4f4 f4f4 | f4f4 f4f4 
[Exception Handler]
  0x000001ff2cdd7360: ;   {no_reloc}
  0x000001ff2cdd7360: e99b 2593 | ffe8 0000 | 0000 4883 

  0x000001ff2cdd736c: ;   {runtime_call DeoptimizationBlob}
  0x000001ff2cdd736c: 2c24 05e9 | 2cb3 91ff | f4f4 f4f4 
[/MachCode]


---------------  P R O C E S S  ---------------

Threads class SMR info:
_java_thread_list=0x000001ff950605d0, length=18, elements={
0x000001ff1d8c8120, 0x000001ff474ff190, 0x000001ff474ffc60, 0x000001ff475156f0,
0x000001ff47517fd0, 0x000001ff475188a0, 0x000001ff47519170, 0x000001ff475259e0,
0x000001ff47527f10, 0x000001ff475325c0, 0x000001ff8b14a510, 0x000001ff8b21de50,
0x000001ff475269d0, 0x000001ff47524f40, 0x000001ff92e0a3d0, 0x000001ff92ee93b0,
0x000001ff9078e7a0, 0x000001ff93ca9540
}

Java Threads: ( => current thread )
=>0x000001ff1d8c8120 JavaThread "Render thread" [_thread_in_native, id=12100, stack(0x0000007b45600000,0x0000007b45700000)]
  0x000001ff474ff190 JavaThread "Reference Handler" daemon [_thread_blocked, id=17148, stack(0x0000007b45d00000,0x0000007b45e00000)]
  0x000001ff474ffc60 JavaThread "Finalizer" daemon [_thread_blocked, id=3248, stack(0x0000007b45e00000,0x0000007b45f00000)]
  0x000001ff475156f0 JavaThread "Signal Dispatcher" daemon [_thread_blocked, id=14296, stack(0x0000007b45f00000,0x0000007b46000000)]
  0x000001ff47517fd0 JavaThread "Attach Listener" daemon [_thread_blocked, id=2184, stack(0x0000007b46000000,0x0000007b46100000)]
  0x000001ff475188a0 JavaThread "Service Thread" daemon [_thread_blocked, id=13508, stack(0x0000007b46100000,0x0000007b46200000)]
  0x000001ff47519170 JavaThread "Monitor Deflation Thread" daemon [_thread_blocked, id=9632, stack(0x0000007b46200000,0x0000007b46300000)]
  0x000001ff475259e0 JavaThread "C2 CompilerThread0" daemon [_thread_blocked, id=780, stack(0x0000007b46300000,0x0000007b46400000)]
  0x000001ff47527f10 JavaThread "C1 CompilerThread0" daemon [_thread_blocked, id=16316, stack(0x0000007b46400000,0x0000007b46500000)]
  0x000001ff475325c0 JavaThread "Sweeper thread" daemon [_thread_blocked, id=7292, stack(0x0000007b46500000,0x0000007b46600000)]
  0x000001ff8b14a510 JavaThread "Common-Cleaner" daemon [_thread_blocked, id=18636, stack(0x0000007b46600000,0x0000007b46700000)]
  0x000001ff8b21de50 JavaThread "Notification Thread" daemon [_thread_blocked, id=8784, stack(0x0000007b46700000,0x0000007b46800000)]
  0x000001ff475269d0 JavaThread "C2 CompilerThread1" daemon [_thread_blocked, id=16404, stack(0x0000007b46900000,0x0000007b46a00000)]
  0x000001ff47524f40 JavaThread "C2 CompilerThread2" daemon [_thread_blocked, id=13052, stack(0x0000007b47100000,0x0000007b47200000)]
  0x000001ff92e0a3d0 JavaThread "Thread-0" daemon [_thread_blocked, id=14736, stack(0x0000007b47200000,0x0000007b47300000)]
  0x000001ff92ee93b0 JavaThread "FileSystemWatchService" daemon [_thread_in_native, id=8456, stack(0x0000007b47300000,0x0000007b47400000)]
  0x000001ff9078e7a0 JavaThread "pool-2-thread-1" daemon [_thread_blocked, id=5932, stack(0x0000007b47500000,0x0000007b47600000)]
  0x000001ff93ca9540 JavaThread "Timer hack thread" daemon [_thread_blocked, id=11068, stack(0x0000007b47900000,0x0000007b47a00000)]

Other Threads:
  0x000001ff474f8cf0 VMThread "VM Thread" [stack: 0x0000007b45c00000,0x0000007b45d00000] [id=11408]
  0x000001ff8b21eb40 WatcherThread [stack: 0x0000007b46800000,0x0000007b46900000] [id=14256]
  0x000001ff1d9763d0 GCTaskThread "GC Thread#0" [stack: 0x0000007b45700000,0x0000007b45800000] [id=9548]
  0x000001ff8ba5f650 GCTaskThread "GC Thread#1" [stack: 0x0000007b46a00000,0x0000007b46b00000] [id=16760]
  0x000001ff8ba5f910 GCTaskThread "GC Thread#2" [stack: 0x0000007b46b00000,0x0000007b46c00000] [id=17944]
  0x000001ff8ba5fbd0 GCTaskThread "GC Thread#3" [stack: 0x0000007b46c00000,0x0000007b46d00000] [id=17672]
  0x000001ff8ba5fe90 GCTaskThread "GC Thread#4" [stack: 0x0000007b46d00000,0x0000007b46e00000] [id=17476]
  0x000001ff8ba60150 GCTaskThread "GC Thread#5" [stack: 0x0000007b46e00000,0x0000007b46f00000] [id=14200]
  0x000001ff8ba60410 GCTaskThread "GC Thread#6" [stack: 0x0000007b46f00000,0x0000007b47000000] [id=13224]
  0x000001ff8b9d22b0 GCTaskThread "GC Thread#7" [stack: 0x0000007b47000000,0x0000007b47100000] [id=17760]
  0x000001ff4735c200 ConcurrentGCThread "G1 Main Marker" [stack: 0x0000007b45800000,0x0000007b45900000] [id=18748]
  0x000001ff4735c9c0 ConcurrentGCThread "G1 Conc#0" [stack: 0x0000007b45900000,0x0000007b45a00000] [id=10736]
  0x000001ff91436e90 ConcurrentGCThread "G1 Conc#1" [stack: 0x0000007b47400000,0x0000007b47500000] [id=15820]
  0x000001ff47433170 ConcurrentGCThread "G1 Refine#0" [stack: 0x0000007b45a00000,0x0000007b45b00000] [id=4908]
  0x000001ff902b8c20 ConcurrentGCThread "G1 Refine#1" [stack: 0x0000007b47a00000,0x0000007b47b00000] [id=1464]
  0x000001ff9272c930 ConcurrentGCThread "G1 Refine#2" [stack: 0x0000007b47b00000,0x0000007b47c00000] [id=9948]
  0x000001ff94e6ff10 ConcurrentGCThread "G1 Refine#3" [stack: 0x0000007b47c00000,0x0000007b47d00000] [id=10060]
  0x000001ff47433950 ConcurrentGCThread "G1 Service" [stack: 0x0000007b45b00000,0x0000007b45c00000] [id=13756]

Threads with active compile tasks:

VM state: not at safepoint (normal execution)

VM Mutex/Monitor currently owned by a thread: None

Heap address: 0x0000000602400000, size: 8156 MB, Compressed Oops mode: Zero based, Oop shift amount: 3

CDS archive(s) mapped at: [0x000001ff4a000000-0x000001ff4abd0000-0x000001ff4abd0000), size 12386304, SharedBaseAddress: 0x000001ff4a000000, ArchiveRelocationMode: 1.
Compressed class space mapped at: 0x000001ff4b000000-0x000001ff8b000000, reserved size: 1073741824
Narrow klass base: 0x000001ff4a000000, Narrow klass shift: 0, Narrow klass range: 0x100000000

GC Precious Log:
 CPUs: 8 total, 8 available
 Memory: 32616M
 Large Page Support: Disabled
 NUMA Support: Disabled
 Compressed Oops: Enabled (Zero based)
 Heap Region Size: 4M
 Heap Min Capacity: 8M
 Heap Initial Capacity: 512M
 Heap Max Capacity: 8156M
 Pre-touch: Disabled
 Parallel Workers: 8
 Concurrent Workers: 2
 Concurrent Refinement Workers: 8
 Periodic GC: Disabled

Heap:
 garbage-first heap   total 491520K, used 358099K [0x0000000602400000, 0x0000000800000000)
  region size 4096K, 49 young (200704K), 2 survivors (8192K)
 Metaspace       used 67601K, committed 68736K, reserved 1114112K
  class space    used 10183K, committed 10688K, reserved 1048576K

Heap Regions: E=young(eden), S=young(survivor), O=old, HS=humongous(starts), HC=humongous(continues), CS=collection set, F=free, OA=open archive, CA=closed archive, TAMS=top-at-mark-start (previous, next)
|   0|0x0000000602400000, 0x0000000602800000, 0x0000000602800000|100%| O|  |TAMS 0x0000000602800000, 0x0000000602400000| Untracked 
|   1|0x0000000602800000, 0x0000000602c00000, 0x0000000602c00000|100%| O|  |TAMS 0x0000000602c00000, 0x0000000602800000| Untracked 
|   2|0x0000000602c00000, 0x0000000603000000, 0x0000000603000000|100%| O|  |TAMS 0x0000000603000000, 0x0000000602c00000| Untracked 
|   3|0x0000000603000000, 0x0000000603400000, 0x0000000603400000|100%| O|  |TAMS 0x0000000603400000, 0x0000000603000000| Untracked 
|   4|0x0000000603400000, 0x0000000603800000, 0x0000000603800000|100%| O|  |TAMS 0x0000000603800000, 0x0000000603400000| Untracked 
|   5|0x0000000603800000, 0x0000000603c00000, 0x0000000603c00000|100%| O|  |TAMS 0x0000000603c00000, 0x0000000603800000| Untracked 
|   6|0x0000000603c00000, 0x0000000604000000, 0x0000000604000000|100%| O|  |TAMS 0x0000000604000000, 0x0000000603c00000| Untracked 
|   7|0x0000000604000000, 0x0000000604400000, 0x0000000604400000|100%| O|  |TAMS 0x0000000604400000, 0x0000000604000000| Untracked 
|   8|0x0000000604400000, 0x0000000604800000, 0x0000000604800000|100%| O|  |TAMS 0x0000000604800000, 0x0000000604400000| Untracked 
|   9|0x0000000604800000, 0x0000000604c00000, 0x0000000604c00000|100%| O|  |TAMS 0x0000000604c00000, 0x0000000604800000| Untracked 
|  10|0x0000000604c00000, 0x0000000605000000, 0x0000000605000000|100%| O|  |TAMS 0x0000000605000000, 0x0000000604c00000| Untracked 
|  11|0x0000000605000000, 0x0000000605400000, 0x0000000605400000|100%| O|  |TAMS 0x0000000605400000, 0x0000000605000000| Untracked 
|  12|0x0000000605400000, 0x0000000605800000, 0x0000000605800000|100%| O|  |TAMS 0x0000000605800000, 0x0000000605400000| Untracked 
|  13|0x0000000605800000, 0x0000000605c00000, 0x0000000605c00000|100%| O|  |TAMS 0x0000000605c00000, 0x0000000605800000| Untracked 
|  14|0x0000000605c00000, 0x0000000606000000, 0x0000000606000000|100%| O|  |TAMS 0x0000000606000000, 0x0000000605c00000| Untracked 
|  15|0x0000000606000000, 0x0000000606400000, 0x0000000606400000|100%| O|  |TAMS 0x0000000606400000, 0x0000000606000000| Untracked 
|  16|0x0000000606400000, 0x0000000606800000, 0x0000000606800000|100%|HS|  |TAMS 0x0000000606800000, 0x0000000606400000| Complete 
|  17|0x0000000606800000, 0x0000000606c00000, 0x0000000606c00000|100%|HC|  |TAMS 0x0000000606c00000, 0x0000000606800000| Complete 
|  18|0x0000000606c00000, 0x0000000607000000, 0x0000000607000000|100%|HC|  |TAMS 0x0000000607000000, 0x0000000606c00000| Complete 
|  19|0x0000000607000000, 0x0000000607400000, 0x0000000607400000|100%| O|  |TAMS 0x0000000607400000, 0x0000000607000000| Untracked 
|  20|0x0000000607400000, 0x0000000607800000, 0x0000000607800000|100%| O|  |TAMS 0x0000000607800000, 0x0000000607400000| Untracked 
|  21|0x0000000607800000, 0x0000000607c00000, 0x0000000607c00000|100%| O|  |TAMS 0x0000000607c00000, 0x0000000607800000| Untracked 
|  22|0x0000000607c00000, 0x0000000607fce200, 0x0000000608000000| 95%| O|  |TAMS 0x0000000607fce200, 0x0000000607c00000| Untracked 
|  23|0x0000000608000000, 0x0000000608400000, 0x0000000608400000|100%| O|  |TAMS 0x0000000608400000, 0x0000000608000000| Untracked 
|  24|0x0000000608400000, 0x0000000608800000, 0x0000000608800000|100%| O|  |TAMS 0x0000000608800000, 0x0000000608400000| Untracked 
|  25|0x0000000608800000, 0x0000000608c00000, 0x0000000608c00000|100%| O|  |TAMS 0x0000000608c00000, 0x0000000608800000| Untracked 
|  26|0x0000000608c00000, 0x0000000609000000, 0x0000000609000000|100%| O|  |TAMS 0x0000000609000000, 0x0000000608c00000| Untracked 
|  27|0x0000000609000000, 0x0000000609400000, 0x0000000609400000|100%| O|  |TAMS 0x0000000609400000, 0x0000000609000000| Untracked 
|  28|0x0000000609400000, 0x0000000609800000, 0x0000000609800000|100%| O|  |TAMS 0x0000000609800000, 0x0000000609400000| Untracked 
|  29|0x0000000609800000, 0x0000000609c00000, 0x0000000609c00000|100%| O|  |TAMS 0x0000000609c00000, 0x0000000609800000| Untracked 
|  30|0x0000000609c00000, 0x000000060a000000, 0x000000060a000000|100%| O|  |TAMS 0x000000060a000000, 0x0000000609c00000| Untracked 
|  31|0x000000060a000000, 0x000000060a400000, 0x000000060a400000|100%| O|  |TAMS 0x000000060a400000, 0x000000060a000000| Untracked 
|  32|0x000000060a400000, 0x000000060a800000, 0x000000060a800000|100%| O|  |TAMS 0x000000060a800000, 0x000000060a400000| Untracked 
|  33|0x000000060a800000, 0x000000060ac00000, 0x000000060ac00000|100%| O|  |TAMS 0x000000060a800000, 0x000000060a800000| Untracked 
|  34|0x000000060ac00000, 0x000000060b000000, 0x000000060b000000|100%| O|  |TAMS 0x000000060afd3400, 0x000000060ac00000| Untracked 
|  35|0x000000060b000000, 0x000000060b400000, 0x000000060b400000|100%| O|  |TAMS 0x000000060b000000, 0x000000060b000000| Untracked 
|  36|0x000000060b400000, 0x000000060b800000, 0x000000060b800000|100%| O|  |TAMS 0x000000060b400000, 0x000000060b400000| Untracked 
|  37|0x000000060b800000, 0x000000060bc00000, 0x000000060bc00000|100%| O|  |TAMS 0x000000060b800000, 0x000000060b800000| Untracked 
|  38|0x000000060bc00000, 0x000000060c000000, 0x000000060c000000|100%| O|  |TAMS 0x000000060bc00000, 0x000000060bc00000| Untracked 
|  39|0x000000060c000000, 0x000000060c400000, 0x000000060c400000|100%| O|  |TAMS 0x000000060c000000, 0x000000060c000000| Untracked 
|  40|0x000000060c400000, 0x000000060c54d800, 0x000000060c800000| 32%| O|  |TAMS 0x000000060c400000, 0x000000060c400000| Untracked 
|  41|0x000000060c800000, 0x000000060c800000, 0x000000060cc00000|  0%| F|  |TAMS 0x000000060c800000, 0x000000060c800000| Untracked 
|  42|0x000000060cc00000, 0x000000060cc00000, 0x000000060d000000|  0%| F|  |TAMS 0x000000060cc00000, 0x000000060cc00000| Untracked 
|  43|0x000000060d000000, 0x000000060d000000, 0x000000060d400000|  0%| F|  |TAMS 0x000000060d000000, 0x000000060d000000| Untracked 
|  44|0x000000060d400000, 0x000000060d400000, 0x000000060d800000|  0%| F|  |TAMS 0x000000060d400000, 0x000000060d400000| Untracked 
|  45|0x000000060d800000, 0x000000060d800000, 0x000000060dc00000|  0%| F|  |TAMS 0x000000060d800000, 0x000000060d800000| Untracked 
|  46|0x000000060dc00000, 0x000000060dc00000, 0x000000060e000000|  0%| F|  |TAMS 0x000000060dc00000, 0x000000060dc00000| Untracked 
|  47|0x000000060e000000, 0x000000060e000000, 0x000000060e400000|  0%| F|  |TAMS 0x000000060e000000, 0x000000060e000000| Untracked 
|  48|0x000000060e400000, 0x000000060e400000, 0x000000060e800000|  0%| F|  |TAMS 0x000000060e400000, 0x000000060e400000| Untracked 
|  49|0x000000060e800000, 0x000000060e800000, 0x000000060ec00000|  0%| F|  |TAMS 0x000000060e800000, 0x000000060e800000| Untracked 
|  50|0x000000060ec00000, 0x000000060ec00000, 0x000000060f000000|  0%| F|  |TAMS 0x000000060ec00000, 0x000000060ec00000| Untracked 
|  51|0x000000060f000000, 0x000000060f000000, 0x000000060f400000|  0%| F|  |TAMS 0x000000060f000000, 0x000000060f000000| Untracked 
|  52|0x000000060f400000, 0x000000060f400000, 0x000000060f800000|  0%| F|  |TAMS 0x000000060f400000, 0x000000060f400000| Untracked 
|  53|0x000000060f800000, 0x000000060f800000, 0x000000060fc00000|  0%| F|  |TAMS 0x000000060f800000, 0x000000060f800000| Untracked 
|  54|0x000000060fc00000, 0x000000060fc00000, 0x0000000610000000|  0%| F|  |TAMS 0x000000060fc00000, 0x000000060fc00000| Untracked 
|  55|0x0000000610000000, 0x0000000610000000, 0x0000000610400000|  0%| F|  |TAMS 0x0000000610000000, 0x0000000610000000| Untracked 
|  56|0x0000000610400000, 0x0000000610400000, 0x0000000610800000|  0%| F|  |TAMS 0x0000000610400000, 0x0000000610400000| Untracked 
|  57|0x0000000610800000, 0x0000000610800000, 0x0000000610c00000|  0%| F|  |TAMS 0x0000000610800000, 0x0000000610800000| Untracked 
|  58|0x0000000610c00000, 0x0000000610c00000, 0x0000000611000000|  0%| F|  |TAMS 0x0000000610c00000, 0x0000000610c00000| Untracked 
|  59|0x0000000611000000, 0x0000000611000000, 0x0000000611400000|  0%| F|  |TAMS 0x0000000611000000, 0x0000000611000000| Untracked 
|  60|0x0000000611400000, 0x0000000611400000, 0x0000000611800000|  0%| F|  |TAMS 0x0000000611400000, 0x0000000611400000| Untracked 
|  61|0x0000000611800000, 0x0000000611800000, 0x0000000611c00000|  0%| F|  |TAMS 0x0000000611800000, 0x0000000611800000| Untracked 
|  62|0x0000000611c00000, 0x0000000611c00000, 0x0000000612000000|  0%| F|  |TAMS 0x0000000611c00000, 0x0000000611c00000| Untracked 
|  63|0x0000000612000000, 0x0000000612000000, 0x0000000612400000|  0%| F|  |TAMS 0x0000000612000000, 0x0000000612000000| Untracked 
|  64|0x0000000612400000, 0x0000000612400000, 0x0000000612800000|  0%| F|  |TAMS 0x0000000612400000, 0x0000000612400000| Untracked 
|  65|0x0000000612800000, 0x0000000612800000, 0x0000000612c00000|  0%| F|  |TAMS 0x0000000612800000, 0x0000000612800000| Untracked 
|  66|0x0000000612c00000, 0x0000000612c00000, 0x0000000613000000|  0%| F|  |TAMS 0x0000000612c00000, 0x0000000612c00000| Untracked 
|  67|0x0000000613000000, 0x0000000613000000, 0x0000000613400000|  0%| F|  |TAMS 0x0000000613000000, 0x0000000613000000| Untracked 
|  68|0x0000000613400000, 0x0000000613400000, 0x0000000613800000|  0%| F|  |TAMS 0x0000000613400000, 0x0000000613400000| Untracked 
|  69|0x0000000613800000, 0x0000000613800000, 0x0000000613c00000|  0%| F|  |TAMS 0x0000000613800000, 0x0000000613800000| Untracked 
|  70|0x0000000613c00000, 0x0000000613c00000, 0x0000000614000000|  0%| F|  |TAMS 0x0000000613c00000, 0x0000000613c00000| Untracked 
|  71|0x0000000614000000, 0x0000000614400000, 0x0000000614400000|100%| E|  |TAMS 0x0000000614000000, 0x0000000614000000| Complete 
|  72|0x0000000614400000, 0x0000000614800000, 0x0000000614800000|100%| E|CS|TAMS 0x0000000614400000, 0x0000000614400000| Complete 
|  73|0x0000000614800000, 0x0000000614c00000, 0x0000000614c00000|100%| E|CS|TAMS 0x0000000614800000, 0x0000000614800000| Complete 
|  74|0x0000000614c00000, 0x0000000615000000, 0x0000000615000000|100%| E|CS|TAMS 0x0000000614c00000, 0x0000000614c00000| Complete 
|  75|0x0000000615000000, 0x0000000615400000, 0x0000000615400000|100%| E|CS|TAMS 0x0000000615000000, 0x0000000615000000| Complete 
|  76|0x0000000615400000, 0x0000000615800000, 0x0000000615800000|100%| E|CS|TAMS 0x0000000615400000, 0x0000000615400000| Complete 
|  77|0x0000000615800000, 0x0000000615c00000, 0x0000000615c00000|100%| E|CS|TAMS 0x0000000615800000, 0x0000000615800000| Complete 
|  78|0x0000000615c00000, 0x0000000616000000, 0x0000000616000000|100%| E|CS|TAMS 0x0000000615c00000, 0x0000000615c00000| Complete 
|  79|0x0000000616000000, 0x0000000616400000, 0x0000000616400000|100%| E|CS|TAMS 0x0000000616000000, 0x0000000616000000| Complete 
|  80|0x0000000616400000, 0x0000000616800000, 0x0000000616800000|100%| E|CS|TAMS 0x0000000616400000, 0x0000000616400000| Complete 
|  81|0x0000000616800000, 0x0000000616c00000, 0x0000000616c00000|100%| E|CS|TAMS 0x0000000616800000, 0x0000000616800000| Complete 
|  82|0x0000000616c00000, 0x0000000617000000, 0x0000000617000000|100%| E|CS|TAMS 0x0000000616c00000, 0x0000000616c00000| Complete 
|  83|0x0000000617000000, 0x0000000617400000, 0x0000000617400000|100%| E|CS|TAMS 0x0000000617000000, 0x0000000617000000| Complete 
|  84|0x0000000617400000, 0x0000000617800000, 0x0000000617800000|100%| E|CS|TAMS 0x0000000617400000, 0x0000000617400000| Complete 
|  85|0x0000000617800000, 0x0000000617c00000, 0x0000000617c00000|100%| E|CS|TAMS 0x0000000617800000, 0x0000000617800000| Complete 
|  86|0x0000000617c00000, 0x0000000618000000, 0x0000000618000000|100%| E|CS|TAMS 0x0000000617c00000, 0x0000000617c00000| Complete 
|  87|0x0000000618000000, 0x0000000618400000, 0x0000000618400000|100%| E|CS|TAMS 0x0000000618000000, 0x0000000618000000| Complete 
|  88|0x0000000618400000, 0x0000000618800000, 0x0000000618800000|100%| E|CS|TAMS 0x0000000618400000, 0x0000000618400000| Complete 
|  89|0x0000000618800000, 0x0000000618c00000, 0x0000000618c00000|100%| E|CS|TAMS 0x0000000618800000, 0x0000000618800000| Complete 
|  90|0x0000000618c00000, 0x0000000618c99598, 0x0000000619000000| 14%| S|CS|TAMS 0x0000000618c00000, 0x0000000618c00000| Complete 
|  91|0x0000000619000000, 0x0000000619400000, 0x0000000619400000|100%| S|CS|TAMS 0x0000000619000000, 0x0000000619000000| Complete 
|  92|0x0000000619400000, 0x0000000619800000, 0x0000000619800000|100%| E|CS|TAMS 0x0000000619400000, 0x0000000619400000| Complete 
|  93|0x0000000619800000, 0x0000000619c00000, 0x0000000619c00000|100%| E|CS|TAMS 0x0000000619800000, 0x0000000619800000| Complete 
|  94|0x0000000619c00000, 0x000000061a000000, 0x000000061a000000|100%| E|CS|TAMS 0x0000000619c00000, 0x0000000619c00000| Complete 
|  95|0x000000061a000000, 0x000000061a400000, 0x000000061a400000|100%| E|CS|TAMS 0x000000061a000000, 0x000000061a000000| Complete 
|  96|0x000000061a400000, 0x000000061a800000, 0x000000061a800000|100%| E|CS|TAMS 0x000000061a400000, 0x000000061a400000| Complete 
|  97|0x000000061a800000, 0x000000061ac00000, 0x000000061ac00000|100%| E|CS|TAMS 0x000000061a800000, 0x000000061a800000| Complete 
|  98|0x000000061ac00000, 0x000000061b000000, 0x000000061b000000|100%| E|CS|TAMS 0x000000061ac00000, 0x000000061ac00000| Complete 
|  99|0x000000061b000000, 0x000000061b400000, 0x000000061b400000|100%| E|CS|TAMS 0x000000061b000000, 0x000000061b000000| Complete 
| 100|0x000000061b400000, 0x000000061b800000, 0x000000061b800000|100%| E|CS|TAMS 0x000000061b400000, 0x000000061b400000| Complete 
| 101|0x000000061b800000, 0x000000061bc00000, 0x000000061bc00000|100%| E|CS|TAMS 0x000000061b800000, 0x000000061b800000| Complete 
| 102|0x000000061bc00000, 0x000000061c000000, 0x000000061c000000|100%| E|CS|TAMS 0x000000061bc00000, 0x000000061bc00000| Complete 
| 103|0x000000061c000000, 0x000000061c400000, 0x000000061c400000|100%| E|CS|TAMS 0x000000061c000000, 0x000000061c000000| Complete 
| 104|0x000000061c400000, 0x000000061c800000, 0x000000061c800000|100%| E|CS|TAMS 0x000000061c400000, 0x000000061c400000| Complete 
| 105|0x000000061c800000, 0x000000061cc00000, 0x000000061cc00000|100%| E|CS|TAMS 0x000000061c800000, 0x000000061c800000| Complete 
| 106|0x000000061cc00000, 0x000000061d000000, 0x000000061d000000|100%| E|CS|TAMS 0x000000061cc00000, 0x000000061cc00000| Complete 
| 107|0x000000061d000000, 0x000000061d400000, 0x000000061d400000|100%| E|CS|TAMS 0x000000061d000000, 0x000000061d000000| Complete 
| 108|0x000000061d400000, 0x000000061d800000, 0x000000061d800000|100%| E|CS|TAMS 0x000000061d400000, 0x000000061d400000| Complete 
| 109|0x000000061d800000, 0x000000061dc00000, 0x000000061dc00000|100%| E|CS|TAMS 0x000000061d800000, 0x000000061d800000| Complete 
| 110|0x000000061dc00000, 0x000000061e000000, 0x000000061e000000|100%| E|CS|TAMS 0x000000061dc00000, 0x000000061dc00000| Complete 
| 111|0x000000061e000000, 0x000000061e400000, 0x000000061e400000|100%| E|CS|TAMS 0x000000061e000000, 0x000000061e000000| Complete 
| 112|0x000000061e400000, 0x000000061e800000, 0x000000061e800000|100%| E|CS|TAMS 0x000000061e400000, 0x000000061e400000| Complete 
| 113|0x000000061e800000, 0x000000061ec00000, 0x000000061ec00000|100%| E|CS|TAMS 0x000000061e800000, 0x000000061e800000| Complete 
| 114|0x000000061ec00000, 0x000000061f000000, 0x000000061f000000|100%| E|CS|TAMS 0x000000061ec00000, 0x000000061ec00000| Complete 
| 115|0x000000061f000000, 0x000000061f400000, 0x000000061f400000|100%| E|CS|TAMS 0x000000061f000000, 0x000000061f000000| Complete 
| 116|0x000000061f400000, 0x000000061f800000, 0x000000061f800000|100%| E|CS|TAMS 0x000000061f400000, 0x000000061f400000| Complete 
| 117|0x000000061f800000, 0x000000061fc00000, 0x000000061fc00000|100%| E|CS|TAMS 0x000000061f800000, 0x000000061f800000| Complete 
| 118|0x000000061fc00000, 0x0000000620000000, 0x0000000620000000|100%| E|CS|TAMS 0x000000061fc00000, 0x000000061fc00000| Complete 
| 127|0x0000000622000000, 0x0000000622400000, 0x0000000622400000|100%| E|CS|TAMS 0x0000000622000000, 0x0000000622000000| Complete 

Card table byte_map: [0x000001ff35490000,0x000001ff36480000] _byte_map_base: 0x000001ff3247e000

Marking Bits (Prev, Next): (CMBitMap*) 0x000001ff1d9777f0, (CMBitMap*) 0x000001ff1d9777b0
 Prev Bits: [0x000001ff3f3e0000, 0x000001ff47350000)
 Next Bits: [0x000001ff37470000, 0x000001ff3f3e0000)

Polling page: 0x000001ff1b760000

Metaspace:

Usage:
  Non-class:     56.07 MB used.
      Class:      9.95 MB used.
       Both:     66.02 MB used.

Virtual space:
  Non-class space:       64.00 MB reserved,      56.69 MB ( 89%) committed,  1 nodes.
      Class space:        1.00 GB reserved,      10.44 MB (  1%) committed,  1 nodes.
             Both:        1.06 GB reserved,      67.12 MB (  6%) committed. 

Chunk freelists:
   Non-Class:  6.70 MB
       Class:  5.60 MB
        Both:  12.29 MB

MaxMetaspaceSize: unlimited
CompressedClassSpaceSize: 1.00 GB
Initial GC threshold: 21.00 MB
Current GC threshold: 99.50 MB
CDS: on
MetaspaceReclaimPolicy: balanced
 - commit_granule_bytes: 65536.
 - commit_granule_words: 8192.
 - virtual_space_node_default_size: 8388608.
 - enlarge_chunks_in_place: 1.
 - new_chunks_are_fully_committed: 0.
 - uncommit_free_chunks: 1.
 - use_allocation_guard: 0.
 - handle_deallocations: 1.


Internal statistics:

num_allocs_failed_limit: 15.
num_arena_births: 1720.
num_arena_deaths: 0.
num_vsnodes_births: 2.
num_vsnodes_deaths: 0.
num_space_committed: 1071.
num_space_uncommitted: 0.
num_chunks_returned_to_freelist: 15.
num_chunks_taken_from_freelist: 4530.
num_chunk_merges: 15.
num_chunk_splits: 2934.
num_chunks_enlarged: 1974.
num_inconsistent_stats: 0.

CodeHeap 'non-profiled nmethods': size=120000Kb used=6466Kb max_used=6466Kb free=113533Kb
 bounds [0x000001ff2cc40000, 0x000001ff2d2a0000, 0x000001ff34170000]
CodeHeap 'profiled nmethods': size=120000Kb used=13189Kb max_used=13586Kb free=106810Kb
 bounds [0x000001ff25170000, 0x000001ff25ec0000, 0x000001ff2c6a0000]
CodeHeap 'non-nmethods': size=5760Kb used=1954Kb max_used=2023Kb free=3805Kb
 bounds [0x000001ff2c6a0000, 0x000001ff2c910000, 0x000001ff2cc40000]
 total_blobs=9488 nmethods=8008 adapters=1392
 compilation: enabled
              stopped_count=0, restarted_count=0
 full_count=0

Compilation events (20 events):
Event: 8.593 Thread 0x000001ff475269d0 10756       4       java.lang.Integer::toUnsignedLong (7 bytes)
Event: 8.593 Thread 0x000001ff475269d0 nmethod 10756 0x000001ff2d284b90 code [0x000001ff2d284d00, 0x000001ff2d284d58]
Event: 8.594 Thread 0x000001ff475269d0 10761       4       java.security.CodeSource::hashCode (17 bytes)
Event: 8.595 Thread 0x000001ff475259e0 nmethod 10752 0x000001ff2d284e90 code [0x000001ff2d285040, 0x000001ff2d285868]
Event: 8.596 Thread 0x000001ff475259e0 10762   !   4       java.nio.file.spi.FileSystemProvider::installedProviders (88 bytes)
Event: 8.596 Thread 0x000001ff475259e0 nmethod 10762 0x000001ff2d285c10 code [0x000001ff2d285d80, 0x000001ff2d285e18]
Event: 8.599 Thread 0x000001ff47524f40 nmethod 10745 0x000001ff2d285f10 code [0x000001ff2d286260, 0x000001ff2d287ed8]
Event: 8.606 Thread 0x000001ff47527f10 10763       3       java.util.concurrent.ConcurrentHashMap::isEmpty (15 bytes)
Event: 8.606 Thread 0x000001ff47527f10 nmethod 10763 0x000001ff25c31e90 code [0x000001ff25c32040, 0x000001ff25c321e8]
Event: 8.607 Thread 0x000001ff47524f40 10765       4       org.objectweb.asm.MethodWriter::computeMethodInfoSize (571 bytes)
Event: 8.613 Thread 0x000001ff47524f40 nmethod 10765 0x000001ff2d289e90 code [0x000001ff2d28a100, 0x000001ff2d28ab88]
Event: 8.614 Thread 0x000001ff475269d0 nmethod 10761 0x000001ff2d28b490 code [0x000001ff2d28b6a0, 0x000001ff2d28cd10]
Event: 8.618 Thread 0x000001ff475269d0 10768       4       org.objectweb.asm.MethodWriter::<init> (232 bytes)
Event: 8.619 Thread 0x000001ff47527f10 10769       3       sun.misc.Unsafe::getInt (9 bytes)
Event: 8.619 Thread 0x000001ff47527f10 nmethod 10769 0x000001ff25abe490 code [0x000001ff25abe620, 0x000001ff25abe738]
Event: 8.619 Thread 0x000001ff47527f10 10770       3       org.lwjgl.system.CustomBuffer::address (19 bytes)
Event: 8.619 Thread 0x000001ff47527f10 nmethod 10770 0x000001ff25abdf90 code [0x000001ff25abe140, 0x000001ff25abe3a8]
Event: 8.622 Thread 0x000001ff475259e0 10773       4       java.util.concurrent.locks.ReentrantReadWriteLock$ReadLock::lock (9 bytes)
Event: 8.622 Thread 0x000001ff475259e0 nmethod 10773 0x000001ff2d28df10 code [0x000001ff2d28e0a0, 0x000001ff2d28e168]
Event: 8.633 Thread 0x000001ff475269d0 nmethod 10768 0x000001ff2d28e510 code [0x000001ff2d28e760, 0x000001ff2d28ff40]

GC Heap History (20 events):
Event: 3.390 GC heap before
{Heap before GC invocations=9 (full 0):
 garbage-first heap   total 245760K, used 174740K [0x0000000602400000, 0x0000000800000000)
  region size 4096K, 27 young (110592K), 1 survivors (4096K)
 Metaspace       used 27191K, committed 28096K, reserved 1114112K
  class space    used 3363K, committed 3776K, reserved 1048576K
}
Event: 3.392 GC heap after
{Heap after GC invocations=10 (full 0):
 garbage-first heap   total 245760K, used 68448K [0x0000000602400000, 0x0000000800000000)
  region size 4096K, 1 young (4096K), 1 survivors (4096K)
 Metaspace       used 27191K, committed 28096K, reserved 1114112K
  class space    used 3363K, committed 3776K, reserved 1048576K
}
Event: 3.517 GC heap before
{Heap before GC invocations=10 (full 0):
 garbage-first heap   total 245760K, used 183136K [0x0000000602400000, 0x0000000800000000)
  region size 4096K, 29 young (118784K), 1 survivors (4096K)
 Metaspace       used 27218K, committed 28096K, reserved 1114112K
  class space    used 3365K, committed 3776K, reserved 1048576K
}
Event: 3.519 GC heap after
{Heap after GC invocations=11 (full 0):
 garbage-first heap   total 245760K, used 69005K [0x0000000602400000, 0x0000000800000000)
  region size 4096K, 1 young (4096K), 1 survivors (4096K)
 Metaspace       used 27218K, committed 28096K, reserved 1114112K
  class space    used 3365K, committed 3776K, reserved 1048576K
}
Event: 3.709 GC heap before
{Heap before GC invocations=11 (full 0):
 garbage-first heap   total 245760K, used 187789K [0x0000000602400000, 0x0000000800000000)
  region size 4096K, 31 young (126976K), 1 survivors (4096K)
 Metaspace       used 28177K, committed 29056K, reserved 1114112K
  class space    used 3496K, committed 3904K, reserved 1048576K
}
Event: 3.712 GC heap after
{Heap after GC invocations=12 (full 0):
 garbage-first heap   total 421888K, used 71900K [0x0000000602400000, 0x0000000800000000)
  region size 4096K, 2 young (8192K), 2 survivors (8192K)
 Metaspace       used 28177K, committed 29056K, reserved 1114112K
  class space    used 3496K, committed 3904K, reserved 1048576K
}
Event: 3.960 GC heap before
{Heap before GC invocations=12 (full 0):
 garbage-first heap   total 421888K, used 313564K [0x0000000602400000, 0x0000000800000000)
  region size 4096K, 61 young (249856K), 2 survivors (8192K)
 Metaspace       used 28234K, committed 29120K, reserved 1114112K
  class space    used 3501K, committed 3904K, reserved 1048576K
}
Event: 3.965 GC heap after
{Heap after GC invocations=13 (full 0):
 garbage-first heap   total 421888K, used 82256K [0x0000000602400000, 0x0000000800000000)
  region size 4096K, 4 young (16384K), 4 survivors (16384K)
 Metaspace       used 28234K, committed 29120K, reserved 1114112K
  class space    used 3501K, committed 3904K, reserved 1048576K
}
Event: 5.011 GC heap before
{Heap before GC invocations=13 (full 0):
 garbage-first heap   total 421888K, used 328016K [0x0000000602400000, 0x0000000800000000)
  region size 4096K, 61 young (249856K), 4 survivors (16384K)
 Metaspace       used 33783K, committed 34688K, reserved 1114112K
  class space    used 4241K, committed 4672K, reserved 1048576K
}
Event: 5.017 GC heap after
{Heap after GC invocations=14 (full 0):
 garbage-first heap   total 421888K, used 101614K [0x0000000602400000, 0x0000000800000000)
  region size 4096K, 6 young (24576K), 6 survivors (24576K)
 Metaspace       used 33783K, committed 34688K, reserved 1114112K
  class space    used 4241K, committed 4672K, reserved 1048576K
}
Event: 5.176 GC heap before
{Heap before GC invocations=14 (full 0):
 garbage-first heap   total 421888K, used 146670K [0x0000000602400000, 0x0000000800000000)
  region size 4096K, 18 young (73728K), 6 survivors (24576K)
 Metaspace       used 35155K, committed 36096K, reserved 1114112K
  class space    used 4359K, committed 4800K, reserved 1048576K
}
Event: 5.183 GC heap after
{Heap after GC invocations=15 (full 0):
 garbage-first heap   total 421888K, used 102200K [0x0000000602400000, 0x0000000800000000)
  region size 4096K, 2 young (8192K), 2 survivors (8192K)
 Metaspace       used 35155K, committed 36096K, reserved 1114112K
  class space    used 4359K, committed 4800K, reserved 1048576K
}
Event: 6.092 GC heap before
{Heap before GC invocations=16 (full 0):
 garbage-first heap   total 409600K, used 339768K [0x0000000602400000, 0x0000000800000000)
  region size 4096K, 60 young (245760K), 2 survivors (8192K)
 Metaspace       used 44127K, committed 45120K, reserved 1114112K
  class space    used 5797K, committed 6272K, reserved 1048576K
}
Event: 6.100 GC heap after
{Heap after GC invocations=17 (full 0):
 garbage-first heap   total 409600K, used 116241K [0x0000000602400000, 0x0000000800000000)
  region size 4096K, 6 young (24576K), 6 survivors (24576K)
 Metaspace       used 44127K, committed 45120K, reserved 1114112K
  class space    used 5797K, committed 6272K, reserved 1048576K
}
Event: 6.500 GC heap before
{Heap before GC invocations=17 (full 0):
 garbage-first heap   total 409600K, used 333329K [0x0000000602400000, 0x0000000800000000)
  region size 4096K, 59 young (241664K), 6 survivors (24576K)
 Metaspace       used 45386K, committed 46400K, reserved 1114112K
  class space    used 5977K, committed 6464K, reserved 1048576K
}
Event: 6.516 GC heap after
{Heap after GC invocations=18 (full 0):
 garbage-first heap   total 409600K, used 138145K [0x0000000602400000, 0x0000000800000000)
  region size 4096K, 8 young (32768K), 8 survivors (32768K)
 Metaspace       used 45386K, committed 46400K, reserved 1114112K
  class space    used 5977K, committed 6464K, reserved 1048576K
}
Event: 7.412 GC heap before
{Heap before GC invocations=18 (full 0):
 garbage-first heap   total 409600K, used 326561K [0x0000000602400000, 0x0000000800000000)
  region size 4096K, 54 young (221184K), 8 survivors (32768K)
 Metaspace       used 56689K, committed 57728K, reserved 1114112K
  class space    used 8233K, committed 8704K, reserved 1048576K
}
Event: 7.429 GC heap after
{Heap after GC invocations=19 (full 0):
 garbage-first heap   total 409600K, used 164189K [0x0000000602400000, 0x0000000800000000)
  region size 4096K, 7 young (28672K), 7 survivors (28672K)
 Metaspace       used 56689K, committed 57728K, reserved 1114112K
  class space    used 8233K, committed 8704K, reserved 1048576K
}
Event: 7.626 GC heap before
{Heap before GC invocations=19 (full 0):
 garbage-first heap   total 409600K, used 192861K [0x0000000602400000, 0x0000000800000000)
  region size 4096K, 15 young (61440K), 7 survivors (28672K)
 Metaspace       used 59239K, committed 60288K, reserved 1114112K
  class space    used 8682K, committed 9152K, reserved 1048576K
}
Event: 7.633 GC heap after
{Heap after GC invocations=20 (full 0):
 garbage-first heap   total 491520K, used 169683K [0x0000000602400000, 0x0000000800000000)
  region size 4096K, 2 young (8192K), 2 survivors (8192K)
 Metaspace       used 59239K, committed 60288K, reserved 1114112K
  class space    used 8682K, committed 9152K, reserved 1048576K
}

Deoptimization events (20 events):
Event: 8.574 Thread 0x000001ff1d8c8120 DEOPT PACKING pc=0x000001ff2d0a24c4 sp=0x0000007b456fc4a0
Event: 8.574 Thread 0x000001ff1d8c8120 DEOPT UNPACKING pc=0x000001ff2c6f23a3 sp=0x0000007b456fc418 mode 2
Event: 8.574 Thread 0x000001ff1d8c8120 Uncommon trap: trap_request=0xffffffde fr.pc=0x000001ff2d0a24c4 relative=0x00000000000002a4
Event: 8.574 Thread 0x000001ff1d8c8120 Uncommon trap: reason=class_check action=maybe_recompile pc=0x000001ff2d0a24c4 method=java.util.regex.Matcher.match(II)Z @ 121 c2
Event: 8.574 Thread 0x000001ff1d8c8120 DEOPT PACKING pc=0x000001ff2d0a24c4 sp=0x0000007b456fc4a0
Event: 8.574 Thread 0x000001ff1d8c8120 DEOPT UNPACKING pc=0x000001ff2c6f23a3 sp=0x0000007b456fc418 mode 2
Event: 8.577 Thread 0x000001ff1d8c8120 DEOPT PACKING pc=0x000001ff25de2254 sp=0x0000007b456fdb80
Event: 8.577 Thread 0x000001ff1d8c8120 DEOPT UNPACKING pc=0x000001ff2c6f2b43 sp=0x0000007b456fd058 mode 0
Event: 8.580 Thread 0x000001ff1d8c8120 Uncommon trap: trap_request=0xffffff45 fr.pc=0x000001ff2d24c2d8 relative=0x0000000000000438
Event: 8.580 Thread 0x000001ff1d8c8120 Uncommon trap: reason=unstable_if action=reinterpret pc=0x000001ff2d24c2d8 method=com.google.gson.stream.JsonReader.doPeek()I @ 315 c2
Event: 8.580 Thread 0x000001ff1d8c8120 DEOPT PACKING pc=0x000001ff2d24c2d8 sp=0x0000007b456fdc40
Event: 8.580 Thread 0x000001ff1d8c8120 DEOPT UNPACKING pc=0x000001ff2c6f23a3 sp=0x0000007b456fdbc8 mode 2
Event: 8.595 Thread 0x000001ff1d8c8120 Uncommon trap: trap_request=0xffffff45 fr.pc=0x000001ff2cfb76d8 relative=0x0000000000002b18
Event: 8.595 Thread 0x000001ff1d8c8120 Uncommon trap: reason=unstable_if action=reinterpret pc=0x000001ff2cfb76d8 method=cpw.mods.jarhandling.impl.Jar.findFile(Ljava/lang/String;)Ljava/util/Optional; @ 23 c2
Event: 8.595 Thread 0x000001ff1d8c8120 DEOPT PACKING pc=0x000001ff2cfb76d8 sp=0x0000007b456fadd0
Event: 8.595 Thread 0x000001ff1d8c8120 DEOPT UNPACKING pc=0x000001ff2c6f23a3 sp=0x0000007b456fac48 mode 2
Event: 8.595 Thread 0x000001ff1d8c8120 Uncommon trap: trap_request=0xffffff45 fr.pc=0x000001ff2d0bdaec relative=0x0000000000000c6c
Event: 8.595 Thread 0x000001ff1d8c8120 Uncommon trap: reason=unstable_if action=reinterpret pc=0x000001ff2d0bdaec method=cpw.mods.niofs.union.UnionFileSystem.getPath(Ljava/lang/String;[Ljava/lang/String;)Ljava/nio/file/Path; @ 2 c2
Event: 8.595 Thread 0x000001ff1d8c8120 DEOPT PACKING pc=0x000001ff2d0bdaec sp=0x0000007b456fabe0
Event: 8.595 Thread 0x000001ff1d8c8120 DEOPT UNPACKING pc=0x000001ff2c6f23a3 sp=0x0000007b456fabc8 mode 2

Classes unloaded (0 events):
No events

Classes redefined (0 events):
No events

Internal exceptions (20 events):
Event: 8.290 Thread 0x000001ff1d8c8120 Exception <a 'sun/nio/fs/WindowsException'{0x00000006172473b0}> (0x00000006172473b0) 
thrown [s\open\src\hotspot\share\prims\jni.cpp, line 516]
Event: 8.290 Thread 0x000001ff1d8c8120 Exception <a 'sun/nio/fs/WindowsException'{0x0000000617248858}> (0x0000000617248858) 
thrown [s\open\src\hotspot\share\prims\jni.cpp, line 516]
Event: 8.367 Thread 0x000001ff1d8c8120 Exception <a 'java/lang/NoSuchMethodError'{0x00000006162a57f0}: 'int java.lang.invoke.DirectMethodHandle$Holder.invokeStatic(java.lang.Object)'> (0x00000006162a57f0) 
thrown [s\open\src\hotspot\share\interpreter\linkResolver.cpp, line 759]
Event: 8.387 Thread 0x000001ff1d8c8120 Exception <a 'java/lang/NoSuchMethodError'{0x0000000615eae968}: 'java.lang.Object java.lang.invoke.Invokers$Holder.linkToTargetMethod(java.lang.Object, int, java.lang.Object, java.lang.Object)'> (0x0000000615eae968) 
thrown [s\open\src\hotspot\share\interpreter\linkResolver.cpp, line 759]
Event: 8.391 Thread 0x000001ff1d8c8120 Exception <a 'java/lang/NoSuchMethodError'{0x0000000615f5e710}: 'int java.lang.invoke.DirectMethodHandle$Holder.invokeStaticInit(java.lang.Object)'> (0x0000000615f5e710) 
thrown [s\open\src\hotspot\share\interpreter\linkResolver.cpp, line 759]
Event: 8.392 Thread 0x000001ff1d8c8120 Exception <a 'java/lang/NoSuchMethodError'{0x0000000615f65af8}: 'int java.lang.invoke.Invokers$Holder.invokeExact_MT(java.lang.Object, java.lang.Object)'> (0x0000000615f65af8) 
thrown [s\open\src\hotspot\share\interpreter\linkResolver.cpp, line 759]
Event: 8.394 Thread 0x000001ff1d8c8120 Exception <a 'sun/nio/fs/WindowsException'{0x00000006158635b8}> (0x00000006158635b8) 
thrown [s\open\src\hotspot\share\prims\jni.cpp, line 516]
Event: 8.394 Thread 0x000001ff1d8c8120 Exception <a 'sun/nio/fs/WindowsException'{0x0000000615863918}> (0x0000000615863918) 
thrown [s\open\src\hotspot\share\prims\jni.cpp, line 516]
Event: 8.399 Thread 0x000001ff1d8c8120 Exception <a 'java/lang/NoSuchMethodError'{0x00000006158ea6e0}: 'java.lang.Object java.lang.invoke.DirectMethodHandle$Holder.invokeInterface(java.lang.Object, java.lang.Object, double)'> (0x00000006158ea6e0) 
thrown [s\open\src\hotspot\share\interpreter\linkResolver.cpp, line 759]
Event: 8.399 Thread 0x000001ff1d8c8120 Exception <a 'java/lang/NoSuchMethodError'{0x00000006158f0f40}: 'double java.lang.invoke.DirectMethodHandle$Holder.invokeInterface(java.lang.Object, java.lang.Object, java.lang.Object)'> (0x00000006158f0f40) 
thrown [s\open\src\hotspot\share\interpreter\linkResolver.cpp, line 759]
Event: 8.472 Thread 0x000001ff1d8c8120 Exception <a 'java/lang/NoSuchMethodError'{0x000000061537f9c0}: 'java.lang.Object java.lang.invoke.DirectMethodHandle$Holder.newInvokeSpecial(java.lang.Object, java.lang.Object, java.lang.Object, java.lang.Object, java.lang.Object, java.lang.Object, java.lang.Object, java.lang.Object, java.lang.Object, java.lang.Object)'> (0x000000061537f9c0) 
thrown [s\open\src\hotspot\share\interpreter\linkResolver.cpp, line 759]
Event: 8.472 Thread 0x000001ff1d8c8120 Exception <a 'java/lang/NoSuchMethodError'{0x0000000615383f88}: 'java.lang.Object java.lang.invoke.Invokers$Holder.linkToTargetMethod(java.lang.Object, java.lang.Object, java.lang.Object, java.lang.Object, java.lang.Object, java.lang.Object, java.lang.Object, java.lang.Object, java.lang.Object, java.lang.Object)'> (0x0000000615383f88) 
thrown [s\open\src\hotspot\share\interpreter\linkResolver.cpp, line 759]
Event: 8.520 Thread 0x000001ff1d8c8120 Exception <a 'java/lang/NoSuchMethodError'{0x000000061484f7e0}: 'java.lang.Object java.lang.invoke.Invokers$Holder.linkToTargetMethod(java.lang.Object, java.lang.Object, java.lang.Object, java.lang.Object, java.lang.Object, java.lang.Object, java.lang.Object, java.lang.Object, java.lang.Object)'> (0x000000061484f7e0) 
thrown [s\open\src\hotspot\share\interpreter\linkResolver.cpp, line 759]
Event: 8.561 Thread 0x000001ff1d8c8120 Exception <a 'java/lang/NoSuchMethodError'{0x00000006144a83a8}: 'java.lang.Object java.lang.invoke.DirectMethodHandle$Holder.invokeSpecial(java.lang.Object, java.lang.Object, java.lang.Object, java.lang.Object, java.lang.Object, int, java.lang.Object)'> (0x00000006144a83a8) 
thrown [s\open\src\hotspot\share\interpreter\linkResolver.cpp, line 759]
Event: 8.561 Thread 0x000001ff1d8c8120 Exception <a 'java/lang/NoSuchMethodError'{0x00000006144b0a48}: 'java.lang.Object java.lang.invoke.DirectMethodHandle$Holder.invokeSpecial(java.lang.Object, java.lang.Object, java.lang.Object, java.lang.Object, java.lang.Object, java.lang.Object, int)'> (0x00000006144b0a48) 
thrown [s\open\src\hotspot\share\interpreter\linkResolver.cpp, line 759]
Event: 8.561 Thread 0x000001ff1d8c8120 Exception <a 'java/lang/NoSuchMethodError'{0x00000006144b4328}: 'java.lang.Object java.lang.invoke.Invokers$Holder.linkToTargetMethod(java.lang.Object, java.lang.Object, java.lang.Object, java.lang.Object, int, java.lang.Object)'> (0x00000006144b4328) 
thrown [s\open\src\hotspot\share\interpreter\linkResolver.cpp, line 759]
Event: 8.606 Thread 0x000001ff1d8c8120 Exception <a 'java/lang/NoSuchMethodError'{0x0000000614218108}: 'long java.lang.invoke.DirectMethodHandle$Holder.invokeInterface(java.lang.Object, java.lang.Object)'> (0x0000000614218108) 
thrown [s\open\src\hotspot\share\interpreter\linkResolver.cpp, line 759]
Event: 8.608 Thread 0x000001ff1d8c8120 Exception <a 'java/lang/NoSuchMethodError'{0x000000061427ecd8}: 'java.lang.Object java.lang.invoke.DirectMethodHandle$Holder.newInvokeSpecial(java.lang.Object, long)'> (0x000000061427ecd8) 
thrown [s\open\src\hotspot\share\interpreter\linkResolver.cpp, line 759]
Event: 8.621 Thread 0x000001ff1d8c8120 Exception <a 'java/lang/NoSuchMethodError'{0x00000006143313a0}: 'void java.lang.invoke.DirectMethodHandle$Holder.invokeSpecial(java.lang.Object, java.lang.Object, int, long)'> (0x00000006143313a0) 
thrown [s\open\src\hotspot\share\interpreter\linkResolver.cpp, line 759]
Event: 8.621 Thread 0x000001ff1d8c8120 Exception <a 'java/lang/NoSuchMethodError'{0x0000000614337330}: 'void java.lang.invoke.DirectMethodHandle$Holder.invokeStatic(java.lang.Object, int, long)'> (0x0000000614337330) 
thrown [s\open\src\hotspot\share\interpreter\linkResolver.cpp, line 759]

VM Operations (20 events):
Event: 7.626 Executing VM operation: CollectForMetadataAllocation
Event: 7.633 Executing VM operation: CollectForMetadataAllocation done
Event: 7.658 Executing VM operation: CollectForMetadataAllocation
Event: 7.659 Executing VM operation: CollectForMetadataAllocation done
Event: 7.686 Executing VM operation: HandshakeAllThreads
Event: 7.686 Executing VM operation: HandshakeAllThreads done
Event: 7.687 Executing VM operation: CollectForMetadataAllocation
Event: 7.688 Executing VM operation: CollectForMetadataAllocation done
Event: 7.707 Executing VM operation: G1Concurrent
Event: 7.710 Executing VM operation: G1Concurrent done
Event: 7.750 Executing VM operation: G1Concurrent
Event: 7.751 Executing VM operation: G1Concurrent done
Event: 7.925 Executing VM operation: ICBufferFull
Event: 7.925 Executing VM operation: ICBufferFull done
Event: 8.230 Executing VM operation: HandshakeAllThreads
Event: 8.230 Executing VM operation: HandshakeAllThreads done
Event: 8.349 Executing VM operation: ICBufferFull
Event: 8.349 Executing VM operation: ICBufferFull done
Event: 8.560 Executing VM operation: HandshakeAllThreads
Event: 8.560 Executing VM operation: HandshakeAllThreads done

Events (20 events):
Event: 8.258 loading class java/nio/DirectFloatBufferU
Event: 8.258 loading class java/nio/DirectFloatBufferU done
Event: 8.258 loading class java/nio/DirectDoubleBufferU
Event: 8.258 loading class java/nio/DirectDoubleBufferU done
Event: 8.266 loading class java/nio/InvalidMarkException
Event: 8.266 loading class java/nio/InvalidMarkException done
Event: 8.266 loading class java/nio/BufferUnderflowException
Event: 8.266 loading class java/nio/BufferUnderflowException done
Event: 8.291 loading class java/util/function/IntSupplier
Event: 8.291 loading class java/util/function/IntSupplier done
Event: 8.322 loading class java/io/CharArrayWriter
Event: 8.322 loading class java/io/CharArrayWriter done
Event: 8.391 loading class java/lang/invoke/DirectMethodHandle$StaticAccessor
Event: 8.391 loading class java/lang/invoke/DirectMethodHandle$StaticAccessor done
Event: 8.397 loading class java/util/function/DoubleFunction
Event: 8.397 loading class java/util/function/DoubleFunction done
Event: 8.584 loading class java/util/EnumMap$Values
Event: 8.584 loading class java/util/EnumMap$Values done
Event: 8.584 loading class java/util/EnumMap$ValueIterator
Event: 8.584 loading class java/util/EnumMap$ValueIterator done


Dynamic libraries:
0x00007ff638770000 - 0x00007ff638780000 	C:\Program Files\Java\jdk-17\bin\java.exe
0x00007ff9f53d0000 - 0x00007ff9f55c8000 	C:\Windows\SYSTEM32\ntdll.dll
0x00007ff9f4390000 - 0x00007ff9f4451000 	C:\Windows\System32\KERNEL32.DLL
0x00007ff9f2a80000 - 0x00007ff9f2d7d000 	C:\Windows\System32\KERNELBASE.dll
0x00007ff9f3300000 - 0x00007ff9f3400000 	C:\Windows\System32\ucrtbase.dll
0x00007ff9cff50000 - 0x00007ff9cff69000 	C:\Program Files\Java\jdk-17\bin\jli.dll
0x00007ff9cfc30000 - 0x00007ff9cfc4b000 	C:\Program Files\Java\jdk-17\bin\VCRUNTIME140.dll
0x00007ff9f5010000 - 0x00007ff9f50c0000 	C:\Windows\System32\ADVAPI32.dll
0x00007ff9f5220000 - 0x00007ff9f52be000 	C:\Windows\System32\msvcrt.dll
0x00007ff9f5180000 - 0x00007ff9f5220000 	C:\Windows\System32\sechost.dll
0x00007ff9f4250000 - 0x00007ff9f4373000 	C:\Windows\System32\RPCRT4.dll
0x00007ff9f2e60000 - 0x00007ff9f2e87000 	C:\Windows\System32\bcrypt.dll
0x00007ff9f4460000 - 0x00007ff9f45fd000 	C:\Windows\System32\USER32.dll
0x00007ff9f32d0000 - 0x00007ff9f32f2000 	C:\Windows\System32\win32u.dll
0x00007ff9f3d40000 - 0x00007ff9f3d6b000 	C:\Windows\System32\GDI32.dll
0x00007ff9d8890000 - 0x00007ff9d8b2a000 	C:\Windows\WinSxS\amd64_microsoft.windows.common-controls_6595b64144ccf1df_6.0.19041.4355_none_60b8b9eb71f62e16\COMCTL32.dll
0x00007ff9f2e90000 - 0x00007ff9f2fa7000 	C:\Windows\System32\gdi32full.dll
0x00007ff9f3230000 - 0x00007ff9f32cd000 	C:\Windows\System32\msvcp_win.dll
0x00007ff9ec9c0000 - 0x00007ff9ec9ca000 	C:\Windows\SYSTEM32\VERSION.dll
0x00007ff9f41b0000 - 0x00007ff9f41df000 	C:\Windows\System32\IMM32.DLL
0x00007ff9e1350000 - 0x00007ff9e135c000 	C:\Program Files\Java\jdk-17\bin\vcruntime140_1.dll
0x00007ff9c9950000 - 0x00007ff9c99de000 	C:\Program Files\Java\jdk-17\bin\msvcp140.dll
0x00007ff991bd0000 - 0x00007ff9927b0000 	C:\Program Files\Java\jdk-17\bin\server\jvm.dll
0x00007ff9f3df0000 - 0x00007ff9f3df8000 	C:\Windows\System32\PSAPI.DLL
0x00007ff9d4320000 - 0x00007ff9d4329000 	C:\Windows\SYSTEM32\WSOCK32.dll
0x00007ff9e86d0000 - 0x00007ff9e86f7000 	C:\Windows\SYSTEM32\WINMM.dll
0x00007ff9f41e0000 - 0x00007ff9f424b000 	C:\Windows\System32\WS2_32.dll
0x00007ff9f08e0000 - 0x00007ff9f08f2000 	C:\Windows\SYSTEM32\kernel.appcore.dll
0x00007ff9e0300000 - 0x00007ff9e030a000 	C:\Program Files\Java\jdk-17\bin\jimage.dll
0x00007ff9e5b80000 - 0x00007ff9e5d64000 	C:\Windows\SYSTEM32\DBGHELP.DLL
0x00007ff9d1660000 - 0x00007ff9d1694000 	C:\Windows\SYSTEM32\dbgcore.DLL
0x00007ff9f2dd0000 - 0x00007ff9f2e52000 	C:\Windows\System32\bcryptPrimitives.dll
0x00007ff9cfc00000 - 0x00007ff9cfc25000 	C:\Program Files\Java\jdk-17\bin\java.dll
0x00007ff9a71f0000 - 0x00007ff9a72c7000 	C:\Program Files\Java\jdk-17\bin\jsvml.dll
0x00007ff9f4600000 - 0x00007ff9f4d6f000 	C:\Windows\System32\SHELL32.dll
0x00007ff9f0ae0000 - 0x00007ff9f127f000 	C:\Windows\SYSTEM32\windows.storage.dll
0x00007ff9f3460000 - 0x00007ff9f37b3000 	C:\Windows\System32\combase.dll
0x00007ff9f23c0000 - 0x00007ff9f23ee000 	C:\Windows\SYSTEM32\Wldp.dll
0x00007ff9f52c0000 - 0x00007ff9f538d000 	C:\Windows\System32\OLEAUT32.dll
0x00007ff9f50c0000 - 0x00007ff9f516d000 	C:\Windows\System32\SHCORE.dll
0x00007ff9f4ea0000 - 0x00007ff9f4ef5000 	C:\Windows\System32\shlwapi.dll
0x00007ff9f29b0000 - 0x00007ff9f29d4000 	C:\Windows\SYSTEM32\profapi.dll
0x00007ff9cfbe0000 - 0x00007ff9cfbf9000 	C:\Program Files\Java\jdk-17\bin\net.dll
0x00007ff9eae70000 - 0x00007ff9eaf7d000 	C:\Windows\SYSTEM32\WINHTTP.dll
0x00007ff9f21a0000 - 0x00007ff9f220a000 	C:\Windows\system32\mswsock.dll
0x00007ff9c9a30000 - 0x00007ff9c9a46000 	C:\Program Files\Java\jdk-17\bin\nio.dll
0x00007ff9c9a10000 - 0x00007ff9c9a28000 	C:\Program Files\Java\jdk-17\bin\zip.dll
0x00007ff9cfd80000 - 0x00007ff9cfd90000 	C:\Program Files\Java\jdk-17\bin\verify.dll
0x00007ff9d2d30000 - 0x00007ff9d2d3a000 	C:\Program Files\Java\jdk-17\bin\management.dll
0x00007ff9d2a10000 - 0x00007ff9d2a1b000 	C:\Program Files\Java\jdk-17\bin\management_ext.dll
0x00007ff9d2e50000 - 0x00007ff9d2e67000 	C:\Windows\system32\napinsp.dll
0x00007ff9cfb60000 - 0x00007ff9cfb7b000 	C:\Windows\system32\pnrpnsp.dll
0x00007ff9ed540000 - 0x00007ff9ed555000 	C:\Windows\system32\wshbth.dll
0x00007ff9edef0000 - 0x00007ff9edf0d000 	C:\Windows\system32\NLAapi.dll
0x00007ff9f1e50000 - 0x00007ff9f1e8b000 	C:\Windows\SYSTEM32\IPHLPAPI.DLL
0x00007ff9f1e90000 - 0x00007ff9f1f5a000 	C:\Windows\SYSTEM32\DNSAPI.dll
0x00007ff9f5170000 - 0x00007ff9f5178000 	C:\Windows\System32\NSI.dll
0x00007ff9cfb40000 - 0x00007ff9cfb52000 	C:\Windows\System32\winrnr.dll
0x00007ff9ed020000 - 0x00007ff9ed02a000 	C:\Windows\System32\rasadhlp.dll
0x00007ff9ea0b0000 - 0x00007ff9ea130000 	C:\Windows\System32\fwpuclnt.dll
0x00007ff9f2400000 - 0x00007ff9f2418000 	C:\Windows\SYSTEM32\CRYPTSP.dll
0x00007ff9f1a70000 - 0x00007ff9f1aa4000 	C:\Windows\system32\rsaenh.dll
0x00007ff9f2920000 - 0x00007ff9f294e000 	C:\Windows\SYSTEM32\USERENV.dll
0x00007ff9f2330000 - 0x00007ff9f233c000 	C:\Windows\SYSTEM32\CRYPTBASE.dll
0x00007ff9ebee0000 - 0x00007ff9ebef7000 	C:\Windows\SYSTEM32\dhcpcsvc6.DLL
0x00007ff9ebec0000 - 0x00007ff9ebedd000 	C:\Windows\SYSTEM32\dhcpcsvc.DLL
0x00007ff9bd700000 - 0x00007ff9bd745000 	C:\Users\xqin\AppData\Local\Temp\jna-3686878\jna580438519208625769.dll
0x00007ff9f4d70000 - 0x00007ff9f4e9b000 	C:\Windows\System32\Ole32.dll
0x00007ff9f4f00000 - 0x00007ff9f4fa9000 	C:\Windows\System32\clbcatq.dll
0x00007ff9e2130000 - 0x00007ff9e214f000 	C:\Windows\SYSTEM32\amsi.dll
0x00007ff9dd470000 - 0x00007ff9dd4c3000 	C:\Windows\SYSTEM32\Pdh.dll
0x00007ff9dd2f0000 - 0x00007ff9dd2ff000 	C:\Windows\System32\perfos.dll
0x00007ff9bd680000 - 0x00007ff9bd6f5000 	C:\Users\xqin\AppData\Local\Temp\lwjglxqin\3.3.1-build-7\lwjgl.dll
0x00007ff9bcdd0000 - 0x00007ff9bd029000 	C:\Users\xqin\AppData\Local\Temp\lwjglxqin\3.3.1-build-7\jemalloc.dll
0x00007ff9bd610000 - 0x00007ff9bd671000 	C:\Users\xqin\AppData\Local\Temp\lwjglxqin\3.3.1-build-7\glfw.dll
0x00007ff9bd1d0000 - 0x00007ff9bd215000 	C:\Windows\SYSTEM32\dinput8.dll
0x00007ff9cf390000 - 0x00007ff9cf3a1000 	C:\Windows\SYSTEM32\xinput1_4.dll
0x00007ff9f2d80000 - 0x00007ff9f2dce000 	C:\Windows\System32\cfgmgr32.dll
0x00007ff9f2800000 - 0x00007ff9f2833000 	C:\Windows\SYSTEM32\DEVOBJ.dll
0x00007ff9f05e0000 - 0x00007ff9f060f000 	C:\Windows\SYSTEM32\dwmapi.dll
0x00007ff9e7f60000 - 0x00007ff9e80b2000 	C:\Windows\SYSTEM32\inputhost.dll
0x00007ff9ef2a0000 - 0x00007ff9ef392000 	C:\Windows\SYSTEM32\CoreMessaging.dll
0x00007ff9efc00000 - 0x00007ff9efcf6000 	C:\Windows\SYSTEM32\PROPSYS.dll
0x00007ff9edf10000 - 0x00007ff9ee067000 	C:\Windows\SYSTEM32\wintypes.dll
0x00007ff9eef40000 - 0x00007ff9ef29b000 	C:\Windows\SYSTEM32\CoreUIComponents.dll
0x00007ff9f1bb0000 - 0x00007ff9f1be3000 	C:\Windows\SYSTEM32\ntmarta.dll
0x00007ff9f03f0000 - 0x00007ff9f048e000 	C:\Windows\system32\uxtheme.dll
0x00007ff9f4090000 - 0x00007ff9f41a4000 	C:\Windows\System32\MSCTF.dll
0x00007ff9cc9c0000 - 0x00007ff9ccae8000 	C:\Windows\SYSTEM32\opengl32.dll
0x00007ff9ccd90000 - 0x00007ff9ccdbc000 	C:\Windows\SYSTEM32\GLU32.dll
0x00007ff9bd7a0000 - 0x00007ff9bd7cd000 	C:\Windows\System32\DriverStore\FileRepository\u0390451.inf_amd64_39377efdd62734d1\B390182\atig6pxx.dll
0x00007ff96dca0000 - 0x00007ff9718d5000 	C:\Windows\System32\DriverStore\FileRepository\u0390451.inf_amd64_39377efdd62734d1\B390182\atio6axx.dll
0x00007ff9f3820000 - 0x00007ff9f3c8e000 	C:\Windows\System32\SETUPAPI.dll
0x00007ff9f31c0000 - 0x00007ff9f3229000 	C:\Windows\System32\WINTRUST.dll
0x00007ff9f3060000 - 0x00007ff9f31be000 	C:\Windows\System32\CRYPT32.dll
0x00007ff9f2630000 - 0x00007ff9f2642000 	C:\Windows\SYSTEM32\MSASN1.dll

dbghelp: loaded successfully - version: 4.0.5 - missing functions: none
symbol engine: initialized successfully - sym options: 0x614 - pdb path: .;C:\Program Files\Java\jdk-17\bin;C:\Windows\SYSTEM32;C:\Windows\WinSxS\amd64_microsoft.windows.common-controls_6595b64144ccf1df_6.0.19041.4355_none_60b8b9eb71f62e16;C:\Program Files\Java\jdk-17\bin\server;C:\Users\xqin\AppData\Local\Temp\jna-3686878;C:\Users\xqin\AppData\Local\Temp\lwjglxqin\3.3.1-build-7;C:\Windows\System32\DriverStore\FileRepository\u0390451.inf_amd64_39377efdd62734d1\B390182

VM Arguments:
jvm_args: -Dforge.enableGameTest=true -Dforge.logging.console.level=debug -Dforge.logging.markers=REGISTRIES -DignoreList=bootstraplauncher,securejarhandler,asm-commons,asm-util,asm-analysis,asm-tree,asm,JarJarFileSystems,client-extra,fmlcore,javafmllanguage,lowcodelanguage,mclanguage,forge- -Djava.net.preferIPv6Addresses=system -DlegacyClassPath.file=E:\ForgingAndCraftingMod\build\classpath\runClient_minecraftClasspath.txt -DmergeModules=jna-5.10.0.jar,jna-platform-5.10.0.jar -Dmixin.env.refMapRemappingFile=E:\ForgingAndCraftingMod/build/createSrgToMcp/output.srg -Dmixin.env.remapRefMap=true -Dos.version=10.0 --module-path=C:\Users\xqin\.gradle\caches\modules-2\files-2.1\cpw.mods\bootstraplauncher\1.1.2\c546e00443d8432cda6baa1c860346980742628\bootstraplauncher-1.1.2.jar;C:\Users\xqin\.gradle\caches\modules-2\files-2.1\cpw.mods\securejarhandler\2.1.4\f47e3b9dd860a7b82154b8f90a650ffd0aaa5582\securejarhandler-2.1.4.jar;C:\Users\xqin\.gradle\caches\modules-2\files-2.1\org.ow2.asm\asm-commons\9.3\1f2a432d1212f5c352ae607d7b61dcae20c20af5\asm-commons-9.3.jar;C:\Users\xqin\.gradle\caches\modules-2\files-2.1\org.ow2.asm\asm-util\9.3\9595bc05510d0bd4b610188b77333fe4851a1975\asm-util-9.3.jar;C:\Users\xqin\.gradle\caches\modules-2\files-2.1\org.ow2.asm\asm-analysis\9.3\4b071f211b37c38e0e9f5998550197c8593f6ad8\asm-analysis-9.3.jar;C:\Users\xqin\.gradle\caches\modules-2\files-2.1\org.ow2.asm\asm-tree\9.3\78d2ecd61318b5a58cd04fb237636c0e86b77d97\asm-tree-9.3.jar;C:\Users\xqin\.gradle\caches\modules-2\files-2.1\org.ow2.asm\asm\9.3\8e6300ef51c1d801a7ed62d07cd221aca3a90640\asm-9.3.jar;C:\Users\xqin\.gradle\caches\modules-2\files-2.1\net.minecraftforge\JarJarFileSystems\0.3.16\e52afbb2599dc7c6f779efea0496d32fc01152e3\JarJarFileSystems-0.3.16.jar --add-modules=ALL-MODULE-PATH --add-opens=java.base/java.util.jar=cpw.mods.securejarhandler --add-opens=java.base/java.lang.invoke=cpw.mods.securejarhandler --add-exports=java.base/sun.security.util=cpw.mods.securejarhandler --add-exports=jdk.naming.dns/com.sun.jndi.dns=java.naming -XX:HeapDumpPath=MojangTricksIntelDriversForPerformance_javaw.exe_minecraft.exe.heapdump -Dos.name=Windows 10 -Dfile.encoding=UTF-8 -Duser.country=CN -Duser.language=zh -Duser.variant 
java_command: cpw.mods.bootstraplauncher.BootstrapLauncher --launchTarget forgeclientuserdev --version MOD_DEV --assetIndex 1.19 --assetsDir C:\Users\xqin\.gradle\caches\forge_gradle\assets --gameDir . --fml.forgeVersion 43.2.0 --fml.mcVersion 1.19.2 --fml.forgeGroup net.minecraftforge --fml.mcpVersion 20220805.130853
java_class_path (initial): E:\ForgingAndCraftingMod\build\classes\java\main;E:\ForgingAndCraftingMod\build\resources\main;E:\ForgingAndCraftingMod\build\fg_cache\net\minecraftforge\forge\1.19.2-43.2.0_mapped_official_1.19.2\forge-1.19.2-43.2.0_mapped_official_1.19.2-recomp.jar;C:\Users\xqin\.gradle\caches\forge_gradle\deobf_dependencies\dev\emi\emi-forge\1.1.4+1.19.2_mapped_official_1.19.2\emi-forge-1.1.4+1.19.2_mapped_official_1.19.2.jar;C:\Users\xqin\.gradle\caches\forge_gradle\deobf_dependencies\vazkii\patchouli\Patchouli\1.19.2-77_mapped_official_1.19.2\Patchouli-1.19.2-77_mapped_official_1.19.2.jar;C:\Users\xqin\.gradle\caches\forge_gradle\deobf_dependencies\curse\maven\jade-324717\4914105_mapped_official_1.19.2\jade-324717-4914105_mapped_official_1.19.2.jar;C:\Users\xqin\.gradle\caches\forge_gradle\minecraft_repo\versions\1.19.2\client-extra.jar;C:\Users\xqin\.gradle\caches\modules-2\files-2.1\net.minecraftforge\javafmllanguage\1.19.2-43.2.0\5713dfd49576886a7ffc353f14f067ad42369592\javafmllanguage-1.19.2-43.2.0.jar;C:\Users\xqin\.gradle\caches\modules-2\files-2.1\net.minecraftforge\lowcodelanguage\1.19.2-43.2.0\51c88985dd125457fb8b6c2c58a4f3b9349a6b57\lowcodelanguage-1.19.2-43.2.0.jar;C:\Users\xqin\.gradle\caches\modules-2\files-2.1\net.minecraftforge\mclanguage\1.19.2-43.2.0\f4fa83ef8129c7f7cc5847fbafb07f7ae86c1bb\mclanguage-1.19.2-43.2.0.jar;C:\Users\xqin\.gradle\caches\modules-2\files-2.1\net.minecraftforge\fmlcore\1.19.2-43.2.0\d4dcb5b809b7f035ac22b058941cf81f84451545\fmlcore-1.19.2-43.2.0.jar;C:\Users\xqin\.gradle\caches\modules-2\files-2.1\net.minecraftforge\fmlloader\1.19.2-43.2.0\3e6e8b7b5e1dbc6ee01a20f74675f223b64c7847\fmlloader-1.19.2-43.2.0.jar;C:\Users\xqin\.gradle\caches\modules-2\files-2.1\net.minecraftforge\JarJarSelector\0.3.16\2a31421fb5e267249da103a644f23afb43d158af\JarJarSelector-0.3.16.jar;C:\Users\xqin\.gradle\caches\modules-2\files-2.1\net.minecraftforge\JarJarMetadata\0.3.16\f62c8c898dffc8666f5097a8587ed72095e8e83a\JarJarMetadata-0.3.1
Launcher Type: SUN_STANDARD

[Global flags]
     intx CICompilerCount                          = 4                                         {product} {ergonomic}
     uint ConcGCThreads                            = 2                                         {product} {ergonomic}
     uint G1ConcRefinementThreads                  = 8                                         {product} {ergonomic}
   size_t G1HeapRegionSize                         = 4194304                                   {product} {ergonomic}
    uintx GCDrainStackTargetSize                   = 64                                        {product} {ergonomic}
    ccstr HeapDumpPath                             = MojangTricksIntelDriversForPerformance_javaw.exe_minecraft.exe.heapdump         {manageable} {command line}
   size_t InitialHeapSize                          = 536870912                                 {product} {ergonomic}
   size_t MarkStackSize                            = 4194304                                   {product} {ergonomic}
   size_t MaxHeapSize                              = 8552185856                                {product} {ergonomic}
   size_t MaxNewSize                               = 5129633792                                {product} {ergonomic}
   size_t MinHeapDeltaBytes                        = 4194304                                   {product} {ergonomic}
   size_t MinHeapSize                              = 8388608                                   {product} {ergonomic}
    uintx NonNMethodCodeHeapSize                   = 5839372                                {pd product} {ergonomic}
    uintx NonProfiledCodeHeapSize                  = 122909434                              {pd product} {ergonomic}
    uintx ProfiledCodeHeapSize                     = 122909434                              {pd product} {ergonomic}
    uintx ReservedCodeCacheSize                    = 251658240                              {pd product} {ergonomic}
     bool SegmentedCodeCache                       = true                                      {product} {ergonomic}
   size_t SoftMaxHeapSize                          = 8552185856                             {manageable} {ergonomic}
     bool UseCompressedClassPointers               = true                           {product lp64_product} {ergonomic}
     bool UseCompressedOops                        = true                           {product lp64_product} {ergonomic}
     bool UseG1GC                                  = true                                      {product} {ergonomic}
     bool UseLargePagesIndividualAllocation        = false                                  {pd product} {ergonomic}

Logging:
Log output configuration:
 #0: stdout all=warning uptime,level,tags
 #1: stderr all=off uptime,level,tags

Environment Variables:
JAVA_HOME=C:\Program Files\Java\jdk-17
CLASSPATH=.;C:\Program Files\Java\jdk-17\lib\dt.jar;C:\Program Files\Java\jdk-17\lib\tools.jar;
PATH=C:\Program Files\Common Files\Oracle\Java\javapath;C:\Windows\system32;C:\Windows;C:\Windows\System32\Wbem;C:\Windows\System32\WindowsPowerShell\v1.0\;C:\Windows\System32\OpenSSH\;C:\Program Files\dotnet\;C:\Program Files\PowerShell\7\;C:\Program Files\Docker\Docker\resources\bin;D:\Tools\node-v20.12.2-win-x64;C:\Users\xqin\AppData\Local\Microsoft\WindowsApps;C:\Program Files (x86)\Nmap;C:\Users\xqin\AppData\Local\Programs\Microsoft VS Code\bin;D:\IntelliJ IDEA Community Edition 2024.2.0.2\bin;;
USERNAME=xqin
OS=Windows_NT
PROCESSOR_IDENTIFIER=Intel64 Family 6 Model 158 Stepping 13, GenuineIntel



---------------  S Y S T E M  ---------------

OS:
 Windows 10 , 64 bit Build 19041 (10.0.19041.4717)
OS uptime: 1 days 13:26 hours
Hyper-V role detected

CPU: total 8 (initial active 8) (8 cores per cpu, 1 threads per core) family 6 model 158 stepping 13 microcode 0xd6, cx8, cmov, fxsr, mmx, 3dnowpref, sse, sse2, sse3, ssse3, sse4.1, sse4.2, popcnt, lzcnt, tsc, tscinvbit, avx, avx2, aes, erms, clmul, bmi1, bmi2, adx, fma, vzeroupper, clflush, clflushopt, hv

Memory: 4k page, system-wide physical 32616M (16063M free)
TotalPageFile size 37480M (AvailPageFile size 14346M)
current process WorkingSet (physical memory assigned to process): 747M, peak: 747M
current process commit charge ("private bytes"): 820M, peak: 821M

vm_info: Java HotSpot(TM) 64-Bit Server VM (17.0.12+8-LTS-286) for windows-amd64 JRE (17.0.12+8-LTS-286), built on Jun  5 2024 06:46:59 by "mach5one" with MS VC++ 17.6 (VS2022)

END.
