#
# A fatal error has been detected by the Java Runtime Environment:
#
#  EXCEPTION_ACCESS_VIOLATION (0xc0000005) at pc=0x00007ffe73e62b60, pid=11288, tid=1884
#
# JRE version: Java(TM) SE Runtime Environment (17.0.12+8) (build 17.0.12+8-LTS-286)
# Java VM: Java HotSpot(TM) 64-Bit Server VM (17.0.12+8-LTS-286, mixed mode, sharing, tiered, compressed oops, compressed class ptrs, g1 gc, windows-amd64)
# Problematic frame:
# C  [atio6axx.dll+0x192b60]
#
# No core dump will be written. Minidumps are not enabled by default on client versions of Windows
#
# If you would like to submit a bug report, please visit:
#   https://bugreport.java.com/bugreport/crash.jsp
# The crash happened outside the Java Virtual Machine in native code.
# See problematic frame for where to report the bug.
#

---------------  S U M M A R Y ------------

Command Line: -Dforge.enableGameTest=true -Dforge.logging.console.level=debug -Dforge.logging.markers=REGISTRIES -DignoreList=bootstraplauncher,securejarhandler,asm-commons,asm-util,asm-analysis,asm-tree,asm,JarJarFileSystems,client-extra,fmlcore,javafmllanguage,lowcodelanguage,mclanguage,forge- -Djava.net.preferIPv6Addresses=system -DlegacyClassPath.file=E:\ForgingAndCraftingMod\build\classpath\runClient_minecraftClasspath.txt -DmergeModules=jna-5.10.0.jar,jna-platform-5.10.0.jar -Dmixin.env.refMapRemappingFile=E:\ForgingAndCraftingMod/build/createSrgToMcp/output.srg -Dmixin.env.remapRefMap=true -Dos.version=10.0 --module-path=C:\Users\xqin\.gradle\caches\modules-2\files-2.1\cpw.mods\bootstraplauncher\1.1.2\c546e00443d8432cda6baa1c860346980742628\bootstraplauncher-1.1.2.jar;C:\Users\xqin\.gradle\caches\modules-2\files-2.1\cpw.mods\securejarhandler\2.1.4\f47e3b9dd860a7b82154b8f90a650ffd0aaa5582\securejarhandler-2.1.4.jar;C:\Users\xqin\.gradle\caches\modules-2\files-2.1\org.ow2.asm\asm-commons\9.3\1f2a432d1212f5c352ae607d7b61dcae20c20af5\asm-commons-9.3.jar;C:\Users\xqin\.gradle\caches\modules-2\files-2.1\org.ow2.asm\asm-util\9.3\9595bc05510d0bd4b610188b77333fe4851a1975\asm-util-9.3.jar;C:\Users\xqin\.gradle\caches\modules-2\files-2.1\org.ow2.asm\asm-analysis\9.3\4b071f211b37c38e0e9f5998550197c8593f6ad8\asm-analysis-9.3.jar;C:\Users\xqin\.gradle\caches\modules-2\files-2.1\org.ow2.asm\asm-tree\9.3\78d2ecd61318b5a58cd04fb237636c0e86b77d97\asm-tree-9.3.jar;C:\Users\xqin\.gradle\caches\modules-2\files-2.1\org.ow2.asm\asm\9.3\8e6300ef51c1d801a7ed62d07cd221aca3a90640\asm-9.3.jar;C:\Users\xqin\.gradle\caches\modules-2\files-2.1\net.minecraftforge\JarJarFileSystems\0.3.16\e52afbb2599dc7c6f779efea0496d32fc01152e3\JarJarFileSystems-0.3.16.jar --add-modules=ALL-MODULE-PATH --add-opens=java.base/java.util.jar=cpw.mods.securejarhandler --add-opens=java.base/java.lang.invoke=cpw.mods.securejarhandler --add-exports=java.base/sun.security.util=cpw.mods.securejarhandler --add-exports=jdk.naming.dns/com.sun.jndi.dns=java.naming -XX:HeapDumpPath=MojangTricksIntelDriversForPerformance_javaw.exe_minecraft.exe.heapdump -Dos.name=Windows 10 -Dfile.encoding=UTF-8 -Duser.country=CN -Duser.language=zh -Duser.variant cpw.mods.bootstraplauncher.BootstrapLauncher --launchTarget forgeclientuserdev --version MOD_DEV --assetIndex 1.19 --assetsDir C:\Users\xqin\.gradle\caches\forge_gradle\assets --gameDir . --fml.forgeVersion 43.2.0 --fml.mcVersion 1.19.2 --fml.forgeGroup net.minecraftforge --fml.mcpVersion 20220805.130853

Host: Intel(R) Core(TM) i7-9700K CPU @ 3.60GHz, 8 cores, 31G,  Windows 10 , 64 bit Build 19041 (10.0.19041.5198)
Time: Mon Jan 27 15:51:22 2025  Windows 10 , 64 bit Build 19041 (10.0.19041.5198) elapsed time: 8.739057 seconds (0d 0h 0m 8s)

---------------  T H R E A D  ---------------

Current thread (0x000001849ce6e260):  JavaThread "Render thread" [_thread_in_native, id=1884, stack(0x0000007ec5b00000,0x0000007ec5c00000)]

Stack: [0x0000007ec5b00000,0x0000007ec5c00000],  sp=0x0000007ec5bfa9a8,  free space=1002k
Native frames: (J=compiled Java code, j=interpreted, Vv=VM code, C=native code)
C  [atio6axx.dll+0x192b60]

Java frames: (J=compiled Java code, j=interpreted, Vv=VM code)
j  org.lwjgl.system.JNI.invokePPPP(IIJJJJ)J+0 org.lwjgl@3.3.1+7
j  org.lwjgl.glfw.GLFW.nglfwCreateWindow(IIJJJ)J+14 org.lwjgl.glfw@3.3.1+7
j  org.lwjgl.glfw.GLFW.glfwCreateWindow(IILjava/lang/CharSequence;JJ)J+34 org.lwjgl.glfw@3.3.1+7
j  net.minecraftforge.client.loading.NoVizFallback.lambda$fallback$0(Ljava/util/function/IntSupplier;Ljava/util/function/IntSupplier;Ljava/util/function/Supplier;Ljava/util/function/LongSupplier;)J+28 forge@43.2.0
j  net.minecraftforge.client.loading.NoVizFallback$$Lambda$4388+0x00000184cda77de0.getAsLong()J+16 forge@43.2.0
j  net.minecraftforge.fml.loading.progress.EarlyProgressVisualization$Visualization$$Lambda$4389+0x00000184cda72328.apply(Ljava/lang/Object;)Ljava/lang/Object;+4 fmlloader@1.19.2-43.2.0
J 3251 c2 java.util.Optional.map(Ljava/util/function/Function;)Ljava/util/Optional; java.base@17.0.12 (30 bytes) @ 0x00000184adc1a484 [0x00000184adc1a420+0x0000000000000064]
j  net.minecraftforge.fml.loading.progress.EarlyProgressVisualization$Visualization.handOffWindow(Ljava/util/function/IntSupplier;Ljava/util/function/IntSupplier;Ljava/util/function/Supplier;Ljava/util/function/LongSupplier;)J+48 fmlloader@1.19.2-43.2.0
j  net.minecraftforge.fml.loading.progress.EarlyProgressVisualization.handOffWindow(Ljava/util/function/IntSupplier;Ljava/util/function/IntSupplier;Ljava/util/function/Supplier;Ljava/util/function/LongSupplier;)J+9 fmlloader@1.19.2-43.2.0
j  com.mojang.blaze3d.platform.Window.<init>(Lcom/mojang/blaze3d/platform/WindowEventHandler;Lcom/mojang/blaze3d/platform/ScreenManager;Lcom/mojang/blaze3d/platform/DisplayData;Ljava/lang/String;Ljava/lang/String;)V+279 minecraft@1.19.2
j  net.minecraft.client.renderer.VirtualScreen.newWindow(Lcom/mojang/blaze3d/platform/DisplayData;Ljava/lang/String;Ljava/lang/String;)Lcom/mojang/blaze3d/platform/Window;+15 minecraft@1.19.2
j  net.minecraft.client.Minecraft.<init>(Lnet/minecraft/client/main/GameConfig;)V+723 minecraft@1.19.2
j  net.minecraft.client.main.Main.run([Ljava/lang/String;Z)V+1356 minecraft@1.19.2
j  net.minecraft.client.main.Main.main([Ljava/lang/String;)V+12 minecraft@1.19.2
v  ~StubRoutines::call_stub
j  jdk.internal.reflect.NativeMethodAccessorImpl.invoke0(Ljava/lang/reflect/Method;Ljava/lang/Object;[Ljava/lang/Object;)Ljava/lang/Object;+0 java.base@17.0.12
j  jdk.internal.reflect.NativeMethodAccessorImpl.invoke(Ljava/lang/Object;[Ljava/lang/Object;)Ljava/lang/Object;+133 java.base@17.0.12
j  jdk.internal.reflect.DelegatingMethodAccessorImpl.invoke(Ljava/lang/Object;[Ljava/lang/Object;)Ljava/lang/Object;+6 java.base@17.0.12
j  java.lang.reflect.Method.invoke(Ljava/lang/Object;[Ljava/lang/Object;)Ljava/lang/Object;+59 java.base@17.0.12
j  net.minecraftforge.fml.loading.targets.ForgeClientUserdevLaunchHandler.lambda$launchService$0([Ljava/lang/String;Ljava/lang/ModuleLayer;)V+47 fmlloader@1.19.2-43.2.0
j  net.minecraftforge.fml.loading.targets.ForgeClientUserdevLaunchHandler$$Lambda$872+0x00000184cd3cdaf8.run()V+12 fmlloader@1.19.2-43.2.0
j  cpw.mods.modlauncher.LaunchServiceHandlerDecorator.launch([Ljava/lang/String;Ljava/lang/ModuleLayer;)V+11 cpw.mods.modlauncher@10.0.9
j  cpw.mods.modlauncher.LaunchServiceHandler.launch(Ljava/lang/String;[Ljava/lang/String;Ljava/lang/ModuleLayer;Lcpw/mods/modlauncher/TransformingClassLoader;Lcpw/mods/modlauncher/LaunchPluginHandler;)V+58 cpw.mods.modlauncher@10.0.9
j  cpw.mods.modlauncher.LaunchServiceHandler.launch(Lcpw/mods/modlauncher/ArgumentHandler;Ljava/lang/ModuleLayer;Lcpw/mods/modlauncher/TransformingClassLoader;Lcpw/mods/modlauncher/LaunchPluginHandler;)V+21 cpw.mods.modlauncher@10.0.9
j  cpw.mods.modlauncher.Launcher.run([Ljava/lang/String;)V+307 cpw.mods.modlauncher@10.0.9
j  cpw.mods.modlauncher.Launcher.main([Ljava/lang/String;)V+78 cpw.mods.modlauncher@10.0.9
j  cpw.mods.modlauncher.BootstrapLaunchConsumer.accept([Ljava/lang/String;)V+1 cpw.mods.modlauncher@10.0.9
j  cpw.mods.modlauncher.BootstrapLaunchConsumer.accept(Ljava/lang/Object;)V+5 cpw.mods.modlauncher@10.0.9
j  cpw.mods.bootstraplauncher.BootstrapLauncher.main([Ljava/lang/String;)V+515 cpw.mods.bootstraplauncher@1.1.2
v  ~StubRoutines::call_stub

siginfo: EXCEPTION_ACCESS_VIOLATION (0xc0000005), reading address 0xffffffffffffffff


Registers:
RAX=0x0000000000000000, RBX=0x00007ffe776a33b0, RCX=0x6c646172672e5c6e, RDX=0x00000000000000d1
RSP=0x0000007ec5bfa9a8, RBP=0x0000007ec5bfab10, RSI=0x00007ffe775b2d40, RDI=0x0000007ec5bfae00
R8 =0x00000000000001a5, R9 =0x6c646172672e5c6e, R10=0x0000000000000000, R11=0x0000000000000200
R12=0x00007ffe776a3408, R13=0x00007ffe776a5c08, R14=0x00007ffe776a33b0, R15=0x0000000000000000
RIP=0x00007ffe73e62b60, EFLAGS=0x0000000000010202


Register to memory mapping:

RIP=0x00007ffe73e62b60 atio6axx.dll
RAX=0x0 is NULL
RBX=0x00007ffe776a33b0 atio6axx.dll
RCX=0x6c646172672e5c6e is an unknown value
RDX=0x00000000000000d1 is an unknown value
RSP=0x0000007ec5bfa9a8 is pointing into the stack for thread: 0x000001849ce6e260
RBP=0x0000007ec5bfab10 is pointing into the stack for thread: 0x000001849ce6e260
RSI=0x00007ffe775b2d40 atio6axx.dll
RDI=0x0000007ec5bfae00 is pointing into the stack for thread: 0x000001849ce6e260
R8 =0x00000000000001a5 is an unknown value
R9 =0x6c646172672e5c6e is an unknown value
R10=0x0 is NULL
R11=0x0000000000000200 is an unknown value
R12=0x00007ffe776a3408 atio6axx.dll
R13=0x00007ffe776a5c08 atio6axx.dll
R14=0x00007ffe776a33b0 atio6axx.dll
R15=0x0 is NULL


Top of Stack: (sp=0x0000007ec5bfa9a8)
0x0000007ec5bfa9a8:   00007ffe73e62e7c 00007ffe776a6020
0x0000007ec5bfa9b8:   00000185144ef018 0000000000000000
0x0000007ec5bfa9c8:   00007ffe73e63e8d 0000007ec5bfae00
0x0000007ec5bfa9d8:   00007ffe73e1f484 00007ffe776a33b0
0x0000007ec5bfa9e8:   00007ffe775b2d40 0000652e6176616a
0x0000007ec5bfa9f8:   0000592473964ed3 0000007ec5bfae00
0x0000007ec5bfaa08:   00007ffe73e20457 00007ffe776a33b8
0x0000007ec5bfaa18:   00007ffe775b2d40 00007ffe775b2d40
0x0000007ec5bfaa28:   0000018514d2616a 00007ffe776a33b0
0x0000007ec5bfaa38:   00007ffe00000000 000000000000000a
0x0000007ec5bfaa48:   0000018514d26334 0000018514d2649c
0x0000007ec5bfaa58:   00007ffe776a33b8 0000007ec5bfae00
0x0000007ec5bfaa68:   0000007ec5bfabb1 00007f006176616a
0x0000007ec5bfaa78:   00007f006176616a 46676e697274535c
0x0000007ec5bfaa88:   5c6f666e49656c69 3062343039303430
0x0000007ec5bfaa98:   726556656c69465c 000000006e6f6973 

Instructions: (pc=0x00007ffe73e62b60)
0x00007ffe73e62a60:   74 09 33 c9 ff 15 e6 89 66 03 90 48 8b c3 48 83
0x00007ffe73e62a70:   c4 20 5b c3 cc cc cc cc cc cc cc cc cc cc cc cc
0x00007ffe73e62a80:   48 83 ec 28 48 8b 51 08 48 85 d2 74 09 33 c9 ff
0x00007ffe73e62a90:   15 bb 89 66 03 90 48 83 c4 28 c3 cc cc cc cc cc
0x00007ffe73e62aa0:   48 89 11 c3 cc cc cc cc cc cc cc cc cc cc cc cc
0x00007ffe73e62ab0:   48 8b c1 c3 cc cc cc cc cc cc cc cc cc cc cc cc
0x00007ffe73e62ac0:   48 3b ca 74 10 41 8b 00 39 01 74 09 48 83 c1 04
0x00007ffe73e62ad0:   48 3b ca 75 f3 48 8b c1 c3 cc cc cc cc cc cc cc
0x00007ffe73e62ae0:   48 8b c1 c3 cc cc cc cc cc cc cc cc cc cc cc cc
0x00007ffe73e62af0:   48 83 39 00 0f 94 c0 c3 cc cc cc cc cc cc cc cc
0x00007ffe73e62b00:   4c 8d 04 d5 00 00 00 00 33 d2 e9 c1 d0 dd 01 cc
0x00007ffe73e62b10:   4c 8b 41 08 48 8b 02 49 89 00 48 83 41 08 08 c3
0x00007ffe73e62b20:   48 8b c1 c3 cc cc cc cc cc cc cc cc cc cc cc cc
0x00007ffe73e62b30:   48 8b c1 c3 cc cc cc cc cc cc cc cc cc cc cc cc
0x00007ffe73e62b40:   49 8b 00 48 89 02 c3 cc cc cc cc cc cc cc cc cc
0x00007ffe73e62b50:   8b 81 40 39 00 00 c3 cc cc cc cc cc cc cc cc cc
0x00007ffe73e62b60:   8b 81 40 39 00 00 83 c0 f0 83 f8 67 0f 87 5a 01
0x00007ffe73e62b70:   00 00 48 8d 15 87 d4 e6 ff 0f b6 84 02 f0 2c 19
0x00007ffe73e62b80:   00 8b 8c 82 d0 2c 19 00 48 03 ca ff e1 48 8b 0d
0x00007ffe73e62b90:   6c 6f 7e 03 83 b9 b4 34 00 00 02 0f 87 2b 01 00
0x00007ffe73e62ba0:   00 48 8d 91 0c 29 00 00 c7 02 e1 00 00 00 e9 ce
0x00007ffe73e62bb0:   00 00 00 48 8b 0d 46 6f 7e 03 83 b9 b4 34 00 00
0x00007ffe73e62bc0:   02 0f 87 05 01 00 00 48 8d 91 0c 29 00 00 c7 02
0x00007ffe73e62bd0:   f0 00 00 00 e9 a8 00 00 00 48 8b 0d 20 6f 7e 03
0x00007ffe73e62be0:   83 b9 b4 34 00 00 02 0f 87 df 00 00 00 48 8d 91
0x00007ffe73e62bf0:   0c 29 00 00 c7 02 00 04 00 00 e9 82 00 00 00 48
0x00007ffe73e62c00:   8b 0d fa 6e 7e 03 83 b9 b4 34 00 00 02 0f 87 b9
0x00007ffe73e62c10:   00 00 00 48 8d 91 0c 29 00 00 c7 02 00 08 00 00
0x00007ffe73e62c20:   eb 5f 48 8b 0d d7 6e 7e 03 83 b9 b4 34 00 00 02
0x00007ffe73e62c30:   0f 87 96 00 00 00 48 8d 91 0c 29 00 00 c7 02 00
0x00007ffe73e62c40:   09 00 00 eb 3c 48 8b 0d b4 6e 7e 03 83 b9 b4 34
0x00007ffe73e62c50:   00 00 02 77 77 48 8d 91 0c 29 00 00 c7 02 3c 0f 


Stack slot to memory mapping:
stack at sp + 0 slots: 0x00007ffe73e62e7c atio6axx.dll
stack at sp + 1 slots: 0x00007ffe776a6020 atio6axx.dll
stack at sp + 2 slots: 0x00000185144ef018 points into unknown readable memory: 0x00007ffe76eaf5f0 | f0 f5 ea 76 fe 7f 00 00
stack at sp + 3 slots: 0x0 is NULL
stack at sp + 4 slots: 0x00007ffe73e63e8d atio6axx.dll
stack at sp + 5 slots: 0x0000007ec5bfae00 is pointing into the stack for thread: 0x000001849ce6e260
stack at sp + 6 slots: 0x00007ffe73e1f484 atio6axx.dll
stack at sp + 7 slots: 0x00007ffe776a33b0 atio6axx.dll


Compiled method (c2)    8768 3251       4       java.util.Optional::map (30 bytes)
 total in heap  [0x00000184adc1a290,0x00000184adc1a658] = 968
 relocation     [0x00000184adc1a3e8,0x00000184adc1a410] = 40
 main code      [0x00000184adc1a420,0x00000184adc1a560] = 320
 stub code      [0x00000184adc1a560,0x00000184adc1a578] = 24
 metadata       [0x00000184adc1a578,0x00000184adc1a598] = 32
 scopes data    [0x00000184adc1a598,0x00000184adc1a5d0] = 56
 scopes pcs     [0x00000184adc1a5d0,0x00000184adc1a620] = 80
 dependencies   [0x00000184adc1a620,0x00000184adc1a628] = 8
 handler table  [0x00000184adc1a628,0x00000184adc1a658] = 48

[Constant Pool (empty)]

[MachCode]
[Entry Point]
  # {method} {0x00000184cc117f58} 'map' '(Ljava/util/function/Function;)Ljava/util/Optional;' in 'java/util/Optional'
  # this:     rdx:rdx   = 'java/util/Optional'
  # parm0:    r8:r8     = 'java/util/function/Function'
  #           [sp+0x40]  (sp of caller)
  0x00000184adc1a420: 448b 5208 | 49bb 0000 | 00cc 8401 | 0000 4d03 | d349 3bc2 

  0x00000184adc1a434: ;   {runtime_call ic_miss_stub}
  0x00000184adc1a434: 0f85 4626 | 89ff 6690 | 0f1f 4000 
[Verified Entry Point]
  0x00000184adc1a440: 8984 2400 | 90ff ff55 | 4883 ec30 | 4d8b d84d | 85c0 0f84 | b600 0000 | 448b 520c | 0f1f 4000 
  0x00000184adc1a460: 4585 d20f | 846a 0000 | 004d 8bc2 | 49c1 e003 | 498b d366 | 9048 b8f0 | 33b2 1385 

  0x00000184adc1a47c: ;   {virtual_call}
  0x00000184adc1a47c: 0100 00e8 

  0x00000184adc1a480: ; ImmutableOopMap {}
                      ;*invokeinterface apply {reexecute=0 rethrow=0 return_oop=1}
                      ; - java.util.Optional::map@21 (line 260)
  0x00000184adc1a480: 0c92 94ff | 488b e848 | 85c0 0f84 | 6000 0000 | 498b 8708 | 0100 004c | 8bd0 4983 | c210 6690 
  0x00000184adc1a4a0: 4d3b 9718 | 0100 0073 | 534d 8997 | 0801 0000 | 410f 0d8a | 0001 0000 | 48c7 0001 

  0x00000184adc1a4bc: ;   {metadata('java/util/Optional')}
  0x00000184adc1a4bc: 0000 00c7 | 4008 a868 | 1100 4c8b | d549 c1ea | 0344 8950 

  0x00000184adc1a4d0: ;   {oop(a 'java/util/Optional'{0x000000060294eba8})}
  0x00000184adc1a4d0: 0ceb 0a48 | b8a8 eb94 | 0206 0000 | 0048 83c4 

  0x00000184adc1a4e0: ;   {poll_return}
  0x00000184adc1a4e0: 305d 493b | a748 0300 | 000f 874b | 0000 00c3 

  0x00000184adc1a4f0: ;   {oop(a 'java/util/Optional'{0x000000060294eba8})}
  0x00000184adc1a4f0: 48b8 a8eb | 9402 0600 | 0000 ebe1 

  0x00000184adc1a4fc: ;   {metadata('java/util/Optional')}
  0x00000184adc1a4fc: 48ba a868 | 11cc 8401 

  0x00000184adc1a504: ;   {runtime_call _new_instance_Java}
  0x00000184adc1a504: 0000 90e8 

  0x00000184adc1a508: ; ImmutableOopMap {rbp=Oop }
                      ;*new {reexecute=0 rethrow=0 return_oop=1}
                      ; - java.util.Optional::ofNullable@10 (line 128)
                      ; - java.util.Optional::map@26 (line 260)
  0x00000184adc1a508: f460 94ff | ebb8 488b | ea4c 8944 | 2408 4c89 | 4424 10ba | 45ff ffff 

  0x00000184adc1a520: ;   {runtime_call UncommonTrapBlob}
  0x00000184adc1a520: 6666 90e8 

  0x00000184adc1a524: ; ImmutableOopMap {rbp=Oop [8]=Oop [16]=Oop }
                      ;*ifnonnull {reexecute=1 rethrow=0 return_oop=0}
                      ; - (reexecute) java.util.Objects::requireNonNull@1 (line 207)
                      ; - java.util.Optional::map@1 (line 256)
  0x00000184adc1a524: d87d 89ff | 488b d0eb | 0348 8bd0 | 4883 c430 

  0x00000184adc1a534: ;   {runtime_call _rethrow_Java}
  0x00000184adc1a534: 5de9 4670 

  0x00000184adc1a538: ;   {internal_word}
  0x00000184adc1a538: 94ff 49ba | e2a4 c1ad | 8401 0000 | 4d89 9760 

  0x00000184adc1a548: ;   {runtime_call SafepointBlob}
  0x00000184adc1a548: 0300 00e9 | b08e 89ff | f4f4 f4f4 | f4f4 f4f4 | f4f4 f4f4 | f4f4 f4f4 
[Exception Handler]
  0x00000184adc1a560: ;   {no_reloc}
  0x00000184adc1a560: e91b f793 | ffe8 0000 | 0000 4883 

  0x00000184adc1a56c: ;   {runtime_call DeoptimizationBlob}
  0x00000184adc1a56c: 2c24 05e9 | 2c81 89ff | f4f4 f4f4 
[/MachCode]


---------------  P R O C E S S  ---------------

Threads class SMR info:
_java_thread_list=0x0000018518cf9250, length=18, elements={
0x000001849ce6e260, 0x00000184c8aa76b0, 0x00000184c8aa9190, 0x00000184c8abe840,
0x00000184c8abf110, 0x00000184c8ac2a00, 0x00000184c8ac32d0, 0x00000184c8ac62f0,
0x00000184c8ac6c00, 0x00000184c8ac7510, 0x00000184cb4c4700, 0x00000184cb544bf0,
0x00000184cb5c7140, 0x00000184cbb62e20, 0x0000018511bdd580, 0x0000018514e7b750,
0x0000018513f496b0, 0x00000185159c8c30
}

Java Threads: ( => current thread )
=>0x000001849ce6e260 JavaThread "Render thread" [_thread_in_native, id=1884, stack(0x0000007ec5b00000,0x0000007ec5c00000)]
  0x00000184c8aa76b0 JavaThread "Reference Handler" daemon [_thread_blocked, id=5772, stack(0x0000007ec6200000,0x0000007ec6300000)]
  0x00000184c8aa9190 JavaThread "Finalizer" daemon [_thread_blocked, id=1872, stack(0x0000007ec6300000,0x0000007ec6400000)]
  0x00000184c8abe840 JavaThread "Signal Dispatcher" daemon [_thread_blocked, id=8696, stack(0x0000007ec6400000,0x0000007ec6500000)]
  0x00000184c8abf110 JavaThread "Attach Listener" daemon [_thread_blocked, id=8284, stack(0x0000007ec6500000,0x0000007ec6600000)]
  0x00000184c8ac2a00 JavaThread "Service Thread" daemon [_thread_blocked, id=14036, stack(0x0000007ec6600000,0x0000007ec6700000)]
  0x00000184c8ac32d0 JavaThread "Monitor Deflation Thread" daemon [_thread_blocked, id=13516, stack(0x0000007ec6700000,0x0000007ec6800000)]
  0x00000184c8ac62f0 JavaThread "C2 CompilerThread0" daemon [_thread_blocked, id=6772, stack(0x0000007ec6800000,0x0000007ec6900000)]
  0x00000184c8ac6c00 JavaThread "C1 CompilerThread0" daemon [_thread_blocked, id=14896, stack(0x0000007ec6900000,0x0000007ec6a00000)]
  0x00000184c8ac7510 JavaThread "Sweeper thread" daemon [_thread_blocked, id=12664, stack(0x0000007ec6a00000,0x0000007ec6b00000)]
  0x00000184cb4c4700 JavaThread "Common-Cleaner" daemon [_thread_blocked, id=10200, stack(0x0000007ec6b00000,0x0000007ec6c00000)]
  0x00000184cb544bf0 JavaThread "C2 CompilerThread1" daemon [_thread_in_native, id=10736, stack(0x0000007ec6c00000,0x0000007ec6d00000)]
  0x00000184cb5c7140 JavaThread "Notification Thread" daemon [_thread_blocked, id=16124, stack(0x0000007ec6d00000,0x0000007ec6e00000)]
  0x00000184cbb62e20 JavaThread "C2 CompilerThread2" daemon [_thread_in_native, id=2376, stack(0x0000007ec7600000,0x0000007ec7700000)]
  0x0000018511bdd580 JavaThread "Thread-0" daemon [_thread_blocked, id=8592, stack(0x0000007ec7700000,0x0000007ec7800000)]
  0x0000018514e7b750 JavaThread "FileSystemWatchService" daemon [_thread_in_native, id=4324, stack(0x0000007ec7800000,0x0000007ec7900000)]
  0x0000018513f496b0 JavaThread "pool-2-thread-1" daemon [_thread_blocked, id=14308, stack(0x0000007ec7a00000,0x0000007ec7b00000)]
  0x00000185159c8c30 JavaThread "Timer hack thread" daemon [_thread_blocked, id=15348, stack(0x0000007ec7e00000,0x0000007ec7f00000)]

Other Threads:
  0x00000184c8a9eb70 VMThread "VM Thread" [stack: 0x0000007ec6100000,0x0000007ec6200000] [id=14408]
  0x000001849cebaf80 WatcherThread [stack: 0x0000007ec6e00000,0x0000007ec6f00000] [id=868]
  0x000001849cf66920 GCTaskThread "GC Thread#0" [stack: 0x0000007ec5c00000,0x0000007ec5d00000] [id=6628]
  0x00000184cbdbd3d0 GCTaskThread "GC Thread#1" [stack: 0x0000007ec6f00000,0x0000007ec7000000] [id=12672]
  0x00000184cbf1aef0 GCTaskThread "GC Thread#2" [stack: 0x0000007ec7000000,0x0000007ec7100000] [id=13280]
  0x00000184cbf1b1b0 GCTaskThread "GC Thread#3" [stack: 0x0000007ec7100000,0x0000007ec7200000] [id=12912]
  0x00000184cbf1b470 GCTaskThread "GC Thread#4" [stack: 0x0000007ec7200000,0x0000007ec7300000] [id=11420]
  0x00000184cbf1b730 GCTaskThread "GC Thread#5" [stack: 0x0000007ec7300000,0x0000007ec7400000] [id=15944]
  0x00000184cbf1b9f0 GCTaskThread "GC Thread#6" [stack: 0x0000007ec7400000,0x0000007ec7500000] [id=8628]
  0x00000184cbdc0c80 GCTaskThread "GC Thread#7" [stack: 0x0000007ec7500000,0x0000007ec7600000] [id=8768]
  0x00000184c88dc200 ConcurrentGCThread "G1 Main Marker" [stack: 0x0000007ec5d00000,0x0000007ec5e00000] [id=11428]
  0x00000184c88dcb20 ConcurrentGCThread "G1 Conc#0" [stack: 0x0000007ec5e00000,0x0000007ec5f00000] [id=12784]
  0x00000185135fdd40 ConcurrentGCThread "G1 Conc#1" [stack: 0x0000007ec7900000,0x0000007ec7a00000] [id=11704]
  0x00000184c89dea20 ConcurrentGCThread "G1 Refine#0" [stack: 0x0000007ec5f00000,0x0000007ec6000000] [id=13052]
  0x0000018514d94030 ConcurrentGCThread "G1 Refine#1" [stack: 0x0000007ec7f00000,0x0000007ec8000000] [id=7044]
  0x00000185114ea450 ConcurrentGCThread "G1 Refine#2" [stack: 0x0000007ec8000000,0x0000007ec8100000] [id=2920]
  0x0000018513c6daf0 ConcurrentGCThread "G1 Refine#3" [stack: 0x0000007ec8100000,0x0000007ec8200000] [id=6192]
  0x00000184c89df360 ConcurrentGCThread "G1 Service" [stack: 0x0000007ec6000000,0x0000007ec6100000] [id=9000]

Threads with active compile tasks:
C2 CompilerThread1     8771 10609       4       org.objectweb.asm.MethodWriter::putMethodInfo (1274 bytes)
C2 CompilerThread2     8771 10587       4       org.objectweb.asm.ClassReader::readCode (5109 bytes)

VM state: not at safepoint (normal execution)

VM Mutex/Monitor currently owned by a thread: None

Heap address: 0x0000000602400000, size: 8156 MB, Compressed Oops mode: Zero based, Oop shift amount: 3

CDS archive(s) mapped at: [0x00000184cc000000-0x00000184ccbd0000-0x00000184ccbd0000), size 12386304, SharedBaseAddress: 0x00000184cc000000, ArchiveRelocationMode: 1.
Compressed class space mapped at: 0x00000184cd000000-0x000001850d000000, reserved size: 1073741824
Narrow klass base: 0x00000184cc000000, Narrow klass shift: 0, Narrow klass range: 0x100000000

GC Precious Log:
 CPUs: 8 total, 8 available
 Memory: 32616M
 Large Page Support: Disabled
 NUMA Support: Disabled
 Compressed Oops: Enabled (Zero based)
 Heap Region Size: 4M
 Heap Min Capacity: 8M
 Heap Initial Capacity: 512M
 Heap Max Capacity: 8156M
 Pre-touch: Disabled
 Parallel Workers: 8
 Concurrent Workers: 2
 Concurrent Refinement Workers: 8
 Periodic GC: Disabled

Heap:
 garbage-first heap   total 512000K, used 199114K [0x0000000602400000, 0x0000000800000000)
  region size 4096K, 10 young (40960K), 4 survivors (16384K)
 Metaspace       used 67683K, committed 68864K, reserved 1114112K
  class space    used 10177K, committed 10688K, reserved 1048576K

Heap Regions: E=young(eden), S=young(survivor), O=old, HS=humongous(starts), HC=humongous(continues), CS=collection set, F=free, OA=open archive, CA=closed archive, TAMS=top-at-mark-start (previous, next)
|   0|0x0000000602400000, 0x0000000602800000, 0x0000000602800000|100%| O|  |TAMS 0x0000000602800000, 0x0000000602400000| Untracked 
|   1|0x0000000602800000, 0x0000000602c00000, 0x0000000602c00000|100%| O|  |TAMS 0x0000000602c00000, 0x0000000602800000| Untracked 
|   2|0x0000000602c00000, 0x0000000603000000, 0x0000000603000000|100%| O|  |TAMS 0x0000000603000000, 0x0000000602c00000| Untracked 
|   3|0x0000000603000000, 0x0000000603400000, 0x0000000603400000|100%| O|  |TAMS 0x0000000603400000, 0x0000000603000000| Untracked 
|   4|0x0000000603400000, 0x0000000603406a00, 0x0000000603800000|  0%| O|  |TAMS 0x0000000603406a00, 0x0000000603400000| Untracked 
|   5|0x0000000603800000, 0x0000000603c00000, 0x0000000603c00000|100%| O|  |TAMS 0x0000000603c00000, 0x0000000603800000| Untracked 
|   6|0x0000000603c00000, 0x0000000604000000, 0x0000000604000000|100%| O|  |TAMS 0x0000000604000000, 0x0000000603c00000| Untracked 
|   7|0x0000000604000000, 0x0000000604400000, 0x0000000604400000|100%| O|  |TAMS 0x0000000604400000, 0x0000000604000000| Untracked 
|   8|0x0000000604400000, 0x0000000604800000, 0x0000000604800000|100%| O|  |TAMS 0x0000000604800000, 0x0000000604400000| Untracked 
|   9|0x0000000604800000, 0x0000000604c00000, 0x0000000604c00000|100%| O|  |TAMS 0x0000000604c00000, 0x0000000604800000| Untracked 
|  10|0x0000000604c00000, 0x0000000605000000, 0x0000000605000000|100%| O|  |TAMS 0x0000000605000000, 0x0000000604c00000| Untracked 
|  11|0x0000000605000000, 0x0000000605400000, 0x0000000605400000|100%| O|  |TAMS 0x0000000605400000, 0x0000000605000000| Untracked 
|  12|0x0000000605400000, 0x0000000605800000, 0x0000000605800000|100%| O|  |TAMS 0x0000000605800000, 0x0000000605400000| Untracked 
|  13|0x0000000605800000, 0x0000000605c00000, 0x0000000605c00000|100%| O|  |TAMS 0x0000000605c00000, 0x0000000605800000| Untracked 
|  14|0x0000000605c00000, 0x0000000606000000, 0x0000000606000000|100%| O|  |TAMS 0x0000000606000000, 0x0000000605c00000| Untracked 
|  15|0x0000000606000000, 0x0000000606400000, 0x0000000606400000|100%| O|  |TAMS 0x0000000606400000, 0x0000000606000000| Untracked 
|  16|0x0000000606400000, 0x0000000606800000, 0x0000000606800000|100%|HS|  |TAMS 0x0000000606800000, 0x0000000606400000| Complete 
|  17|0x0000000606800000, 0x0000000606c00000, 0x0000000606c00000|100%|HC|  |TAMS 0x0000000606c00000, 0x0000000606800000| Complete 
|  18|0x0000000606c00000, 0x0000000607000000, 0x0000000607000000|100%|HC|  |TAMS 0x0000000607000000, 0x0000000606c00000| Complete 
|  19|0x0000000607000000, 0x0000000607400000, 0x0000000607400000|100%| O|  |TAMS 0x0000000607000000, 0x0000000607000000| Untracked 
|  20|0x0000000607400000, 0x0000000607800000, 0x0000000607800000|100%| O|  |TAMS 0x0000000607800000, 0x0000000607400000| Untracked 
|  21|0x0000000607800000, 0x0000000607c00000, 0x0000000607c00000|100%| O|  |TAMS 0x0000000607c00000, 0x0000000607800000| Untracked 
|  22|0x0000000607c00000, 0x0000000608000000, 0x0000000608000000|100%| O|  |TAMS 0x0000000607c00000, 0x0000000607c00000| Untracked 
|  23|0x0000000608000000, 0x0000000608400000, 0x0000000608400000|100%| O|  |TAMS 0x0000000608000000, 0x0000000608000000| Untracked 
|  24|0x0000000608400000, 0x0000000608800000, 0x0000000608800000|100%| O|  |TAMS 0x0000000608400000, 0x0000000608400000| Untracked 
|  25|0x0000000608800000, 0x0000000608c00000, 0x0000000608c00000|100%| O|  |TAMS 0x0000000608800000, 0x0000000608800000| Untracked 
|  26|0x0000000608c00000, 0x0000000609000000, 0x0000000609000000|100%| O|  |TAMS 0x0000000608c00000, 0x0000000608c00000| Untracked 
|  27|0x0000000609000000, 0x0000000609400000, 0x0000000609400000|100%| O|  |TAMS 0x0000000609000000, 0x0000000609000000| Untracked 
|  28|0x0000000609400000, 0x0000000609800000, 0x0000000609800000|100%| O|  |TAMS 0x0000000609400000, 0x0000000609400000| Untracked 
|  29|0x0000000609800000, 0x0000000609c00000, 0x0000000609c00000|100%| O|  |TAMS 0x0000000609800000, 0x0000000609800000| Untracked 
|  30|0x0000000609c00000, 0x000000060a000000, 0x000000060a000000|100%| O|  |TAMS 0x0000000609c00000, 0x0000000609c00000| Untracked 
|  31|0x000000060a000000, 0x000000060a400000, 0x000000060a400000|100%| O|  |TAMS 0x000000060a000000, 0x000000060a000000| Untracked 
|  32|0x000000060a400000, 0x000000060a800000, 0x000000060a800000|100%| O|  |TAMS 0x000000060a400000, 0x000000060a400000| Untracked 
|  33|0x000000060a800000, 0x000000060ac00000, 0x000000060ac00000|100%| O|  |TAMS 0x000000060a800000, 0x000000060a800000| Untracked 
|  34|0x000000060ac00000, 0x000000060b000000, 0x000000060b000000|100%| O|  |TAMS 0x000000060ac00000, 0x000000060ac00000| Untracked 
|  35|0x000000060b000000, 0x000000060b400000, 0x000000060b400000|100%| O|  |TAMS 0x000000060b000000, 0x000000060b000000| Untracked 
|  36|0x000000060b400000, 0x000000060b800000, 0x000000060b800000|100%| O|  |TAMS 0x000000060b400000, 0x000000060b400000| Untracked 
|  37|0x000000060b800000, 0x000000060bc00000, 0x000000060bc00000|100%| O|  |TAMS 0x000000060b800000, 0x000000060b800000| Untracked 
|  38|0x000000060bc00000, 0x000000060c000000, 0x000000060c000000|100%| O|  |TAMS 0x000000060bc00000, 0x000000060bc00000| Untracked 
|  39|0x000000060c000000, 0x000000060c400000, 0x000000060c400000|100%| O|  |TAMS 0x000000060c000000, 0x000000060c000000| Untracked 
|  40|0x000000060c400000, 0x000000060c400000, 0x000000060c800000|  0%| F|  |TAMS 0x000000060c400000, 0x000000060c400000| Untracked 
|  41|0x000000060c800000, 0x000000060c800000, 0x000000060cc00000|  0%| F|  |TAMS 0x000000060c800000, 0x000000060c800000| Untracked 
|  42|0x000000060cc00000, 0x000000060d000000, 0x000000060d000000|100%| O|  |TAMS 0x000000060cc00000, 0x000000060cc00000| Untracked 
|  43|0x000000060d000000, 0x000000060d000000, 0x000000060d400000|  0%| F|  |TAMS 0x000000060d000000, 0x000000060d000000| Untracked 
|  44|0x000000060d400000, 0x000000060d400000, 0x000000060d800000|  0%| F|  |TAMS 0x000000060d400000, 0x000000060d400000| Untracked 
|  45|0x000000060d800000, 0x000000060d800000, 0x000000060dc00000|  0%| F|  |TAMS 0x000000060d800000, 0x000000060d800000| Untracked 
|  46|0x000000060dc00000, 0x000000060dc00000, 0x000000060e000000|  0%| F|  |TAMS 0x000000060dc00000, 0x000000060dc00000| Untracked 
|  47|0x000000060e000000, 0x000000060e000000, 0x000000060e400000|  0%| F|  |TAMS 0x000000060e000000, 0x000000060e000000| Untracked 
|  48|0x000000060e400000, 0x000000060e400000, 0x000000060e800000|  0%| F|  |TAMS 0x000000060e400000, 0x000000060e400000| Untracked 
|  49|0x000000060e800000, 0x000000060e800000, 0x000000060ec00000|  0%| F|  |TAMS 0x000000060e800000, 0x000000060e800000| Untracked 
|  50|0x000000060ec00000, 0x000000060ec00000, 0x000000060f000000|  0%| F|  |TAMS 0x000000060ec00000, 0x000000060ec00000| Untracked 
|  51|0x000000060f000000, 0x000000060f000000, 0x000000060f400000|  0%| F|  |TAMS 0x000000060f000000, 0x000000060f000000| Untracked 
|  52|0x000000060f400000, 0x000000060f400000, 0x000000060f800000|  0%| F|  |TAMS 0x000000060f400000, 0x000000060f400000| Untracked 
|  53|0x000000060f800000, 0x000000060f800000, 0x000000060fc00000|  0%| F|  |TAMS 0x000000060f800000, 0x000000060f800000| Untracked 
|  54|0x000000060fc00000, 0x000000060fc00000, 0x0000000610000000|  0%| F|  |TAMS 0x000000060fc00000, 0x000000060fc00000| Untracked 
|  55|0x0000000610000000, 0x0000000610000000, 0x0000000610400000|  0%| F|  |TAMS 0x0000000610000000, 0x0000000610000000| Untracked 
|  56|0x0000000610400000, 0x0000000610400000, 0x0000000610800000|  0%| F|  |TAMS 0x0000000610400000, 0x0000000610400000| Untracked 
|  57|0x0000000610800000, 0x0000000610800000, 0x0000000610c00000|  0%| F|  |TAMS 0x0000000610800000, 0x0000000610800000| Untracked 
|  58|0x0000000610c00000, 0x0000000610c00000, 0x0000000611000000|  0%| F|  |TAMS 0x0000000610c00000, 0x0000000610c00000| Untracked 
|  59|0x0000000611000000, 0x0000000611000000, 0x0000000611400000|  0%| F|  |TAMS 0x0000000611000000, 0x0000000611000000| Untracked 
|  60|0x0000000611400000, 0x0000000611400000, 0x0000000611800000|  0%| F|  |TAMS 0x0000000611400000, 0x0000000611400000| Untracked 
|  61|0x0000000611800000, 0x0000000611800000, 0x0000000611c00000|  0%| F|  |TAMS 0x0000000611800000, 0x0000000611800000| Untracked 
|  62|0x0000000611c00000, 0x0000000611c00000, 0x0000000612000000|  0%| F|  |TAMS 0x0000000611c00000, 0x0000000611c00000| Untracked 
|  63|0x0000000612000000, 0x0000000612000000, 0x0000000612400000|  0%| F|  |TAMS 0x0000000612000000, 0x0000000612000000| Untracked 
|  64|0x0000000612400000, 0x0000000612400000, 0x0000000612800000|  0%| F|  |TAMS 0x0000000612400000, 0x0000000612400000| Untracked 
|  65|0x0000000612800000, 0x0000000612800000, 0x0000000612c00000|  0%| F|  |TAMS 0x0000000612800000, 0x0000000612800000| Untracked 
|  66|0x0000000612c00000, 0x0000000612e6c020, 0x0000000613000000| 60%| S|CS|TAMS 0x0000000612c00000, 0x0000000612c00000| Complete 
|  67|0x0000000613000000, 0x0000000613400000, 0x0000000613400000|100%| S|CS|TAMS 0x0000000613000000, 0x0000000613000000| Complete 
|  68|0x0000000613400000, 0x0000000613800000, 0x0000000613800000|100%| S|CS|TAMS 0x0000000613400000, 0x0000000613400000| Complete 
|  69|0x0000000613800000, 0x0000000613c00000, 0x0000000613c00000|100%| S|CS|TAMS 0x0000000613800000, 0x0000000613800000| Complete 
|  70|0x0000000613c00000, 0x0000000613c00000, 0x0000000614000000|  0%| F|  |TAMS 0x0000000613c00000, 0x0000000613c00000| Untracked 
|  71|0x0000000614000000, 0x0000000614000000, 0x0000000614400000|  0%| F|  |TAMS 0x0000000614000000, 0x0000000614000000| Untracked 
|  72|0x0000000614400000, 0x0000000614400000, 0x0000000614800000|  0%| F|  |TAMS 0x0000000614400000, 0x0000000614400000| Untracked 
|  73|0x0000000614800000, 0x0000000614800000, 0x0000000614c00000|  0%| F|  |TAMS 0x0000000614800000, 0x0000000614800000| Untracked 
|  74|0x0000000614c00000, 0x0000000614c00000, 0x0000000615000000|  0%| F|  |TAMS 0x0000000614c00000, 0x0000000614c00000| Untracked 
|  75|0x0000000615000000, 0x0000000615000000, 0x0000000615400000|  0%| F|  |TAMS 0x0000000615000000, 0x0000000615000000| Untracked 
|  76|0x0000000615400000, 0x0000000615400000, 0x0000000615800000|  0%| F|  |TAMS 0x0000000615400000, 0x0000000615400000| Untracked 
|  77|0x0000000615800000, 0x0000000615800000, 0x0000000615c00000|  0%| F|  |TAMS 0x0000000615800000, 0x0000000615800000| Untracked 
|  78|0x0000000615c00000, 0x0000000615c00000, 0x0000000616000000|  0%| F|  |TAMS 0x0000000615c00000, 0x0000000615c00000| Untracked 
|  79|0x0000000616000000, 0x0000000616000000, 0x0000000616400000|  0%| F|  |TAMS 0x0000000616000000, 0x0000000616000000| Untracked 
|  80|0x0000000616400000, 0x0000000616400000, 0x0000000616800000|  0%| F|  |TAMS 0x0000000616400000, 0x0000000616400000| Untracked 
|  81|0x0000000616800000, 0x0000000616800000, 0x0000000616c00000|  0%| F|  |TAMS 0x0000000616800000, 0x0000000616800000| Untracked 
|  82|0x0000000616c00000, 0x0000000616c00000, 0x0000000617000000|  0%| F|  |TAMS 0x0000000616c00000, 0x0000000616c00000| Untracked 
|  83|0x0000000617000000, 0x0000000617000000, 0x0000000617400000|  0%| F|  |TAMS 0x0000000617000000, 0x0000000617000000| Untracked 
|  84|0x0000000617400000, 0x0000000617400000, 0x0000000617800000|  0%| F|  |TAMS 0x0000000617400000, 0x0000000617400000| Untracked 
|  85|0x0000000617800000, 0x0000000617800000, 0x0000000617c00000|  0%| F|  |TAMS 0x0000000617800000, 0x0000000617800000| Untracked 
|  86|0x0000000617c00000, 0x0000000617c00000, 0x0000000618000000|  0%| F|  |TAMS 0x0000000617c00000, 0x0000000617c00000| Untracked 
|  87|0x0000000618000000, 0x0000000618000000, 0x0000000618400000|  0%| F|  |TAMS 0x0000000618000000, 0x0000000618000000| Untracked 
|  88|0x0000000618400000, 0x0000000618400000, 0x0000000618800000|  0%| F|  |TAMS 0x0000000618400000, 0x0000000618400000| Untracked 
|  89|0x0000000618800000, 0x0000000618800000, 0x0000000618c00000|  0%| F|  |TAMS 0x0000000618800000, 0x0000000618800000| Untracked 
|  90|0x0000000618c00000, 0x0000000618c00000, 0x0000000619000000|  0%| F|  |TAMS 0x0000000618c00000, 0x0000000618c00000| Untracked 
|  91|0x0000000619000000, 0x0000000619000000, 0x0000000619400000|  0%| F|  |TAMS 0x0000000619000000, 0x0000000619000000| Untracked 
|  92|0x0000000619400000, 0x0000000619400000, 0x0000000619800000|  0%| F|  |TAMS 0x0000000619400000, 0x0000000619400000| Untracked 
|  93|0x0000000619800000, 0x0000000619800000, 0x0000000619c00000|  0%| F|  |TAMS 0x0000000619800000, 0x0000000619800000| Untracked 
|  94|0x0000000619c00000, 0x0000000619c00000, 0x000000061a000000|  0%| F|  |TAMS 0x0000000619c00000, 0x0000000619c00000| Untracked 
|  95|0x000000061a000000, 0x000000061a000000, 0x000000061a400000|  0%| F|  |TAMS 0x000000061a000000, 0x000000061a000000| Untracked 
|  96|0x000000061a400000, 0x000000061a400000, 0x000000061a800000|  0%| F|  |TAMS 0x000000061a400000, 0x000000061a400000| Untracked 
|  97|0x000000061a800000, 0x000000061a800000, 0x000000061ac00000|  0%| F|  |TAMS 0x000000061a800000, 0x000000061a800000| Untracked 
|  98|0x000000061ac00000, 0x000000061ac00000, 0x000000061b000000|  0%| F|  |TAMS 0x000000061ac00000, 0x000000061ac00000| Untracked 
|  99|0x000000061b000000, 0x000000061b000000, 0x000000061b400000|  0%| F|  |TAMS 0x000000061b000000, 0x000000061b000000| Untracked 
| 100|0x000000061b400000, 0x000000061b400000, 0x000000061b800000|  0%| F|  |TAMS 0x000000061b400000, 0x000000061b400000| Untracked 
| 101|0x000000061b800000, 0x000000061b800000, 0x000000061bc00000|  0%| F|  |TAMS 0x000000061b800000, 0x000000061b800000| Untracked 
| 102|0x000000061bc00000, 0x000000061bc00000, 0x000000061c000000|  0%| F|  |TAMS 0x000000061bc00000, 0x000000061bc00000| Untracked 
| 103|0x000000061c000000, 0x000000061c000000, 0x000000061c400000|  0%| F|  |TAMS 0x000000061c000000, 0x000000061c000000| Untracked 
| 104|0x000000061c400000, 0x000000061c400000, 0x000000061c800000|  0%| F|  |TAMS 0x000000061c400000, 0x000000061c400000| Untracked 
| 105|0x000000061c800000, 0x000000061c800000, 0x000000061cc00000|  0%| F|  |TAMS 0x000000061c800000, 0x000000061c800000| Untracked 
| 106|0x000000061cc00000, 0x000000061cc00000, 0x000000061d000000|  0%| F|  |TAMS 0x000000061cc00000, 0x000000061cc00000| Untracked 
| 107|0x000000061d000000, 0x000000061d000000, 0x000000061d400000|  0%| F|  |TAMS 0x000000061d000000, 0x000000061d000000| Untracked 
| 108|0x000000061d400000, 0x000000061d400000, 0x000000061d800000|  0%| F|  |TAMS 0x000000061d400000, 0x000000061d400000| Untracked 
| 109|0x000000061d800000, 0x000000061d800000, 0x000000061dc00000|  0%| F|  |TAMS 0x000000061d800000, 0x000000061d800000| Untracked 
| 110|0x000000061dc00000, 0x000000061dc00000, 0x000000061e000000|  0%| F|  |TAMS 0x000000061dc00000, 0x000000061dc00000| Untracked 
| 111|0x000000061e000000, 0x000000061e000000, 0x000000061e400000|  0%| F|  |TAMS 0x000000061e000000, 0x000000061e000000| Untracked 
| 112|0x000000061e400000, 0x000000061e400000, 0x000000061e800000|  0%| F|  |TAMS 0x000000061e400000, 0x000000061e400000| Untracked 
| 113|0x000000061e800000, 0x000000061e800000, 0x000000061ec00000|  0%| F|  |TAMS 0x000000061e800000, 0x000000061e800000| Untracked 
| 114|0x000000061ec00000, 0x000000061ec00000, 0x000000061f000000|  0%| F|  |TAMS 0x000000061ec00000, 0x000000061ec00000| Untracked 
| 115|0x000000061f000000, 0x000000061f000000, 0x000000061f400000|  0%| F|  |TAMS 0x000000061f000000, 0x000000061f000000| Untracked 
| 116|0x000000061f400000, 0x000000061f400000, 0x000000061f800000|  0%| F|  |TAMS 0x000000061f400000, 0x000000061f400000| Untracked 
| 117|0x000000061f800000, 0x000000061f800000, 0x000000061fc00000|  0%| F|  |TAMS 0x000000061f800000, 0x000000061f800000| Untracked 
| 118|0x000000061fc00000, 0x000000061fc00000, 0x0000000620000000|  0%| F|  |TAMS 0x000000061fc00000, 0x000000061fc00000| Untracked 
| 119|0x0000000620000000, 0x00000006203d0b68, 0x0000000620400000| 95%| E|  |TAMS 0x0000000620000000, 0x0000000620000000| Complete 
| 120|0x0000000620400000, 0x0000000620800000, 0x0000000620800000|100%| E|CS|TAMS 0x0000000620400000, 0x0000000620400000| Complete 
| 121|0x0000000620800000, 0x0000000620c00000, 0x0000000620c00000|100%| E|CS|TAMS 0x0000000620800000, 0x0000000620800000| Complete 
| 122|0x0000000620c00000, 0x0000000621000000, 0x0000000621000000|100%| E|CS|TAMS 0x0000000620c00000, 0x0000000620c00000| Complete 
| 123|0x0000000621000000, 0x0000000621400000, 0x0000000621400000|100%| E|CS|TAMS 0x0000000621000000, 0x0000000621000000| Complete 
| 127|0x0000000622000000, 0x0000000622400000, 0x0000000622400000|100%| E|CS|TAMS 0x0000000622000000, 0x0000000622000000| Complete 

Card table byte_map: [0x00000184b6980000,0x00000184b7970000] _byte_map_base: 0x00000184b396e000

Marking Bits (Prev, Next): (CMBitMap*) 0x000001849cf66e90, (CMBitMap*) 0x000001849cf66e50
 Prev Bits: [0x00000184c08d0000, 0x00000184c8840000)
 Next Bits: [0x00000184b8960000, 0x00000184c08d0000)

Polling page: 0x000001849cd60000

Metaspace:

Usage:
  Non-class:     56.16 MB used.
      Class:      9.94 MB used.
       Both:     66.10 MB used.

Virtual space:
  Non-class space:       64.00 MB reserved,      56.81 MB ( 89%) committed,  1 nodes.
      Class space:        1.00 GB reserved,      10.44 MB (  1%) committed,  1 nodes.
             Both:        1.06 GB reserved,      67.25 MB (  6%) committed. 

Chunk freelists:
   Non-Class:  6.54 MB
       Class:  5.53 MB
        Both:  12.07 MB

MaxMetaspaceSize: unlimited
CompressedClassSpaceSize: 1.00 GB
Initial GC threshold: 21.00 MB
Current GC threshold: 73.75 MB
CDS: on
MetaspaceReclaimPolicy: balanced
 - commit_granule_bytes: 65536.
 - commit_granule_words: 8192.
 - virtual_space_node_default_size: 8388608.
 - enlarge_chunks_in_place: 1.
 - new_chunks_are_fully_committed: 0.
 - uncommit_free_chunks: 1.
 - use_allocation_guard: 0.
 - handle_deallocations: 1.


Internal statistics:

num_allocs_failed_limit: 9.
num_arena_births: 1720.
num_arena_deaths: 0.
num_vsnodes_births: 2.
num_vsnodes_deaths: 0.
num_space_committed: 1073.
num_space_uncommitted: 0.
num_chunks_returned_to_freelist: 9.
num_chunks_taken_from_freelist: 4512.
num_chunk_merges: 9.
num_chunk_splits: 2925.
num_chunks_enlarged: 1977.
num_inconsistent_stats: 0.

CodeHeap 'non-profiled nmethods': size=120000Kb used=6976Kb max_used=6976Kb free=113023Kb
 bounds [0x00000184ada00000, 0x00000184ae0e0000, 0x00000184b4f30000]
CodeHeap 'profiled nmethods': size=120000Kb used=12682Kb max_used=14357Kb free=107317Kb
 bounds [0x00000184a5f30000, 0x00000184a6d40000, 0x00000184ad460000]
CodeHeap 'non-nmethods': size=5760Kb used=1957Kb max_used=2057Kb free=3802Kb
 bounds [0x00000184ad460000, 0x00000184ad6d0000, 0x00000184ada00000]
 total_blobs=9250 nmethods=7770 adapters=1392
 compilation: enabled
              stopped_count=0, restarted_count=0
 full_count=0

Compilation events (20 events):
Event: 8.670 Thread 0x00000184c8ac6c00 nmethod 10602 0x00000184a6b88390 code [0x00000184a6b88540, 0x00000184a6b886e8]
Event: 8.673 Thread 0x00000184cb544bf0 nmethod 10600 0x00000184ae0c0d10 code [0x00000184ae0c0f20, 0x00000184ae0c2590]
Event: 8.673 Thread 0x00000184cb544bf0 10604       4       org.objectweb.asm.ClassWriter::visitMethod (57 bytes)
Event: 8.676 Thread 0x00000184c8ac62f0 nmethod 10584 0x00000184ae0c3510 code [0x00000184ae0c3920, 0x00000184ae0c65b0]
Event: 8.676 Thread 0x00000184c8ac62f0 10601   !   4       java.nio.file.spi.FileSystemProvider::installedProviders (88 bytes)
Event: 8.676 Thread 0x00000184c8ac62f0 nmethod 10601 0x00000184ae0c8a90 code [0x00000184ae0c8c00, 0x00000184ae0c8c98]
Event: 8.691 Thread 0x00000184c8ac62f0 10607       4       org.objectweb.asm.MethodWriter::<init> (232 bytes)
Event: 8.691 Thread 0x00000184c8ac6c00 10610       3       sun.misc.Unsafe::getInt (9 bytes)
Event: 8.691 Thread 0x00000184c8ac6c00 nmethod 10610 0x00000184a6aac690 code [0x00000184a6aac820, 0x00000184a6aac938]
Event: 8.691 Thread 0x00000184c8ac6c00 10611       3       org.lwjgl.system.CustomBuffer::address (19 bytes)
Event: 8.691 Thread 0x00000184c8ac6c00 nmethod 10611 0x00000184a6b7ee10 code [0x00000184a6b7efc0, 0x00000184a6b7f228]
Event: 8.691 Thread 0x00000184c8ac6c00 10612       3       org.lwjgl.system.StructBuffer::sizeof (8 bytes)
Event: 8.691 Thread 0x00000184c8ac6c00 nmethod 10612 0x00000184a6bf8890 code [0x00000184a6bf8a40, 0x00000184a6bf8c98]
Event: 8.695 Thread 0x00000184cb544bf0 nmethod 10604 0x00000184ae0c8d90 code [0x00000184ae0c9000, 0x00000184ae0cab00]
Event: 8.695 Thread 0x00000184cb544bf0 10609       4       org.objectweb.asm.MethodWriter::putMethodInfo (1274 bytes)
Event: 8.708 Thread 0x00000184c8ac62f0 nmethod 10607 0x00000184ae0cbf10 code [0x00000184ae0cc160, 0x00000184ae0cd960]
Event: 8.708 Thread 0x00000184c8ac62f0 10615       4       sun.invoke.util.VerifyType::isNullConversion (157 bytes)
Event: 8.711 Thread 0x00000184c8ac62f0 nmethod 10615 0x00000184ae0ce390 code [0x00000184ae0ce560, 0x00000184ae0ce930]
Event: 8.711 Thread 0x00000184c8ac62f0 10608       4       org.objectweb.asm.MethodWriter::computeMethodInfoSize (571 bytes)
Event: 8.717 Thread 0x00000184c8ac62f0 nmethod 10608 0x00000184ae0cec90 code [0x00000184ae0cef00, 0x00000184ae0cf988]

GC Heap History (20 events):
Event: 3.256 GC heap before
{Heap before GC invocations=8 (full 0):
 garbage-first heap   total 204800K, used 143004K [0x0000000602400000, 0x0000000800000000)
  region size 4096K, 19 young (77824K), 1 survivors (4096K)
 Metaspace       used 27136K, committed 27904K, reserved 1114112K
  class space    used 3360K, committed 3712K, reserved 1048576K
}
Event: 3.259 GC heap after
{Heap after GC invocations=9 (full 0):
 garbage-first heap   total 204800K, used 67873K [0x0000000602400000, 0x0000000800000000)
  region size 4096K, 1 young (4096K), 1 survivors (4096K)
 Metaspace       used 27136K, committed 27904K, reserved 1114112K
  class space    used 3360K, committed 3712K, reserved 1048576K
}
Event: 3.325 GC heap before
{Heap before GC invocations=9 (full 0):
 garbage-first heap   total 204800K, used 145697K [0x0000000602400000, 0x0000000800000000)
  region size 4096K, 20 young (81920K), 1 survivors (4096K)
 Metaspace       used 27140K, committed 27904K, reserved 1114112K
  class space    used 3360K, committed 3712K, reserved 1048576K
}
Event: 3.327 GC heap after
{Heap after GC invocations=10 (full 0):
 garbage-first heap   total 397312K, used 68066K [0x0000000602400000, 0x0000000800000000)
  region size 4096K, 1 young (4096K), 1 survivors (4096K)
 Metaspace       used 27140K, committed 27904K, reserved 1114112K
  class space    used 3360K, committed 3712K, reserved 1048576K
}
Event: 3.641 GC heap before
{Heap before GC invocations=10 (full 0):
 garbage-first heap   total 397312K, used 301538K [0x0000000602400000, 0x0000000800000000)
  region size 4096K, 58 young (237568K), 1 survivors (4096K)
 Metaspace       used 27694K, committed 28544K, reserved 1114112K
  class space    used 3426K, committed 3776K, reserved 1048576K
}
Event: 3.644 GC heap after
{Heap after GC invocations=11 (full 0):
 garbage-first heap   total 397312K, used 72323K [0x0000000602400000, 0x0000000800000000)
  region size 4096K, 2 young (8192K), 2 survivors (8192K)
 Metaspace       used 27694K, committed 28544K, reserved 1114112K
  class space    used 3426K, committed 3776K, reserved 1048576K
}
Event: 3.893 GC heap before
{Heap before GC invocations=11 (full 0):
 garbage-first heap   total 397312K, used 301699K [0x0000000602400000, 0x0000000800000000)
  region size 4096K, 58 young (237568K), 2 survivors (8192K)
 Metaspace       used 28140K, committed 28992K, reserved 1114112K
  class space    used 3492K, committed 3904K, reserved 1048576K
}
Event: 3.899 GC heap after
{Heap after GC invocations=12 (full 0):
 garbage-first heap   total 397312K, used 80133K [0x0000000602400000, 0x0000000800000000)
  region size 4096K, 4 young (16384K), 4 survivors (16384K)
 Metaspace       used 28140K, committed 28992K, reserved 1114112K
  class space    used 3492K, committed 3904K, reserved 1048576K
}
Event: 4.228 GC heap before
{Heap before GC invocations=12 (full 0):
 garbage-first heap   total 397312K, used 313605K [0x0000000602400000, 0x0000000800000000)
  region size 4096K, 58 young (237568K), 4 survivors (16384K)
 Metaspace       used 30928K, committed 31808K, reserved 1114112K
  class space    used 3853K, committed 4224K, reserved 1048576K
}
Event: 4.234 GC heap after
{Heap after GC invocations=13 (full 0):
 garbage-first heap   total 397312K, used 98237K [0x0000000602400000, 0x0000000800000000)
  region size 4096K, 5 young (20480K), 5 survivors (20480K)
 Metaspace       used 30928K, committed 31808K, reserved 1114112K
  class space    used 3853K, committed 4224K, reserved 1048576K
}
Event: 5.301 GC heap before
{Heap before GC invocations=13 (full 0):
 garbage-first heap   total 397312K, used 249789K [0x0000000602400000, 0x0000000800000000)
  region size 4096K, 44 young (180224K), 5 survivors (20480K)
 Metaspace       used 35219K, committed 36096K, reserved 1114112K
  class space    used 4358K, committed 4736K, reserved 1048576K
}
Event: 5.307 GC heap after
{Heap after GC invocations=14 (full 0):
 garbage-first heap   total 397312K, used 104019K [0x0000000602400000, 0x0000000800000000)
  region size 4096K, 6 young (24576K), 6 survivors (24576K)
 Metaspace       used 35219K, committed 36096K, reserved 1114112K
  class space    used 4358K, committed 4736K, reserved 1048576K
}
Event: 6.138 GC heap before
{Heap before GC invocations=15 (full 0):
 garbage-first heap   total 397312K, used 317011K [0x0000000602400000, 0x0000000800000000)
  region size 4096K, 58 young (237568K), 6 survivors (24576K)
 Metaspace       used 44263K, committed 45248K, reserved 1114112K
  class space    used 5810K, committed 6272K, reserved 1048576K
}
Event: 6.149 GC heap after
{Heap after GC invocations=16 (full 0):
 garbage-first heap   total 397312K, used 117529K [0x0000000602400000, 0x0000000800000000)
  region size 4096K, 7 young (28672K), 7 survivors (28672K)
 Metaspace       used 44263K, committed 45248K, reserved 1114112K
  class space    used 5810K, committed 6272K, reserved 1048576K
}
Event: 6.463 GC heap before
{Heap before GC invocations=17 (full 0):
 garbage-first heap   total 397312K, used 314137K [0x0000000602400000, 0x0000000800000000)
  region size 4096K, 55 young (225280K), 7 survivors (28672K)
 Metaspace       used 45128K, committed 46144K, reserved 1114112K
  class space    used 5955K, committed 6400K, reserved 1048576K
}
Event: 6.478 GC heap after
{Heap after GC invocations=18 (full 0):
 garbage-first heap   total 397312K, used 137474K [0x0000000602400000, 0x0000000800000000)
  region size 4096K, 7 young (28672K), 7 survivors (28672K)
 Metaspace       used 45128K, committed 46144K, reserved 1114112K
  class space    used 5955K, committed 6400K, reserved 1048576K
}
Event: 7.227 GC heap before
{Heap before GC invocations=18 (full 0):
 garbage-first heap   total 397312K, used 313602K [0x0000000602400000, 0x0000000800000000)
  region size 4096K, 50 young (204800K), 7 survivors (28672K)
 Metaspace       used 54386K, committed 55488K, reserved 1114112K
  class space    used 7757K, committed 8256K, reserved 1048576K
}
Event: 7.245 GC heap after
{Heap after GC invocations=19 (full 0):
 garbage-first heap   total 512000K, used 164869K [0x0000000602400000, 0x0000000800000000)
  region size 4096K, 7 young (28672K), 7 survivors (28672K)
 Metaspace       used 54386K, committed 55488K, reserved 1114112K
  class space    used 7757K, committed 8256K, reserved 1048576K
}
Event: 8.440 GC heap before
{Heap before GC invocations=19 (full 0):
 garbage-first heap   total 512000K, used 390149K [0x0000000602400000, 0x0000000800000000)
  region size 4096K, 62 young (253952K), 7 survivors (28672K)
 Metaspace       used 66591K, committed 67776K, reserved 1114112K
  class space    used 9958K, committed 10432K, reserved 1048576K
}
Event: 8.450 GC heap after
{Heap after GC invocations=20 (full 0):
 garbage-first heap   total 512000K, used 178634K [0x0000000602400000, 0x0000000800000000)
  region size 4096K, 4 young (16384K), 4 survivors (16384K)
 Metaspace       used 66591K, committed 67776K, reserved 1114112K
  class space    used 9958K, committed 10432K, reserved 1048576K
}

Deoptimization events (20 events):
Event: 8.630 Thread 0x000001849ce6e260 DEOPT PACKING pc=0x00000184ade90dc0 sp=0x0000007ec5bfc840
Event: 8.630 Thread 0x000001849ce6e260 DEOPT UNPACKING pc=0x00000184ad4b23a3 sp=0x0000007ec5bfc7b8 mode 2
Event: 8.635 Thread 0x000001849ce6e260 DEOPT PACKING pc=0x00000184a6bd04d4 sp=0x0000007ec5bfdf20
Event: 8.635 Thread 0x000001849ce6e260 DEOPT UNPACKING pc=0x00000184ad4b2b43 sp=0x0000007ec5bfd3f8 mode 0
Event: 8.636 Thread 0x000001849ce6e260 Uncommon trap: trap_request=0xffffff76 fr.pc=0x00000184ae09253c relative=0x000000000000969c
Event: 8.636 Thread 0x000001849ce6e260 Uncommon trap: reason=predicate action=maybe_recompile pc=0x00000184ae09253c method=org.objectweb.asm.ClassReader.readCode(Lorg/objectweb/asm/MethodVisitor;Lorg/objectweb/asm/Context;I)V @ 1437 c2
Event: 8.636 Thread 0x000001849ce6e260 DEOPT PACKING pc=0x00000184ae09253c sp=0x0000007ec5bfd220
Event: 8.636 Thread 0x000001849ce6e260 DEOPT UNPACKING pc=0x00000184ad4b23a3 sp=0x0000007ec5bfd178 mode 2
Event: 8.637 Thread 0x000001849ce6e260 Uncommon trap: trap_request=0xffffff45 fr.pc=0x00000184ae0800ec relative=0x000000000000044c
Event: 8.637 Thread 0x000001849ce6e260 Uncommon trap: reason=unstable_if action=reinterpret pc=0x00000184ae0800ec method=com.google.gson.stream.JsonReader.doPeek()I @ 315 c2
Event: 8.637 Thread 0x000001849ce6e260 DEOPT PACKING pc=0x00000184ae0800ec sp=0x0000007ec5bfdfe0
Event: 8.637 Thread 0x000001849ce6e260 DEOPT UNPACKING pc=0x00000184ad4b23a3 sp=0x0000007ec5bfdf68 mode 2
Event: 8.644 Thread 0x000001849ce6e260 Uncommon trap: trap_request=0xffffffbe fr.pc=0x00000184add6b25c relative=0x000000000000453c
Event: 8.644 Thread 0x000001849ce6e260 Uncommon trap: reason=profile_predicate action=maybe_recompile pc=0x00000184add6b25c method=org.objectweb.asm.ClassReader.readCode(Lorg/objectweb/asm/MethodVisitor;Lorg/objectweb/asm/Context;I)V @ 2190 c2
Event: 8.644 Thread 0x000001849ce6e260 DEOPT PACKING pc=0x00000184add6b25c sp=0x0000007ec5bfcf10
Event: 8.644 Thread 0x000001849ce6e260 DEOPT UNPACKING pc=0x00000184ad4b23a3 sp=0x0000007ec5bfce80 mode 2
Event: 8.654 Thread 0x000001849ce6e260 Uncommon trap: trap_request=0xffffff45 fr.pc=0x00000184adf6a314 relative=0x0000000000000174
Event: 8.654 Thread 0x000001849ce6e260 Uncommon trap: reason=unstable_if action=reinterpret pc=0x00000184adf6a314 method=cpw.mods.niofs.union.UnionFileSystem.getPath(Ljava/lang/String;[Ljava/lang/String;)Ljava/nio/file/Path; @ 2 c2
Event: 8.654 Thread 0x000001849ce6e260 DEOPT PACKING pc=0x00000184adf6a314 sp=0x0000007ec5bfae10
Event: 8.654 Thread 0x000001849ce6e260 DEOPT UNPACKING pc=0x00000184ad4b23a3 sp=0x0000007ec5bfada0 mode 2

Classes unloaded (0 events):
No events

Classes redefined (0 events):
No events

Internal exceptions (20 events):
Event: 8.293 Thread 0x000001849ce6e260 Exception <a 'sun/nio/fs/WindowsException'{0x00000006156334b8}> (0x00000006156334b8) 
thrown [s\open\src\hotspot\share\prims\jni.cpp, line 516]
Event: 8.376 Thread 0x000001849ce6e260 Exception <a 'java/lang/NoSuchMethodError'{0x0000000614696f70}: 'int java.lang.invoke.DirectMethodHandle$Holder.invokeStatic(java.lang.Object)'> (0x0000000614696f70) 
thrown [s\open\src\hotspot\share\interpreter\linkResolver.cpp, line 759]
Event: 8.399 Thread 0x000001849ce6e260 Exception <a 'java/lang/NoSuchMethodError'{0x00000006142a0038}: 'java.lang.Object java.lang.invoke.Invokers$Holder.linkToTargetMethod(java.lang.Object, int, java.lang.Object, java.lang.Object)'> (0x00000006142a0038) 
thrown [s\open\src\hotspot\share\interpreter\linkResolver.cpp, line 759]
Event: 8.401 Thread 0x000001849ce6e260 Implicit null exception at 0x00000184ae044b53 to 0x00000184ae0463f3
Event: 8.404 Thread 0x000001849ce6e260 Exception <a 'java/lang/NoSuchMethodError'{0x000000061434fec0}: 'int java.lang.invoke.DirectMethodHandle$Holder.invokeStaticInit(java.lang.Object)'> (0x000000061434fec0) 
thrown [s\open\src\hotspot\share\interpreter\linkResolver.cpp, line 759]
Event: 8.405 Thread 0x000001849ce6e260 Exception <a 'java/lang/NoSuchMethodError'{0x00000006143572a8}: 'int java.lang.invoke.Invokers$Holder.invokeExact_MT(java.lang.Object, java.lang.Object)'> (0x00000006143572a8) 
thrown [s\open\src\hotspot\share\interpreter\linkResolver.cpp, line 759]
Event: 8.408 Thread 0x000001849ce6e260 Exception <a 'sun/nio/fs/WindowsException'{0x00000006143f6ea8}> (0x00000006143f6ea8) 
thrown [s\open\src\hotspot\share\prims\jni.cpp, line 516]
Event: 8.408 Thread 0x000001849ce6e260 Exception <a 'sun/nio/fs/WindowsException'{0x00000006143f7208}> (0x00000006143f7208) 
thrown [s\open\src\hotspot\share\prims\jni.cpp, line 516]
Event: 8.412 Thread 0x000001849ce6e260 Exception <a 'java/lang/NoSuchMethodError'{0x0000000613cba6e0}: 'java.lang.Object java.lang.invoke.DirectMethodHandle$Holder.invokeInterface(java.lang.Object, java.lang.Object, double)'> (0x0000000613cba6e0) 
thrown [s\open\src\hotspot\share\interpreter\linkResolver.cpp, line 759]
Event: 8.413 Thread 0x000001849ce6e260 Exception <a 'java/lang/NoSuchMethodError'{0x0000000613cc0f40}: 'double java.lang.invoke.DirectMethodHandle$Holder.invokeInterface(java.lang.Object, java.lang.Object, java.lang.Object)'> (0x0000000613cc0f40) 
thrown [s\open\src\hotspot\share\interpreter\linkResolver.cpp, line 759]
Event: 8.519 Thread 0x000001849ce6e260 Exception <a 'java/lang/NoSuchMethodError'{0x0000000621352a60}: 'java.lang.Object java.lang.invoke.DirectMethodHandle$Holder.newInvokeSpecial(java.lang.Object, java.lang.Object, java.lang.Object, java.lang.Object, java.lang.Object, java.lang.Object, java.lang.Object, java.lang.Object, java.lang.Object, java.lang.Object)'> (0x0000000621352a60) 
thrown [s\open\src\hotspot\share\interpreter\linkResolver.cpp, line 759]
Event: 8.519 Thread 0x000001849ce6e260 Exception <a 'java/lang/NoSuchMethodError'{0x0000000621357028}: 'java.lang.Object java.lang.invoke.Invokers$Holder.linkToTargetMethod(java.lang.Object, java.lang.Object, java.lang.Object, java.lang.Object, java.lang.Object, java.lang.Object, java.lang.Object, java.lang.Object, java.lang.Object, java.lang.Object)'> (0x0000000621357028) 
thrown [s\open\src\hotspot\share\interpreter\linkResolver.cpp, line 759]
Event: 8.574 Thread 0x000001849ce6e260 Exception <a 'java/lang/NoSuchMethodError'{0x0000000620823e90}: 'java.lang.Object java.lang.invoke.Invokers$Holder.linkToTargetMethod(java.lang.Object, java.lang.Object, java.lang.Object, java.lang.Object, java.lang.Object, java.lang.Object, java.lang.Object, java.lang.Object, java.lang.Object)'> (0x0000000620823e90) 
thrown [s\open\src\hotspot\share\interpreter\linkResolver.cpp, line 759]
Event: 8.619 Thread 0x000001849ce6e260 Exception <a 'java/lang/NoSuchMethodError'{0x000000062047cc78}: 'java.lang.Object java.lang.invoke.DirectMethodHandle$Holder.invokeSpecial(java.lang.Object, java.lang.Object, java.lang.Object, java.lang.Object, java.lang.Object, int, java.lang.Object)'> (0x000000062047cc78) 
thrown [s\open\src\hotspot\share\interpreter\linkResolver.cpp, line 759]
Event: 8.619 Thread 0x000001849ce6e260 Exception <a 'java/lang/NoSuchMethodError'{0x0000000620485318}: 'java.lang.Object java.lang.invoke.DirectMethodHandle$Holder.invokeSpecial(java.lang.Object, java.lang.Object, java.lang.Object, java.lang.Object, java.lang.Object, java.lang.Object, int)'> (0x0000000620485318) 
thrown [s\open\src\hotspot\share\interpreter\linkResolver.cpp, line 759]
Event: 8.619 Thread 0x000001849ce6e260 Exception <a 'java/lang/NoSuchMethodError'{0x0000000620488bf8}: 'java.lang.Object java.lang.invoke.Invokers$Holder.linkToTargetMethod(java.lang.Object, java.lang.Object, java.lang.Object, java.lang.Object, int, java.lang.Object)'> (0x0000000620488bf8) 
thrown [s\open\src\hotspot\share\interpreter\linkResolver.cpp, line 759]
Event: 8.670 Thread 0x000001849ce6e260 Exception <a 'java/lang/NoSuchMethodError'{0x00000006201f1f78}: 'long java.lang.invoke.DirectMethodHandle$Holder.invokeInterface(java.lang.Object, java.lang.Object)'> (0x00000006201f1f78) 
thrown [s\open\src\hotspot\share\interpreter\linkResolver.cpp, line 759]
Event: 8.672 Thread 0x000001849ce6e260 Exception <a 'java/lang/NoSuchMethodError'{0x0000000620258b48}: 'java.lang.Object java.lang.invoke.DirectMethodHandle$Holder.newInvokeSpecial(java.lang.Object, long)'> (0x0000000620258b48) 
thrown [s\open\src\hotspot\share\interpreter\linkResolver.cpp, line 759]
Event: 8.695 Thread 0x000001849ce6e260 Exception <a 'java/lang/NoSuchMethodError'{0x000000062030c298}: 'void java.lang.invoke.DirectMethodHandle$Holder.invokeSpecial(java.lang.Object, java.lang.Object, int, long)'> (0x000000062030c298) 
thrown [s\open\src\hotspot\share\interpreter\linkResolver.cpp, line 759]
Event: 8.695 Thread 0x000001849ce6e260 Exception <a 'java/lang/NoSuchMethodError'{0x0000000620312228}: 'void java.lang.invoke.DirectMethodHandle$Holder.invokeStatic(java.lang.Object, int, long)'> (0x0000000620312228) 
thrown [s\open\src\hotspot\share\interpreter\linkResolver.cpp, line 759]

VM Operations (20 events):
Event: 7.652 Executing VM operation: HandshakeAllThreads
Event: 7.652 Executing VM operation: HandshakeAllThreads done
Event: 7.682 Executing VM operation: HandshakeAllThreads
Event: 7.682 Executing VM operation: HandshakeAllThreads done
Event: 7.725 Executing VM operation: ICBufferFull
Event: 7.725 Executing VM operation: ICBufferFull done
Event: 7.753 Executing VM operation: HandshakeAllThreads
Event: 7.753 Executing VM operation: HandshakeAllThreads done
Event: 7.762 Executing VM operation: ICBufferFull
Event: 7.762 Executing VM operation: ICBufferFull done
Event: 7.769 Executing VM operation: HandshakeAllThreads
Event: 7.769 Executing VM operation: HandshakeAllThreads done
Event: 7.781 Executing VM operation: HandshakeAllThreads
Event: 7.781 Executing VM operation: HandshakeAllThreads done
Event: 7.955 Executing VM operation: ICBufferFull
Event: 7.955 Executing VM operation: ICBufferFull done
Event: 8.440 Executing VM operation: G1CollectForAllocation
Event: 8.451 Executing VM operation: G1CollectForAllocation done
Event: 8.618 Executing VM operation: HandshakeAllThreads
Event: 8.618 Executing VM operation: HandshakeAllThreads done

Events (20 events):
Event: 8.263 loading class java/nio/DirectFloatBufferU
Event: 8.263 loading class java/nio/DirectFloatBufferU done
Event: 8.263 loading class java/nio/DirectDoubleBufferU
Event: 8.263 loading class java/nio/DirectDoubleBufferU done
Event: 8.272 loading class java/nio/InvalidMarkException
Event: 8.272 loading class java/nio/InvalidMarkException done
Event: 8.272 loading class java/nio/BufferUnderflowException
Event: 8.272 loading class java/nio/BufferUnderflowException done
Event: 8.295 loading class java/util/function/IntSupplier
Event: 8.295 loading class java/util/function/IntSupplier done
Event: 8.324 loading class java/io/CharArrayWriter
Event: 8.325 loading class java/io/CharArrayWriter done
Event: 8.405 loading class java/lang/invoke/DirectMethodHandle$StaticAccessor
Event: 8.405 loading class java/lang/invoke/DirectMethodHandle$StaticAccessor done
Event: 8.411 loading class java/util/function/DoubleFunction
Event: 8.411 loading class java/util/function/DoubleFunction done
Event: 8.641 loading class java/util/EnumMap$Values
Event: 8.641 loading class java/util/EnumMap$Values done
Event: 8.641 loading class java/util/EnumMap$ValueIterator
Event: 8.641 loading class java/util/EnumMap$ValueIterator done


Dynamic libraries:
0x00007ff651ca0000 - 0x00007ff651cb0000 	C:\Program Files\Java\jdk-17\bin\java.exe
0x00007ffee8c10000 - 0x00007ffee8e08000 	C:\Windows\SYSTEM32\ntdll.dll
0x00007ffee6c20000 - 0x00007ffee6ce2000 	C:\Windows\System32\KERNEL32.DLL
0x00007ffee6570000 - 0x00007ffee686f000 	C:\Windows\System32\KERNELBASE.dll
0x00007ffee6310000 - 0x00007ffee6410000 	C:\Windows\System32\ucrtbase.dll
0x00007ffec3890000 - 0x00007ffec38ab000 	C:\Program Files\Java\jdk-17\bin\VCRUNTIME140.dll
0x00007ffed32d0000 - 0x00007ffed32e9000 	C:\Program Files\Java\jdk-17\bin\jli.dll
0x00007ffee7e80000 - 0x00007ffee7f31000 	C:\Windows\System32\ADVAPI32.dll
0x00007ffee74f0000 - 0x00007ffee758e000 	C:\Windows\System32\msvcrt.dll
0x00007ffee7900000 - 0x00007ffee799f000 	C:\Windows\System32\sechost.dll
0x00007ffee7cc0000 - 0x00007ffee7de3000 	C:\Windows\System32\RPCRT4.dll
0x00007ffee6410000 - 0x00007ffee6437000 	C:\Windows\System32\bcrypt.dll
0x00007ffee6cf0000 - 0x00007ffee6e8d000 	C:\Windows\System32\USER32.dll
0x00007ffee64f0000 - 0x00007ffee6512000 	C:\Windows\System32\win32u.dll
0x00007ffee7f60000 - 0x00007ffee7f8b000 	C:\Windows\System32\GDI32.dll
0x00007ffec7e70000 - 0x00007ffec810a000 	C:\Windows\WinSxS\amd64_microsoft.windows.common-controls_6595b64144ccf1df_6.0.19041.4355_none_60b8b9eb71f62e16\COMCTL32.dll
0x00007ffee6910000 - 0x00007ffee6a27000 	C:\Windows\System32\gdi32full.dll
0x00007ffee6870000 - 0x00007ffee690d000 	C:\Windows\System32\msvcp_win.dll
0x00007ffedf970000 - 0x00007ffedf97a000 	C:\Windows\SYSTEM32\VERSION.dll
0x00007ffee82e0000 - 0x00007ffee830f000 	C:\Windows\System32\IMM32.DLL
0x00007ffee13a0000 - 0x00007ffee13ac000 	C:\Program Files\Java\jdk-17\bin\vcruntime140_1.dll
0x00007ffec0a40000 - 0x00007ffec0ace000 	C:\Program Files\Java\jdk-17\bin\msvcp140.dll
0x00007ffe792c0000 - 0x00007ffe79ea0000 	C:\Program Files\Java\jdk-17\bin\server\jvm.dll
0x00007ffee8310000 - 0x00007ffee8318000 	C:\Windows\System32\PSAPI.DLL
0x00007ffed6aa0000 - 0x00007ffed6aa9000 	C:\Windows\SYSTEM32\WSOCK32.dll
0x00007ffee0900000 - 0x00007ffee0927000 	C:\Windows\SYSTEM32\WINMM.dll
0x00007ffee8b60000 - 0x00007ffee8bcb000 	C:\Windows\System32\WS2_32.dll
0x00007ffee4100000 - 0x00007ffee4112000 	C:\Windows\SYSTEM32\kernel.appcore.dll
0x00007ffec82e0000 - 0x00007ffec82ea000 	C:\Program Files\Java\jdk-17\bin\jimage.dll
0x00007ffedcaf0000 - 0x00007ffedccd4000 	C:\Windows\SYSTEM32\DBGHELP.DLL
0x00007ffedb310000 - 0x00007ffedb344000 	C:\Windows\SYSTEM32\dbgcore.DLL
0x00007ffee6a30000 - 0x00007ffee6ab2000 	C:\Windows\System32\bcryptPrimitives.dll
0x00007ffec3860000 - 0x00007ffec3885000 	C:\Program Files\Java\jdk-17\bin\java.dll
0x00007ffeb2680000 - 0x00007ffeb2757000 	C:\Program Files\Java\jdk-17\bin\jsvml.dll
0x00007ffee8320000 - 0x00007ffee8a8e000 	C:\Windows\System32\SHELL32.dll
0x00007ffee4300000 - 0x00007ffee4aa4000 	C:\Windows\SYSTEM32\windows.storage.dll
0x00007ffee7590000 - 0x00007ffee78e5000 	C:\Windows\System32\combase.dll
0x00007ffee5b20000 - 0x00007ffee5b4f000 	C:\Windows\SYSTEM32\Wldp.dll
0x00007ffee8a90000 - 0x00007ffee8b5d000 	C:\Windows\System32\OLEAUT32.dll
0x00007ffee7c10000 - 0x00007ffee7cbd000 	C:\Windows\System32\SHCORE.dll
0x00007ffee81a0000 - 0x00007ffee81f5000 	C:\Windows\System32\shlwapi.dll
0x00007ffee61d0000 - 0x00007ffee61f4000 	C:\Windows\SYSTEM32\profapi.dll
0x00007ffec3840000 - 0x00007ffec3859000 	C:\Program Files\Java\jdk-17\bin\net.dll
0x00007ffedeb90000 - 0x00007ffedec9d000 	C:\Windows\SYSTEM32\WINHTTP.dll
0x00007ffee5900000 - 0x00007ffee596a000 	C:\Windows\system32\mswsock.dll
0x00007ffec2a70000 - 0x00007ffec2a86000 	C:\Program Files\Java\jdk-17\bin\nio.dll
0x00007ffec2a50000 - 0x00007ffec2a68000 	C:\Program Files\Java\jdk-17\bin\zip.dll
0x00007ffec8160000 - 0x00007ffec8170000 	C:\Program Files\Java\jdk-17\bin\verify.dll
0x00007ffec6490000 - 0x00007ffec649a000 	C:\Program Files\Java\jdk-17\bin\management.dll
0x00007ffec63d0000 - 0x00007ffec63db000 	C:\Program Files\Java\jdk-17\bin\management_ext.dll
0x00007ffed61c0000 - 0x00007ffed61d7000 	C:\Windows\system32\napinsp.dll
0x00007ffed5860000 - 0x00007ffed587b000 	C:\Windows\system32\pnrpnsp.dll
0x00007ffee22c0000 - 0x00007ffee22d5000 	C:\Windows\system32\wshbth.dll
0x00007ffee08b0000 - 0x00007ffee08cd000 	C:\Windows\system32\NLAapi.dll
0x00007ffee5600000 - 0x00007ffee563b000 	C:\Windows\SYSTEM32\IPHLPAPI.DLL
0x00007ffee5640000 - 0x00007ffee570a000 	C:\Windows\SYSTEM32\DNSAPI.dll
0x00007ffee78f0000 - 0x00007ffee78f8000 	C:\Windows\System32\NSI.dll
0x00007ffed5710000 - 0x00007ffed5722000 	C:\Windows\System32\winrnr.dll
0x00007ffee0fb0000 - 0x00007ffee0fba000 	C:\Windows\System32\rasadhlp.dll
0x00007ffedce40000 - 0x00007ffedcec0000 	C:\Windows\System32\fwpuclnt.dll
0x00007ffee5b60000 - 0x00007ffee5b78000 	C:\Windows\SYSTEM32\CRYPTSP.dll
0x00007ffee5240000 - 0x00007ffee5274000 	C:\Windows\system32\rsaenh.dll
0x00007ffee6150000 - 0x00007ffee617e000 	C:\Windows\SYSTEM32\USERENV.dll
0x00007ffee5a90000 - 0x00007ffee5a9c000 	C:\Windows\SYSTEM32\CRYPTBASE.dll
0x00007ffee04b0000 - 0x00007ffee04c7000 	C:\Windows\SYSTEM32\dhcpcsvc6.DLL
0x00007ffee0350000 - 0x00007ffee036d000 	C:\Windows\SYSTEM32\dhcpcsvc.DLL
0x00007ffebf340000 - 0x00007ffebf385000 	C:\Users\xqin\AppData\Local\Temp\jna-3686878\jna7155783862441848856.dll
0x00007ffee7f90000 - 0x00007ffee80bb000 	C:\Windows\System32\Ole32.dll
0x00007ffee7440000 - 0x00007ffee74e9000 	C:\Windows\System32\clbcatq.dll
0x00007ffedb870000 - 0x00007ffedb88f000 	C:\Windows\SYSTEM32\amsi.dll
0x00007ffecb580000 - 0x00007ffecb5d1000 	C:\Windows\SYSTEM32\Pdh.dll
0x00007ffee13b0000 - 0x00007ffee13bf000 	C:\Windows\System32\perfos.dll
0x00007ffeb0d30000 - 0x00007ffeb0da5000 	C:\Users\xqin\AppData\Local\Temp\lwjglxqin\3.3.1-build-7\lwjgl.dll
0x00007ffe77910000 - 0x00007ffe77b69000 	C:\Users\xqin\AppData\Local\Temp\lwjglxqin\3.3.1-build-7\jemalloc.dll
0x00007ffeaf890000 - 0x00007ffeaf8f1000 	C:\Users\xqin\AppData\Local\Temp\lwjglxqin\3.3.1-build-7\glfw.dll
0x00007ffeb3380000 - 0x00007ffeb33c5000 	C:\Windows\SYSTEM32\dinput8.dll
0x00007ffec55b0000 - 0x00007ffec55c1000 	C:\Windows\SYSTEM32\xinput1_4.dll
0x00007ffee6520000 - 0x00007ffee656e000 	C:\Windows\System32\cfgmgr32.dll
0x00007ffee5f60000 - 0x00007ffee5f93000 	C:\Windows\SYSTEM32\DEVOBJ.dll
0x00007ffee3e00000 - 0x00007ffee3e2f000 	C:\Windows\SYSTEM32\dwmapi.dll
0x00007ffed9670000 - 0x00007ffed97c2000 	C:\Windows\SYSTEM32\inputhost.dll
0x00007ffee2b30000 - 0x00007ffee2c87000 	C:\Windows\SYSTEM32\wintypes.dll
0x00007ffee33a0000 - 0x00007ffee3496000 	C:\Windows\SYSTEM32\PROPSYS.dll
0x00007ffee21c0000 - 0x00007ffee22b2000 	C:\Windows\SYSTEM32\CoreMessaging.dll
0x00007ffee0fc0000 - 0x00007ffee131b000 	C:\Windows\SYSTEM32\CoreUIComponents.dll
0x00007ffee5490000 - 0x00007ffee54c3000 	C:\Windows\SYSTEM32\ntmarta.dll
0x00007ffee3bf0000 - 0x00007ffee3c8e000 	C:\Windows\system32\uxtheme.dll
0x00007ffee7320000 - 0x00007ffee7435000 	C:\Windows\System32\MSCTF.dll
0x00007ffed43a0000 - 0x00007ffed44c8000 	C:\Windows\SYSTEM32\opengl32.dll
0x00007ffed5d90000 - 0x00007ffed5dbc000 	C:\Windows\SYSTEM32\GLU32.dll
0x00007ffec2d70000 - 0x00007ffec2d9d000 	C:\Windows\System32\DriverStore\FileRepository\u0390451.inf_amd64_39377efdd62734d1\B390182\atig6pxx.dll
0x00007ffe73cd0000 - 0x00007ffe77905000 	C:\Windows\System32\DriverStore\FileRepository\u0390451.inf_amd64_39377efdd62734d1\B390182\atio6axx.dll
0x00007ffee6e90000 - 0x00007ffee7301000 	C:\Windows\System32\SETUPAPI.dll
0x00007ffee62a0000 - 0x00007ffee6309000 	C:\Windows\System32\WINTRUST.dll
0x00007ffee6ac0000 - 0x00007ffee6c1c000 	C:\Windows\System32\CRYPT32.dll
0x00007ffee5d90000 - 0x00007ffee5da2000 	C:\Windows\SYSTEM32\MSASN1.dll

dbghelp: loaded successfully - version: 4.0.5 - missing functions: none
symbol engine: initialized successfully - sym options: 0x614 - pdb path: .;C:\Program Files\Java\jdk-17\bin;C:\Windows\SYSTEM32;C:\Windows\WinSxS\amd64_microsoft.windows.common-controls_6595b64144ccf1df_6.0.19041.4355_none_60b8b9eb71f62e16;C:\Program Files\Java\jdk-17\bin\server;C:\Users\xqin\AppData\Local\Temp\jna-3686878;C:\Users\xqin\AppData\Local\Temp\lwjglxqin\3.3.1-build-7;C:\Windows\System32\DriverStore\FileRepository\u0390451.inf_amd64_39377efdd62734d1\B390182

VM Arguments:
jvm_args: -Dforge.enableGameTest=true -Dforge.logging.console.level=debug -Dforge.logging.markers=REGISTRIES -DignoreList=bootstraplauncher,securejarhandler,asm-commons,asm-util,asm-analysis,asm-tree,asm,JarJarFileSystems,client-extra,fmlcore,javafmllanguage,lowcodelanguage,mclanguage,forge- -Djava.net.preferIPv6Addresses=system -DlegacyClassPath.file=E:\ForgingAndCraftingMod\build\classpath\runClient_minecraftClasspath.txt -DmergeModules=jna-5.10.0.jar,jna-platform-5.10.0.jar -Dmixin.env.refMapRemappingFile=E:\ForgingAndCraftingMod/build/createSrgToMcp/output.srg -Dmixin.env.remapRefMap=true -Dos.version=10.0 --module-path=C:\Users\xqin\.gradle\caches\modules-2\files-2.1\cpw.mods\bootstraplauncher\1.1.2\c546e00443d8432cda6baa1c860346980742628\bootstraplauncher-1.1.2.jar;C:\Users\xqin\.gradle\caches\modules-2\files-2.1\cpw.mods\securejarhandler\2.1.4\f47e3b9dd860a7b82154b8f90a650ffd0aaa5582\securejarhandler-2.1.4.jar;C:\Users\xqin\.gradle\caches\modules-2\files-2.1\org.ow2.asm\asm-commons\9.3\1f2a432d1212f5c352ae607d7b61dcae20c20af5\asm-commons-9.3.jar;C:\Users\xqin\.gradle\caches\modules-2\files-2.1\org.ow2.asm\asm-util\9.3\9595bc05510d0bd4b610188b77333fe4851a1975\asm-util-9.3.jar;C:\Users\xqin\.gradle\caches\modules-2\files-2.1\org.ow2.asm\asm-analysis\9.3\4b071f211b37c38e0e9f5998550197c8593f6ad8\asm-analysis-9.3.jar;C:\Users\xqin\.gradle\caches\modules-2\files-2.1\org.ow2.asm\asm-tree\9.3\78d2ecd61318b5a58cd04fb237636c0e86b77d97\asm-tree-9.3.jar;C:\Users\xqin\.gradle\caches\modules-2\files-2.1\org.ow2.asm\asm\9.3\8e6300ef51c1d801a7ed62d07cd221aca3a90640\asm-9.3.jar;C:\Users\xqin\.gradle\caches\modules-2\files-2.1\net.minecraftforge\JarJarFileSystems\0.3.16\e52afbb2599dc7c6f779efea0496d32fc01152e3\JarJarFileSystems-0.3.16.jar --add-modules=ALL-MODULE-PATH --add-opens=java.base/java.util.jar=cpw.mods.securejarhandler --add-opens=java.base/java.lang.invoke=cpw.mods.securejarhandler --add-exports=java.base/sun.security.util=cpw.mods.securejarhandler --add-exports=jdk.naming.dns/com.sun.jndi.dns=java.naming -XX:HeapDumpPath=MojangTricksIntelDriversForPerformance_javaw.exe_minecraft.exe.heapdump -Dos.name=Windows 10 -Dfile.encoding=UTF-8 -Duser.country=CN -Duser.language=zh -Duser.variant 
java_command: cpw.mods.bootstraplauncher.BootstrapLauncher --launchTarget forgeclientuserdev --version MOD_DEV --assetIndex 1.19 --assetsDir C:\Users\xqin\.gradle\caches\forge_gradle\assets --gameDir . --fml.forgeVersion 43.2.0 --fml.mcVersion 1.19.2 --fml.forgeGroup net.minecraftforge --fml.mcpVersion 20220805.130853
java_class_path (initial): E:\ForgingAndCraftingMod\build\classes\java\main;E:\ForgingAndCraftingMod\build\resources\main;E:\ForgingAndCraftingMod\build\fg_cache\net\minecraftforge\forge\1.19.2-43.2.0_mapped_official_1.19.2\forge-1.19.2-43.2.0_mapped_official_1.19.2-recomp.jar;C:\Users\xqin\.gradle\caches\forge_gradle\deobf_dependencies\dev\emi\emi-forge\1.1.4+1.19.2_mapped_official_1.19.2\emi-forge-1.1.4+1.19.2_mapped_official_1.19.2.jar;C:\Users\xqin\.gradle\caches\forge_gradle\deobf_dependencies\vazkii\patchouli\Patchouli\1.19.2-77_mapped_official_1.19.2\Patchouli-1.19.2-77_mapped_official_1.19.2.jar;C:\Users\xqin\.gradle\caches\forge_gradle\deobf_dependencies\curse\maven\jade-324717\4914105_mapped_official_1.19.2\jade-324717-4914105_mapped_official_1.19.2.jar;C:\Users\xqin\.gradle\caches\forge_gradle\minecraft_repo\versions\1.19.2\client-extra.jar;C:\Users\xqin\.gradle\caches\modules-2\files-2.1\net.minecraftforge\javafmllanguage\1.19.2-43.2.0\5713dfd49576886a7ffc353f14f067ad42369592\javafmllanguage-1.19.2-43.2.0.jar;C:\Users\xqin\.gradle\caches\modules-2\files-2.1\net.minecraftforge\lowcodelanguage\1.19.2-43.2.0\51c88985dd125457fb8b6c2c58a4f3b9349a6b57\lowcodelanguage-1.19.2-43.2.0.jar;C:\Users\xqin\.gradle\caches\modules-2\files-2.1\net.minecraftforge\mclanguage\1.19.2-43.2.0\f4fa83ef8129c7f7cc5847fbafb07f7ae86c1bb\mclanguage-1.19.2-43.2.0.jar;C:\Users\xqin\.gradle\caches\modules-2\files-2.1\net.minecraftforge\fmlcore\1.19.2-43.2.0\d4dcb5b809b7f035ac22b058941cf81f84451545\fmlcore-1.19.2-43.2.0.jar;C:\Users\xqin\.gradle\caches\modules-2\files-2.1\net.minecraftforge\fmlloader\1.19.2-43.2.0\3e6e8b7b5e1dbc6ee01a20f74675f223b64c7847\fmlloader-1.19.2-43.2.0.jar;C:\Users\xqin\.gradle\caches\modules-2\files-2.1\net.minecraftforge\JarJarSelector\0.3.16\2a31421fb5e267249da103a644f23afb43d158af\JarJarSelector-0.3.16.jar;C:\Users\xqin\.gradle\caches\modules-2\files-2.1\net.minecraftforge\JarJarMetadata\0.3.16\f62c8c898dffc8666f5097a8587ed72095e8e83a\JarJarMetadata-0.3.1
Launcher Type: SUN_STANDARD

[Global flags]
     intx CICompilerCount                          = 4                                         {product} {ergonomic}
     uint ConcGCThreads                            = 2                                         {product} {ergonomic}
     uint G1ConcRefinementThreads                  = 8                                         {product} {ergonomic}
   size_t G1HeapRegionSize                         = 4194304                                   {product} {ergonomic}
    uintx GCDrainStackTargetSize                   = 64                                        {product} {ergonomic}
    ccstr HeapDumpPath                             = MojangTricksIntelDriversForPerformance_javaw.exe_minecraft.exe.heapdump         {manageable} {command line}
   size_t InitialHeapSize                          = 536870912                                 {product} {ergonomic}
   size_t MarkStackSize                            = 4194304                                   {product} {ergonomic}
   size_t MaxHeapSize                              = 8552185856                                {product} {ergonomic}
   size_t MaxNewSize                               = 5129633792                                {product} {ergonomic}
   size_t MinHeapDeltaBytes                        = 4194304                                   {product} {ergonomic}
   size_t MinHeapSize                              = 8388608                                   {product} {ergonomic}
    uintx NonNMethodCodeHeapSize                   = 5839372                                {pd product} {ergonomic}
    uintx NonProfiledCodeHeapSize                  = 122909434                              {pd product} {ergonomic}
    uintx ProfiledCodeHeapSize                     = 122909434                              {pd product} {ergonomic}
    uintx ReservedCodeCacheSize                    = 251658240                              {pd product} {ergonomic}
     bool SegmentedCodeCache                       = true                                      {product} {ergonomic}
   size_t SoftMaxHeapSize                          = 8552185856                             {manageable} {ergonomic}
     bool UseCompressedClassPointers               = true                           {product lp64_product} {ergonomic}
     bool UseCompressedOops                        = true                           {product lp64_product} {ergonomic}
     bool UseG1GC                                  = true                                      {product} {ergonomic}
     bool UseLargePagesIndividualAllocation        = false                                  {pd product} {ergonomic}

Logging:
Log output configuration:
 #0: stdout all=warning uptime,level,tags
 #1: stderr all=off uptime,level,tags

Environment Variables:
JAVA_HOME=C:\Program Files\Java\jdk-17
CLASSPATH=.;C:\Program Files\Java\jdk-17\lib\dt.jar;C:\Program Files\Java\jdk-17\lib\tools.jar;
PATH=C:\Program Files\Common Files\Oracle\Java\javapath;C:\Windows\system32;C:\Windows;C:\Windows\System32\Wbem;C:\Windows\System32\WindowsPowerShell\v1.0\;C:\Windows\System32\OpenSSH\;C:\Program Files\dotnet\;C:\Program Files\PowerShell\7\;C:\Program Files\Docker\Docker\resources\bin;D:\Tools\node-v20.12.2-win-x64;C:\Users\xqin\AppData\Local\Microsoft\WindowsApps;C:\Program Files (x86)\Nmap;C:\Users\xqin\AppData\Local\Programs\Microsoft VS Code\bin;D:\IntelliJ IDEA Community Edition 2024.2.0.2\bin;;
USERNAME=xqin
OS=Windows_NT
PROCESSOR_IDENTIFIER=Intel64 Family 6 Model 158 Stepping 13, GenuineIntel



---------------  S Y S T E M  ---------------

OS:
 Windows 10 , 64 bit Build 19041 (10.0.19041.5198)
OS uptime: 3 days 12:16 hours
Hyper-V role detected

CPU: total 8 (initial active 8) (8 cores per cpu, 1 threads per core) family 6 model 158 stepping 13 microcode 0xd6, cx8, cmov, fxsr, mmx, 3dnowpref, sse, sse2, sse3, ssse3, sse4.1, sse4.2, popcnt, lzcnt, tsc, tscinvbit, avx, avx2, aes, erms, clmul, bmi1, bmi2, adx, fma, vzeroupper, clflush, clflushopt, hv

Memory: 4k page, system-wide physical 32616M (15746M free)
TotalPageFile size 37480M (AvailPageFile size 18037M)
current process WorkingSet (physical memory assigned to process): 759M, peak: 759M
current process commit charge ("private bytes"): 840M, peak: 843M

vm_info: Java HotSpot(TM) 64-Bit Server VM (17.0.12+8-LTS-286) for windows-amd64 JRE (17.0.12+8-LTS-286), built on Jun  5 2024 06:46:59 by "mach5one" with MS VC++ 17.6 (VS2022)

END.
