#
# A fatal error has been detected by the Java Runtime Environment:
#
#  EXCEPTION_ACCESS_VIOLATION (0xc0000005) at pc=0x00007ff96de32b60, pid=11028, tid=19148
#
# JRE version: Java(TM) SE Runtime Environment (17.0.12+8) (build 17.0.12+8-LTS-286)
# Java VM: Java HotSpot(TM) 64-Bit Server VM (17.0.12+8-LTS-286, mixed mode, sharing, tiered, compressed oops, compressed class ptrs, g1 gc, windows-amd64)
# Problematic frame:
# C  [atio6axx.dll+0x192b60]
#
# No core dump will be written. Minidumps are not enabled by default on client versions of Windows
#
# If you would like to submit a bug report, please visit:
#   https://bugreport.java.com/bugreport/crash.jsp
# The crash happened outside the Java Virtual Machine in native code.
# See problematic frame for where to report the bug.
#

---------------  S U M M A R Y ------------

Command Line: -Dforge.enableGameTest=true -Dforge.logging.console.level=debug -Dforge.logging.markers=REGISTRIES -DignoreList=bootstraplauncher,securejarhandler,asm-commons,asm-util,asm-analysis,asm-tree,asm,JarJarFileSystems,client-extra,fmlcore,javafmllanguage,lowcodelanguage,mclanguage,forge- -Djava.net.preferIPv6Addresses=system -DlegacyClassPath.file=E:\ForgingAndCraftingMod\build\classpath\runClient_minecraftClasspath.txt -DmergeModules=jna-5.10.0.jar,jna-platform-5.10.0.jar -Dmixin.env.refMapRemappingFile=E:\ForgingAndCraftingMod/build/createSrgToMcp/output.srg -Dmixin.env.remapRefMap=true -Dos.version=10.0 --module-path=C:\Users\xqin\.gradle\caches\modules-2\files-2.1\cpw.mods\bootstraplauncher\1.1.2\c546e00443d8432cda6baa1c860346980742628\bootstraplauncher-1.1.2.jar;C:\Users\xqin\.gradle\caches\modules-2\files-2.1\cpw.mods\securejarhandler\2.1.4\f47e3b9dd860a7b82154b8f90a650ffd0aaa5582\securejarhandler-2.1.4.jar;C:\Users\xqin\.gradle\caches\modules-2\files-2.1\org.ow2.asm\asm-commons\9.3\1f2a432d1212f5c352ae607d7b61dcae20c20af5\asm-commons-9.3.jar;C:\Users\xqin\.gradle\caches\modules-2\files-2.1\org.ow2.asm\asm-util\9.3\9595bc05510d0bd4b610188b77333fe4851a1975\asm-util-9.3.jar;C:\Users\xqin\.gradle\caches\modules-2\files-2.1\org.ow2.asm\asm-analysis\9.3\4b071f211b37c38e0e9f5998550197c8593f6ad8\asm-analysis-9.3.jar;C:\Users\xqin\.gradle\caches\modules-2\files-2.1\org.ow2.asm\asm-tree\9.3\78d2ecd61318b5a58cd04fb237636c0e86b77d97\asm-tree-9.3.jar;C:\Users\xqin\.gradle\caches\modules-2\files-2.1\org.ow2.asm\asm\9.3\8e6300ef51c1d801a7ed62d07cd221aca3a90640\asm-9.3.jar;C:\Users\xqin\.gradle\caches\modules-2\files-2.1\net.minecraftforge\JarJarFileSystems\0.3.16\e52afbb2599dc7c6f779efea0496d32fc01152e3\JarJarFileSystems-0.3.16.jar --add-modules=ALL-MODULE-PATH --add-opens=java.base/java.util.jar=cpw.mods.securejarhandler --add-opens=java.base/java.lang.invoke=cpw.mods.securejarhandler --add-exports=java.base/sun.security.util=cpw.mods.securejarhandler --add-exports=jdk.naming.dns/com.sun.jndi.dns=java.naming -XX:HeapDumpPath=MojangTricksIntelDriversForPerformance_javaw.exe_minecraft.exe.heapdump -Dos.name=Windows 10 -Dfile.encoding=UTF-8 -Duser.country=CN -Duser.language=zh -Duser.variant cpw.mods.bootstraplauncher.BootstrapLauncher --launchTarget forgeclientuserdev --version MOD_DEV --assetIndex 1.19 --assetsDir C:\Users\xqin\.gradle\caches\forge_gradle\assets --gameDir . --fml.forgeVersion 43.2.0 --fml.mcVersion 1.19.2 --fml.forgeGroup net.minecraftforge --fml.mcpVersion 20220805.130853

Host: Intel(R) Core(TM) i7-9700K CPU @ 3.60GHz, 8 cores, 31G,  Windows 10 , 64 bit Build 19041 (10.0.19041.4717)
Time: Thu Aug 29 08:51:43 2024  Windows 10 , 64 bit Build 19041 (10.0.19041.4717) elapsed time: 8.314248 seconds (0d 0h 0m 8s)

---------------  T H R E A D  ---------------

Current thread (0x000002dd236b7d80):  JavaThread "Render thread" [_thread_in_native, id=19148, stack(0x000000ede9800000,0x000000ede9900000)]

Stack: [0x000000ede9800000,0x000000ede9900000],  sp=0x000000ede98fa918,  free space=1002k
Native frames: (J=compiled Java code, j=interpreted, Vv=VM code, C=native code)
C  [atio6axx.dll+0x192b60]

Java frames: (J=compiled Java code, j=interpreted, Vv=VM code)
j  org.lwjgl.system.JNI.invokePPPP(IIJJJJ)J+0 org.lwjgl@3.3.1+7
j  org.lwjgl.glfw.GLFW.nglfwCreateWindow(IIJJJ)J+14 org.lwjgl.glfw@3.3.1+7
j  org.lwjgl.glfw.GLFW.glfwCreateWindow(IILjava/lang/CharSequence;JJ)J+34 org.lwjgl.glfw@3.3.1+7
j  net.minecraftforge.client.loading.NoVizFallback.lambda$fallback$0(Ljava/util/function/IntSupplier;Ljava/util/function/IntSupplier;Ljava/util/function/Supplier;Ljava/util/function/LongSupplier;)J+28 forge@43.2.0
j  net.minecraftforge.client.loading.NoVizFallback$$Lambda$4388+0x000002dd51a68000.getAsLong()J+16 forge@43.2.0
j  net.minecraftforge.fml.loading.progress.EarlyProgressVisualization$Visualization$$Lambda$4389+0x000002dd51a62cd0.apply(Ljava/lang/Object;)Ljava/lang/Object;+4 fmlloader@1.19.2-43.2.0
J 2544 c2 java.util.Optional.map(Ljava/util/function/Function;)Ljava/util/Optional; java.base@17.0.12 (30 bytes) @ 0x000002dd32bf3d04 [0x000002dd32bf3ca0+0x0000000000000064]
j  net.minecraftforge.fml.loading.progress.EarlyProgressVisualization$Visualization.handOffWindow(Ljava/util/function/IntSupplier;Ljava/util/function/IntSupplier;Ljava/util/function/Supplier;Ljava/util/function/LongSupplier;)J+48 fmlloader@1.19.2-43.2.0
j  net.minecraftforge.fml.loading.progress.EarlyProgressVisualization.handOffWindow(Ljava/util/function/IntSupplier;Ljava/util/function/IntSupplier;Ljava/util/function/Supplier;Ljava/util/function/LongSupplier;)J+9 fmlloader@1.19.2-43.2.0
j  com.mojang.blaze3d.platform.Window.<init>(Lcom/mojang/blaze3d/platform/WindowEventHandler;Lcom/mojang/blaze3d/platform/ScreenManager;Lcom/mojang/blaze3d/platform/DisplayData;Ljava/lang/String;Ljava/lang/String;)V+279 minecraft@1.19.2
j  net.minecraft.client.renderer.VirtualScreen.newWindow(Lcom/mojang/blaze3d/platform/DisplayData;Ljava/lang/String;Ljava/lang/String;)Lcom/mojang/blaze3d/platform/Window;+15 minecraft@1.19.2
j  net.minecraft.client.Minecraft.<init>(Lnet/minecraft/client/main/GameConfig;)V+723 minecraft@1.19.2
j  net.minecraft.client.main.Main.run([Ljava/lang/String;Z)V+1356 minecraft@1.19.2
j  net.minecraft.client.main.Main.main([Ljava/lang/String;)V+12 minecraft@1.19.2
v  ~StubRoutines::call_stub
j  jdk.internal.reflect.NativeMethodAccessorImpl.invoke0(Ljava/lang/reflect/Method;Ljava/lang/Object;[Ljava/lang/Object;)Ljava/lang/Object;+0 java.base@17.0.12
j  jdk.internal.reflect.NativeMethodAccessorImpl.invoke(Ljava/lang/Object;[Ljava/lang/Object;)Ljava/lang/Object;+133 java.base@17.0.12
j  jdk.internal.reflect.DelegatingMethodAccessorImpl.invoke(Ljava/lang/Object;[Ljava/lang/Object;)Ljava/lang/Object;+6 java.base@17.0.12
j  java.lang.reflect.Method.invoke(Ljava/lang/Object;[Ljava/lang/Object;)Ljava/lang/Object;+59 java.base@17.0.12
j  net.minecraftforge.fml.loading.targets.ForgeClientUserdevLaunchHandler.lambda$launchService$0([Ljava/lang/String;Ljava/lang/ModuleLayer;)V+47 fmlloader@1.19.2-43.2.0
j  net.minecraftforge.fml.loading.targets.ForgeClientUserdevLaunchHandler$$Lambda$872+0x000002dd513ba588.run()V+12 fmlloader@1.19.2-43.2.0
j  cpw.mods.modlauncher.LaunchServiceHandlerDecorator.launch([Ljava/lang/String;Ljava/lang/ModuleLayer;)V+11 cpw.mods.modlauncher@10.0.9
j  cpw.mods.modlauncher.LaunchServiceHandler.launch(Ljava/lang/String;[Ljava/lang/String;Ljava/lang/ModuleLayer;Lcpw/mods/modlauncher/TransformingClassLoader;Lcpw/mods/modlauncher/LaunchPluginHandler;)V+58 cpw.mods.modlauncher@10.0.9
j  cpw.mods.modlauncher.LaunchServiceHandler.launch(Lcpw/mods/modlauncher/ArgumentHandler;Ljava/lang/ModuleLayer;Lcpw/mods/modlauncher/TransformingClassLoader;Lcpw/mods/modlauncher/LaunchPluginHandler;)V+21 cpw.mods.modlauncher@10.0.9
j  cpw.mods.modlauncher.Launcher.run([Ljava/lang/String;)V+307 cpw.mods.modlauncher@10.0.9
j  cpw.mods.modlauncher.Launcher.main([Ljava/lang/String;)V+78 cpw.mods.modlauncher@10.0.9
j  cpw.mods.modlauncher.BootstrapLaunchConsumer.accept([Ljava/lang/String;)V+1 cpw.mods.modlauncher@10.0.9
j  cpw.mods.modlauncher.BootstrapLaunchConsumer.accept(Ljava/lang/Object;)V+5 cpw.mods.modlauncher@10.0.9
j  cpw.mods.bootstraplauncher.BootstrapLauncher.main([Ljava/lang/String;)V+515 cpw.mods.bootstraplauncher@1.1.2
v  ~StubRoutines::call_stub

siginfo: EXCEPTION_ACCESS_VIOLATION (0xc0000005), reading address 0xffffffffffffffff


Registers:
RAX=0x0000000000000000, RBX=0x00007ff9716733b0, RCX=0x6c646172672e5c6e, RDX=0x00000000000000d1
RSP=0x000000ede98fa918, RBP=0x000000ede98faa80, RSI=0x00007ff971582d40, RDI=0x000000ede98fad70
R8 =0x00000000000001a5, R9 =0x6c646172672e5c6e, R10=0x0000000000000000, R11=0x0000000000000200
R12=0x00007ff971673408, R13=0x00007ff971675c08, R14=0x00007ff9716733b0, R15=0x0000000000000000
RIP=0x00007ff96de32b60, EFLAGS=0x0000000000010202


Register to memory mapping:

RIP=0x00007ff96de32b60 atio6axx.dll
RAX=0x0 is NULL
RBX=0x00007ff9716733b0 atio6axx.dll
RCX=0x6c646172672e5c6e is an unknown value
RDX=0x00000000000000d1 is an unknown value
RSP=0x000000ede98fa918 is pointing into the stack for thread: 0x000002dd236b7d80
RBP=0x000000ede98faa80 is pointing into the stack for thread: 0x000002dd236b7d80
RSI=0x00007ff971582d40 atio6axx.dll
RDI=0x000000ede98fad70 is pointing into the stack for thread: 0x000002dd236b7d80
R8 =0x00000000000001a5 is an unknown value
R9 =0x6c646172672e5c6e is an unknown value
R10=0x0 is NULL
R11=0x0000000000000200 is an unknown value
R12=0x00007ff971673408 atio6axx.dll
R13=0x00007ff971675c08 atio6axx.dll
R14=0x00007ff9716733b0 atio6axx.dll
R15=0x0 is NULL


Top of Stack: (sp=0x000000ede98fa918)
0x000000ede98fa918:   00007ff96de32e7c 00007ff971676020
0x000000ede98fa928:   000002dd9966a018 0000000000000000
0x000000ede98fa938:   00007ff96de33e8d 000000ede98fad70
0x000000ede98fa948:   00007ff96ddef484 00007ff9716733b0
0x000000ede98fa958:   00007ff971582d40 0000652e6176616a
0x000000ede98fa968:   0000a19f0db255e4 000000ede98fad70
0x000000ede98fa978:   00007ff96ddf0457 00007ff9716733b8
0x000000ede98fa988:   00007ff971582d40 00007ff971582d40
0x000000ede98fa998:   000002dd9866f47a 00007ff9716733b0
0x000000ede98fa9a8:   00007ff900000000 000000000000000a
0x000000ede98fa9b8:   000002dd9866f644 000002dd9866f7ac
0x000000ede98fa9c8:   00007ff9716733b8 000000ede98fad70
0x000000ede98fa9d8:   000000ede98fab21 00007f006176616a
0x000000ede98fa9e8:   00007f006176616a 46676e697274535c
0x000000ede98fa9f8:   5c6f666e49656c69 3062343039303430
0x000000ede98faa08:   726556656c69465c 000000006e6f6973 

Instructions: (pc=0x00007ff96de32b60)
0x00007ff96de32a60:   74 09 33 c9 ff 15 e6 89 66 03 90 48 8b c3 48 83
0x00007ff96de32a70:   c4 20 5b c3 cc cc cc cc cc cc cc cc cc cc cc cc
0x00007ff96de32a80:   48 83 ec 28 48 8b 51 08 48 85 d2 74 09 33 c9 ff
0x00007ff96de32a90:   15 bb 89 66 03 90 48 83 c4 28 c3 cc cc cc cc cc
0x00007ff96de32aa0:   48 89 11 c3 cc cc cc cc cc cc cc cc cc cc cc cc
0x00007ff96de32ab0:   48 8b c1 c3 cc cc cc cc cc cc cc cc cc cc cc cc
0x00007ff96de32ac0:   48 3b ca 74 10 41 8b 00 39 01 74 09 48 83 c1 04
0x00007ff96de32ad0:   48 3b ca 75 f3 48 8b c1 c3 cc cc cc cc cc cc cc
0x00007ff96de32ae0:   48 8b c1 c3 cc cc cc cc cc cc cc cc cc cc cc cc
0x00007ff96de32af0:   48 83 39 00 0f 94 c0 c3 cc cc cc cc cc cc cc cc
0x00007ff96de32b00:   4c 8d 04 d5 00 00 00 00 33 d2 e9 c1 d0 dd 01 cc
0x00007ff96de32b10:   4c 8b 41 08 48 8b 02 49 89 00 48 83 41 08 08 c3
0x00007ff96de32b20:   48 8b c1 c3 cc cc cc cc cc cc cc cc cc cc cc cc
0x00007ff96de32b30:   48 8b c1 c3 cc cc cc cc cc cc cc cc cc cc cc cc
0x00007ff96de32b40:   49 8b 00 48 89 02 c3 cc cc cc cc cc cc cc cc cc
0x00007ff96de32b50:   8b 81 40 39 00 00 c3 cc cc cc cc cc cc cc cc cc
0x00007ff96de32b60:   8b 81 40 39 00 00 83 c0 f0 83 f8 67 0f 87 5a 01
0x00007ff96de32b70:   00 00 48 8d 15 87 d4 e6 ff 0f b6 84 02 f0 2c 19
0x00007ff96de32b80:   00 8b 8c 82 d0 2c 19 00 48 03 ca ff e1 48 8b 0d
0x00007ff96de32b90:   6c 6f 7e 03 83 b9 b4 34 00 00 02 0f 87 2b 01 00
0x00007ff96de32ba0:   00 48 8d 91 0c 29 00 00 c7 02 e1 00 00 00 e9 ce
0x00007ff96de32bb0:   00 00 00 48 8b 0d 46 6f 7e 03 83 b9 b4 34 00 00
0x00007ff96de32bc0:   02 0f 87 05 01 00 00 48 8d 91 0c 29 00 00 c7 02
0x00007ff96de32bd0:   f0 00 00 00 e9 a8 00 00 00 48 8b 0d 20 6f 7e 03
0x00007ff96de32be0:   83 b9 b4 34 00 00 02 0f 87 df 00 00 00 48 8d 91
0x00007ff96de32bf0:   0c 29 00 00 c7 02 00 04 00 00 e9 82 00 00 00 48
0x00007ff96de32c00:   8b 0d fa 6e 7e 03 83 b9 b4 34 00 00 02 0f 87 b9
0x00007ff96de32c10:   00 00 00 48 8d 91 0c 29 00 00 c7 02 00 08 00 00
0x00007ff96de32c20:   eb 5f 48 8b 0d d7 6e 7e 03 83 b9 b4 34 00 00 02
0x00007ff96de32c30:   0f 87 96 00 00 00 48 8d 91 0c 29 00 00 c7 02 00
0x00007ff96de32c40:   09 00 00 eb 3c 48 8b 0d b4 6e 7e 03 83 b9 b4 34
0x00007ff96de32c50:   00 00 02 77 77 48 8d 91 0c 29 00 00 c7 02 3c 0f 


Stack slot to memory mapping:
stack at sp + 0 slots: 0x00007ff96de32e7c atio6axx.dll
stack at sp + 1 slots: 0x00007ff971676020 atio6axx.dll
stack at sp + 2 slots: 0x000002dd9966a018 points into unknown readable memory: 0x00007ff970e7f5f0 | f0 f5 e7 70 f9 7f 00 00
stack at sp + 3 slots: 0x0 is NULL
stack at sp + 4 slots: 0x00007ff96de33e8d atio6axx.dll
stack at sp + 5 slots: 0x000000ede98fad70 is pointing into the stack for thread: 0x000002dd236b7d80
stack at sp + 6 slots: 0x00007ff96ddef484 atio6axx.dll
stack at sp + 7 slots: 0x00007ff9716733b0 atio6axx.dll


Compiled method (c2)    8343 2544       4       java.util.Optional::map (30 bytes)
 total in heap  [0x000002dd32bf3b10,0x000002dd32bf3ed8] = 968
 relocation     [0x000002dd32bf3c68,0x000002dd32bf3c90] = 40
 main code      [0x000002dd32bf3ca0,0x000002dd32bf3de0] = 320
 stub code      [0x000002dd32bf3de0,0x000002dd32bf3df8] = 24
 metadata       [0x000002dd32bf3df8,0x000002dd32bf3e18] = 32
 scopes data    [0x000002dd32bf3e18,0x000002dd32bf3e50] = 56
 scopes pcs     [0x000002dd32bf3e50,0x000002dd32bf3ea0] = 80
 dependencies   [0x000002dd32bf3ea0,0x000002dd32bf3ea8] = 8
 handler table  [0x000002dd32bf3ea8,0x000002dd32bf3ed8] = 48

[Constant Pool (empty)]

[MachCode]
[Entry Point]
  # {method} {0x000002dd50117f58} 'map' '(Ljava/util/function/Function;)Ljava/util/Optional;' in 'java/util/Optional'
  # this:     rdx:rdx   = 'java/util/Optional'
  # parm0:    r8:r8     = 'java/util/function/Function'
  #           [sp+0x40]  (sp of caller)
  0x000002dd32bf3ca0: 448b 5208 | 49bb 0000 | 0050 dd02 | 0000 4d03 | d349 3bc2 

  0x000002dd32bf3cb4: ;   {runtime_call ic_miss_stub}
  0x000002dd32bf3cb4: 0f85 c68d | 8eff 6690 | 0f1f 4000 
[Verified Entry Point]
  0x000002dd32bf3cc0: 8984 2400 | 90ff ff55 | 4883 ec30 | 4d8b d84d | 85c0 0f84 | b600 0000 | 448b 520c | 0f1f 4000 
  0x000002dd32bf3ce0: 4585 d20f | 847b 0000 | 004d 8bc2 | 49c1 e003 | 498b d366 | 9048 b820 | 5675 95dd 

  0x000002dd32bf3cfc: ;   {virtual_call}
  0x000002dd32bf3cfc: 0200 00e8 

  0x000002dd32bf3d00: ; ImmutableOopMap {}
                      ;*invokeinterface apply {reexecute=0 rethrow=0 return_oop=1}
                      ; - java.util.Optional::map@21 (line 260)
  0x000002dd32bf3d00: 8cff 99ff | 488b e848 | 85c0 0f84 | 6000 0000 | 498b 8708 | 0100 004c | 8bd0 4983 | c210 6690 
  0x000002dd32bf3d20: 4d3b 9718 | 0100 0073 | 534d 8997 | 0801 0000 | 410f 0d8a | 0001 0000 | 48c7 0001 

  0x000002dd32bf3d3c: ;   {metadata('java/util/Optional')}
  0x000002dd32bf3d3c: 0000 00c7 | 4008 a868 | 1100 4c8b | d549 c1ea | 0344 8950 | 0c48 83c4 

  0x000002dd32bf3d54: ;   {poll_return}
  0x000002dd32bf3d54: 305d 493b | a748 0300 | 000f 8757 | 0000 00c3 

  0x000002dd32bf3d64: ;   {oop(a 'java/util/Optional'{0x0000000602942210})}
  0x000002dd32bf3d64: 48b8 1022 | 9402 0600 | 0000 ebe1 

  0x000002dd32bf3d70: ;   {oop(a 'java/util/Optional'{0x0000000602942210})}
  0x000002dd32bf3d70: 48b8 1022 | 9402 0600 | 0000 ebd5 

  0x000002dd32bf3d7c: ;   {metadata('java/util/Optional')}
  0x000002dd32bf3d7c: 48ba a868 | 1150 dd02 

  0x000002dd32bf3d84: ;   {runtime_call _new_instance_Java}
  0x000002dd32bf3d84: 0000 90e8 

  0x000002dd32bf3d88: ; ImmutableOopMap {rbp=Oop }
                      ;*new {reexecute=0 rethrow=0 return_oop=1}
                      ; - java.util.Optional::ofNullable@10 (line 128)
                      ; - java.util.Optional::map@26 (line 260)
  0x000002dd32bf3d88: 74c8 99ff | ebb8 488b | ea4c 8944 | 2408 4c89 | 4424 10ba | 45ff ffff 

  0x000002dd32bf3da0: ;   {runtime_call UncommonTrapBlob}
  0x000002dd32bf3da0: 6666 90e8 

  0x000002dd32bf3da4: ; ImmutableOopMap {rbp=Oop [8]=Oop [16]=Oop }
                      ;*ifnonnull {reexecute=1 rethrow=0 return_oop=0}
                      ; - (reexecute) java.util.Objects::requireNonNull@1 (line 207)
                      ; - java.util.Optional::map@1 (line 256)
  0x000002dd32bf3da4: 58e5 8eff | 488b d0eb | 0348 8bd0 | 4883 c430 

  0x000002dd32bf3db4: ;   {runtime_call _rethrow_Java}
  0x000002dd32bf3db4: 5de9 46d9 

  0x000002dd32bf3db8: ;   {internal_word}
  0x000002dd32bf3db8: 99ff 49ba | 563d bf32 | dd02 0000 | 4d89 9760 

  0x000002dd32bf3dc8: ;   {runtime_call SafepointBlob}
  0x000002dd32bf3dc8: 0300 00e9 | 30f6 8eff | f4f4 f4f4 | f4f4 f4f4 | f4f4 f4f4 | f4f4 f4f4 
[Exception Handler]
  0x000002dd32bf3de0: ;   {no_reloc}
  0x000002dd32bf3de0: e99b 1999 | ffe8 0000 | 0000 4883 

  0x000002dd32bf3dec: ;   {runtime_call DeoptimizationBlob}
  0x000002dd32bf3dec: 2c24 05e9 | ace8 8eff | f4f4 f4f4 
[/MachCode]


---------------  P R O C E S S  ---------------

Threads class SMR info:
_java_thread_list=0x000002dd9bce4320, length=18, elements={
0x000002dd236b7d80, 0x000002dd4d321470, 0x000002dd4d322200, 0x000002dd4d33e7d0,
0x000002dd4fc56390, 0x000002dd4fc56c60, 0x000002dd4fc57530, 0x000002dd4fc58540,
0x000002dd4fc64360, 0x000002dd4fc66c80, 0x000002dd4fd48910, 0x000002dd4fdf4550,
0x000002dd967127a0, 0x000002dd97749cf0, 0x000002dd976dd080, 0x000002dd96a94b10,
0x000002dd96a93b20, 0x000002dd99b8c0c0
}

Java Threads: ( => current thread )
=>0x000002dd236b7d80 JavaThread "Render thread" [_thread_in_native, id=19148, stack(0x000000ede9800000,0x000000ede9900000)]
  0x000002dd4d321470 JavaThread "Reference Handler" daemon [_thread_blocked, id=15724, stack(0x000000ede9f00000,0x000000edea000000)]
  0x000002dd4d322200 JavaThread "Finalizer" daemon [_thread_blocked, id=7824, stack(0x000000edea000000,0x000000edea100000)]
  0x000002dd4d33e7d0 JavaThread "Signal Dispatcher" daemon [_thread_blocked, id=17984, stack(0x000000edea100000,0x000000edea200000)]
  0x000002dd4fc56390 JavaThread "Attach Listener" daemon [_thread_blocked, id=16884, stack(0x000000edea200000,0x000000edea300000)]
  0x000002dd4fc56c60 JavaThread "Service Thread" daemon [_thread_blocked, id=14496, stack(0x000000edea300000,0x000000edea400000)]
  0x000002dd4fc57530 JavaThread "Monitor Deflation Thread" daemon [_thread_blocked, id=18272, stack(0x000000edea400000,0x000000edea500000)]
  0x000002dd4fc58540 JavaThread "C2 CompilerThread0" daemon [_thread_blocked, id=14756, stack(0x000000edea500000,0x000000edea600000)]
  0x000002dd4fc64360 JavaThread "C1 CompilerThread0" daemon [_thread_blocked, id=14972, stack(0x000000edea600000,0x000000edea700000)]
  0x000002dd4fc66c80 JavaThread "Sweeper thread" daemon [_thread_blocked, id=17472, stack(0x000000edea700000,0x000000edea800000)]
  0x000002dd4fd48910 JavaThread "Common-Cleaner" daemon [_thread_blocked, id=12392, stack(0x000000edea800000,0x000000edea900000)]
  0x000002dd4fdf4550 JavaThread "Notification Thread" daemon [_thread_blocked, id=13796, stack(0x000000edea900000,0x000000edeaa00000)]
  0x000002dd967127a0 JavaThread "Thread-0" daemon [_thread_blocked, id=2892, stack(0x000000edeb400000,0x000000edeb500000)]
  0x000002dd97749cf0 JavaThread "FileSystemWatchService" daemon [_thread_in_native, id=7952, stack(0x000000edeb500000,0x000000edeb600000)]
  0x000002dd976dd080 JavaThread "pool-2-thread-1" daemon [_thread_blocked, id=4404, stack(0x000000edeb700000,0x000000edeb800000)]
  0x000002dd96a94b10 JavaThread "C2 CompilerThread1" daemon [_thread_blocked, id=15440, stack(0x000000edeab00000,0x000000edeac00000)]
  0x000002dd96a93b20 JavaThread "C2 CompilerThread2" daemon [_thread_blocked, id=5484, stack(0x000000edeb300000,0x000000edeb400000)]
  0x000002dd99b8c0c0 JavaThread "Timer hack thread" daemon [_thread_blocked, id=13840, stack(0x000000edebb00000,0x000000edebc00000)]

Other Threads:
  0x000002dd4d31c950 VMThread "VM Thread" [stack: 0x000000ede9e00000,0x000000ede9f00000] [id=15760]
  0x000002dd4d156db0 WatcherThread [stack: 0x000000edeaa00000,0x000000edeab00000] [id=18588]
  0x000002dd23765750 GCTaskThread "GC Thread#0" [stack: 0x000000ede9900000,0x000000ede9a00000] [id=7884]
  0x000002dd4ffc94b0 GCTaskThread "GC Thread#1" [stack: 0x000000edeac00000,0x000000edead00000] [id=3440]
  0x000002dd4ffc9770 GCTaskThread "GC Thread#2" [stack: 0x000000edead00000,0x000000edeae00000] [id=16584]
  0x000002dd4ffc9a30 GCTaskThread "GC Thread#3" [stack: 0x000000edeae00000,0x000000edeaf00000] [id=11684]
  0x000002dd4ffc9cf0 GCTaskThread "GC Thread#4" [stack: 0x000000edeaf00000,0x000000edeb000000] [id=12680]
  0x000002dd955e9820 GCTaskThread "GC Thread#5" [stack: 0x000000edeb000000,0x000000edeb100000] [id=17008]
  0x000002dd954d45e0 GCTaskThread "GC Thread#6" [stack: 0x000000edeb100000,0x000000edeb200000] [id=13132]
  0x000002dd954d48a0 GCTaskThread "GC Thread#7" [stack: 0x000000edeb200000,0x000000edeb300000] [id=9516]
  0x000002dd4d14c200 ConcurrentGCThread "G1 Main Marker" [stack: 0x000000ede9a00000,0x000000ede9b00000] [id=19284]
  0x000002dd4d14cb20 ConcurrentGCThread "G1 Conc#0" [stack: 0x000000ede9b00000,0x000000ede9c00000] [id=10720]
  0x000002dd97873bd0 ConcurrentGCThread "G1 Conc#1" [stack: 0x000000edeb600000,0x000000edeb700000] [id=2704]
  0x000002dd4d259880 ConcurrentGCThread "G1 Refine#0" [stack: 0x000000ede9c00000,0x000000ede9d00000] [id=10332]
  0x000002dd9668acb0 ConcurrentGCThread "G1 Refine#1" [stack: 0x000000edebc00000,0x000000edebd00000] [id=8908]
  0x000002dd9ad09b80 ConcurrentGCThread "G1 Refine#2" [stack: 0x000000edebd00000,0x000000edebe00000] [id=14264]
  0x000002dd98ef0c50 ConcurrentGCThread "G1 Refine#3" [stack: 0x000000edebe00000,0x000000edebf00000] [id=19280]
  0x000002dd4d25a1c0 ConcurrentGCThread "G1 Service" [stack: 0x000000ede9d00000,0x000000ede9e00000] [id=18540]

Threads with active compile tasks:

VM state: not at safepoint (normal execution)

VM Mutex/Monitor currently owned by a thread: None

Heap address: 0x0000000602400000, size: 8156 MB, Compressed Oops mode: Zero based, Oop shift amount: 3

CDS archive(s) mapped at: [0x000002dd50000000-0x000002dd50bd0000-0x000002dd50bd0000), size 12386304, SharedBaseAddress: 0x000002dd50000000, ArchiveRelocationMode: 1.
Compressed class space mapped at: 0x000002dd51000000-0x000002dd91000000, reserved size: 1073741824
Narrow klass base: 0x000002dd50000000, Narrow klass shift: 0, Narrow klass range: 0x100000000

GC Precious Log:
 CPUs: 8 total, 8 available
 Memory: 32616M
 Large Page Support: Disabled
 NUMA Support: Disabled
 Compressed Oops: Enabled (Zero based)
 Heap Region Size: 4M
 Heap Min Capacity: 8M
 Heap Initial Capacity: 512M
 Heap Max Capacity: 8156M
 Pre-touch: Disabled
 Parallel Workers: 8
 Concurrent Workers: 2
 Concurrent Refinement Workers: 8
 Periodic GC: Disabled

Heap:
 garbage-first heap   total 491520K, used 359324K [0x0000000602400000, 0x0000000800000000)
  region size 4096K, 49 young (200704K), 2 survivors (8192K)
 Metaspace       used 67637K, committed 68800K, reserved 1114112K
  class space    used 10182K, committed 10688K, reserved 1048576K

Heap Regions: E=young(eden), S=young(survivor), O=old, HS=humongous(starts), HC=humongous(continues), CS=collection set, F=free, OA=open archive, CA=closed archive, TAMS=top-at-mark-start (previous, next)
|   0|0x0000000602400000, 0x0000000602800000, 0x0000000602800000|100%| O|  |TAMS 0x0000000602800000, 0x0000000602400000| Untracked 
|   1|0x0000000602800000, 0x0000000602c00000, 0x0000000602c00000|100%| O|  |TAMS 0x0000000602c00000, 0x0000000602800000| Untracked 
|   2|0x0000000602c00000, 0x0000000603000000, 0x0000000603000000|100%| O|  |TAMS 0x0000000603000000, 0x0000000602c00000| Untracked 
|   3|0x0000000603000000, 0x0000000603400000, 0x0000000603400000|100%| O|  |TAMS 0x0000000603400000, 0x0000000603000000| Untracked 
|   4|0x0000000603400000, 0x0000000603800000, 0x0000000603800000|100%| O|  |TAMS 0x0000000603800000, 0x0000000603400000| Untracked 
|   5|0x0000000603800000, 0x0000000603c00000, 0x0000000603c00000|100%| O|  |TAMS 0x0000000603c00000, 0x0000000603800000| Untracked 
|   6|0x0000000603c00000, 0x0000000604000000, 0x0000000604000000|100%| O|  |TAMS 0x0000000604000000, 0x0000000603c00000| Untracked 
|   7|0x0000000604000000, 0x0000000604400000, 0x0000000604400000|100%| O|  |TAMS 0x0000000604400000, 0x0000000604000000| Untracked 
|   8|0x0000000604400000, 0x0000000604800000, 0x0000000604800000|100%| O|  |TAMS 0x0000000604800000, 0x0000000604400000| Untracked 
|   9|0x0000000604800000, 0x0000000604c00000, 0x0000000604c00000|100%| O|  |TAMS 0x0000000604c00000, 0x0000000604800000| Untracked 
|  10|0x0000000604c00000, 0x0000000605000000, 0x0000000605000000|100%| O|  |TAMS 0x0000000605000000, 0x0000000604c00000| Untracked 
|  11|0x0000000605000000, 0x0000000605400000, 0x0000000605400000|100%| O|  |TAMS 0x0000000605400000, 0x0000000605000000| Untracked 
|  12|0x0000000605400000, 0x0000000605800000, 0x0000000605800000|100%| O|  |TAMS 0x0000000605800000, 0x0000000605400000| Untracked 
|  13|0x0000000605800000, 0x0000000605c00000, 0x0000000605c00000|100%| O|  |TAMS 0x0000000605c00000, 0x0000000605800000| Untracked 
|  14|0x0000000605c00000, 0x0000000606000000, 0x0000000606000000|100%| O|  |TAMS 0x0000000606000000, 0x0000000605c00000| Untracked 
|  15|0x0000000606000000, 0x0000000606400000, 0x0000000606400000|100%| O|  |TAMS 0x0000000606400000, 0x0000000606000000| Untracked 
|  16|0x0000000606400000, 0x0000000606800000, 0x0000000606800000|100%|HS|  |TAMS 0x0000000606800000, 0x0000000606400000| Complete 
|  17|0x0000000606800000, 0x0000000606c00000, 0x0000000606c00000|100%|HC|  |TAMS 0x0000000606c00000, 0x0000000606800000| Complete 
|  18|0x0000000606c00000, 0x0000000607000000, 0x0000000607000000|100%|HC|  |TAMS 0x0000000607000000, 0x0000000606c00000| Complete 
|  19|0x0000000607000000, 0x0000000607400000, 0x0000000607400000|100%| O|  |TAMS 0x0000000607400000, 0x0000000607000000| Untracked 
|  20|0x0000000607400000, 0x0000000607800000, 0x0000000607800000|100%| O|  |TAMS 0x0000000607800000, 0x0000000607400000| Untracked 
|  21|0x0000000607800000, 0x00000006079a2e00, 0x0000000607c00000| 40%| O|  |TAMS 0x00000006079a2e00, 0x0000000607800000| Untracked 
|  22|0x0000000607c00000, 0x0000000608000000, 0x0000000608000000|100%| O|  |TAMS 0x0000000608000000, 0x0000000607c00000| Untracked 
|  23|0x0000000608000000, 0x0000000608400000, 0x0000000608400000|100%| O|  |TAMS 0x0000000608400000, 0x0000000608000000| Untracked 
|  24|0x0000000608400000, 0x0000000608800000, 0x0000000608800000|100%| O|  |TAMS 0x0000000608800000, 0x0000000608400000| Untracked 
|  25|0x0000000608800000, 0x0000000608c00000, 0x0000000608c00000|100%| O|  |TAMS 0x0000000608c00000, 0x0000000608800000| Untracked 
|  26|0x0000000608c00000, 0x0000000609000000, 0x0000000609000000|100%| O|  |TAMS 0x0000000609000000, 0x0000000608c00000| Untracked 
|  27|0x0000000609000000, 0x0000000609400000, 0x0000000609400000|100%| O|  |TAMS 0x0000000609400000, 0x0000000609000000| Untracked 
|  28|0x0000000609400000, 0x0000000609800000, 0x0000000609800000|100%| O|  |TAMS 0x0000000609800000, 0x0000000609400000| Untracked 
|  29|0x0000000609800000, 0x0000000609c00000, 0x0000000609c00000|100%| O|  |TAMS 0x0000000609c00000, 0x0000000609800000| Untracked 
|  30|0x0000000609c00000, 0x000000060a000000, 0x000000060a000000|100%| O|  |TAMS 0x000000060a000000, 0x0000000609c00000| Untracked 
|  31|0x000000060a000000, 0x000000060a400000, 0x000000060a400000|100%| O|  |TAMS 0x000000060a400000, 0x000000060a000000| Untracked 
|  32|0x000000060a400000, 0x000000060a800000, 0x000000060a800000|100%| O|  |TAMS 0x000000060a400000, 0x000000060a400000| Untracked 
|  33|0x000000060a800000, 0x000000060ac00000, 0x000000060ac00000|100%| O|  |TAMS 0x000000060ac00000, 0x000000060a800000| Untracked 
|  34|0x000000060ac00000, 0x000000060b000000, 0x000000060b000000|100%| O|  |TAMS 0x000000060afed000, 0x000000060ac00000| Untracked 
|  35|0x000000060b000000, 0x000000060b400000, 0x000000060b400000|100%| O|  |TAMS 0x000000060b000000, 0x000000060b000000| Untracked 
|  36|0x000000060b400000, 0x000000060b800000, 0x000000060b800000|100%| O|  |TAMS 0x000000060b400000, 0x000000060b400000| Untracked 
|  37|0x000000060b800000, 0x000000060bc00000, 0x000000060bc00000|100%| O|  |TAMS 0x000000060b800000, 0x000000060b800000| Untracked 
|  38|0x000000060bc00000, 0x000000060c000000, 0x000000060c000000|100%| O|  |TAMS 0x000000060bc00000, 0x000000060bc00000| Untracked 
|  39|0x000000060c000000, 0x000000060c000000, 0x000000060c400000|  0%| F|  |TAMS 0x000000060c000000, 0x000000060c000000| Untracked 
|  40|0x000000060c400000, 0x000000060c800000, 0x000000060c800000|100%| O|  |TAMS 0x000000060c400000, 0x000000060c400000| Untracked 
|  41|0x000000060c800000, 0x000000060cb4f200, 0x000000060cc00000| 82%| O|  |TAMS 0x000000060c800000, 0x000000060c800000| Untracked 
|  42|0x000000060cc00000, 0x000000060cc00000, 0x000000060d000000|  0%| F|  |TAMS 0x000000060cc00000, 0x000000060cc00000| Untracked 
|  43|0x000000060d000000, 0x000000060d000000, 0x000000060d400000|  0%| F|  |TAMS 0x000000060d000000, 0x000000060d000000| Untracked 
|  44|0x000000060d400000, 0x000000060d400000, 0x000000060d800000|  0%| F|  |TAMS 0x000000060d400000, 0x000000060d400000| Untracked 
|  45|0x000000060d800000, 0x000000060d800000, 0x000000060dc00000|  0%| F|  |TAMS 0x000000060d800000, 0x000000060d800000| Untracked 
|  46|0x000000060dc00000, 0x000000060dc00000, 0x000000060e000000|  0%| F|  |TAMS 0x000000060dc00000, 0x000000060dc00000| Untracked 
|  47|0x000000060e000000, 0x000000060e000000, 0x000000060e400000|  0%| F|  |TAMS 0x000000060e000000, 0x000000060e000000| Untracked 
|  48|0x000000060e400000, 0x000000060e400000, 0x000000060e800000|  0%| F|  |TAMS 0x000000060e400000, 0x000000060e400000| Untracked 
|  49|0x000000060e800000, 0x000000060e800000, 0x000000060ec00000|  0%| F|  |TAMS 0x000000060e800000, 0x000000060e800000| Untracked 
|  50|0x000000060ec00000, 0x000000060ec00000, 0x000000060f000000|  0%| F|  |TAMS 0x000000060ec00000, 0x000000060ec00000| Untracked 
|  51|0x000000060f000000, 0x000000060f000000, 0x000000060f400000|  0%| F|  |TAMS 0x000000060f000000, 0x000000060f000000| Untracked 
|  52|0x000000060f400000, 0x000000060f400000, 0x000000060f800000|  0%| F|  |TAMS 0x000000060f400000, 0x000000060f400000| Untracked 
|  53|0x000000060f800000, 0x000000060f800000, 0x000000060fc00000|  0%| F|  |TAMS 0x000000060f800000, 0x000000060f800000| Untracked 
|  54|0x000000060fc00000, 0x000000060fc00000, 0x0000000610000000|  0%| F|  |TAMS 0x000000060fc00000, 0x000000060fc00000| Untracked 
|  55|0x0000000610000000, 0x0000000610000000, 0x0000000610400000|  0%| F|  |TAMS 0x0000000610000000, 0x0000000610000000| Untracked 
|  56|0x0000000610400000, 0x0000000610400000, 0x0000000610800000|  0%| F|  |TAMS 0x0000000610400000, 0x0000000610400000| Untracked 
|  57|0x0000000610800000, 0x0000000610800000, 0x0000000610c00000|  0%| F|  |TAMS 0x0000000610800000, 0x0000000610800000| Untracked 
|  58|0x0000000610c00000, 0x0000000610c00000, 0x0000000611000000|  0%| F|  |TAMS 0x0000000610c00000, 0x0000000610c00000| Untracked 
|  59|0x0000000611000000, 0x0000000611000000, 0x0000000611400000|  0%| F|  |TAMS 0x0000000611000000, 0x0000000611000000| Untracked 
|  60|0x0000000611400000, 0x0000000611400000, 0x0000000611800000|  0%| F|  |TAMS 0x0000000611400000, 0x0000000611400000| Untracked 
|  61|0x0000000611800000, 0x0000000611800000, 0x0000000611c00000|  0%| F|  |TAMS 0x0000000611800000, 0x0000000611800000| Untracked 
|  62|0x0000000611c00000, 0x0000000611c00000, 0x0000000612000000|  0%| F|  |TAMS 0x0000000611c00000, 0x0000000611c00000| Untracked 
|  63|0x0000000612000000, 0x0000000612000000, 0x0000000612400000|  0%| F|  |TAMS 0x0000000612000000, 0x0000000612000000| Untracked 
|  64|0x0000000612400000, 0x0000000612400000, 0x0000000612800000|  0%| F|  |TAMS 0x0000000612400000, 0x0000000612400000| Untracked 
|  65|0x0000000612800000, 0x0000000612800000, 0x0000000612c00000|  0%| F|  |TAMS 0x0000000612800000, 0x0000000612800000| Untracked 
|  66|0x0000000612c00000, 0x0000000612c00000, 0x0000000613000000|  0%| F|  |TAMS 0x0000000612c00000, 0x0000000612c00000| Untracked 
|  67|0x0000000613000000, 0x0000000613000000, 0x0000000613400000|  0%| F|  |TAMS 0x0000000613000000, 0x0000000613000000| Untracked 
|  68|0x0000000613400000, 0x0000000613400000, 0x0000000613800000|  0%| F|  |TAMS 0x0000000613400000, 0x0000000613400000| Untracked 
|  69|0x0000000613800000, 0x0000000613800000, 0x0000000613c00000|  0%| F|  |TAMS 0x0000000613800000, 0x0000000613800000| Untracked 
|  70|0x0000000613c00000, 0x0000000613c00000, 0x0000000614000000|  0%| F|  |TAMS 0x0000000613c00000, 0x0000000613c00000| Untracked 
|  71|0x0000000614000000, 0x000000061432ab90, 0x0000000614400000| 79%| E|  |TAMS 0x0000000614000000, 0x0000000614000000| Complete 
|  72|0x0000000614400000, 0x0000000614800000, 0x0000000614800000|100%| E|CS|TAMS 0x0000000614400000, 0x0000000614400000| Complete 
|  73|0x0000000614800000, 0x0000000614c00000, 0x0000000614c00000|100%| E|CS|TAMS 0x0000000614800000, 0x0000000614800000| Complete 
|  74|0x0000000614c00000, 0x0000000615000000, 0x0000000615000000|100%| E|CS|TAMS 0x0000000614c00000, 0x0000000614c00000| Complete 
|  75|0x0000000615000000, 0x0000000615400000, 0x0000000615400000|100%| E|CS|TAMS 0x0000000615000000, 0x0000000615000000| Complete 
|  76|0x0000000615400000, 0x0000000615800000, 0x0000000615800000|100%| E|CS|TAMS 0x0000000615400000, 0x0000000615400000| Complete 
|  77|0x0000000615800000, 0x0000000615c00000, 0x0000000615c00000|100%| E|CS|TAMS 0x0000000615800000, 0x0000000615800000| Complete 
|  78|0x0000000615c00000, 0x0000000616000000, 0x0000000616000000|100%| E|CS|TAMS 0x0000000615c00000, 0x0000000615c00000| Complete 
|  79|0x0000000616000000, 0x0000000616400000, 0x0000000616400000|100%| E|CS|TAMS 0x0000000616000000, 0x0000000616000000| Complete 
|  80|0x0000000616400000, 0x0000000616800000, 0x0000000616800000|100%| E|CS|TAMS 0x0000000616400000, 0x0000000616400000| Complete 
|  81|0x0000000616800000, 0x0000000616c00000, 0x0000000616c00000|100%| E|CS|TAMS 0x0000000616800000, 0x0000000616800000| Complete 
|  82|0x0000000616c00000, 0x0000000617000000, 0x0000000617000000|100%| E|CS|TAMS 0x0000000616c00000, 0x0000000616c00000| Complete 
|  83|0x0000000617000000, 0x0000000617400000, 0x0000000617400000|100%| E|CS|TAMS 0x0000000617000000, 0x0000000617000000| Complete 
|  84|0x0000000617400000, 0x0000000617800000, 0x0000000617800000|100%| E|CS|TAMS 0x0000000617400000, 0x0000000617400000| Complete 
|  85|0x0000000617800000, 0x0000000617c00000, 0x0000000617c00000|100%| E|CS|TAMS 0x0000000617800000, 0x0000000617800000| Complete 
|  86|0x0000000617c00000, 0x0000000618000000, 0x0000000618000000|100%| E|CS|TAMS 0x0000000617c00000, 0x0000000617c00000| Complete 
|  87|0x0000000618000000, 0x0000000618400000, 0x0000000618400000|100%| E|CS|TAMS 0x0000000618000000, 0x0000000618000000| Complete 
|  88|0x0000000618400000, 0x0000000618800000, 0x0000000618800000|100%| E|CS|TAMS 0x0000000618400000, 0x0000000618400000| Complete 
|  89|0x0000000618800000, 0x0000000618c00000, 0x0000000618c00000|100%| E|CS|TAMS 0x0000000618800000, 0x0000000618800000| Complete 
|  90|0x0000000618c00000, 0x0000000619000000, 0x0000000619000000|100%| E|CS|TAMS 0x0000000618c00000, 0x0000000618c00000| Complete 
|  91|0x0000000619000000, 0x0000000619400000, 0x0000000619400000|100%| E|CS|TAMS 0x0000000619000000, 0x0000000619000000| Complete 
|  92|0x0000000619400000, 0x0000000619800000, 0x0000000619800000|100%| E|CS|TAMS 0x0000000619400000, 0x0000000619400000| Complete 
|  93|0x0000000619800000, 0x0000000619c00000, 0x0000000619c00000|100%| E|CS|TAMS 0x0000000619800000, 0x0000000619800000| Complete 
|  94|0x0000000619c00000, 0x000000061a000000, 0x000000061a000000|100%| E|CS|TAMS 0x0000000619c00000, 0x0000000619c00000| Complete 
|  95|0x000000061a000000, 0x000000061a400000, 0x000000061a400000|100%| E|CS|TAMS 0x000000061a000000, 0x000000061a000000| Complete 
|  96|0x000000061a400000, 0x000000061a800000, 0x000000061a800000|100%| E|CS|TAMS 0x000000061a400000, 0x000000061a400000| Complete 
|  97|0x000000061a800000, 0x000000061ac00000, 0x000000061ac00000|100%| E|CS|TAMS 0x000000061a800000, 0x000000061a800000| Complete 
|  98|0x000000061ac00000, 0x000000061b000000, 0x000000061b000000|100%| E|CS|TAMS 0x000000061ac00000, 0x000000061ac00000| Complete 
|  99|0x000000061b000000, 0x000000061b400000, 0x000000061b400000|100%| E|CS|TAMS 0x000000061b000000, 0x000000061b000000| Complete 
| 100|0x000000061b400000, 0x000000061b800000, 0x000000061b800000|100%| E|CS|TAMS 0x000000061b400000, 0x000000061b400000| Complete 
| 101|0x000000061b800000, 0x000000061bc00000, 0x000000061bc00000|100%| E|CS|TAMS 0x000000061b800000, 0x000000061b800000| Complete 
| 102|0x000000061bc00000, 0x000000061c000000, 0x000000061c000000|100%| E|CS|TAMS 0x000000061bc00000, 0x000000061bc00000| Complete 
| 103|0x000000061c000000, 0x000000061c1f51e0, 0x000000061c400000| 48%| S|CS|TAMS 0x000000061c000000, 0x000000061c000000| Complete 
| 104|0x000000061c400000, 0x000000061c800000, 0x000000061c800000|100%| S|CS|TAMS 0x000000061c400000, 0x000000061c400000| Complete 
| 105|0x000000061c800000, 0x000000061cc00000, 0x000000061cc00000|100%| E|CS|TAMS 0x000000061c800000, 0x000000061c800000| Complete 
| 106|0x000000061cc00000, 0x000000061d000000, 0x000000061d000000|100%| E|CS|TAMS 0x000000061cc00000, 0x000000061cc00000| Complete 
| 107|0x000000061d000000, 0x000000061d400000, 0x000000061d400000|100%| E|CS|TAMS 0x000000061d000000, 0x000000061d000000| Complete 
| 108|0x000000061d400000, 0x000000061d800000, 0x000000061d800000|100%| E|CS|TAMS 0x000000061d400000, 0x000000061d400000| Complete 
| 109|0x000000061d800000, 0x000000061dc00000, 0x000000061dc00000|100%| E|CS|TAMS 0x000000061d800000, 0x000000061d800000| Complete 
| 110|0x000000061dc00000, 0x000000061e000000, 0x000000061e000000|100%| E|CS|TAMS 0x000000061dc00000, 0x000000061dc00000| Complete 
| 111|0x000000061e000000, 0x000000061e400000, 0x000000061e400000|100%| E|CS|TAMS 0x000000061e000000, 0x000000061e000000| Complete 
| 112|0x000000061e400000, 0x000000061e800000, 0x000000061e800000|100%| E|CS|TAMS 0x000000061e400000, 0x000000061e400000| Complete 
| 113|0x000000061e800000, 0x000000061ec00000, 0x000000061ec00000|100%| E|CS|TAMS 0x000000061e800000, 0x000000061e800000| Complete 
| 114|0x000000061ec00000, 0x000000061f000000, 0x000000061f000000|100%| E|CS|TAMS 0x000000061ec00000, 0x000000061ec00000| Complete 
| 115|0x000000061f000000, 0x000000061f400000, 0x000000061f400000|100%| E|CS|TAMS 0x000000061f000000, 0x000000061f000000| Complete 
| 116|0x000000061f400000, 0x000000061f800000, 0x000000061f800000|100%| E|CS|TAMS 0x000000061f400000, 0x000000061f400000| Complete 
| 117|0x000000061f800000, 0x000000061fc00000, 0x000000061fc00000|100%| E|CS|TAMS 0x000000061f800000, 0x000000061f800000| Complete 
| 118|0x000000061fc00000, 0x0000000620000000, 0x0000000620000000|100%| E|CS|TAMS 0x000000061fc00000, 0x000000061fc00000| Complete 
| 127|0x0000000622000000, 0x0000000622400000, 0x0000000622400000|100%| E|CS|TAMS 0x0000000622000000, 0x0000000622000000| Complete 

Card table byte_map: [0x000002dd3b280000,0x000002dd3c270000] _byte_map_base: 0x000002dd3826e000

Marking Bits (Prev, Next): (CMBitMap*) 0x000002dd23766cd0, (CMBitMap*) 0x000002dd23766c90
 Prev Bits: [0x000002dd451d0000, 0x000002dd4d140000)
 Next Bits: [0x000002dd3d260000, 0x000002dd451d0000)

Polling page: 0x000002dd22e70000

Metaspace:

Usage:
  Non-class:     56.11 MB used.
      Class:      9.94 MB used.
       Both:     66.05 MB used.

Virtual space:
  Non-class space:       64.00 MB reserved,      56.75 MB ( 89%) committed,  1 nodes.
      Class space:        1.00 GB reserved,      10.44 MB (  1%) committed,  1 nodes.
             Both:        1.06 GB reserved,      67.19 MB (  6%) committed. 

Chunk freelists:
   Non-Class:  6.57 MB
       Class:  5.58 MB
        Both:  12.15 MB

MaxMetaspaceSize: unlimited
CompressedClassSpaceSize: 1.00 GB
Initial GC threshold: 21.00 MB
Current GC threshold: 99.50 MB
CDS: on
MetaspaceReclaimPolicy: balanced
 - commit_granule_bytes: 65536.
 - commit_granule_words: 8192.
 - virtual_space_node_default_size: 8388608.
 - enlarge_chunks_in_place: 1.
 - new_chunks_are_fully_committed: 0.
 - uncommit_free_chunks: 1.
 - use_allocation_guard: 0.
 - handle_deallocations: 1.


Internal statistics:

num_allocs_failed_limit: 15.
num_arena_births: 1720.
num_arena_deaths: 0.
num_vsnodes_births: 2.
num_vsnodes_deaths: 0.
num_space_committed: 1072.
num_space_uncommitted: 0.
num_chunks_returned_to_freelist: 15.
num_chunks_taken_from_freelist: 4523.
num_chunk_merges: 15.
num_chunk_splits: 2942.
num_chunks_enlarged: 1982.
num_inconsistent_stats: 0.

CodeHeap 'non-profiled nmethods': size=120000Kb used=6794Kb max_used=6794Kb free=113205Kb
 bounds [0x000002dd32a30000, 0x000002dd330e0000, 0x000002dd39f60000]
CodeHeap 'profiled nmethods': size=120000Kb used=12287Kb max_used=14112Kb free=107712Kb
 bounds [0x000002dd2af60000, 0x000002dd2bd30000, 0x000002dd32490000]
CodeHeap 'non-nmethods': size=5760Kb used=1958Kb max_used=2052Kb free=3801Kb
 bounds [0x000002dd32490000, 0x000002dd32700000, 0x000002dd32a30000]
 total_blobs=9184 nmethods=7704 adapters=1392
 compilation: enabled
              stopped_count=0, restarted_count=0
 full_count=0

Compilation events (20 events):
Event: 8.249 Thread 0x000002dd4fc64360 10307       3       java.nio.ByteBuffer::order (48 bytes)
Event: 8.249 Thread 0x000002dd4fc64360 nmethod 10307 0x000002dd2bb46d90 code [0x000002dd2bb46f40, 0x000002dd2bb47178]
Event: 8.249 Thread 0x000002dd4fc64360 10308       3       sun.misc.Unsafe::putInt (11 bytes)
Event: 8.249 Thread 0x000002dd4fc64360 nmethod 10308 0x000002dd2b7aff90 code [0x000002dd2b7b0120, 0x000002dd2b7b0238]
Event: 8.249 Thread 0x000002dd4fc64360 10309       3       org.lwjgl.system.MemoryUtil::encodeASCIIUnsafe (53 bytes)
Event: 8.249 Thread 0x000002dd4fc64360 nmethod 10309 0x000002dd2b87de10 code [0x000002dd2b87dfe0, 0x000002dd2b87e3f8]
Event: 8.249 Thread 0x000002dd4fc64360 10310       1       org.lwjgl.system.Pointer$Default::address (5 bytes)
Event: 8.249 Thread 0x000002dd4fc64360 nmethod 10310 0x000002dd330bce10 code [0x000002dd330bcfa0, 0x000002dd330bd078]
Event: 8.250 Thread 0x000002dd4fc64360 10311       3       jdk.internal.loader.NativeLibraries$NativeLibraryImpl::find (6 bytes)
Event: 8.250 Thread 0x000002dd4fc64360 nmethod 10311 0x000002dd2b7b6990 code [0x000002dd2b7b6b20, 0x000002dd2b7b6c48]
Event: 8.255 Thread 0x000002dd96a93b20 nmethod 10295 0x000002dd330bd510 code [0x000002dd330bd840, 0x000002dd330bf488]
Event: 8.263 Thread 0x000002dd4fc64360 10313       3       java.util.concurrent.ConcurrentHashMap::isEmpty (15 bytes)
Event: 8.264 Thread 0x000002dd4fc64360 nmethod 10313 0x000002dd2bb6db10 code [0x000002dd2bb6dcc0, 0x000002dd2bb6de68]
Event: 8.276 Thread 0x000002dd4fc58540 nmethod 10075 0x000002dd330c1410 code [0x000002dd330c1a00, 0x000002dd330cd6f8]
Event: 8.278 Thread 0x000002dd4fc64360 10317       3       sun.misc.Unsafe::getInt (9 bytes)
Event: 8.279 Thread 0x000002dd4fc64360 nmethod 10317 0x000002dd2b827290 code [0x000002dd2b827420, 0x000002dd2b827538]
Event: 8.279 Thread 0x000002dd4fc64360 10318       3       org.lwjgl.system.CustomBuffer::address (19 bytes)
Event: 8.279 Thread 0x000002dd4fc64360 nmethod 10318 0x000002dd2bbd5890 code [0x000002dd2bbd5a40, 0x000002dd2bbd5ca8]
Event: 8.279 Thread 0x000002dd4fc64360 10319       3       org.lwjgl.system.StructBuffer::sizeof (8 bytes)
Event: 8.279 Thread 0x000002dd4fc64360 nmethod 10319 0x000002dd2b99a790 code [0x000002dd2b99a940, 0x000002dd2b99ab98]

GC Heap History (20 events):
Event: 3.041 GC heap before
{Heap before GC invocations=8 (full 0):
 garbage-first heap   total 245760K, used 167831K [0x0000000602400000, 0x0000000800000000)
  region size 4096K, 25 young (102400K), 1 survivors (4096K)
 Metaspace       used 27198K, committed 28096K, reserved 1114112K
  class space    used 3363K, committed 3776K, reserved 1048576K
}
Event: 3.043 GC heap after
{Heap after GC invocations=9 (full 0):
 garbage-first heap   total 245760K, used 68840K [0x0000000602400000, 0x0000000800000000)
  region size 4096K, 1 young (4096K), 1 survivors (4096K)
 Metaspace       used 27198K, committed 28096K, reserved 1114112K
  class space    used 3363K, committed 3776K, reserved 1048576K
}
Event: 3.142 GC heap before
{Heap before GC invocations=9 (full 0):
 garbage-first heap   total 245760K, used 175336K [0x0000000602400000, 0x0000000800000000)
  region size 4096K, 27 young (110592K), 1 survivors (4096K)
 Metaspace       used 27211K, committed 28096K, reserved 1114112K
  class space    used 3366K, committed 3776K, reserved 1048576K
}
Event: 3.143 GC heap after
{Heap after GC invocations=10 (full 0):
 garbage-first heap   total 245760K, used 69101K [0x0000000602400000, 0x0000000800000000)
  region size 4096K, 1 young (4096K), 1 survivors (4096K)
 Metaspace       used 27211K, committed 28096K, reserved 1114112K
  class space    used 3366K, committed 3776K, reserved 1048576K
}
Event: 3.303 GC heap before
{Heap before GC invocations=10 (full 0):
 garbage-first heap   total 245760K, used 183789K [0x0000000602400000, 0x0000000800000000)
  region size 4096K, 29 young (118784K), 1 survivors (4096K)
 Metaspace       used 27759K, committed 28672K, reserved 1114112K
  class space    used 3431K, committed 3840K, reserved 1048576K
}
Event: 3.304 GC heap after
{Heap after GC invocations=11 (full 0):
 garbage-first heap   total 245760K, used 70261K [0x0000000602400000, 0x0000000800000000)
  region size 4096K, 1 young (4096K), 1 survivors (4096K)
 Metaspace       used 27759K, committed 28672K, reserved 1114112K
  class space    used 3431K, committed 3840K, reserved 1048576K
}
Event: 3.472 GC heap before
{Heap before GC invocations=11 (full 0):
 garbage-first heap   total 245760K, used 189045K [0x0000000602400000, 0x0000000800000000)
  region size 4096K, 31 young (126976K), 1 survivors (4096K)
 Metaspace       used 28199K, committed 28992K, reserved 1114112K
  class space    used 3497K, committed 3840K, reserved 1048576K
}
Event: 3.476 GC heap after
{Heap after GC invocations=12 (full 0):
 garbage-first heap   total 479232K, used 76231K [0x0000000602400000, 0x0000000800000000)
  region size 4096K, 3 young (12288K), 3 survivors (12288K)
 Metaspace       used 28199K, committed 28992K, reserved 1114112K
  class space    used 3497K, committed 3840K, reserved 1048576K
}
Event: 3.866 GC heap before
{Heap before GC invocations=12 (full 0):
 garbage-first heap   total 479232K, used 350663K [0x0000000602400000, 0x0000000800000000)
  region size 4096K, 70 young (286720K), 3 survivors (12288K)
 Metaspace       used 30295K, committed 31168K, reserved 1114112K
  class space    used 3766K, committed 4160K, reserved 1048576K
}
Event: 3.873 GC heap after
{Heap after GC invocations=13 (full 0):
 garbage-first heap   total 479232K, used 84475K [0x0000000602400000, 0x0000000800000000)
  region size 4096K, 5 young (20480K), 5 survivors (20480K)
 Metaspace       used 30295K, committed 31168K, reserved 1114112K
  class space    used 3766K, committed 4160K, reserved 1048576K
}
Event: 4.868 GC heap before
{Heap before GC invocations=13 (full 0):
 garbage-first heap   total 479232K, used 317947K [0x0000000602400000, 0x0000000800000000)
  region size 4096K, 60 young (245760K), 5 survivors (20480K)
 Metaspace       used 35151K, committed 36096K, reserved 1114112K
  class space    used 4351K, committed 4800K, reserved 1048576K
}
Event: 4.874 GC heap after
{Heap after GC invocations=14 (full 0):
 garbage-first heap   total 479232K, used 103068K [0x0000000602400000, 0x0000000800000000)
  region size 4096K, 6 young (24576K), 6 survivors (24576K)
 Metaspace       used 35151K, committed 36096K, reserved 1114112K
  class space    used 4351K, committed 4800K, reserved 1048576K
}
Event: 5.752 GC heap before
{Heap before GC invocations=15 (full 0):
 garbage-first heap   total 409600K, used 324252K [0x0000000602400000, 0x0000000800000000)
  region size 4096K, 60 young (245760K), 6 survivors (24576K)
 Metaspace       used 43628K, committed 44608K, reserved 1114112K
  class space    used 5701K, committed 6144K, reserved 1048576K
}
Event: 5.761 GC heap after
{Heap after GC invocations=16 (full 0):
 garbage-first heap   total 409600K, used 115342K [0x0000000602400000, 0x0000000800000000)
  region size 4096K, 7 young (28672K), 7 survivors (28672K)
 Metaspace       used 43628K, committed 44608K, reserved 1114112K
  class space    used 5701K, committed 6144K, reserved 1048576K
}
Event: 6.231 GC heap before
{Heap before GC invocations=16 (full 0):
 garbage-first heap   total 409600K, used 332430K [0x0000000602400000, 0x0000000800000000)
  region size 4096K, 60 young (245760K), 7 survivors (28672K)
 Metaspace       used 45105K, committed 46144K, reserved 1114112K
  class space    used 5928K, committed 6400K, reserved 1048576K
}
Event: 6.246 GC heap after
{Heap after GC invocations=17 (full 0):
 garbage-first heap   total 409600K, used 136424K [0x0000000602400000, 0x0000000800000000)
  region size 4096K, 8 young (32768K), 8 survivors (32768K)
 Metaspace       used 45105K, committed 46144K, reserved 1114112K
  class space    used 5928K, committed 6400K, reserved 1048576K
}
Event: 6.981 GC heap before
{Heap before GC invocations=17 (full 0):
 garbage-first heap   total 409600K, used 328936K [0x0000000602400000, 0x0000000800000000)
  region size 4096K, 55 young (225280K), 8 survivors (32768K)
 Metaspace       used 54456K, committed 55552K, reserved 1114112K
  class space    used 7744K, committed 8256K, reserved 1048576K
}
Event: 6.997 GC heap after
{Heap after GC invocations=18 (full 0):
 garbage-first heap   total 491520K, used 165439K [0x0000000602400000, 0x0000000800000000)
  region size 4096K, 7 young (28672K), 7 survivors (28672K)
 Metaspace       used 54456K, committed 55552K, reserved 1114112K
  class space    used 7744K, committed 8256K, reserved 1048576K
}
Event: 7.333 GC heap before
{Heap before GC invocations=18 (full 0):
 garbage-first heap   total 491520K, used 222783K [0x0000000602400000, 0x0000000800000000)
  region size 4096K, 22 young (90112K), 7 survivors (28672K)
 Metaspace       used 59254K, committed 60288K, reserved 1114112K
  class space    used 8678K, committed 9152K, reserved 1048576K
}
Event: 7.341 GC heap after
{Heap after GC invocations=19 (full 0):
 garbage-first heap   total 491520K, used 170908K [0x0000000602400000, 0x0000000800000000)
  region size 4096K, 2 young (8192K), 2 survivors (8192K)
 Metaspace       used 59254K, committed 60288K, reserved 1114112K
  class space    used 8678K, committed 9152K, reserved 1048576K
}

Deoptimization events (20 events):
Event: 8.232 Thread 0x000002dd236b7d80 DEOPT PACKING pc=0x000002dd32eb2944 sp=0x000000ede98fc7b0
Event: 8.232 Thread 0x000002dd236b7d80 DEOPT UNPACKING pc=0x000002dd324e23a3 sp=0x000000ede98fc728 mode 2
Event: 8.232 Thread 0x000002dd236b7d80 Uncommon trap: trap_request=0xffffffde fr.pc=0x000002dd32eb2944 relative=0x00000000000002a4
Event: 8.232 Thread 0x000002dd236b7d80 Uncommon trap: reason=class_check action=maybe_recompile pc=0x000002dd32eb2944 method=java.util.regex.Matcher.match(II)Z @ 121 c2
Event: 8.232 Thread 0x000002dd236b7d80 DEOPT PACKING pc=0x000002dd32eb2944 sp=0x000000ede98fc7b0
Event: 8.232 Thread 0x000002dd236b7d80 DEOPT UNPACKING pc=0x000002dd324e23a3 sp=0x000000ede98fc728 mode 2
Event: 8.232 Thread 0x000002dd236b7d80 Uncommon trap: trap_request=0xffffffde fr.pc=0x000002dd32eb2944 relative=0x00000000000002a4
Event: 8.232 Thread 0x000002dd236b7d80 Uncommon trap: reason=class_check action=maybe_recompile pc=0x000002dd32eb2944 method=java.util.regex.Matcher.match(II)Z @ 121 c2
Event: 8.232 Thread 0x000002dd236b7d80 DEOPT PACKING pc=0x000002dd32eb2944 sp=0x000000ede98fc7b0
Event: 8.232 Thread 0x000002dd236b7d80 DEOPT UNPACKING pc=0x000002dd324e23a3 sp=0x000000ede98fc728 mode 2
Event: 8.235 Thread 0x000002dd236b7d80 DEOPT PACKING pc=0x000002dd2bba0154 sp=0x000000ede98fde90
Event: 8.235 Thread 0x000002dd236b7d80 DEOPT UNPACKING pc=0x000002dd324e2b43 sp=0x000000ede98fd368 mode 0
Event: 8.236 Thread 0x000002dd236b7d80 Uncommon trap: trap_request=0xffffff45 fr.pc=0x000002dd330a56d4 relative=0x0000000000000434
Event: 8.236 Thread 0x000002dd236b7d80 Uncommon trap: reason=unstable_if action=reinterpret pc=0x000002dd330a56d4 method=com.google.gson.stream.JsonReader.doPeek()I @ 315 c2
Event: 8.236 Thread 0x000002dd236b7d80 DEOPT PACKING pc=0x000002dd330a56d4 sp=0x000000ede98fdf70
Event: 8.236 Thread 0x000002dd236b7d80 DEOPT UNPACKING pc=0x000002dd324e23a3 sp=0x000000ede98fdef8 mode 2
Event: 8.236 Thread 0x000002dd236b7d80 Uncommon trap: trap_request=0xffffff45 fr.pc=0x000002dd330a75e0 relative=0x00000000000000c0
Event: 8.236 Thread 0x000002dd236b7d80 Uncommon trap: reason=unstable_if action=reinterpret pc=0x000002dd330a75e0 method=com.google.gson.stream.JsonReader.peek()Lcom/google/gson/stream/JsonToken; @ 15 c2
Event: 8.236 Thread 0x000002dd236b7d80 DEOPT PACKING pc=0x000002dd330a75e0 sp=0x000000ede98fdfb0
Event: 8.236 Thread 0x000002dd236b7d80 DEOPT UNPACKING pc=0x000002dd324e23a3 sp=0x000000ede98fdf38 mode 2

Classes unloaded (0 events):
No events

Classes redefined (0 events):
No events

Internal exceptions (20 events):
Event: 7.930 Thread 0x000002dd236b7d80 Exception <a 'sun/nio/fs/WindowsException'{0x00000006172284d0}> (0x00000006172284d0) 
thrown [s\open\src\hotspot\share\prims\jni.cpp, line 516]
Event: 7.930 Thread 0x000002dd236b7d80 Exception <a 'sun/nio/fs/WindowsException'{0x0000000617229950}> (0x0000000617229950) 
thrown [s\open\src\hotspot\share\prims\jni.cpp, line 516]
Event: 8.008 Thread 0x000002dd236b7d80 Exception <a 'java/lang/NoSuchMethodError'{0x0000000616283a28}: 'int java.lang.invoke.DirectMethodHandle$Holder.invokeStatic(java.lang.Object)'> (0x0000000616283a28) 
thrown [s\open\src\hotspot\share\interpreter\linkResolver.cpp, line 759]
Event: 8.029 Thread 0x000002dd236b7d80 Exception <a 'java/lang/NoSuchMethodError'{0x0000000615e8c648}: 'java.lang.Object java.lang.invoke.Invokers$Holder.linkToTargetMethod(java.lang.Object, int, java.lang.Object, java.lang.Object)'> (0x0000000615e8c648) 
thrown [s\open\src\hotspot\share\interpreter\linkResolver.cpp, line 759]
Event: 8.033 Thread 0x000002dd236b7d80 Exception <a 'java/lang/NoSuchMethodError'{0x0000000615f3c6d0}: 'int java.lang.invoke.DirectMethodHandle$Holder.invokeStaticInit(java.lang.Object)'> (0x0000000615f3c6d0) 
thrown [s\open\src\hotspot\share\interpreter\linkResolver.cpp, line 759]
Event: 8.034 Thread 0x000002dd236b7d80 Exception <a 'java/lang/NoSuchMethodError'{0x0000000615f43ab8}: 'int java.lang.invoke.Invokers$Holder.invokeExact_MT(java.lang.Object, java.lang.Object)'> (0x0000000615f43ab8) 
thrown [s\open\src\hotspot\share\interpreter\linkResolver.cpp, line 759]
Event: 8.037 Thread 0x000002dd236b7d80 Exception <a 'sun/nio/fs/WindowsException'{0x0000000615fe29d0}> (0x0000000615fe29d0) 
thrown [s\open\src\hotspot\share\prims\jni.cpp, line 516]
Event: 8.037 Thread 0x000002dd236b7d80 Exception <a 'sun/nio/fs/WindowsException'{0x0000000615fe2d30}> (0x0000000615fe2d30) 
thrown [s\open\src\hotspot\share\prims\jni.cpp, line 516]
Event: 8.043 Thread 0x000002dd236b7d80 Exception <a 'java/lang/NoSuchMethodError'{0x00000006158bd450}: 'java.lang.Object java.lang.invoke.DirectMethodHandle$Holder.invokeInterface(java.lang.Object, java.lang.Object, double)'> (0x00000006158bd450) 
thrown [s\open\src\hotspot\share\interpreter\linkResolver.cpp, line 759]
Event: 8.043 Thread 0x000002dd236b7d80 Exception <a 'java/lang/NoSuchMethodError'{0x00000006158c3cb0}: 'double java.lang.invoke.DirectMethodHandle$Holder.invokeInterface(java.lang.Object, java.lang.Object, java.lang.Object)'> (0x00000006158c3cb0) 
thrown [s\open\src\hotspot\share\interpreter\linkResolver.cpp, line 759]
Event: 8.133 Thread 0x000002dd236b7d80 Exception <a 'java/lang/NoSuchMethodError'{0x0000000615336108}: 'java.lang.Object java.lang.invoke.DirectMethodHandle$Holder.newInvokeSpecial(java.lang.Object, java.lang.Object, java.lang.Object, java.lang.Object, java.lang.Object, java.lang.Object, java.lang.Object, java.lang.Object, java.lang.Object, java.lang.Object)'> (0x0000000615336108) 
thrown [s\open\src\hotspot\share\interpreter\linkResolver.cpp, line 759]
Event: 8.133 Thread 0x000002dd236b7d80 Exception <a 'java/lang/NoSuchMethodError'{0x000000061533a6d0}: 'java.lang.Object java.lang.invoke.Invokers$Holder.linkToTargetMethod(java.lang.Object, java.lang.Object, java.lang.Object, java.lang.Object, java.lang.Object, java.lang.Object, java.lang.Object, java.lang.Object, java.lang.Object, java.lang.Object)'> (0x000000061533a6d0) 
thrown [s\open\src\hotspot\share\interpreter\linkResolver.cpp, line 759]
Event: 8.180 Thread 0x000002dd236b7d80 Exception <a 'java/lang/NoSuchMethodError'{0x0000000614fe1ff8}: 'java.lang.Object java.lang.invoke.Invokers$Holder.linkToTargetMethod(java.lang.Object, java.lang.Object, java.lang.Object, java.lang.Object, java.lang.Object, java.lang.Object, java.lang.Object, java.lang.Object, java.lang.Object)'> (0x0000000614fe1ff8) 
thrown [s\open\src\hotspot\share\interpreter\linkResolver.cpp, line 759]
Event: 8.221 Thread 0x000002dd236b7d80 Exception <a 'java/lang/NoSuchMethodError'{0x000000061442acd8}: 'java.lang.Object java.lang.invoke.DirectMethodHandle$Holder.invokeSpecial(java.lang.Object, java.lang.Object, java.lang.Object, java.lang.Object, java.lang.Object, int, java.lang.Object)'> (0x000000061442acd8) 
thrown [s\open\src\hotspot\share\interpreter\linkResolver.cpp, line 759]
Event: 8.221 Thread 0x000002dd236b7d80 Exception <a 'java/lang/NoSuchMethodError'{0x0000000614433378}: 'java.lang.Object java.lang.invoke.DirectMethodHandle$Holder.invokeSpecial(java.lang.Object, java.lang.Object, java.lang.Object, java.lang.Object, java.lang.Object, java.lang.Object, int)'> (0x0000000614433378) 
thrown [s\open\src\hotspot\share\interpreter\linkResolver.cpp, line 759]
Event: 8.221 Thread 0x000002dd236b7d80 Exception <a 'java/lang/NoSuchMethodError'{0x0000000614436c58}: 'java.lang.Object java.lang.invoke.Invokers$Holder.linkToTargetMethod(java.lang.Object, java.lang.Object, java.lang.Object, java.lang.Object, int, java.lang.Object)'> (0x0000000614436c58) 
thrown [s\open\src\hotspot\share\interpreter\linkResolver.cpp, line 759]
Event: 8.264 Thread 0x000002dd236b7d80 Exception <a 'java/lang/NoSuchMethodError'{0x000000061419ac20}: 'long java.lang.invoke.DirectMethodHandle$Holder.invokeInterface(java.lang.Object, java.lang.Object)'> (0x000000061419ac20) 
thrown [s\open\src\hotspot\share\interpreter\linkResolver.cpp, line 759]
Event: 8.265 Thread 0x000002dd236b7d80 Exception <a 'java/lang/NoSuchMethodError'{0x0000000614201550}: 'java.lang.Object java.lang.invoke.DirectMethodHandle$Holder.newInvokeSpecial(java.lang.Object, long)'> (0x0000000614201550) 
thrown [s\open\src\hotspot\share\interpreter\linkResolver.cpp, line 759]
Event: 8.280 Thread 0x000002dd236b7d80 Exception <a 'java/lang/NoSuchMethodError'{0x00000006142b32a8}: 'void java.lang.invoke.DirectMethodHandle$Holder.invokeSpecial(java.lang.Object, java.lang.Object, int, long)'> (0x00000006142b32a8) 
thrown [s\open\src\hotspot\share\interpreter\linkResolver.cpp, line 759]
Event: 8.280 Thread 0x000002dd236b7d80 Exception <a 'java/lang/NoSuchMethodError'{0x00000006142b9238}: 'void java.lang.invoke.DirectMethodHandle$Holder.invokeStatic(java.lang.Object, int, long)'> (0x00000006142b9238) 
thrown [s\open\src\hotspot\share\interpreter\linkResolver.cpp, line 759]

VM Operations (20 events):
Event: 7.391 Executing VM operation: CollectForMetadataAllocation
Event: 7.391 Executing VM operation: CollectForMetadataAllocation done
Event: 7.392 Executing VM operation: HandshakeAllThreads
Event: 7.392 Executing VM operation: HandshakeAllThreads done
Event: 7.412 Executing VM operation: G1Concurrent
Event: 7.416 Executing VM operation: G1Concurrent done
Event: 7.456 Executing VM operation: G1Concurrent
Event: 7.456 Executing VM operation: G1Concurrent done
Event: 7.604 Executing VM operation: HandshakeAllThreads
Event: 7.604 Executing VM operation: HandshakeAllThreads done
Event: 7.611 Executing VM operation: ICBufferFull
Event: 7.611 Executing VM operation: ICBufferFull done
Event: 7.616 Executing VM operation: HandshakeAllThreads
Event: 7.616 Executing VM operation: HandshakeAllThreads done
Event: 7.628 Executing VM operation: HandshakeAllThreads
Event: 7.628 Executing VM operation: HandshakeAllThreads done
Event: 8.084 Executing VM operation: ICBufferFull
Event: 8.084 Executing VM operation: ICBufferFull done
Event: 8.220 Executing VM operation: HandshakeAllThreads
Event: 8.220 Executing VM operation: HandshakeAllThreads done

Events (20 events):
Event: 7.900 loading class java/nio/DirectFloatBufferU
Event: 7.900 loading class java/nio/DirectFloatBufferU done
Event: 7.900 loading class java/nio/DirectDoubleBufferU
Event: 7.901 loading class java/nio/DirectDoubleBufferU done
Event: 7.909 loading class java/nio/InvalidMarkException
Event: 7.909 loading class java/nio/InvalidMarkException done
Event: 7.909 loading class java/nio/BufferUnderflowException
Event: 7.910 loading class java/nio/BufferUnderflowException done
Event: 7.932 loading class java/util/function/IntSupplier
Event: 7.932 loading class java/util/function/IntSupplier done
Event: 7.963 loading class java/io/CharArrayWriter
Event: 7.963 loading class java/io/CharArrayWriter done
Event: 8.034 loading class java/lang/invoke/DirectMethodHandle$StaticAccessor
Event: 8.034 loading class java/lang/invoke/DirectMethodHandle$StaticAccessor done
Event: 8.041 loading class java/util/function/DoubleFunction
Event: 8.041 loading class java/util/function/DoubleFunction done
Event: 8.242 loading class java/util/EnumMap$Values
Event: 8.242 loading class java/util/EnumMap$Values done
Event: 8.242 loading class java/util/EnumMap$ValueIterator
Event: 8.242 loading class java/util/EnumMap$ValueIterator done


Dynamic libraries:
0x00007ff638770000 - 0x00007ff638780000 	C:\Program Files\Java\jdk-17\bin\java.exe
0x00007ff9f53d0000 - 0x00007ff9f55c8000 	C:\Windows\SYSTEM32\ntdll.dll
0x00007ff9f4390000 - 0x00007ff9f4451000 	C:\Windows\System32\KERNEL32.DLL
0x00007ff9f2a80000 - 0x00007ff9f2d7d000 	C:\Windows\System32\KERNELBASE.dll
0x00007ff9f3300000 - 0x00007ff9f3400000 	C:\Windows\System32\ucrtbase.dll
0x00007ff9cff50000 - 0x00007ff9cff69000 	C:\Program Files\Java\jdk-17\bin\jli.dll
0x00007ff9cfc30000 - 0x00007ff9cfc4b000 	C:\Program Files\Java\jdk-17\bin\VCRUNTIME140.dll
0x00007ff9f5010000 - 0x00007ff9f50c0000 	C:\Windows\System32\ADVAPI32.dll
0x00007ff9f5220000 - 0x00007ff9f52be000 	C:\Windows\System32\msvcrt.dll
0x00007ff9f5180000 - 0x00007ff9f5220000 	C:\Windows\System32\sechost.dll
0x00007ff9f4250000 - 0x00007ff9f4373000 	C:\Windows\System32\RPCRT4.dll
0x00007ff9f2e60000 - 0x00007ff9f2e87000 	C:\Windows\System32\bcrypt.dll
0x00007ff9f4460000 - 0x00007ff9f45fd000 	C:\Windows\System32\USER32.dll
0x00007ff9f32d0000 - 0x00007ff9f32f2000 	C:\Windows\System32\win32u.dll
0x00007ff9f3d40000 - 0x00007ff9f3d6b000 	C:\Windows\System32\GDI32.dll
0x00007ff9d8890000 - 0x00007ff9d8b2a000 	C:\Windows\WinSxS\amd64_microsoft.windows.common-controls_6595b64144ccf1df_6.0.19041.4355_none_60b8b9eb71f62e16\COMCTL32.dll
0x00007ff9f2e90000 - 0x00007ff9f2fa7000 	C:\Windows\System32\gdi32full.dll
0x00007ff9f3230000 - 0x00007ff9f32cd000 	C:\Windows\System32\msvcp_win.dll
0x00007ff9ec9c0000 - 0x00007ff9ec9ca000 	C:\Windows\SYSTEM32\VERSION.dll
0x00007ff9f41b0000 - 0x00007ff9f41df000 	C:\Windows\System32\IMM32.DLL
0x00007ff9e1350000 - 0x00007ff9e135c000 	C:\Program Files\Java\jdk-17\bin\vcruntime140_1.dll
0x00007ff9c9950000 - 0x00007ff9c99de000 	C:\Program Files\Java\jdk-17\bin\msvcp140.dll
0x00007ff991bd0000 - 0x00007ff9927b0000 	C:\Program Files\Java\jdk-17\bin\server\jvm.dll
0x00007ff9f3df0000 - 0x00007ff9f3df8000 	C:\Windows\System32\PSAPI.DLL
0x00007ff9e86d0000 - 0x00007ff9e86f7000 	C:\Windows\SYSTEM32\WINMM.dll
0x00007ff9d4320000 - 0x00007ff9d4329000 	C:\Windows\SYSTEM32\WSOCK32.dll
0x00007ff9f41e0000 - 0x00007ff9f424b000 	C:\Windows\System32\WS2_32.dll
0x00007ff9f08e0000 - 0x00007ff9f08f2000 	C:\Windows\SYSTEM32\kernel.appcore.dll
0x00007ff9e0300000 - 0x00007ff9e030a000 	C:\Program Files\Java\jdk-17\bin\jimage.dll
0x00007ff9e5b80000 - 0x00007ff9e5d64000 	C:\Windows\SYSTEM32\DBGHELP.DLL
0x00007ff9d1660000 - 0x00007ff9d1694000 	C:\Windows\SYSTEM32\dbgcore.DLL
0x00007ff9f2dd0000 - 0x00007ff9f2e52000 	C:\Windows\System32\bcryptPrimitives.dll
0x00007ff9cfc00000 - 0x00007ff9cfc25000 	C:\Program Files\Java\jdk-17\bin\java.dll
0x00007ff9a71f0000 - 0x00007ff9a72c7000 	C:\Program Files\Java\jdk-17\bin\jsvml.dll
0x00007ff9f4600000 - 0x00007ff9f4d6f000 	C:\Windows\System32\SHELL32.dll
0x00007ff9f0ae0000 - 0x00007ff9f127f000 	C:\Windows\SYSTEM32\windows.storage.dll
0x00007ff9f3460000 - 0x00007ff9f37b3000 	C:\Windows\System32\combase.dll
0x00007ff9f23c0000 - 0x00007ff9f23ee000 	C:\Windows\SYSTEM32\Wldp.dll
0x00007ff9f52c0000 - 0x00007ff9f538d000 	C:\Windows\System32\OLEAUT32.dll
0x00007ff9f50c0000 - 0x00007ff9f516d000 	C:\Windows\System32\SHCORE.dll
0x00007ff9f4ea0000 - 0x00007ff9f4ef5000 	C:\Windows\System32\shlwapi.dll
0x00007ff9f29b0000 - 0x00007ff9f29d4000 	C:\Windows\SYSTEM32\profapi.dll
0x00007ff9cfbe0000 - 0x00007ff9cfbf9000 	C:\Program Files\Java\jdk-17\bin\net.dll
0x00007ff9eae70000 - 0x00007ff9eaf7d000 	C:\Windows\SYSTEM32\WINHTTP.dll
0x00007ff9f21a0000 - 0x00007ff9f220a000 	C:\Windows\system32\mswsock.dll
0x00007ff9c9a30000 - 0x00007ff9c9a46000 	C:\Program Files\Java\jdk-17\bin\nio.dll
0x00007ff9c9a10000 - 0x00007ff9c9a28000 	C:\Program Files\Java\jdk-17\bin\zip.dll
0x00007ff9cfd80000 - 0x00007ff9cfd90000 	C:\Program Files\Java\jdk-17\bin\verify.dll
0x00007ff9d2d30000 - 0x00007ff9d2d3a000 	C:\Program Files\Java\jdk-17\bin\management.dll
0x00007ff9d2a10000 - 0x00007ff9d2a1b000 	C:\Program Files\Java\jdk-17\bin\management_ext.dll
0x00007ff9d2e50000 - 0x00007ff9d2e67000 	C:\Windows\system32\napinsp.dll
0x00007ff9cfb60000 - 0x00007ff9cfb7b000 	C:\Windows\system32\pnrpnsp.dll
0x00007ff9ed540000 - 0x00007ff9ed555000 	C:\Windows\system32\wshbth.dll
0x00007ff9edef0000 - 0x00007ff9edf0d000 	C:\Windows\system32\NLAapi.dll
0x00007ff9f1e50000 - 0x00007ff9f1e8b000 	C:\Windows\SYSTEM32\IPHLPAPI.DLL
0x00007ff9f1e90000 - 0x00007ff9f1f5a000 	C:\Windows\SYSTEM32\DNSAPI.dll
0x00007ff9f5170000 - 0x00007ff9f5178000 	C:\Windows\System32\NSI.dll
0x00007ff9cfb40000 - 0x00007ff9cfb52000 	C:\Windows\System32\winrnr.dll
0x00007ff9ed020000 - 0x00007ff9ed02a000 	C:\Windows\System32\rasadhlp.dll
0x00007ff9ea0b0000 - 0x00007ff9ea130000 	C:\Windows\System32\fwpuclnt.dll
0x00007ff9f2400000 - 0x00007ff9f2418000 	C:\Windows\SYSTEM32\CRYPTSP.dll
0x00007ff9f1a70000 - 0x00007ff9f1aa4000 	C:\Windows\system32\rsaenh.dll
0x00007ff9f2920000 - 0x00007ff9f294e000 	C:\Windows\SYSTEM32\USERENV.dll
0x00007ff9f2330000 - 0x00007ff9f233c000 	C:\Windows\SYSTEM32\CRYPTBASE.dll
0x00007ff9ebee0000 - 0x00007ff9ebef7000 	C:\Windows\SYSTEM32\dhcpcsvc6.DLL
0x00007ff9ebec0000 - 0x00007ff9ebedd000 	C:\Windows\SYSTEM32\dhcpcsvc.DLL
0x00007ff9cac40000 - 0x00007ff9cac85000 	C:\Users\xqin\AppData\Local\Temp\jna-3686878\jna11379778278982361428.dll
0x00007ff9f4d70000 - 0x00007ff9f4e9b000 	C:\Windows\System32\Ole32.dll
0x00007ff9f4f00000 - 0x00007ff9f4fa9000 	C:\Windows\System32\clbcatq.dll
0x00007ff9e2130000 - 0x00007ff9e214f000 	C:\Windows\SYSTEM32\amsi.dll
0x00007ff9dd470000 - 0x00007ff9dd4c3000 	C:\Windows\SYSTEM32\Pdh.dll
0x00007ff9dd2f0000 - 0x00007ff9dd2ff000 	C:\Windows\System32\perfos.dll
0x00007ff9bd6d0000 - 0x00007ff9bd745000 	C:\Users\xqin\AppData\Local\Temp\lwjglxqin\3.3.1-build-7\lwjgl.dll
0x00007ff9bcdd0000 - 0x00007ff9bd029000 	C:\Users\xqin\AppData\Local\Temp\lwjglxqin\3.3.1-build-7\jemalloc.dll
0x00007ff9bd660000 - 0x00007ff9bd6c1000 	C:\Users\xqin\AppData\Local\Temp\lwjglxqin\3.3.1-build-7\glfw.dll
0x00007ff9cabf0000 - 0x00007ff9cac35000 	C:\Windows\SYSTEM32\dinput8.dll
0x00007ff9d2a80000 - 0x00007ff9d2a91000 	C:\Windows\SYSTEM32\xinput1_4.dll
0x00007ff9f2d80000 - 0x00007ff9f2dce000 	C:\Windows\System32\cfgmgr32.dll
0x00007ff9f2800000 - 0x00007ff9f2833000 	C:\Windows\SYSTEM32\DEVOBJ.dll
0x00007ff9e7f60000 - 0x00007ff9e80b2000 	C:\Windows\SYSTEM32\inputhost.dll
0x00007ff9ef2a0000 - 0x00007ff9ef392000 	C:\Windows\SYSTEM32\CoreMessaging.dll
0x00007ff9efc00000 - 0x00007ff9efcf6000 	C:\Windows\SYSTEM32\PROPSYS.dll
0x00007ff9edf10000 - 0x00007ff9ee067000 	C:\Windows\SYSTEM32\wintypes.dll
0x00007ff9eef40000 - 0x00007ff9ef29b000 	C:\Windows\SYSTEM32\CoreUIComponents.dll
0x00007ff9f1bb0000 - 0x00007ff9f1be3000 	C:\Windows\SYSTEM32\ntmarta.dll
0x00007ff9f05e0000 - 0x00007ff9f060f000 	C:\Windows\SYSTEM32\dwmapi.dll
0x00007ff9f03f0000 - 0x00007ff9f048e000 	C:\Windows\system32\uxtheme.dll
0x00007ff9f4090000 - 0x00007ff9f41a4000 	C:\Windows\System32\MSCTF.dll
0x00007ff9cc9c0000 - 0x00007ff9ccae8000 	C:\Windows\SYSTEM32\opengl32.dll
0x00007ff9ccd90000 - 0x00007ff9ccdbc000 	C:\Windows\SYSTEM32\GLU32.dll
0x00007ff9cf380000 - 0x00007ff9cf3ad000 	C:\Windows\System32\DriverStore\FileRepository\u0390451.inf_amd64_39377efdd62734d1\B390182\atig6pxx.dll
0x00007ff96dca0000 - 0x00007ff9718d5000 	C:\Windows\System32\DriverStore\FileRepository\u0390451.inf_amd64_39377efdd62734d1\B390182\atio6axx.dll
0x00007ff9f3820000 - 0x00007ff9f3c8e000 	C:\Windows\System32\SETUPAPI.dll
0x00007ff9f31c0000 - 0x00007ff9f3229000 	C:\Windows\System32\WINTRUST.dll
0x00007ff9f3060000 - 0x00007ff9f31be000 	C:\Windows\System32\CRYPT32.dll
0x00007ff9f2630000 - 0x00007ff9f2642000 	C:\Windows\SYSTEM32\MSASN1.dll

dbghelp: loaded successfully - version: 4.0.5 - missing functions: none
symbol engine: initialized successfully - sym options: 0x614 - pdb path: .;C:\Program Files\Java\jdk-17\bin;C:\Windows\SYSTEM32;C:\Windows\WinSxS\amd64_microsoft.windows.common-controls_6595b64144ccf1df_6.0.19041.4355_none_60b8b9eb71f62e16;C:\Program Files\Java\jdk-17\bin\server;C:\Users\xqin\AppData\Local\Temp\jna-3686878;C:\Users\xqin\AppData\Local\Temp\lwjglxqin\3.3.1-build-7;C:\Windows\System32\DriverStore\FileRepository\u0390451.inf_amd64_39377efdd62734d1\B390182

VM Arguments:
jvm_args: -Dforge.enableGameTest=true -Dforge.logging.console.level=debug -Dforge.logging.markers=REGISTRIES -DignoreList=bootstraplauncher,securejarhandler,asm-commons,asm-util,asm-analysis,asm-tree,asm,JarJarFileSystems,client-extra,fmlcore,javafmllanguage,lowcodelanguage,mclanguage,forge- -Djava.net.preferIPv6Addresses=system -DlegacyClassPath.file=E:\ForgingAndCraftingMod\build\classpath\runClient_minecraftClasspath.txt -DmergeModules=jna-5.10.0.jar,jna-platform-5.10.0.jar -Dmixin.env.refMapRemappingFile=E:\ForgingAndCraftingMod/build/createSrgToMcp/output.srg -Dmixin.env.remapRefMap=true -Dos.version=10.0 --module-path=C:\Users\xqin\.gradle\caches\modules-2\files-2.1\cpw.mods\bootstraplauncher\1.1.2\c546e00443d8432cda6baa1c860346980742628\bootstraplauncher-1.1.2.jar;C:\Users\xqin\.gradle\caches\modules-2\files-2.1\cpw.mods\securejarhandler\2.1.4\f47e3b9dd860a7b82154b8f90a650ffd0aaa5582\securejarhandler-2.1.4.jar;C:\Users\xqin\.gradle\caches\modules-2\files-2.1\org.ow2.asm\asm-commons\9.3\1f2a432d1212f5c352ae607d7b61dcae20c20af5\asm-commons-9.3.jar;C:\Users\xqin\.gradle\caches\modules-2\files-2.1\org.ow2.asm\asm-util\9.3\9595bc05510d0bd4b610188b77333fe4851a1975\asm-util-9.3.jar;C:\Users\xqin\.gradle\caches\modules-2\files-2.1\org.ow2.asm\asm-analysis\9.3\4b071f211b37c38e0e9f5998550197c8593f6ad8\asm-analysis-9.3.jar;C:\Users\xqin\.gradle\caches\modules-2\files-2.1\org.ow2.asm\asm-tree\9.3\78d2ecd61318b5a58cd04fb237636c0e86b77d97\asm-tree-9.3.jar;C:\Users\xqin\.gradle\caches\modules-2\files-2.1\org.ow2.asm\asm\9.3\8e6300ef51c1d801a7ed62d07cd221aca3a90640\asm-9.3.jar;C:\Users\xqin\.gradle\caches\modules-2\files-2.1\net.minecraftforge\JarJarFileSystems\0.3.16\e52afbb2599dc7c6f779efea0496d32fc01152e3\JarJarFileSystems-0.3.16.jar --add-modules=ALL-MODULE-PATH --add-opens=java.base/java.util.jar=cpw.mods.securejarhandler --add-opens=java.base/java.lang.invoke=cpw.mods.securejarhandler --add-exports=java.base/sun.security.util=cpw.mods.securejarhandler --add-exports=jdk.naming.dns/com.sun.jndi.dns=java.naming -XX:HeapDumpPath=MojangTricksIntelDriversForPerformance_javaw.exe_minecraft.exe.heapdump -Dos.name=Windows 10 -Dfile.encoding=UTF-8 -Duser.country=CN -Duser.language=zh -Duser.variant 
java_command: cpw.mods.bootstraplauncher.BootstrapLauncher --launchTarget forgeclientuserdev --version MOD_DEV --assetIndex 1.19 --assetsDir C:\Users\xqin\.gradle\caches\forge_gradle\assets --gameDir . --fml.forgeVersion 43.2.0 --fml.mcVersion 1.19.2 --fml.forgeGroup net.minecraftforge --fml.mcpVersion 20220805.130853
java_class_path (initial): E:\ForgingAndCraftingMod\build\classes\java\main;E:\ForgingAndCraftingMod\build\resources\main;E:\ForgingAndCraftingMod\build\fg_cache\net\minecraftforge\forge\1.19.2-43.2.0_mapped_official_1.19.2\forge-1.19.2-43.2.0_mapped_official_1.19.2-recomp.jar;C:\Users\xqin\.gradle\caches\forge_gradle\deobf_dependencies\dev\emi\emi-forge\1.1.4+1.19.2_mapped_official_1.19.2\emi-forge-1.1.4+1.19.2_mapped_official_1.19.2.jar;C:\Users\xqin\.gradle\caches\forge_gradle\deobf_dependencies\vazkii\patchouli\Patchouli\1.19.2-77_mapped_official_1.19.2\Patchouli-1.19.2-77_mapped_official_1.19.2.jar;C:\Users\xqin\.gradle\caches\forge_gradle\deobf_dependencies\curse\maven\jade-324717\4914105_mapped_official_1.19.2\jade-324717-4914105_mapped_official_1.19.2.jar;C:\Users\xqin\.gradle\caches\forge_gradle\minecraft_repo\versions\1.19.2\client-extra.jar;C:\Users\xqin\.gradle\caches\modules-2\files-2.1\net.minecraftforge\javafmllanguage\1.19.2-43.2.0\5713dfd49576886a7ffc353f14f067ad42369592\javafmllanguage-1.19.2-43.2.0.jar;C:\Users\xqin\.gradle\caches\modules-2\files-2.1\net.minecraftforge\lowcodelanguage\1.19.2-43.2.0\51c88985dd125457fb8b6c2c58a4f3b9349a6b57\lowcodelanguage-1.19.2-43.2.0.jar;C:\Users\xqin\.gradle\caches\modules-2\files-2.1\net.minecraftforge\mclanguage\1.19.2-43.2.0\f4fa83ef8129c7f7cc5847fbafb07f7ae86c1bb\mclanguage-1.19.2-43.2.0.jar;C:\Users\xqin\.gradle\caches\modules-2\files-2.1\net.minecraftforge\fmlcore\1.19.2-43.2.0\d4dcb5b809b7f035ac22b058941cf81f84451545\fmlcore-1.19.2-43.2.0.jar;C:\Users\xqin\.gradle\caches\modules-2\files-2.1\net.minecraftforge\fmlloader\1.19.2-43.2.0\3e6e8b7b5e1dbc6ee01a20f74675f223b64c7847\fmlloader-1.19.2-43.2.0.jar;C:\Users\xqin\.gradle\caches\modules-2\files-2.1\net.minecraftforge\JarJarSelector\0.3.16\2a31421fb5e267249da103a644f23afb43d158af\JarJarSelector-0.3.16.jar;C:\Users\xqin\.gradle\caches\modules-2\files-2.1\net.minecraftforge\JarJarMetadata\0.3.16\f62c8c898dffc8666f5097a8587ed72095e8e83a\JarJarMetadata-0.3.1
Launcher Type: SUN_STANDARD

[Global flags]
     intx CICompilerCount                          = 4                                         {product} {ergonomic}
     uint ConcGCThreads                            = 2                                         {product} {ergonomic}
     uint G1ConcRefinementThreads                  = 8                                         {product} {ergonomic}
   size_t G1HeapRegionSize                         = 4194304                                   {product} {ergonomic}
    uintx GCDrainStackTargetSize                   = 64                                        {product} {ergonomic}
    ccstr HeapDumpPath                             = MojangTricksIntelDriversForPerformance_javaw.exe_minecraft.exe.heapdump         {manageable} {command line}
   size_t InitialHeapSize                          = 536870912                                 {product} {ergonomic}
   size_t MarkStackSize                            = 4194304                                   {product} {ergonomic}
   size_t MaxHeapSize                              = 8552185856                                {product} {ergonomic}
   size_t MaxNewSize                               = 5129633792                                {product} {ergonomic}
   size_t MinHeapDeltaBytes                        = 4194304                                   {product} {ergonomic}
   size_t MinHeapSize                              = 8388608                                   {product} {ergonomic}
    uintx NonNMethodCodeHeapSize                   = 5839372                                {pd product} {ergonomic}
    uintx NonProfiledCodeHeapSize                  = 122909434                              {pd product} {ergonomic}
    uintx ProfiledCodeHeapSize                     = 122909434                              {pd product} {ergonomic}
    uintx ReservedCodeCacheSize                    = 251658240                              {pd product} {ergonomic}
     bool SegmentedCodeCache                       = true                                      {product} {ergonomic}
   size_t SoftMaxHeapSize                          = 8552185856                             {manageable} {ergonomic}
     bool UseCompressedClassPointers               = true                           {product lp64_product} {ergonomic}
     bool UseCompressedOops                        = true                           {product lp64_product} {ergonomic}
     bool UseG1GC                                  = true                                      {product} {ergonomic}
     bool UseLargePagesIndividualAllocation        = false                                  {pd product} {ergonomic}

Logging:
Log output configuration:
 #0: stdout all=warning uptime,level,tags
 #1: stderr all=off uptime,level,tags

Environment Variables:
JAVA_HOME=C:\Program Files\Java\jdk-17
CLASSPATH=.;C:\Program Files\Java\jdk-17\lib\dt.jar;C:\Program Files\Java\jdk-17\lib\tools.jar;
PATH=C:\Program Files\Common Files\Oracle\Java\javapath;C:\Windows\system32;C:\Windows;C:\Windows\System32\Wbem;C:\Windows\System32\WindowsPowerShell\v1.0\;C:\Windows\System32\OpenSSH\;C:\Program Files\dotnet\;C:\Program Files\PowerShell\7\;C:\Program Files\Docker\Docker\resources\bin;D:\Tools\node-v20.12.2-win-x64;C:\Users\xqin\AppData\Local\Microsoft\WindowsApps;C:\Program Files (x86)\Nmap;C:\Users\xqin\AppData\Local\Programs\Microsoft VS Code\bin;D:\IntelliJ IDEA Community Edition 2024.2.0.2\bin;;
USERNAME=xqin
OS=Windows_NT
PROCESSOR_IDENTIFIER=Intel64 Family 6 Model 158 Stepping 13, GenuineIntel



---------------  S Y S T E M  ---------------

OS:
 Windows 10 , 64 bit Build 19041 (10.0.19041.4717)
OS uptime: 1 days 13:33 hours
Hyper-V role detected

CPU: total 8 (initial active 8) (8 cores per cpu, 1 threads per core) family 6 model 158 stepping 13 microcode 0xd6, cx8, cmov, fxsr, mmx, 3dnowpref, sse, sse2, sse3, ssse3, sse4.1, sse4.2, popcnt, lzcnt, tsc, tscinvbit, avx, avx2, aes, erms, clmul, bmi1, bmi2, adx, fma, vzeroupper, clflush, clflushopt, hv

Memory: 4k page, system-wide physical 32616M (16521M free)
TotalPageFile size 37480M (AvailPageFile size 14964M)
current process WorkingSet (physical memory assigned to process): 733M, peak: 743M
current process commit charge ("private bytes"): 815M, peak: 825M

vm_info: Java HotSpot(TM) 64-Bit Server VM (17.0.12+8-LTS-286) for windows-amd64 JRE (17.0.12+8-LTS-286), built on Jun  5 2024 06:46:59 by "mach5one" with MS VC++ 17.6 (VS2022)

END.
