#
# A fatal error has been detected by the Java Runtime Environment:
#
#  EXCEPTION_ACCESS_VIOLATION (0xc0000005) at pc=0x00007fff12ed2b60, pid=12136, tid=15344
#
# JRE version: OpenJDK Runtime Environment Temurin-17.0.5+8 (17.0.5+8) (build 17.0.5+8)
# Java VM: OpenJDK 64-Bit Server VM Temurin-17.0.5+8 (17.0.5+8, mixed mode, sharing, tiered, compressed oops, compressed class ptrs, g1 gc, windows-amd64)
# Problematic frame:
# C  [atio6axx.dll+0x192b60]
#
# No core dump will be written. Minidumps are not enabled by default on client versions of Windows
#
# If you would like to submit a bug report, please visit:
#   https://github.com/adoptium/adoptium-support/issues
# The crash happened outside the Java Virtual Machine in native code.
# See problematic frame for where to report the bug.
#

---------------  S U M M A R Y ------------

Command Line: -Dforge.enableGameTest=true -Dforge.logging.console.level=debug -Dforge.logging.markers=REGISTRIES -DignoreList=bootstraplauncher,securejarhandler,asm-commons,asm-util,asm-analysis,asm-tree,asm,JarJarFileSystems,client-extra,fmlcore,javafmllanguage,lowcodelanguage,mclanguage,forge- -Djava.net.preferIPv6Addresses=system -DlegacyClassPath.file=D:\Desktop\McreatorMod\ForgingAndCraftingMod\ForgingAndCraftingMod\build\classpath\runClient_minecraftClasspath.txt -DmergeModules=jna-5.10.0.jar,jna-platform-5.10.0.jar -Dmixin.env.refMapRemappingFile=D:\Desktop\McreatorMod\ForgingAndCraftingMod\ForgingAndCraftingMod/build/createSrgToMcp/output.srg -Dmixin.env.remapRefMap=true -Dos.version=10.0 --module-path=C:\Users\xqin\.mcreator\gradle\caches\modules-2\files-2.1\cpw.mods\bootstraplauncher\1.1.2\c546e00443d8432cda6baa1c860346980742628\bootstraplauncher-1.1.2.jar;C:\Users\xqin\.mcreator\gradle\caches\modules-2\files-2.1\cpw.mods\securejarhandler\2.1.4\f47e3b9dd860a7b82154b8f90a650ffd0aaa5582\securejarhandler-2.1.4.jar;C:\Users\xqin\.mcreator\gradle\caches\modules-2\files-2.1\org.ow2.asm\asm-commons\9.3\1f2a432d1212f5c352ae607d7b61dcae20c20af5\asm-commons-9.3.jar;C:\Users\xqin\.mcreator\gradle\caches\modules-2\files-2.1\org.ow2.asm\asm-util\9.3\9595bc05510d0bd4b610188b77333fe4851a1975\asm-util-9.3.jar;C:\Users\xqin\.mcreator\gradle\caches\modules-2\files-2.1\org.ow2.asm\asm-analysis\9.3\4b071f211b37c38e0e9f5998550197c8593f6ad8\asm-analysis-9.3.jar;C:\Users\xqin\.mcreator\gradle\caches\modules-2\files-2.1\org.ow2.asm\asm-tree\9.3\78d2ecd61318b5a58cd04fb237636c0e86b77d97\asm-tree-9.3.jar;C:\Users\xqin\.mcreator\gradle\caches\modules-2\files-2.1\org.ow2.asm\asm\9.3\8e6300ef51c1d801a7ed62d07cd221aca3a90640\asm-9.3.jar;C:\Users\xqin\.mcreator\gradle\caches\modules-2\files-2.1\net.minecraftforge\JarJarFileSystems\0.3.16\e52afbb2599dc7c6f779efea0496d32fc01152e3\JarJarFileSystems-0.3.16.jar --add-modules=ALL-MODULE-PATH --add-opens=java.base/java.util.jar=cpw.mods.securejarhandler --add-opens=java.base/java.lang.invoke=cpw.mods.securejarhandler --add-exports=java.base/sun.security.util=cpw.mods.securejarhandler --add-exports=jdk.naming.dns/com.sun.jndi.dns=java.naming -XX:HeapDumpPath=MojangTricksIntelDriversForPerformance_javaw.exe_minecraft.exe.heapdump -Dos.name=Windows 10 -Dfile.encoding=UTF-8 -Duser.country=CN -Duser.language=zh -Duser.variant cpw.mods.bootstraplauncher.BootstrapLauncher --launchTarget forgeclientuserdev --version MOD_DEV --assetIndex 1.19 --assetsDir C:\Users\xqin\.mcreator\gradle\caches\forge_gradle\assets --gameDir . --fml.forgeVersion 43.2.0 --fml.mcVersion 1.19.2 --fml.forgeGroup net.minecraftforge --fml.mcpVersion 20220805.130853

Host: Intel(R) Core(TM) i7-9700K CPU @ 3.60GHz, 8 cores, 31G,  Windows 10 , 64 bit Build 19041 (10.0.19041.4717)
Time: Mon Aug 19 09:33:01 2024  Windows 10 , 64 bit Build 19041 (10.0.19041.4717) elapsed time: 9.033870 seconds (0d 0h 0m 9s)

---------------  T H R E A D  ---------------

Current thread (0x00000231466e50e0):  JavaThread "Render thread" [_thread_in_native, id=15344, stack(0x00000098c1100000,0x00000098c1200000)]

Stack: [0x00000098c1100000,0x00000098c1200000],  sp=0x00000098c11fa698,  free space=1001k
Native frames: (J=compiled Java code, j=interpreted, Vv=VM code, C=native code)
C  [atio6axx.dll+0x192b60]

Java frames: (J=compiled Java code, j=interpreted, Vv=VM code)
j  org.lwjgl.system.JNI.invokePPPP(IIJJJJ)J+0 org.lwjgl@3.3.1+7
j  org.lwjgl.glfw.GLFW.nglfwCreateWindow(IIJJJ)J+14 org.lwjgl.glfw@3.3.1+7
j  org.lwjgl.glfw.GLFW.glfwCreateWindow(IILjava/lang/CharSequence;JJ)J+34 org.lwjgl.glfw@3.3.1+7
j  net.minecraftforge.client.loading.NoVizFallback.lambda$fallback$0(Ljava/util/function/IntSupplier;Ljava/util/function/IntSupplier;Ljava/util/function/Supplier;Ljava/util/function/LongSupplier;)J+28 forge@43.2.0
j  net.minecraftforge.client.loading.NoVizFallback$$Lambda$4388+0x0000000801675178.getAsLong()J+16 forge@43.2.0
j  net.minecraftforge.fml.loading.progress.EarlyProgressVisualization$Visualization$$Lambda$4389+0x000000080166eec8.apply(Ljava/lang/Object;)Ljava/lang/Object;+4 fmlloader@1.19.2-43.2.0
J 2673 c2 java.util.Optional.map(Ljava/util/function/Function;)Ljava/util/Optional; java.base@17.0.5 (30 bytes) @ 0x0000023157625984 [0x0000023157625920+0x0000000000000064]
j  net.minecraftforge.fml.loading.progress.EarlyProgressVisualization$Visualization.handOffWindow(Ljava/util/function/IntSupplier;Ljava/util/function/IntSupplier;Ljava/util/function/Supplier;Ljava/util/function/LongSupplier;)J+48 fmlloader@1.19.2-43.2.0
j  net.minecraftforge.fml.loading.progress.EarlyProgressVisualization.handOffWindow(Ljava/util/function/IntSupplier;Ljava/util/function/IntSupplier;Ljava/util/function/Supplier;Ljava/util/function/LongSupplier;)J+9 fmlloader@1.19.2-43.2.0
j  com.mojang.blaze3d.platform.Window.<init>(Lcom/mojang/blaze3d/platform/WindowEventHandler;Lcom/mojang/blaze3d/platform/ScreenManager;Lcom/mojang/blaze3d/platform/DisplayData;Ljava/lang/String;Ljava/lang/String;)V+279 minecraft@1.19.2
j  net.minecraft.client.renderer.VirtualScreen.newWindow(Lcom/mojang/blaze3d/platform/DisplayData;Ljava/lang/String;Ljava/lang/String;)Lcom/mojang/blaze3d/platform/Window;+15 minecraft@1.19.2
j  net.minecraft.client.Minecraft.<init>(Lnet/minecraft/client/main/GameConfig;)V+723 minecraft@1.19.2
j  net.minecraft.client.main.Main.run([Ljava/lang/String;Z)V+1356 minecraft@1.19.2
j  net.minecraft.client.main.Main.main([Ljava/lang/String;)V+12 minecraft@1.19.2
v  ~StubRoutines::call_stub
j  jdk.internal.reflect.NativeMethodAccessorImpl.invoke0(Ljava/lang/reflect/Method;Ljava/lang/Object;[Ljava/lang/Object;)Ljava/lang/Object;+0 java.base@17.0.5
j  jdk.internal.reflect.NativeMethodAccessorImpl.invoke(Ljava/lang/Object;[Ljava/lang/Object;)Ljava/lang/Object;+133 java.base@17.0.5
j  jdk.internal.reflect.DelegatingMethodAccessorImpl.invoke(Ljava/lang/Object;[Ljava/lang/Object;)Ljava/lang/Object;+6 java.base@17.0.5
j  java.lang.reflect.Method.invoke(Ljava/lang/Object;[Ljava/lang/Object;)Ljava/lang/Object;+59 java.base@17.0.5
j  net.minecraftforge.fml.loading.targets.ForgeClientUserdevLaunchHandler.lambda$launchService$0([Ljava/lang/String;Ljava/lang/ModuleLayer;)V+47 fmlloader@1.19.2-43.2.0
j  net.minecraftforge.fml.loading.targets.ForgeClientUserdevLaunchHandler$$Lambda$872+0x0000000800fcca70.run()V+12 fmlloader@1.19.2-43.2.0
j  cpw.mods.modlauncher.LaunchServiceHandlerDecorator.launch([Ljava/lang/String;Ljava/lang/ModuleLayer;)V+11 cpw.mods.modlauncher@10.0.9
j  cpw.mods.modlauncher.LaunchServiceHandler.launch(Ljava/lang/String;[Ljava/lang/String;Ljava/lang/ModuleLayer;Lcpw/mods/modlauncher/TransformingClassLoader;Lcpw/mods/modlauncher/LaunchPluginHandler;)V+58 cpw.mods.modlauncher@10.0.9
j  cpw.mods.modlauncher.LaunchServiceHandler.launch(Lcpw/mods/modlauncher/ArgumentHandler;Ljava/lang/ModuleLayer;Lcpw/mods/modlauncher/TransformingClassLoader;Lcpw/mods/modlauncher/LaunchPluginHandler;)V+21 cpw.mods.modlauncher@10.0.9
j  cpw.mods.modlauncher.Launcher.run([Ljava/lang/String;)V+307 cpw.mods.modlauncher@10.0.9
j  cpw.mods.modlauncher.Launcher.main([Ljava/lang/String;)V+78 cpw.mods.modlauncher@10.0.9
j  cpw.mods.modlauncher.BootstrapLaunchConsumer.accept([Ljava/lang/String;)V+1 cpw.mods.modlauncher@10.0.9
j  cpw.mods.modlauncher.BootstrapLaunchConsumer.accept(Ljava/lang/Object;)V+5 cpw.mods.modlauncher@10.0.9
j  cpw.mods.bootstraplauncher.BootstrapLauncher.main([Ljava/lang/String;)V+515 cpw.mods.bootstraplauncher@1.1.2
v  ~StubRoutines::call_stub

siginfo: EXCEPTION_ACCESS_VIOLATION (0xc0000005), reading address 0xffffffffffffffff


Register to memory mapping:

RIP=0x00007fff12ed2b60 atio6axx.dll
RAX=0x0 is NULL
RBX=0x00007fff167133b0 atio6axx.dll
RCX=0x73555c3a433b7261 is an unknown value
RDX=0x00000000000000d1 is an unknown value
RSP=0x00000098c11fa698 is pointing into the stack for thread: 0x00000231466e50e0
RBP=0x00000098c11fa800 is pointing into the stack for thread: 0x00000231466e50e0
RSI=0x00007fff16622d40 atio6axx.dll
RDI=0x00000098c11faaf0 is pointing into the stack for thread: 0x00000231466e50e0
R8 =0x00000000000001a5 is an unknown value
R9 =0x73555c3a433b7261 is an unknown value
R10=0x0 is NULL
R11=0x0000000000000200 is an unknown value
R12=0x00007fff16713408 atio6axx.dll
R13=0x00007fff16715c08 atio6axx.dll
R14=0x00007fff167133b0 atio6axx.dll
R15=0x0 is NULL


Registers:
RAX=0x0000000000000000, RBX=0x00007fff167133b0, RCX=0x73555c3a433b7261, RDX=0x00000000000000d1
RSP=0x00000098c11fa698, RBP=0x00000098c11fa800, RSI=0x00007fff16622d40, RDI=0x00000098c11faaf0
R8 =0x00000000000001a5, R9 =0x73555c3a433b7261, R10=0x0000000000000000, R11=0x0000000000000200
R12=0x00007fff16713408, R13=0x00007fff16715c08, R14=0x00007fff167133b0, R15=0x0000000000000000
RIP=0x00007fff12ed2b60, EFLAGS=0x0000000000010206

Top of Stack: (sp=0x00000098c11fa698)
0x00000098c11fa698:   00007fff12ed2e7c 00007fff16716020
0x00000098c11fa6a8:   000002317a0cc8a8 0000000000000000
0x00000098c11fa6b8:   00007fff12ed3e8d 00000098c11faaf0
0x00000098c11fa6c8:   00007fff12e8f484 00007fff167133b0
0x00000098c11fa6d8:   00007fff16622d40 0000652e6176616a
0x00000098c11fa6e8:   0000a8f9e02e108b 00000098c11faaf0
0x00000098c11fa6f8:   00007fff12e90457 00007fff167133b8
0x00000098c11fa708:   00007fff16622d40 00007fff16622d40
0x00000098c11fa718:   0000023178e4924c 00007fff167133b0
0x00000098c11fa728:   00007fff00000000 0000000000000009
0x00000098c11fa738:   0000023178e493fc 0000023178e49558
0x00000098c11fa748:   00007fff167133b8 00000098c11faaf0
0x00000098c11fa758:   00000098c11fa899 00007f006176616a
0x00000098c11fa768:   00007f006176616a 46676e697274535c
0x00000098c11fa778:   5c6f666e49656c69 3062343039303430
0x00000098c11fa788:   726556656c69465c 000000006e6f6973 

Instructions: (pc=0x00007fff12ed2b60)
0x00007fff12ed2a60:   74 09 33 c9 ff 15 e6 89 66 03 90 48 8b c3 48 83
0x00007fff12ed2a70:   c4 20 5b c3 cc cc cc cc cc cc cc cc cc cc cc cc
0x00007fff12ed2a80:   48 83 ec 28 48 8b 51 08 48 85 d2 74 09 33 c9 ff
0x00007fff12ed2a90:   15 bb 89 66 03 90 48 83 c4 28 c3 cc cc cc cc cc
0x00007fff12ed2aa0:   48 89 11 c3 cc cc cc cc cc cc cc cc cc cc cc cc
0x00007fff12ed2ab0:   48 8b c1 c3 cc cc cc cc cc cc cc cc cc cc cc cc
0x00007fff12ed2ac0:   48 3b ca 74 10 41 8b 00 39 01 74 09 48 83 c1 04
0x00007fff12ed2ad0:   48 3b ca 75 f3 48 8b c1 c3 cc cc cc cc cc cc cc
0x00007fff12ed2ae0:   48 8b c1 c3 cc cc cc cc cc cc cc cc cc cc cc cc
0x00007fff12ed2af0:   48 83 39 00 0f 94 c0 c3 cc cc cc cc cc cc cc cc
0x00007fff12ed2b00:   4c 8d 04 d5 00 00 00 00 33 d2 e9 c1 d0 dd 01 cc
0x00007fff12ed2b10:   4c 8b 41 08 48 8b 02 49 89 00 48 83 41 08 08 c3
0x00007fff12ed2b20:   48 8b c1 c3 cc cc cc cc cc cc cc cc cc cc cc cc
0x00007fff12ed2b30:   48 8b c1 c3 cc cc cc cc cc cc cc cc cc cc cc cc
0x00007fff12ed2b40:   49 8b 00 48 89 02 c3 cc cc cc cc cc cc cc cc cc
0x00007fff12ed2b50:   8b 81 40 39 00 00 c3 cc cc cc cc cc cc cc cc cc
0x00007fff12ed2b60:   8b 81 40 39 00 00 83 c0 f0 83 f8 67 0f 87 5a 01
0x00007fff12ed2b70:   00 00 48 8d 15 87 d4 e6 ff 0f b6 84 02 f0 2c 19
0x00007fff12ed2b80:   00 8b 8c 82 d0 2c 19 00 48 03 ca ff e1 48 8b 0d
0x00007fff12ed2b90:   6c 6f 7e 03 83 b9 b4 34 00 00 02 0f 87 2b 01 00
0x00007fff12ed2ba0:   00 48 8d 91 0c 29 00 00 c7 02 e1 00 00 00 e9 ce
0x00007fff12ed2bb0:   00 00 00 48 8b 0d 46 6f 7e 03 83 b9 b4 34 00 00
0x00007fff12ed2bc0:   02 0f 87 05 01 00 00 48 8d 91 0c 29 00 00 c7 02
0x00007fff12ed2bd0:   f0 00 00 00 e9 a8 00 00 00 48 8b 0d 20 6f 7e 03
0x00007fff12ed2be0:   83 b9 b4 34 00 00 02 0f 87 df 00 00 00 48 8d 91
0x00007fff12ed2bf0:   0c 29 00 00 c7 02 00 04 00 00 e9 82 00 00 00 48
0x00007fff12ed2c00:   8b 0d fa 6e 7e 03 83 b9 b4 34 00 00 02 0f 87 b9
0x00007fff12ed2c10:   00 00 00 48 8d 91 0c 29 00 00 c7 02 00 08 00 00
0x00007fff12ed2c20:   eb 5f 48 8b 0d d7 6e 7e 03 83 b9 b4 34 00 00 02
0x00007fff12ed2c30:   0f 87 96 00 00 00 48 8d 91 0c 29 00 00 c7 02 00
0x00007fff12ed2c40:   09 00 00 eb 3c 48 8b 0d b4 6e 7e 03 83 b9 b4 34
0x00007fff12ed2c50:   00 00 02 77 77 48 8d 91 0c 29 00 00 c7 02 3c 0f 


Stack slot to memory mapping:
stack at sp + 0 slots: 0x00007fff12ed2e7c atio6axx.dll
stack at sp + 1 slots: 0x00007fff16716020 atio6axx.dll
stack at sp + 2 slots: 0x000002317a0cc8a8 points into unknown readable memory: 0x00007fff15f1f5f0 | f0 f5 f1 15 ff 7f 00 00
stack at sp + 3 slots: 0x0 is NULL
stack at sp + 4 slots: 0x00007fff12ed3e8d atio6axx.dll
stack at sp + 5 slots: 0x00000098c11faaf0 is pointing into the stack for thread: 0x00000231466e50e0
stack at sp + 6 slots: 0x00007fff12e8f484 atio6axx.dll
stack at sp + 7 slots: 0x00007fff167133b0 atio6axx.dll


---------------  P R O C E S S  ---------------

Threads class SMR info:
_java_thread_list=0x000002317de2e590, length=18, elements={
0x00000231466e50e0, 0x0000023172526fc0, 0x000002317252b620, 0x0000023174e46c70,
0x0000023174e49640, 0x0000023174e49f00, 0x0000023174e4b7d0, 0x0000023174e4d3d0,
0x0000023174e4fd90, 0x0000023174e526a0, 0x0000023174f1f840, 0x0000023174f4e4e0,
0x00000231750c5e70, 0x000002317608ea30, 0x0000023179f045a0, 0x0000023179f04a70,
0x00000231785d6060, 0x0000023177368f80
}

Java Threads: ( => current thread )
=>0x00000231466e50e0 JavaThread "Render thread" [_thread_in_native, id=15344, stack(0x00000098c1100000,0x00000098c1200000)]
  0x0000023172526fc0 JavaThread "Reference Handler" daemon [_thread_blocked, id=12092, stack(0x00000098c1800000,0x00000098c1900000)]
  0x000002317252b620 JavaThread "Finalizer" daemon [_thread_blocked, id=13192, stack(0x00000098c1900000,0x00000098c1a00000)]
  0x0000023174e46c70 JavaThread "Signal Dispatcher" daemon [_thread_blocked, id=14892, stack(0x00000098c1a00000,0x00000098c1b00000)]
  0x0000023174e49640 JavaThread "Attach Listener" daemon [_thread_blocked, id=17144, stack(0x00000098c1b00000,0x00000098c1c00000)]
  0x0000023174e49f00 JavaThread "Service Thread" daemon [_thread_blocked, id=7564, stack(0x00000098c1c00000,0x00000098c1d00000)]
  0x0000023174e4b7d0 JavaThread "Monitor Deflation Thread" daemon [_thread_blocked, id=13072, stack(0x00000098c1d00000,0x00000098c1e00000)]
  0x0000023174e4d3d0 JavaThread "C2 CompilerThread0" daemon [_thread_blocked, id=14344, stack(0x00000098c1e00000,0x00000098c1f00000)]
  0x0000023174e4fd90 JavaThread "C1 CompilerThread0" daemon [_thread_blocked, id=16316, stack(0x00000098c1f00000,0x00000098c2000000)]
  0x0000023174e526a0 JavaThread "Sweeper thread" daemon [_thread_blocked, id=7060, stack(0x00000098c2000000,0x00000098c2100000)]
  0x0000023174f1f840 JavaThread "Common-Cleaner" daemon [_thread_blocked, id=18040, stack(0x00000098c2100000,0x00000098c2200000)]
  0x0000023174f4e4e0 JavaThread "C2 CompilerThread1" daemon [_thread_blocked, id=2916, stack(0x00000098c2200000,0x00000098c2300000)]
  0x00000231750c5e70 JavaThread "Notification Thread" daemon [_thread_blocked, id=14676, stack(0x00000098c2300000,0x00000098c2400000)]
  0x000002317608ea30 JavaThread "C2 CompilerThread2" daemon [_thread_blocked, id=17720, stack(0x00000098c2c00000,0x00000098c2d00000)]
  0x0000023179f045a0 JavaThread "Thread-0" daemon [_thread_blocked, id=10292, stack(0x00000098c2d00000,0x00000098c2e00000)]
  0x0000023179f04a70 JavaThread "FileSystemWatchService" daemon [_thread_in_native, id=4276, stack(0x00000098c2e00000,0x00000098c2f00000)]
  0x00000231785d6060 JavaThread "pool-2-thread-1" daemon [_thread_blocked, id=16280, stack(0x00000098c3000000,0x00000098c3100000)]
  0x0000023177368f80 JavaThread "Timer hack thread" daemon [_thread_blocked, id=15084, stack(0x00000098c3600000,0x00000098c3700000)]

Other Threads:
  0x000002317252a6b0 VMThread "VM Thread" [stack: 0x00000098c1700000,0x00000098c1800000] [id=18308]
  0x000002314676eae0 WatcherThread [stack: 0x00000098c2400000,0x00000098c2500000] [id=5848]
  0x0000023172380c90 GCTaskThread "GC Thread#0" [stack: 0x00000098c1200000,0x00000098c1300000] [id=13724]
  0x000002317618b830 GCTaskThread "GC Thread#1" [stack: 0x00000098c2500000,0x00000098c2600000] [id=10064]
  0x000002317618bae0 GCTaskThread "GC Thread#2" [stack: 0x00000098c2600000,0x00000098c2700000] [id=11696]
  0x000002317619de50 GCTaskThread "GC Thread#3" [stack: 0x00000098c2700000,0x00000098c2800000] [id=18640]
  0x000002317619e100 GCTaskThread "GC Thread#4" [stack: 0x00000098c2800000,0x00000098c2900000] [id=14500]
  0x000002317619e3b0 GCTaskThread "GC Thread#5" [stack: 0x00000098c2900000,0x00000098c2a00000] [id=2256]
  0x000002317619e660 GCTaskThread "GC Thread#6" [stack: 0x00000098c2a00000,0x00000098c2b00000] [id=16600]
  0x00000231763261a0 GCTaskThread "GC Thread#7" [stack: 0x00000098c2b00000,0x00000098c2c00000] [id=16596]
  0x0000023146766c30 ConcurrentGCThread "G1 Main Marker" [stack: 0x00000098c1300000,0x00000098c1400000] [id=19300]
  0x0000023146767550 ConcurrentGCThread "G1 Conc#0" [stack: 0x00000098c1400000,0x00000098c1500000] [id=15584]
  0x00000231773c9d00 ConcurrentGCThread "G1 Conc#1" [stack: 0x00000098c2f00000,0x00000098c3000000] [id=18080]
  0x000002314678de60 ConcurrentGCThread "G1 Refine#0" [stack: 0x00000098c1500000,0x00000098c1600000] [id=15492]
  0x0000023179a80eb0 ConcurrentGCThread "G1 Refine#1" [stack: 0x00000098c3400000,0x00000098c3500000] [id=11624]
  0x0000023179a81a30 ConcurrentGCThread "G1 Refine#2" [stack: 0x00000098c3500000,0x00000098c3600000] [id=14916]
  0x000002317a2f2890 ConcurrentGCThread "G1 Refine#3" [stack: 0x00000098c3700000,0x00000098c3800000] [id=2924]
  0x000002317a359ca0 ConcurrentGCThread "G1 Refine#4" [stack: 0x00000098c3800000,0x00000098c3900000] [id=15956]
  0x000002314678e790 ConcurrentGCThread "G1 Service" [stack: 0x00000098c1600000,0x00000098c1700000] [id=16548]

Threads with active compile tasks:

VM state: not at safepoint (normal execution)

VM Mutex/Monitor currently owned by a thread: None

Heap address: 0x0000000602400000, size: 8156 MB, Compressed Oops mode: Zero based, Oop shift amount: 3

CDS archive(s) mapped at: [0x0000000800000000-0x0000000800bc0000-0x0000000800bc0000), size 12320768, SharedBaseAddress: 0x0000000800000000, ArchiveRelocationMode: 0.
Compressed class space mapped at: 0x0000000800c00000-0x0000000840c00000, reserved size: 1073741824
Narrow klass base: 0x0000000800000000, Narrow klass shift: 0, Narrow klass range: 0x100000000

GC Precious Log:
 CPUs: 8 total, 8 available
 Memory: 32616M
 Large Page Support: Disabled
 NUMA Support: Disabled
 Compressed Oops: Enabled (Zero based)
 Heap Region Size: 4M
 Heap Min Capacity: 8M
 Heap Initial Capacity: 512M
 Heap Max Capacity: 8156M
 Pre-touch: Disabled
 Parallel Workers: 8
 Concurrent Workers: 2
 Concurrent Refinement Workers: 8
 Periodic GC: Disabled

Heap:
 garbage-first heap   total 397312K, used 302023K [0x0000000602400000, 0x0000000800000000)
  region size 4096K, 35 young (143360K), 2 survivors (8192K)
 Metaspace       used 67616K, committed 68800K, reserved 1114112K
  class space    used 10162K, committed 10688K, reserved 1048576K

Heap Regions: E=young(eden), S=young(survivor), O=old, HS=humongous(starts), HC=humongous(continues), CS=collection set, F=free, OA=open archive, CA=closed archive, TAMS=top-at-mark-start (previous, next)
|   0|0x0000000602400000, 0x0000000602800000, 0x0000000602800000|100%| O|  |TAMS 0x0000000602800000, 0x0000000602400000| Untracked 
|   1|0x0000000602800000, 0x0000000602c00000, 0x0000000602c00000|100%| O|  |TAMS 0x0000000602c00000, 0x0000000602800000| Untracked 
|   2|0x0000000602c00000, 0x0000000603000000, 0x0000000603000000|100%| O|  |TAMS 0x0000000603000000, 0x0000000602c00000| Untracked 
|   3|0x0000000603000000, 0x0000000603400000, 0x0000000603400000|100%| O|  |TAMS 0x0000000603400000, 0x0000000603000000| Untracked 
|   4|0x0000000603400000, 0x0000000603800000, 0x0000000603800000|100%| O|  |TAMS 0x0000000603800000, 0x0000000603400000| Untracked 
|   5|0x0000000603800000, 0x0000000603c00000, 0x0000000603c00000|100%| O|  |TAMS 0x0000000603c00000, 0x0000000603800000| Untracked 
|   6|0x0000000603c00000, 0x0000000604000000, 0x0000000604000000|100%| O|  |TAMS 0x0000000604000000, 0x0000000603c00000| Untracked 
|   7|0x0000000604000000, 0x0000000604400000, 0x0000000604400000|100%| O|  |TAMS 0x0000000604400000, 0x0000000604000000| Untracked 
|   8|0x0000000604400000, 0x0000000604800000, 0x0000000604800000|100%| O|  |TAMS 0x0000000604800000, 0x0000000604400000| Untracked 
|   9|0x0000000604800000, 0x0000000604c00000, 0x0000000604c00000|100%| O|  |TAMS 0x0000000604c00000, 0x0000000604800000| Untracked 
|  10|0x0000000604c00000, 0x0000000605000000, 0x0000000605000000|100%| O|  |TAMS 0x0000000605000000, 0x0000000604c00000| Untracked 
|  11|0x0000000605000000, 0x0000000605400000, 0x0000000605400000|100%| O|  |TAMS 0x0000000605400000, 0x0000000605000000| Untracked 
|  12|0x0000000605400000, 0x0000000605800000, 0x0000000605800000|100%| O|  |TAMS 0x0000000605800000, 0x0000000605400000| Untracked 
|  13|0x0000000605800000, 0x0000000605c00000, 0x0000000605c00000|100%| O|  |TAMS 0x0000000605c00000, 0x0000000605800000| Untracked 
|  14|0x0000000605c00000, 0x0000000606000000, 0x0000000606000000|100%| O|  |TAMS 0x0000000606000000, 0x0000000605c00000| Untracked 
|  15|0x0000000606000000, 0x0000000606400000, 0x0000000606400000|100%| O|  |TAMS 0x0000000606400000, 0x0000000606000000| Untracked 
|  16|0x0000000606400000, 0x0000000606800000, 0x0000000606800000|100%| O|  |TAMS 0x0000000606800000, 0x0000000606400000| Untracked 
|  17|0x0000000606800000, 0x0000000606c00000, 0x0000000606c00000|100%| O|  |TAMS 0x0000000606c00000, 0x0000000606800000| Untracked 
|  18|0x0000000606c00000, 0x0000000607000000, 0x0000000607000000|100%|HS|  |TAMS 0x0000000607000000, 0x0000000606c00000| Complete 
|  19|0x0000000607000000, 0x0000000607400000, 0x0000000607400000|100%|HC|  |TAMS 0x0000000607400000, 0x0000000607000000| Complete 
|  20|0x0000000607400000, 0x0000000607800000, 0x0000000607800000|100%|HC|  |TAMS 0x0000000607800000, 0x0000000607400000| Complete 
|  21|0x0000000607800000, 0x0000000607835800, 0x0000000607c00000|  5%| O|  |TAMS 0x0000000607835800, 0x0000000607800000| Untracked 
|  22|0x0000000607c00000, 0x0000000608000000, 0x0000000608000000|100%| O|  |TAMS 0x0000000607c00000, 0x0000000607c00000| Untracked 
|  23|0x0000000608000000, 0x0000000608400000, 0x0000000608400000|100%| O|  |TAMS 0x0000000608000000, 0x0000000608000000| Untracked 
|  24|0x0000000608400000, 0x0000000608800000, 0x0000000608800000|100%| O|  |TAMS 0x0000000608400000, 0x0000000608400000| Untracked 
|  25|0x0000000608800000, 0x0000000608c00000, 0x0000000608c00000|100%| O|  |TAMS 0x0000000608800000, 0x0000000608800000| Untracked 
|  26|0x0000000608c00000, 0x0000000609000000, 0x0000000609000000|100%| O|  |TAMS 0x0000000608c00000, 0x0000000608c00000| Untracked 
|  27|0x0000000609000000, 0x0000000609400000, 0x0000000609400000|100%| O|  |TAMS 0x0000000609000000, 0x0000000609000000| Untracked 
|  28|0x0000000609400000, 0x0000000609800000, 0x0000000609800000|100%| O|  |TAMS 0x0000000609400000, 0x0000000609400000| Untracked 
|  29|0x0000000609800000, 0x0000000609c00000, 0x0000000609c00000|100%| O|  |TAMS 0x0000000609800000, 0x0000000609800000| Untracked 
|  30|0x0000000609c00000, 0x000000060a000000, 0x000000060a000000|100%| O|  |TAMS 0x0000000609c00000, 0x0000000609c00000| Untracked 
|  31|0x000000060a000000, 0x000000060a400000, 0x000000060a400000|100%| O|  |TAMS 0x000000060a000000, 0x000000060a000000| Untracked 
|  32|0x000000060a400000, 0x000000060a800000, 0x000000060a800000|100%| O|  |TAMS 0x000000060a400000, 0x000000060a400000| Untracked 
|  33|0x000000060a800000, 0x000000060ac00000, 0x000000060ac00000|100%| O|  |TAMS 0x000000060a800000, 0x000000060a800000| Untracked 
|  34|0x000000060ac00000, 0x000000060b000000, 0x000000060b000000|100%| O|  |TAMS 0x000000060ac00000, 0x000000060ac00000| Untracked 
|  35|0x000000060b000000, 0x000000060b400000, 0x000000060b400000|100%| O|  |TAMS 0x000000060b000000, 0x000000060b000000| Untracked 
|  36|0x000000060b400000, 0x000000060b800000, 0x000000060b800000|100%| O|  |TAMS 0x000000060b400000, 0x000000060b400000| Untracked 
|  37|0x000000060b800000, 0x000000060bc00000, 0x000000060bc00000|100%| O|  |TAMS 0x000000060b800000, 0x000000060b800000| Untracked 
|  38|0x000000060bc00000, 0x000000060c000000, 0x000000060c000000|100%| O|  |TAMS 0x000000060bc00000, 0x000000060bc00000| Untracked 
|  39|0x000000060c000000, 0x000000060c400000, 0x000000060c400000|100%| O|  |TAMS 0x000000060c000000, 0x000000060c000000| Untracked 
|  40|0x000000060c400000, 0x000000060c713200, 0x000000060c800000| 76%| O|  |TAMS 0x000000060c400000, 0x000000060c400000| Untracked 
|  41|0x000000060c800000, 0x000000060c800000, 0x000000060cc00000|  0%| F|  |TAMS 0x000000060c800000, 0x000000060c800000| Untracked 
|  42|0x000000060cc00000, 0x000000060cc00000, 0x000000060d000000|  0%| F|  |TAMS 0x000000060cc00000, 0x000000060cc00000| Untracked 
|  43|0x000000060d000000, 0x000000060d000000, 0x000000060d400000|  0%| F|  |TAMS 0x000000060d000000, 0x000000060d000000| Untracked 
|  44|0x000000060d400000, 0x000000060d400000, 0x000000060d800000|  0%| F|  |TAMS 0x000000060d400000, 0x000000060d400000| Untracked 
|  45|0x000000060d800000, 0x000000060d800000, 0x000000060dc00000|  0%| F|  |TAMS 0x000000060d800000, 0x000000060d800000| Untracked 
|  46|0x000000060dc00000, 0x000000060dc00000, 0x000000060e000000|  0%| F|  |TAMS 0x000000060dc00000, 0x000000060dc00000| Untracked 
|  47|0x000000060e000000, 0x000000060e000000, 0x000000060e400000|  0%| F|  |TAMS 0x000000060e000000, 0x000000060e000000| Untracked 
|  48|0x000000060e400000, 0x000000060e400000, 0x000000060e800000|  0%| F|  |TAMS 0x000000060e400000, 0x000000060e400000| Untracked 
|  49|0x000000060e800000, 0x000000060e800000, 0x000000060ec00000|  0%| F|  |TAMS 0x000000060e800000, 0x000000060e800000| Untracked 
|  50|0x000000060ec00000, 0x000000060ec00000, 0x000000060f000000|  0%| F|  |TAMS 0x000000060ec00000, 0x000000060ec00000| Untracked 
|  51|0x000000060f000000, 0x000000060f000000, 0x000000060f400000|  0%| F|  |TAMS 0x000000060f000000, 0x000000060f000000| Untracked 
|  52|0x000000060f400000, 0x000000060f400000, 0x000000060f800000|  0%| F|  |TAMS 0x000000060f400000, 0x000000060f400000| Untracked 
|  53|0x000000060f800000, 0x000000060f800000, 0x000000060fc00000|  0%| F|  |TAMS 0x000000060f800000, 0x000000060f800000| Untracked 
|  54|0x000000060fc00000, 0x000000060fc00000, 0x0000000610000000|  0%| F|  |TAMS 0x000000060fc00000, 0x000000060fc00000| Untracked 
|  55|0x0000000610000000, 0x0000000610000000, 0x0000000610400000|  0%| F|  |TAMS 0x0000000610000000, 0x0000000610000000| Untracked 
|  56|0x0000000610400000, 0x0000000610400000, 0x0000000610800000|  0%| F|  |TAMS 0x0000000610400000, 0x0000000610400000| Untracked 
|  57|0x0000000610800000, 0x0000000610800000, 0x0000000610c00000|  0%| F|  |TAMS 0x0000000610800000, 0x0000000610800000| Untracked 
|  58|0x0000000610c00000, 0x0000000610c00000, 0x0000000611000000|  0%| F|  |TAMS 0x0000000610c00000, 0x0000000610c00000| Untracked 
|  59|0x0000000611000000, 0x0000000611000000, 0x0000000611400000|  0%| F|  |TAMS 0x0000000611000000, 0x0000000611000000| Untracked 
|  60|0x0000000611400000, 0x0000000611400000, 0x0000000611800000|  0%| F|  |TAMS 0x0000000611400000, 0x0000000611400000| Untracked 
|  61|0x0000000611800000, 0x0000000611ba9500, 0x0000000611c00000| 91%| S|CS|TAMS 0x0000000611800000, 0x0000000611800000| Complete 
|  62|0x0000000611c00000, 0x0000000612000000, 0x0000000612000000|100%| S|CS|TAMS 0x0000000611c00000, 0x0000000611c00000| Complete 
|  63|0x0000000612000000, 0x0000000612000000, 0x0000000612400000|  0%| F|  |TAMS 0x0000000612000000, 0x0000000612000000| Untracked 
|  64|0x0000000612400000, 0x0000000612706990, 0x0000000612800000| 75%| E|  |TAMS 0x0000000612400000, 0x0000000612400000| Complete 
|  65|0x0000000612800000, 0x0000000612c00000, 0x0000000612c00000|100%| E|CS|TAMS 0x0000000612800000, 0x0000000612800000| Complete 
|  66|0x0000000612c00000, 0x0000000613000000, 0x0000000613000000|100%| E|CS|TAMS 0x0000000612c00000, 0x0000000612c00000| Complete 
|  67|0x0000000613000000, 0x0000000613400000, 0x0000000613400000|100%| E|CS|TAMS 0x0000000613000000, 0x0000000613000000| Complete 
|  68|0x0000000613400000, 0x0000000613800000, 0x0000000613800000|100%| E|CS|TAMS 0x0000000613400000, 0x0000000613400000| Complete 
|  69|0x0000000613800000, 0x0000000613c00000, 0x0000000613c00000|100%| E|CS|TAMS 0x0000000613800000, 0x0000000613800000| Complete 
|  70|0x0000000613c00000, 0x0000000614000000, 0x0000000614000000|100%| E|CS|TAMS 0x0000000613c00000, 0x0000000613c00000| Complete 
|  71|0x0000000614000000, 0x0000000614400000, 0x0000000614400000|100%| E|CS|TAMS 0x0000000614000000, 0x0000000614000000| Complete 
|  72|0x0000000614400000, 0x0000000614800000, 0x0000000614800000|100%| E|CS|TAMS 0x0000000614400000, 0x0000000614400000| Complete 
|  73|0x0000000614800000, 0x0000000614c00000, 0x0000000614c00000|100%| E|CS|TAMS 0x0000000614800000, 0x0000000614800000| Complete 
|  74|0x0000000614c00000, 0x0000000615000000, 0x0000000615000000|100%| E|CS|TAMS 0x0000000614c00000, 0x0000000614c00000| Complete 
|  75|0x0000000615000000, 0x0000000615400000, 0x0000000615400000|100%| E|CS|TAMS 0x0000000615000000, 0x0000000615000000| Complete 
|  76|0x0000000615400000, 0x0000000615800000, 0x0000000615800000|100%| E|CS|TAMS 0x0000000615400000, 0x0000000615400000| Complete 
|  77|0x0000000615800000, 0x0000000615c00000, 0x0000000615c00000|100%| E|CS|TAMS 0x0000000615800000, 0x0000000615800000| Complete 
|  78|0x0000000615c00000, 0x0000000616000000, 0x0000000616000000|100%| E|CS|TAMS 0x0000000615c00000, 0x0000000615c00000| Complete 
|  79|0x0000000616000000, 0x0000000616400000, 0x0000000616400000|100%| E|CS|TAMS 0x0000000616000000, 0x0000000616000000| Complete 
|  80|0x0000000616400000, 0x0000000616800000, 0x0000000616800000|100%| E|CS|TAMS 0x0000000616400000, 0x0000000616400000| Complete 
|  81|0x0000000616800000, 0x0000000616c00000, 0x0000000616c00000|100%| E|CS|TAMS 0x0000000616800000, 0x0000000616800000| Complete 
|  82|0x0000000616c00000, 0x0000000617000000, 0x0000000617000000|100%| E|CS|TAMS 0x0000000616c00000, 0x0000000616c00000| Complete 
|  83|0x0000000617000000, 0x0000000617400000, 0x0000000617400000|100%| E|CS|TAMS 0x0000000617000000, 0x0000000617000000| Complete 
|  84|0x0000000617400000, 0x0000000617800000, 0x0000000617800000|100%| E|CS|TAMS 0x0000000617400000, 0x0000000617400000| Complete 
|  85|0x0000000617800000, 0x0000000617c00000, 0x0000000617c00000|100%| E|CS|TAMS 0x0000000617800000, 0x0000000617800000| Complete 
|  86|0x0000000617c00000, 0x0000000618000000, 0x0000000618000000|100%| E|CS|TAMS 0x0000000617c00000, 0x0000000617c00000| Complete 
|  87|0x0000000618000000, 0x0000000618400000, 0x0000000618400000|100%| E|CS|TAMS 0x0000000618000000, 0x0000000618000000| Complete 
|  88|0x0000000618400000, 0x0000000618800000, 0x0000000618800000|100%| E|CS|TAMS 0x0000000618400000, 0x0000000618400000| Complete 
|  89|0x0000000618800000, 0x0000000618c00000, 0x0000000618c00000|100%| E|CS|TAMS 0x0000000618800000, 0x0000000618800000| Complete 
| 103|0x000000061c000000, 0x000000061c400000, 0x000000061c400000|100%| E|CS|TAMS 0x000000061c000000, 0x000000061c000000| Complete 
| 104|0x000000061c400000, 0x000000061c800000, 0x000000061c800000|100%| E|CS|TAMS 0x000000061c400000, 0x000000061c400000| Complete 
| 105|0x000000061c800000, 0x000000061cc00000, 0x000000061cc00000|100%| E|CS|TAMS 0x000000061c800000, 0x000000061c800000| Complete 
| 106|0x000000061cc00000, 0x000000061d000000, 0x000000061d000000|100%| E|CS|TAMS 0x000000061cc00000, 0x000000061cc00000| Complete 
| 107|0x000000061d000000, 0x000000061d400000, 0x000000061d400000|100%| E|CS|TAMS 0x000000061d000000, 0x000000061d000000| Complete 
| 122|0x0000000620c00000, 0x0000000621000000, 0x0000000621000000|100%| E|CS|TAMS 0x0000000620c00000, 0x0000000620c00000| Complete 
| 127|0x0000000622000000, 0x0000000622400000, 0x0000000622400000|100%| E|CS|TAMS 0x0000000622000000, 0x0000000622000000| Complete 

Card table byte_map: [0x00000231603f0000,0x00000231613e0000] _byte_map_base: 0x000002315d3de000

Marking Bits (Prev, Next): (CMBitMap*) 0x00000231467566b0, (CMBitMap*) 0x0000023146756670
 Prev Bits: [0x000002316a340000, 0x00000231722b0000)
 Next Bits: [0x00000231623d0000, 0x000002316a340000)

Polling page: 0x0000023146790000

Metaspace:

Usage:
  Non-class:     56.11 MB used.
      Class:      9.92 MB used.
       Both:     66.03 MB used.

Virtual space:
  Non-class space:       64.00 MB reserved,      56.75 MB ( 89%) committed,  8 nodes.
      Class space:        1.00 GB reserved,      10.44 MB (  1%) committed,  1 nodes.
             Both:        1.06 GB reserved,      67.19 MB (  6%) committed. 

Chunk freelists:
   Non-Class:  3.31 MB
       Class:  1.54 MB
        Both:  4.85 MB

MaxMetaspaceSize: unlimited
CompressedClassSpaceSize: 1.00 GB
Initial GC threshold: 21.00 MB
Current GC threshold: 73.75 MB
CDS: on
MetaspaceReclaimPolicy: balanced
 - commit_granule_bytes: 65536.
 - commit_granule_words: 8192.
 - virtual_space_node_default_size: 1048576.
 - enlarge_chunks_in_place: 1.
 - new_chunks_are_fully_committed: 0.
 - uncommit_free_chunks: 1.
 - use_allocation_guard: 0.
 - handle_deallocations: 1.


Internal statistics:

num_allocs_failed_limit: 9.
num_arena_births: 1720.
num_arena_deaths: 0.
num_vsnodes_births: 9.
num_vsnodes_deaths: 0.
num_space_committed: 1072.
num_space_uncommitted: 0.
num_chunks_returned_to_freelist: 9.
num_chunks_taken_from_freelist: 4495.
num_chunk_merges: 6.
num_chunk_splits: 2936.
num_chunks_enlarged: 1978.
num_purges: 0.
num_inconsistent_stats: 0.

CodeHeap 'non-profiled nmethods': size=120000Kb used=7321Kb max_used=7321Kb free=112678Kb
 bounds [0x0000023157470000, 0x0000023157ba0000, 0x000002315e9a0000]
CodeHeap 'profiled nmethods': size=120000Kb used=13834Kb max_used=13834Kb free=106165Kb
 bounds [0x000002314ff40000, 0x0000023150cd0000, 0x0000023157470000]
CodeHeap 'non-nmethods': size=5760Kb used=1949Kb max_used=2046Kb free=3810Kb
 bounds [0x000002314f9a0000, 0x000002314fc10000, 0x000002314ff40000]
 total_blobs=9622 nmethods=8146 adapters=1387
 compilation: enabled
              stopped_count=0, restarted_count=0
 full_count=0

Compilation events (20 events):
Event: 8.965 Thread 0x0000023174f4e4e0 nmethod 10341 0x0000023157b7d190 code [0x0000023157b7d300, 0x0000023157b7d398]
Event: 8.965 Thread 0x0000023174e4fd90 10345       3       java.nio.ByteBuffer::order (48 bytes)
Event: 8.965 Thread 0x0000023174e4fd90 nmethod 10345 0x0000023150cc1e90 code [0x0000023150cc2040, 0x0000023150cc2278]
Event: 8.965 Thread 0x0000023174e4fd90 10347       3       org.lwjgl.system.MemoryUtil::encodeASCIIUnsafe (53 bytes)
Event: 8.965 Thread 0x0000023174e4fd90 nmethod 10347 0x0000023150cc2310 code [0x0000023150cc24e0, 0x0000023150cc28f8]
Event: 8.965 Thread 0x0000023174e4fd90 10348       1       org.lwjgl.system.Pointer$Default::address (5 bytes)
Event: 8.965 Thread 0x0000023174e4fd90 nmethod 10348 0x0000023157b7d490 code [0x0000023157b7d620, 0x0000023157b7d6f8]
Event: 8.966 Thread 0x0000023174e4fd90 10349       3       jdk.internal.loader.NativeLibraries$NativeLibraryImpl::find (6 bytes)
Event: 8.966 Thread 0x0000023174e4fd90 nmethod 10349 0x0000023150cc2a90 code [0x0000023150cc2c20, 0x0000023150cc2d48]
Event: 8.968 Thread 0x0000023174f4e4e0 10351       4       java.security.CodeSource::hashCode (17 bytes)
Event: 8.969 Thread 0x0000023174f4e4e0 nmethod 10351 0x0000023157b7db90 code [0x0000023157b7dd20, 0x0000023157b7e108]
Event: 8.971 Thread 0x0000023174e4d3d0 nmethod 10333 0x0000023157b7e290 code [0x0000023157b7e5c0, 0x0000023157b80208]
Event: 8.983 Thread 0x0000023174e4fd90 10355       3       java.util.concurrent.ConcurrentHashMap::isEmpty (15 bytes)
Event: 8.983 Thread 0x0000023174e4fd90 nmethod 10355 0x0000023150cc2e10 code [0x0000023150cc2fc0, 0x0000023150cc3168]
Event: 8.993 Thread 0x0000023174e4fd90 10356       3       sun.misc.Unsafe::getInt (9 bytes)
Event: 8.993 Thread 0x0000023174e4fd90 nmethod 10356 0x0000023150cc3210 code [0x0000023150cc33a0, 0x0000023150cc34b8]
Event: 8.993 Thread 0x0000023174e4fd90 10357       3       org.lwjgl.system.CustomBuffer::address (19 bytes)
Event: 8.994 Thread 0x0000023174e4fd90 nmethod 10357 0x0000023150cc3590 code [0x0000023150cc3740, 0x0000023150cc39a8]
Event: 8.996 Thread 0x0000023174e4d3d0 10360   !   4       java.nio.file.Files::exists (71 bytes)
Event: 9.005 Thread 0x0000023174e4d3d0 nmethod 10360 0x0000023157b82a90 code [0x0000023157b82d00, 0x0000023157b83a20]

GC Heap History (20 events):
Event: 3.419 GC heap before
{Heap before GC invocations=8 (full 0):
 garbage-first heap   total 221184K, used 71069K [0x0000000602400000, 0x0000000800000000)
  region size 4096K, 5 young (20480K), 4 survivors (16384K)
 Metaspace       used 26613K, committed 27456K, reserved 1073152K
  class space    used 3281K, committed 3648K, reserved 1048576K
}
Event: 3.425 GC heap after
{Heap after GC invocations=9 (full 0):
 garbage-first heap   total 221184K, used 70008K [0x0000000602400000, 0x0000000800000000)
  region size 4096K, 1 young (4096K), 1 survivors (4096K)
 Metaspace       used 26613K, committed 27456K, reserved 1073152K
  class space    used 3281K, committed 3648K, reserved 1048576K
}
Event: 3.511 GC heap before
{Heap before GC invocations=9 (full 0):
 garbage-first heap   total 221184K, used 156024K [0x0000000602400000, 0x0000000800000000)
  region size 4096K, 22 young (90112K), 1 survivors (4096K)
 Metaspace       used 27022K, committed 27840K, reserved 1073152K
  class space    used 3343K, committed 3712K, reserved 1048576K
}
Event: 3.513 GC heap after
{Heap after GC invocations=10 (full 0):
 garbage-first heap   total 507904K, used 68760K [0x0000000602400000, 0x0000000800000000)
  region size 4096K, 1 young (4096K), 1 survivors (4096K)
 Metaspace       used 27022K, committed 27840K, reserved 1073152K
  class space    used 3343K, committed 3712K, reserved 1048576K
}
Event: 4.019 GC heap before
{Heap before GC invocations=10 (full 0):
 garbage-first heap   total 507904K, used 351384K [0x0000000602400000, 0x0000000800000000)
  region size 4096K, 70 young (286720K), 1 survivors (4096K)
 Metaspace       used 28020K, committed 28800K, reserved 1081344K
  class space    used 3476K, committed 3840K, reserved 1048576K
}
Event: 4.023 GC heap after
{Heap after GC invocations=11 (full 0):
 garbage-first heap   total 507904K, used 74653K [0x0000000602400000, 0x0000000800000000)
  region size 4096K, 2 young (8192K), 2 survivors (8192K)
 Metaspace       used 28020K, committed 28800K, reserved 1081344K
  class space    used 3476K, committed 3840K, reserved 1048576K
}
Event: 4.664 GC heap before
{Heap before GC invocations=11 (full 0):
 garbage-first heap   total 507904K, used 381853K [0x0000000602400000, 0x0000000800000000)
  region size 4096K, 74 young (303104K), 2 survivors (8192K)
 Metaspace       used 31535K, committed 32384K, reserved 1081344K
  class space    used 3927K, committed 4288K, reserved 1048576K
}
Event: 4.669 GC heap after
{Heap after GC invocations=12 (full 0):
 garbage-first heap   total 507904K, used 95124K [0x0000000602400000, 0x0000000800000000)
  region size 4096K, 4 young (16384K), 4 survivors (16384K)
 Metaspace       used 31535K, committed 32384K, reserved 1081344K
  class space    used 3927K, committed 4288K, reserved 1048576K
}
Event: 5.587 GC heap before
{Heap before GC invocations=12 (full 0):
 garbage-first heap   total 507904K, used 381844K [0x0000000602400000, 0x0000000800000000)
  region size 4096K, 74 young (303104K), 4 survivors (16384K)
 Metaspace       used 34481K, committed 35392K, reserved 1081344K
  class space    used 4283K, committed 4672K, reserved 1048576K
}
Event: 5.593 GC heap after
{Heap after GC invocations=13 (full 0):
 garbage-first heap   total 507904K, used 102318K [0x0000000602400000, 0x0000000800000000)
  region size 4096K, 6 young (24576K), 6 survivors (24576K)
 Metaspace       used 34481K, committed 35392K, reserved 1081344K
  class space    used 4283K, committed 4672K, reserved 1048576K
}
Event: 5.783 GC heap before
{Heap before GC invocations=13 (full 0):
 garbage-first heap   total 507904K, used 163758K [0x0000000602400000, 0x0000000800000000)
  region size 4096K, 22 young (90112K), 6 survivors (24576K)
 Metaspace       used 35458K, committed 36288K, reserved 1081344K
  class space    used 4376K, committed 4736K, reserved 1048576K
}
Event: 5.788 GC heap after
{Heap after GC invocations=14 (full 0):
 garbage-first heap   total 507904K, used 103085K [0x0000000602400000, 0x0000000800000000)
  region size 4096K, 5 young (20480K), 5 survivors (20480K)
 Metaspace       used 35458K, committed 36288K, reserved 1081344K
  class space    used 4376K, committed 4736K, reserved 1048576K
}
Event: 6.638 GC heap before
{Heap before GC invocations=15 (full 0):
 garbage-first heap   total 397312K, used 320173K [0x0000000602400000, 0x0000000800000000)
  region size 4096K, 58 young (237568K), 5 survivors (20480K)
 Metaspace       used 44094K, committed 45120K, reserved 1089536K
  class space    used 5783K, committed 6272K, reserved 1048576K
}
Event: 6.650 GC heap after
{Heap after GC invocations=16 (full 0):
 garbage-first heap   total 397312K, used 118181K [0x0000000602400000, 0x0000000800000000)
  region size 4096K, 8 young (32768K), 8 survivors (32768K)
 Metaspace       used 44094K, committed 45120K, reserved 1089536K
  class space    used 5783K, committed 6272K, reserved 1048576K
}
Event: 6.967 GC heap before
{Heap before GC invocations=17 (full 0):
 garbage-first heap   total 397312K, used 314789K [0x0000000602400000, 0x0000000800000000)
  region size 4096K, 56 young (229376K), 8 survivors (32768K)
 Metaspace       used 45020K, committed 46080K, reserved 1089536K
  class space    used 5930K, committed 6400K, reserved 1048576K
}
Event: 6.982 GC heap after
{Heap after GC invocations=18 (full 0):
 garbage-first heap   total 397312K, used 135854K [0x0000000602400000, 0x0000000800000000)
  region size 4096K, 7 young (28672K), 7 survivors (28672K)
 Metaspace       used 45020K, committed 46080K, reserved 1089536K
  class space    used 5930K, committed 6400K, reserved 1048576K
}
Event: 7.575 GC heap before
{Heap before GC invocations=18 (full 0):
 garbage-first heap   total 397312K, used 307886K [0x0000000602400000, 0x0000000800000000)
  region size 4096K, 49 young (200704K), 7 survivors (28672K)
 Metaspace       used 52992K, committed 54016K, reserved 1097728K
  class space    used 7407K, committed 7872K, reserved 1048576K
}
Event: 7.588 GC heap after
{Heap after GC invocations=19 (full 0):
 garbage-first heap   total 397312K, used 163173K [0x0000000602400000, 0x0000000800000000)
  region size 4096K, 7 young (28672K), 7 survivors (28672K)
 Metaspace       used 52992K, committed 54016K, reserved 1097728K
  class space    used 7407K, committed 7872K, reserved 1048576K
}
Event: 8.230 GC heap before
{Heap before GC invocations=19 (full 0):
 garbage-first heap   total 397312K, used 302437K [0x0000000602400000, 0x0000000800000000)
  region size 4096K, 41 young (167936K), 7 survivors (28672K)
 Metaspace       used 60241K, committed 61312K, reserved 1105920K
  class space    used 8886K, committed 9408K, reserved 1048576K
}
Event: 8.238 GC heap after
{Heap after GC invocations=20 (full 0):
 garbage-first heap   total 397312K, used 170951K [0x0000000602400000, 0x0000000800000000)
  region size 4096K, 2 young (8192K), 2 survivors (8192K)
 Metaspace       used 60241K, committed 61312K, reserved 1105920K
  class space    used 8886K, committed 9408K, reserved 1048576K
}

Dll operation events (11 events):
Event: 0.005 Loaded shared library E:\MCreator20232\jdk\bin\java.dll
Event: 0.011 Loaded shared library E:\MCreator20232\jdk\bin\jsvml.dll
Event: 0.145 Loaded shared library E:\MCreator20232\jdk\bin\net.dll
Event: 0.146 Loaded shared library E:\MCreator20232\jdk\bin\nio.dll
Event: 0.147 Loaded shared library E:\MCreator20232\jdk\bin\zip.dll
Event: 0.228 Loaded shared library E:\MCreator20232\jdk\bin\jimage.dll
Event: 0.484 Loaded shared library E:\MCreator20232\jdk\bin\verify.dll
Event: 1.735 Loaded shared library E:\MCreator20232\jdk\bin\management.dll
Event: 1.737 Loaded shared library E:\MCreator20232\jdk\bin\management_ext.dll
Event: 4.690 Loaded shared library C:\Users\xqin\AppData\Local\Temp\jna-3686878\jna15214660158683342437.dll
Event: 8.588 Loaded shared library C:\Users\xqin\AppData\Local\Temp\lwjglxqin\3.3.1-build-7\lwjgl.dll

Deoptimization events (20 events):
Event: 8.949 Thread 0x00000231466e50e0 Uncommon trap: trap_request=0xffffffde fr.pc=0x00000231579e9bc4 relative=0x00000000000002a4
Event: 8.949 Thread 0x00000231466e50e0 Uncommon trap: reason=class_check action=maybe_recompile pc=0x00000231579e9bc4 method=java.util.regex.Matcher.match(II)Z @ 121 c2
Event: 8.949 Thread 0x00000231466e50e0 DEOPT PACKING pc=0x00000231579e9bc4 sp=0x00000098c11fc780
Event: 8.949 Thread 0x00000231466e50e0 DEOPT UNPACKING pc=0x000002314f9f23a3 sp=0x00000098c11fc6f8 mode 2
Event: 8.949 Thread 0x00000231466e50e0 Uncommon trap: trap_request=0xffffffde fr.pc=0x00000231579e9bc4 relative=0x00000000000002a4
Event: 8.949 Thread 0x00000231466e50e0 Uncommon trap: reason=class_check action=maybe_recompile pc=0x00000231579e9bc4 method=java.util.regex.Matcher.match(II)Z @ 121 c2
Event: 8.949 Thread 0x00000231466e50e0 DEOPT PACKING pc=0x00000231579e9bc4 sp=0x00000098c11fc780
Event: 8.949 Thread 0x00000231466e50e0 DEOPT UNPACKING pc=0x000002314f9f23a3 sp=0x00000098c11fc6f8 mode 2
Event: 8.951 Thread 0x00000231466e50e0 Uncommon trap: trap_request=0xffffff45 fr.pc=0x0000023157b513d4 relative=0x00000000000005f4
Event: 8.951 Thread 0x00000231466e50e0 Uncommon trap: reason=unstable_if action=reinterpret pc=0x0000023157b513d4 method=com.google.gson.stream.JsonReader.peekKeyword()I @ 37 c2
Event: 8.951 Thread 0x00000231466e50e0 DEOPT PACKING pc=0x0000023157b513d4 sp=0x00000098c11fdcf0
Event: 8.951 Thread 0x00000231466e50e0 DEOPT UNPACKING pc=0x000002314f9f23a3 sp=0x00000098c11fdbe8 mode 2
Event: 8.951 Thread 0x00000231466e50e0 Uncommon trap: trap_request=0xffffff45 fr.pc=0x0000023157b51f60 relative=0x00000000000000c0
Event: 8.951 Thread 0x00000231466e50e0 Uncommon trap: reason=unstable_if action=reinterpret pc=0x0000023157b51f60 method=com.google.gson.stream.JsonReader.peek()Lcom/google/gson/stream/JsonToken; @ 15 c2
Event: 8.951 Thread 0x00000231466e50e0 DEOPT PACKING pc=0x0000023157b51f60 sp=0x00000098c11fdd30
Event: 8.951 Thread 0x00000231466e50e0 DEOPT UNPACKING pc=0x000002314f9f23a3 sp=0x00000098c11fdcb8 mode 2
Event: 8.967 Thread 0x00000231466e50e0 Uncommon trap: trap_request=0xffffff45 fr.pc=0x00000231575a3614 relative=0x0000000000000174
Event: 8.967 Thread 0x00000231466e50e0 Uncommon trap: reason=unstable_if action=reinterpret pc=0x00000231575a3614 method=cpw.mods.niofs.union.UnionFileSystem.getPath(Ljava/lang/String;[Ljava/lang/String;)Ljava/nio/file/Path; @ 2 c2
Event: 8.967 Thread 0x00000231466e50e0 DEOPT PACKING pc=0x00000231575a3614 sp=0x00000098c11fad70
Event: 8.967 Thread 0x00000231466e50e0 DEOPT UNPACKING pc=0x000002314f9f23a3 sp=0x00000098c11fad00 mode 2

Classes unloaded (0 events):
No events

Classes redefined (0 events):
No events

Internal exceptions (20 events):
Event: 8.643 Thread 0x00000231466e50e0 Exception <a 'sun/nio/fs/WindowsException'{0x0000000615b04ab8}> (0x0000000615b04ab8) 
thrown [s\src\hotspot\share\prims\jni.cpp, line 516]
Event: 8.718 Thread 0x00000231466e50e0 Exception <a 'java/lang/NoSuchMethodError'{0x0000000614bc6fe0}: 'int java.lang.invoke.DirectMethodHandle$Holder.invokeStatic(java.lang.Object)'> (0x0000000614bc6fe0) 
thrown [s\src\hotspot\share\interpreter\linkResolver.cpp, line 759]
Event: 8.738 Thread 0x00000231466e50e0 Exception <a 'java/lang/NoSuchMethodError'{0x00000006147e9b78}: 'java.lang.Object java.lang.invoke.Invokers$Holder.linkToTargetMethod(java.lang.Object, int, java.lang.Object, java.lang.Object)'> (0x00000006147e9b78) 
thrown [s\src\hotspot\share\interpreter\linkResolver.cpp, line 759]
Event: 8.743 Thread 0x00000231466e50e0 Exception <a 'java/lang/NoSuchMethodError'{0x000000061409c398}: 'int java.lang.invoke.DirectMethodHandle$Holder.invokeStaticInit(java.lang.Object)'> (0x000000061409c398) 
thrown [s\src\hotspot\share\interpreter\linkResolver.cpp, line 759]
Event: 8.752 Thread 0x00000231466e50e0 Exception <a 'java/lang/NoSuchMethodError'{0x00000006140a3780}: 'int java.lang.invoke.Invokers$Holder.invokeExact_MT(java.lang.Object, java.lang.Object)'> (0x00000006140a3780) 
thrown [s\src\hotspot\share\interpreter\linkResolver.cpp, line 759]
Event: 8.755 Thread 0x00000231466e50e0 Exception <a 'sun/nio/fs/WindowsException'{0x0000000614169690}> (0x0000000614169690) 
thrown [s\src\hotspot\share\prims\jni.cpp, line 516]
Event: 8.755 Thread 0x00000231466e50e0 Exception <a 'sun/nio/fs/WindowsException'{0x00000006141699f0}> (0x00000006141699f0) 
thrown [s\src\hotspot\share\prims\jni.cpp, line 516]
Event: 8.759 Thread 0x00000231466e50e0 Exception <a 'java/lang/NoSuchMethodError'{0x00000006142541f0}: 'java.lang.Object java.lang.invoke.DirectMethodHandle$Holder.invokeInterface(java.lang.Object, java.lang.Object, double)'> (0x00000006142541f0) 
thrown [s\src\hotspot\share\interpreter\linkResolver.cpp, line 759]
Event: 8.760 Thread 0x00000231466e50e0 Exception <a 'java/lang/NoSuchMethodError'{0x000000061425aa50}: 'double java.lang.invoke.DirectMethodHandle$Holder.invokeInterface(java.lang.Object, java.lang.Object, java.lang.Object)'> (0x000000061425aa50) 
thrown [s\src\hotspot\share\interpreter\linkResolver.cpp, line 759]
Event: 8.839 Thread 0x00000231466e50e0 Exception <a 'java/lang/NoSuchMethodError'{0x00000006135720a0}: 'java.lang.Object java.lang.invoke.DirectMethodHandle$Holder.newInvokeSpecial(java.lang.Object, java.lang.Object, java.lang.Object, java.lang.Object, java.lang.Object, java.lang.Object, java.lang.Object, java.lang.Object, java.lang.Object, java.lang.Object)'> (0x00000006135720a0) 
thrown [s\src\hotspot\share\interpreter\linkResolver.cpp, line 759]
Event: 8.839 Thread 0x00000231466e50e0 Exception <a 'java/lang/NoSuchMethodError'{0x0000000613576668}: 'java.lang.Object java.lang.invoke.Invokers$Holder.linkToTargetMethod(java.lang.Object, java.lang.Object, java.lang.Object, java.lang.Object, java.lang.Object, java.lang.Object, java.lang.Object, java.lang.Object, java.lang.Object, java.lang.Object)'> (0x0000000613576668) 
thrown [s\src\hotspot\share\interpreter\linkResolver.cpp, line 759]
Event: 8.891 Thread 0x00000231466e50e0 Exception <a 'java/lang/NoSuchMethodError'{0x00000006132c5850}: 'java.lang.Object java.lang.invoke.Invokers$Holder.linkToTargetMethod(java.lang.Object, java.lang.Object, java.lang.Object, java.lang.Object, java.lang.Object, java.lang.Object, java.lang.Object, java.lang.Object, java.lang.Object)'> (0x00000006132c5850) 
thrown [s\src\hotspot\share\interpreter\linkResolver.cpp, line 759]
Event: 8.935 Thread 0x00000231466e50e0 Exception <a 'java/lang/NoSuchMethodError'{0x0000000612f83a40}: 'java.lang.Object java.lang.invoke.DirectMethodHandle$Holder.invokeSpecial(java.lang.Object, java.lang.Object, java.lang.Object, java.lang.Object, java.lang.Object, int, java.lang.Object)'> (0x0000000612f83a40) 
thrown [s\src\hotspot\share\interpreter\linkResolver.cpp, line 759]
Event: 8.935 Thread 0x00000231466e50e0 Exception <a 'java/lang/NoSuchMethodError'{0x0000000612f8c0e0}: 'java.lang.Object java.lang.invoke.DirectMethodHandle$Holder.invokeSpecial(java.lang.Object, java.lang.Object, java.lang.Object, java.lang.Object, java.lang.Object, java.lang.Object, int)'> (0x0000000612f8c0e0) 
thrown [s\src\hotspot\share\interpreter\linkResolver.cpp, line 759]
Event: 8.935 Thread 0x00000231466e50e0 Exception <a 'java/lang/NoSuchMethodError'{0x0000000612f8f9c0}: 'java.lang.Object java.lang.invoke.Invokers$Holder.linkToTargetMethod(java.lang.Object, java.lang.Object, java.lang.Object, java.lang.Object, int, java.lang.Object)'> (0x0000000612f8f9c0) 
thrown [s\src\hotspot\share\interpreter\linkResolver.cpp, line 759]
Event: 8.948 Thread 0x00000231466e50e0 Implicit null exception at 0x00000231576f2404 to 0x00000231576f2c00
Event: 8.980 Thread 0x00000231466e50e0 Exception <a 'java/lang/NoSuchMethodError'{0x000000061250d888}: 'long java.lang.invoke.DirectMethodHandle$Holder.invokeInterface(java.lang.Object, java.lang.Object)'> (0x000000061250d888) 
thrown [s\src\hotspot\share\interpreter\linkResolver.cpp, line 759]
Event: 8.982 Thread 0x00000231466e50e0 Exception <a 'java/lang/NoSuchMethodError'{0x00000006125782c8}: 'java.lang.Object java.lang.invoke.DirectMethodHandle$Holder.newInvokeSpecial(java.lang.Object, long)'> (0x00000006125782c8) 
thrown [s\src\hotspot\share\interpreter\linkResolver.cpp, line 759]
Event: 8.995 Thread 0x00000231466e50e0 Exception <a 'java/lang/NoSuchMethodError'{0x0000000612631e58}: 'void java.lang.invoke.DirectMethodHandle$Holder.invokeSpecial(java.lang.Object, java.lang.Object, int, long)'> (0x0000000612631e58) 
thrown [s\src\hotspot\share\interpreter\linkResolver.cpp, line 759]
Event: 8.995 Thread 0x00000231466e50e0 Exception <a 'java/lang/NoSuchMethodError'{0x0000000612637de8}: 'void java.lang.invoke.DirectMethodHandle$Holder.invokeStatic(java.lang.Object, int, long)'> (0x0000000612637de8) 
thrown [s\src\hotspot\share\interpreter\linkResolver.cpp, line 759]

VM Operations (20 events):
Event: 6.967 Executing VM operation: G1CollectForAllocation
Event: 6.982 Executing VM operation: G1CollectForAllocation done
Event: 7.292 Executing VM operation: ICBufferFull
Event: 7.292 Executing VM operation: ICBufferFull done
Event: 7.575 Executing VM operation: G1CollectForAllocation
Event: 7.588 Executing VM operation: G1CollectForAllocation done
Event: 8.016 Executing VM operation: HandshakeAllThreads
Event: 8.016 Executing VM operation: HandshakeAllThreads done
Event: 8.044 Executing VM operation: HandshakeAllThreads
Event: 8.044 Executing VM operation: HandshakeAllThreads done
Event: 8.123 Executing VM operation: ICBufferFull
Event: 8.123 Executing VM operation: ICBufferFull done
Event: 8.179 Executing VM operation: HandshakeAllThreads
Event: 8.179 Executing VM operation: HandshakeAllThreads done
Event: 8.230 Executing VM operation: G1CollectForAllocation
Event: 8.238 Executing VM operation: G1CollectForAllocation done
Event: 8.776 Executing VM operation: ICBufferFull
Event: 8.776 Executing VM operation: ICBufferFull done
Event: 8.934 Executing VM operation: HandshakeAllThreads
Event: 8.934 Executing VM operation: HandshakeAllThreads done

Events (20 events):
Event: 8.612 loading class java/nio/DirectFloatBufferU
Event: 8.612 loading class java/nio/DirectFloatBufferU done
Event: 8.612 loading class java/nio/DirectDoubleBufferU
Event: 8.612 loading class java/nio/DirectDoubleBufferU done
Event: 8.621 loading class java/nio/InvalidMarkException
Event: 8.621 loading class java/nio/InvalidMarkException done
Event: 8.621 loading class java/nio/BufferUnderflowException
Event: 8.621 loading class java/nio/BufferUnderflowException done
Event: 8.644 loading class java/util/function/IntSupplier
Event: 8.644 loading class java/util/function/IntSupplier done
Event: 8.670 loading class java/io/CharArrayWriter
Event: 8.670 loading class java/io/CharArrayWriter done
Event: 8.744 loading class java/lang/invoke/DirectMethodHandle$StaticAccessor
Event: 8.752 loading class java/lang/invoke/DirectMethodHandle$StaticAccessor done
Event: 8.758 loading class java/util/function/DoubleFunction
Event: 8.758 loading class java/util/function/DoubleFunction done
Event: 8.957 loading class java/util/EnumMap$Values
Event: 8.957 loading class java/util/EnumMap$Values done
Event: 8.957 loading class java/util/EnumMap$ValueIterator
Event: 8.957 loading class java/util/EnumMap$ValueIterator done


Dynamic libraries:
0x00007ff73c710000 - 0x00007ff73c71e000 	E:\MCreator20232\jdk\bin\java.exe
0x00007fff87410000 - 0x00007fff87608000 	C:\Windows\SYSTEM32\ntdll.dll
0x00007fff85de0000 - 0x00007fff85ea1000 	C:\Windows\System32\KERNEL32.DLL
0x00007fff84ac0000 - 0x00007fff84dbd000 	C:\Windows\System32\KERNELBASE.dll
0x00007fff84dc0000 - 0x00007fff84ec0000 	C:\Windows\System32\ucrtbase.dll
0x00007fff6cec0000 - 0x00007fff6ced7000 	E:\MCreator20232\jdk\bin\jli.dll
0x00007fff6c4d0000 - 0x00007fff6c4e9000 	E:\MCreator20232\jdk\bin\VCRUNTIME140.dll
0x00007fff87230000 - 0x00007fff873cd000 	C:\Windows\System32\USER32.dll
0x00007fff85410000 - 0x00007fff85432000 	C:\Windows\System32\win32u.dll
0x00007fff72410000 - 0x00007fff726aa000 	C:\Windows\WinSxS\amd64_microsoft.windows.common-controls_6595b64144ccf1df_6.0.19041.4355_none_60b8b9eb71f62e16\COMCTL32.dll
0x00007fff85b60000 - 0x00007fff85b8b000 	C:\Windows\System32\GDI32.dll
0x00007fff85f60000 - 0x00007fff85ffe000 	C:\Windows\System32\msvcrt.dll
0x00007fff84fc0000 - 0x00007fff850d7000 	C:\Windows\System32\gdi32full.dll
0x00007fff850e0000 - 0x00007fff8517d000 	C:\Windows\System32\msvcp_win.dll
0x00007fff87180000 - 0x00007fff871af000 	C:\Windows\System32\IMM32.DLL
0x00007fff7f2c0000 - 0x00007fff7f2cc000 	E:\MCreator20232\jdk\bin\vcruntime140_1.dll
0x00007fff59730000 - 0x00007fff597c1000 	E:\MCreator20232\jdk\bin\msvcp140.dll
0x00007fff4e5f0000 - 0x00007fff4f234000 	E:\MCreator20232\jdk\bin\server\jvm.dll
0x00007fff85cd0000 - 0x00007fff85d80000 	C:\Windows\System32\ADVAPI32.dll
0x00007fff86280000 - 0x00007fff86320000 	C:\Windows\System32\sechost.dll
0x00007fff85ba0000 - 0x00007fff85cc3000 	C:\Windows\System32\RPCRT4.dll
0x00007fff85180000 - 0x00007fff851a7000 	C:\Windows\System32\bcrypt.dll
0x00007fff714a0000 - 0x00007fff714a9000 	C:\Windows\SYSTEM32\WSOCK32.dll
0x00007fff7ed50000 - 0x00007fff7ed5a000 	C:\Windows\SYSTEM32\VERSION.dll
0x00007fff7a5d0000 - 0x00007fff7a5f7000 	C:\Windows\SYSTEM32\WINMM.dll
0x00007fff86320000 - 0x00007fff8638b000 	C:\Windows\System32\WS2_32.dll
0x00007fff82920000 - 0x00007fff82932000 	C:\Windows\SYSTEM32\kernel.appcore.dll
0x00007fff7a270000 - 0x00007fff7a27a000 	E:\MCreator20232\jdk\bin\jimage.dll
0x00007fff775d0000 - 0x00007fff777b4000 	C:\Windows\SYSTEM32\DBGHELP.DLL
0x00007fff74e80000 - 0x00007fff74eb4000 	C:\Windows\SYSTEM32\dbgcore.DLL
0x00007fff85310000 - 0x00007fff85392000 	C:\Windows\System32\bcryptPrimitives.dll
0x00007fff620c0000 - 0x00007fff620e5000 	E:\MCreator20232\jdk\bin\java.dll
0x00007fff54480000 - 0x00007fff54556000 	E:\MCreator20232\jdk\bin\jsvml.dll
0x00007fff864d0000 - 0x00007fff86c3f000 	C:\Windows\System32\SHELL32.dll
0x00007fff82b20000 - 0x00007fff832bf000 	C:\Windows\SYSTEM32\windows.storage.dll
0x00007fff86df0000 - 0x00007fff87143000 	C:\Windows\System32\combase.dll
0x00007fff84400000 - 0x00007fff8442e000 	C:\Windows\SYSTEM32\Wldp.dll
0x00007fff85620000 - 0x00007fff856ed000 	C:\Windows\System32\OLEAUT32.dll
0x00007fff85eb0000 - 0x00007fff85f5d000 	C:\Windows\System32\SHCORE.dll
0x00007fff85d80000 - 0x00007fff85dd5000 	C:\Windows\System32\shlwapi.dll
0x00007fff849f0000 - 0x00007fff84a14000 	C:\Windows\SYSTEM32\profapi.dll
0x00007fff65680000 - 0x00007fff65699000 	E:\MCreator20232\jdk\bin\net.dll
0x00007fff7d480000 - 0x00007fff7d58d000 	C:\Windows\SYSTEM32\WINHTTP.dll
0x00007fff841e0000 - 0x00007fff8424a000 	C:\Windows\system32\mswsock.dll
0x00007fff65380000 - 0x00007fff65395000 	E:\MCreator20232\jdk\bin\nio.dll
0x00007fff63870000 - 0x00007fff63888000 	E:\MCreator20232\jdk\bin\zip.dll
0x00007fff6aa10000 - 0x00007fff6aa20000 	E:\MCreator20232\jdk\bin\verify.dll
0x00007fff72e60000 - 0x00007fff72e69000 	E:\MCreator20232\jdk\bin\management.dll
0x00007fff72db0000 - 0x00007fff72dbb000 	E:\MCreator20232\jdk\bin\management_ext.dll
0x00007fff85610000 - 0x00007fff85618000 	C:\Windows\System32\PSAPI.DLL
0x00007fff71150000 - 0x00007fff71167000 	C:\Windows\system32\napinsp.dll
0x00007fff6e170000 - 0x00007fff6e18b000 	C:\Windows\system32\pnrpnsp.dll
0x00007fff80330000 - 0x00007fff80345000 	C:\Windows\system32\wshbth.dll
0x00007fff7f800000 - 0x00007fff7f81d000 	C:\Windows\system32\NLAapi.dll
0x00007fff83e90000 - 0x00007fff83ecb000 	C:\Windows\SYSTEM32\IPHLPAPI.DLL
0x00007fff83ed0000 - 0x00007fff83f9a000 	C:\Windows\SYSTEM32\DNSAPI.dll
0x00007fff87170000 - 0x00007fff87178000 	C:\Windows\System32\NSI.dll
0x00007fff6cb80000 - 0x00007fff6cb92000 	C:\Windows\System32\winrnr.dll
0x00007fff7f7f0000 - 0x00007fff7f7fa000 	C:\Windows\System32\rasadhlp.dll
0x00007fff7b1f0000 - 0x00007fff7b270000 	C:\Windows\System32\fwpuclnt.dll
0x00007fff84440000 - 0x00007fff84458000 	C:\Windows\SYSTEM32\CRYPTSP.dll
0x00007fff83ab0000 - 0x00007fff83ae4000 	C:\Windows\system32\rsaenh.dll
0x00007fff84960000 - 0x00007fff8498e000 	C:\Windows\SYSTEM32\USERENV.dll
0x00007fff84370000 - 0x00007fff8437c000 	C:\Windows\SYSTEM32\CRYPTBASE.dll
0x00007fff7eca0000 - 0x00007fff7ecb7000 	C:\Windows\SYSTEM32\dhcpcsvc6.DLL
0x00007fff7ea30000 - 0x00007fff7ea4d000 	C:\Windows\SYSTEM32\dhcpcsvc.DLL
0x00007fff548e0000 - 0x00007fff54925000 	C:\Users\xqin\AppData\Local\Temp\jna-3686878\jna15214660158683342437.dll
0x00007fff86000000 - 0x00007fff8612b000 	C:\Windows\System32\Ole32.dll
0x00007fff85560000 - 0x00007fff85609000 	C:\Windows\System32\clbcatq.dll
0x00007fff7a5b0000 - 0x00007fff7a5cf000 	C:\Windows\SYSTEM32\amsi.dll
0x00007fff6b550000 - 0x00007fff6b5a3000 	C:\Windows\SYSTEM32\Pdh.dll
0x00007fff6e290000 - 0x00007fff6e29f000 	C:\Windows\System32\perfos.dll
0x00007fff547f0000 - 0x00007fff54865000 	C:\Users\xqin\AppData\Local\Temp\lwjglxqin\3.3.1-build-7\lwjgl.dll
0x00007fff44560000 - 0x00007fff447b9000 	C:\Users\xqin\AppData\Local\Temp\lwjglxqin\3.3.1-build-7\jemalloc.dll
0x00007fff4fc60000 - 0x00007fff4fcc1000 	C:\Users\xqin\AppData\Local\Temp\lwjglxqin\3.3.1-build-7\glfw.dll
0x00007fff4e390000 - 0x00007fff4e3d5000 	C:\Windows\SYSTEM32\dinput8.dll
0x00007fff60d60000 - 0x00007fff60d71000 	C:\Windows\SYSTEM32\xinput1_4.dll
0x00007fff84f70000 - 0x00007fff84fbe000 	C:\Windows\System32\cfgmgr32.dll
0x00007fff84840000 - 0x00007fff84873000 	C:\Windows\SYSTEM32\DEVOBJ.dll
0x00007fff71570000 - 0x00007fff716c2000 	C:\Windows\SYSTEM32\inputhost.dll
0x00007fff80ff0000 - 0x00007fff810e2000 	C:\Windows\SYSTEM32\CoreMessaging.dll
0x00007fff7fa10000 - 0x00007fff7fb67000 	C:\Windows\SYSTEM32\wintypes.dll
0x00007fff81ca0000 - 0x00007fff81d96000 	C:\Windows\SYSTEM32\PROPSYS.dll
0x00007fff7fd80000 - 0x00007fff800db000 	C:\Windows\SYSTEM32\CoreUIComponents.dll
0x00007fff83bd0000 - 0x00007fff83c03000 	C:\Windows\SYSTEM32\ntmarta.dll
0x00007fff82620000 - 0x00007fff8264f000 	C:\Windows\SYSTEM32\dwmapi.dll
0x00007fff82410000 - 0x00007fff824ae000 	C:\Windows\system32\uxtheme.dll
0x00007fff85440000 - 0x00007fff85554000 	C:\Windows\System32\MSCTF.dll
0x00007fff717e0000 - 0x00007fff71908000 	C:\Windows\SYSTEM32\opengl32.dll
0x00007fff71770000 - 0x00007fff7179c000 	C:\Windows\SYSTEM32\GLU32.dll
0x00007fff54560000 - 0x00007fff5458d000 	C:\Windows\System32\DriverStore\FileRepository\u0390451.inf_amd64_39377efdd62734d1\B390182\atig6pxx.dll
0x00007fff12d40000 - 0x00007fff16975000 	C:\Windows\System32\DriverStore\FileRepository\u0390451.inf_amd64_39377efdd62734d1\B390182\atio6axx.dll
0x00007fff856f0000 - 0x00007fff85b5e000 	C:\Windows\System32\SETUPAPI.dll
0x00007fff853a0000 - 0x00007fff85409000 	C:\Windows\System32\WINTRUST.dll
0x00007fff851b0000 - 0x00007fff8530e000 	C:\Windows\System32\CRYPT32.dll
0x00007fff84670000 - 0x00007fff84682000 	C:\Windows\SYSTEM32\MSASN1.dll

dbghelp: loaded successfully - version: 4.0.5 - missing functions: none
symbol engine: initialized successfully - sym options: 0x614 - pdb path: .;E:\MCreator20232\jdk\bin;C:\Windows\SYSTEM32;C:\Windows\WinSxS\amd64_microsoft.windows.common-controls_6595b64144ccf1df_6.0.19041.4355_none_60b8b9eb71f62e16;E:\MCreator20232\jdk\bin\server;C:\Users\xqin\AppData\Local\Temp\jna-3686878;C:\Users\xqin\AppData\Local\Temp\lwjglxqin\3.3.1-build-7;C:\Windows\System32\DriverStore\FileRepository\u0390451.inf_amd64_39377efdd62734d1\B390182

VM Arguments:
jvm_args: -Dforge.enableGameTest=true -Dforge.logging.console.level=debug -Dforge.logging.markers=REGISTRIES -DignoreList=bootstraplauncher,securejarhandler,asm-commons,asm-util,asm-analysis,asm-tree,asm,JarJarFileSystems,client-extra,fmlcore,javafmllanguage,lowcodelanguage,mclanguage,forge- -Djava.net.preferIPv6Addresses=system -DlegacyClassPath.file=D:\Desktop\McreatorMod\ForgingAndCraftingMod\ForgingAndCraftingMod\build\classpath\runClient_minecraftClasspath.txt -DmergeModules=jna-5.10.0.jar,jna-platform-5.10.0.jar -Dmixin.env.refMapRemappingFile=D:\Desktop\McreatorMod\ForgingAndCraftingMod\ForgingAndCraftingMod/build/createSrgToMcp/output.srg -Dmixin.env.remapRefMap=true -Dos.version=10.0 --module-path=C:\Users\xqin\.mcreator\gradle\caches\modules-2\files-2.1\cpw.mods\bootstraplauncher\1.1.2\c546e00443d8432cda6baa1c860346980742628\bootstraplauncher-1.1.2.jar;C:\Users\xqin\.mcreator\gradle\caches\modules-2\files-2.1\cpw.mods\securejarhandler\2.1.4\f47e3b9dd860a7b82154b8f90a650ffd0aaa5582\securejarhandler-2.1.4.jar;C:\Users\xqin\.mcreator\gradle\caches\modules-2\files-2.1\org.ow2.asm\asm-commons\9.3\1f2a432d1212f5c352ae607d7b61dcae20c20af5\asm-commons-9.3.jar;C:\Users\xqin\.mcreator\gradle\caches\modules-2\files-2.1\org.ow2.asm\asm-util\9.3\9595bc05510d0bd4b610188b77333fe4851a1975\asm-util-9.3.jar;C:\Users\xqin\.mcreator\gradle\caches\modules-2\files-2.1\org.ow2.asm\asm-analysis\9.3\4b071f211b37c38e0e9f5998550197c8593f6ad8\asm-analysis-9.3.jar;C:\Users\xqin\.mcreator\gradle\caches\modules-2\files-2.1\org.ow2.asm\asm-tree\9.3\78d2ecd61318b5a58cd04fb237636c0e86b77d97\asm-tree-9.3.jar;C:\Users\xqin\.mcreator\gradle\caches\modules-2\files-2.1\org.ow2.asm\asm\9.3\8e6300ef51c1d801a7ed62d07cd221aca3a90640\asm-9.3.jar;C:\Users\xqin\.mcreator\gradle\caches\modules-2\files-2.1\net.minecraftforge\JarJarFileSystems\0.3.16\e52afbb2599dc7c6f779efea0496d32fc01152e3\JarJarFileSystems-0.3.16.jar --add-modules=ALL-MODULE-PATH --add-opens=java.base/java.util.jar=cpw.mods.securejarhandler --add-opens=java.base/java.lang.invoke=cpw.mods.securejarhandler --add-exports=java.base/sun.security.util=cpw.mods.securejarhandler --add-exports=jdk.naming.dns/com.sun.jndi.dns=java.naming -XX:HeapDumpPath=MojangTricksIntelDriversForPerformance_javaw.exe_minecraft.exe.heapdump -Dos.name=Windows 10 -Dfile.encoding=UTF-8 -Duser.country=CN -Duser.language=zh -Duser.variant 
java_command: cpw.mods.bootstraplauncher.BootstrapLauncher --launchTarget forgeclientuserdev --version MOD_DEV --assetIndex 1.19 --assetsDir C:\Users\xqin\.mcreator\gradle\caches\forge_gradle\assets --gameDir . --fml.forgeVersion 43.2.0 --fml.mcVersion 1.19.2 --fml.forgeGroup net.minecraftforge --fml.mcpVersion 20220805.130853
java_class_path (initial): D:\Desktop\McreatorMod\ForgingAndCraftingMod\ForgingAndCraftingMod\build\classes\java\main;D:\Desktop\McreatorMod\ForgingAndCraftingMod\ForgingAndCraftingMod\build\resources\main;D:\Desktop\McreatorMod\ForgingAndCraftingMod\ForgingAndCraftingMod\build\fg_cache\net\minecraftforge\forge\1.19.2-43.2.0_mapped_official_1.19.2\forge-1.19.2-43.2.0_mapped_official_1.19.2-recomp.jar;C:\Users\xqin\.mcreator\gradle\caches\forge_gradle\deobf_dependencies\dev\emi\emi-forge\1.1.4+1.19.2_mapped_official_1.19.2\emi-forge-1.1.4+1.19.2_mapped_official_1.19.2.jar;C:\Users\xqin\.mcreator\gradle\caches\forge_gradle\deobf_dependencies\vazkii\patchouli\Patchouli\1.19.2-77_mapped_official_1.19.2\Patchouli-1.19.2-77_mapped_official_1.19.2.jar;C:\Users\xqin\.mcreator\gradle\caches\forge_gradle\deobf_dependencies\curse\maven\jade-324717\4914105_mapped_official_1.19.2\jade-324717-4914105_mapped_official_1.19.2.jar;C:\Users\xqin\.mcreator\gradle\caches\forge_gradle\minecraft_repo\versions\1.19.2\client-extra.jar;C:\Users\xqin\.mcreator\gradle\caches\modules-2\files-2.1\net.minecraftforge\javafmllanguage\1.19.2-43.2.0\5713dfd49576886a7ffc353f14f067ad42369592\javafmllanguage-1.19.2-43.2.0.jar;C:\Users\xqin\.mcreator\gradle\caches\modules-2\files-2.1\net.minecraftforge\lowcodelanguage\1.19.2-43.2.0\51c88985dd125457fb8b6c2c58a4f3b9349a6b57\lowcodelanguage-1.19.2-43.2.0.jar;C:\Users\xqin\.mcreator\gradle\caches\modules-2\files-2.1\net.minecraftforge\mclanguage\1.19.2-43.2.0\f4fa83ef8129c7f7cc5847fbafb07f7ae86c1bb\mclanguage-1.19.2-43.2.0.jar;C:\Users\xqin\.mcreator\gradle\caches\modules-2\files-2.1\net.minecraftforge\fmlcore\1.19.2-43.2.0\d4dcb5b809b7f035ac22b058941cf81f84451545\fmlcore-1.19.2-43.2.0.jar;C:\Users\xqin\.mcreator\gradle\caches\modules-2\files-2.1\net.minecraftforge\fmlloader\1.19.2-43.2.0\3e6e8b7b5e1dbc6ee01a20f74675f223b64c7847\fmlloader-1.19.2-43.2.0.jar;C:\Users\xqin\.mcreator\gradle\caches\modules-2\files-2.1\net.minecraftforge\JarJarSelector\0.3.16\2a
Launcher Type: SUN_STANDARD

[Global flags]
     intx CICompilerCount                          = 4                                         {product} {ergonomic}
     uint ConcGCThreads                            = 2                                         {product} {ergonomic}
     uint G1ConcRefinementThreads                  = 8                                         {product} {ergonomic}
   size_t G1HeapRegionSize                         = 4194304                                   {product} {ergonomic}
    uintx GCDrainStackTargetSize                   = 64                                        {product} {ergonomic}
    ccstr HeapDumpPath                             = MojangTricksIntelDriversForPerformance_javaw.exe_minecraft.exe.heapdump         {manageable} {command line}
   size_t InitialHeapSize                          = 536870912                                 {product} {ergonomic}
   size_t MarkStackSize                            = 4194304                                   {product} {ergonomic}
   size_t MaxHeapSize                              = 8552185856                                {product} {ergonomic}
   size_t MaxNewSize                               = 5129633792                                {product} {ergonomic}
   size_t MinHeapDeltaBytes                        = 4194304                                   {product} {ergonomic}
   size_t MinHeapSize                              = 8388608                                   {product} {ergonomic}
    uintx NonNMethodCodeHeapSize                   = 5839372                                {pd product} {ergonomic}
    uintx NonProfiledCodeHeapSize                  = 122909434                              {pd product} {ergonomic}
    uintx ProfiledCodeHeapSize                     = 122909434                              {pd product} {ergonomic}
    uintx ReservedCodeCacheSize                    = 251658240                              {pd product} {ergonomic}
     bool SegmentedCodeCache                       = true                                      {product} {ergonomic}
   size_t SoftMaxHeapSize                          = 8552185856                             {manageable} {ergonomic}
     bool UseCompressedClassPointers               = true                           {product lp64_product} {ergonomic}
     bool UseCompressedOops                        = true                           {product lp64_product} {ergonomic}
     bool UseG1GC                                  = true                                      {product} {ergonomic}
     bool UseLargePagesIndividualAllocation        = false                                  {pd product} {ergonomic}

Logging:
Log output configuration:
 #0: stdout all=warning uptime,level,tags
 #1: stderr all=off uptime,level,tags

Environment Variables:
JAVA_HOME=E:\MCreator20232\jdk
PATH=C:\Program Files\Common Files\Oracle\Java\javapath;C:\Windows\system32;C:\Windows;C:\Windows\System32\Wbem;C:\Windows\System32\WindowsPowerShell\v1.0\;C:\Windows\System32\OpenSSH\;C:\Program Files\dotnet\;C:\Program Files\PowerShell\7\;C:\Program Files\Docker\Docker\resources\bin;D:\Tools\node-v20.12.2-win-x64;C:\Users\xqin\AppData\Local\Microsoft\WindowsApps;C:\Program Files (x86)\Nmap;C:\Users\xqin\AppData\Local\Programs\Microsoft VS Code\bin;;E:\IntelliJ IDEA Community Edition 2024.2\bin;;E:\MCreator20232\jdk\bin
USERNAME=xqin
OS=Windows_NT
PROCESSOR_IDENTIFIER=Intel64 Family 6 Model 158 Stepping 13, GenuineIntel
TMP=C:\Users\xqin\AppData\Local\Temp
TEMP=C:\Users\xqin\AppData\Local\Temp



---------------  S Y S T E M  ---------------

OS:
 Windows 10 , 64 bit Build 19041 (10.0.19041.4717)
OS uptime: 1 days 15:04 hours
Hyper-V role detected

CPU: total 8 (initial active 8) (8 cores per cpu, 1 threads per core) family 6 model 158 stepping 13 microcode 0xd6, cx8, cmov, fxsr, mmx, 3dnowpref, sse, sse2, sse3, ssse3, sse4.1, sse4.2, popcnt, lzcnt, tsc, tscinvbit, avx, avx2, aes, erms, clmul, bmi1, bmi2, adx, fma, vzeroupper, clflush, clflushopt, hv

Memory: 4k page, system-wide physical 32616M (19623M free)
TotalPageFile size 37480M (AvailPageFile size 18951M)
current process WorkingSet (physical memory assigned to process): 639M, peak: 700M
current process commit charge ("private bytes"): 706M, peak: 747M

vm_info: OpenJDK 64-Bit Server VM (17.0.5+8) for windows-amd64 JRE (17.0.5+8), built on Oct 19 2022 04:48:13 by "temurin" with MS VC++ 16.7 (VS2019)

END.
